[2024-12-16T11:08:01.496+0000] {local_task_job_runner.py:123} INFO - ::group::Pre task execution logs
[2024-12-16T11:08:01.512+0000] {taskinstance.py:2613} INFO - Dependencies all met for dep_context=non-requeueable deps ti=<TaskInstance: check_server_status.check_server_status scheduled__2024-12-16T11:07:00+00:00 [queued]>
[2024-12-16T11:08:01.519+0000] {taskinstance.py:2613} INFO - Dependencies all met for dep_context=requeueable deps ti=<TaskInstance: check_server_status.check_server_status scheduled__2024-12-16T11:07:00+00:00 [queued]>
[2024-12-16T11:08:01.519+0000] {taskinstance.py:2866} INFO - Starting attempt 1 of 2
[2024-12-16T11:08:01.533+0000] {taskinstance.py:2889} INFO - Executing <Task(PythonOperator): check_server_status> on 2024-12-16 11:07:00+00:00
[2024-12-16T11:08:01.543+0000] {warnings.py:112} WARNING - /home/***/.local/lib/python3.12/site-packages/***/task/task_runner/standard_task_runner.py:70: DeprecationWarning: This process (pid=1265) is multi-threaded, use of fork() may lead to deadlocks in the child.
  pid = os.fork()

[2024-12-16T11:08:01.544+0000] {standard_task_runner.py:72} INFO - Started process 1267 to run task
[2024-12-16T11:08:01.544+0000] {standard_task_runner.py:104} INFO - Running: ['***', 'tasks', 'run', 'check_server_status', 'check_server_status', 'scheduled__2024-12-16T11:07:00+00:00', '--job-id', '116', '--raw', '--subdir', 'DAGS_FOLDER/check_server_status.py', '--cfg-path', '/tmp/tmp5ugb9_6j']
[2024-12-16T11:08:01.545+0000] {standard_task_runner.py:105} INFO - Job 116: Subtask check_server_status
[2024-12-16T11:08:01.602+0000] {task_command.py:467} INFO - Running <TaskInstance: check_server_status.check_server_status scheduled__2024-12-16T11:07:00+00:00 [running]> on host 1b59279a9320
[2024-12-16T11:08:01.928+0000] {taskinstance.py:3132} INFO - Exporting env vars: AIRFLOW_CTX_DAG_OWNER='***' AIRFLOW_CTX_DAG_ID='check_server_status' AIRFLOW_CTX_TASK_ID='check_server_status' AIRFLOW_CTX_EXECUTION_DATE='2024-12-16T11:07:00+00:00' AIRFLOW_CTX_TRY_NUMBER='1' AIRFLOW_CTX_DAG_RUN_ID='scheduled__2024-12-16T11:07:00+00:00'
[2024-12-16T11:08:01.929+0000] {logging_mixin.py:190} INFO - Task instance is in running state
[2024-12-16T11:08:01.929+0000] {logging_mixin.py:190} INFO -  Previous state of the Task instance: queued
[2024-12-16T11:08:01.930+0000] {logging_mixin.py:190} INFO - Current task name:check_server_status state:running start_date:2024-12-16 11:08:01.512559+00:00
[2024-12-16T11:08:01.930+0000] {logging_mixin.py:190} INFO - Dag name:check_server_status and current dag run status:running
[2024-12-16T11:08:01.930+0000] {taskinstance.py:731} INFO - ::endgroup::
[2024-12-16T11:08:01.944+0000] {transport.py:1944} INFO - Connected (version 2.0, client OpenSSH_8.9p1)
[2024-12-16T11:08:02.052+0000] {transport.py:1944} INFO - Authentication (publickey) successful!
[2024-12-16T11:08:02.386+0000] {logging_mixin.py:190} INFO - Server 3rdLack MN is up
[2024-12-16T11:08:02.399+0000] {transport.py:1944} INFO - Connected (version 2.0, client OpenSSH_8.9p1)
[2024-12-16T11:08:02.506+0000] {transport.py:1944} INFO - Authentication (publickey) successful!
[2024-12-16T11:08:02.877+0000] {logging_mixin.py:190} INFO - Server 3rdLack SN05 is up
[2024-12-16T11:08:02.891+0000] {transport.py:1944} INFO - Connected (version 2.0, client OpenSSH_8.9p1)
[2024-12-16T11:08:02.993+0000] {transport.py:1944} INFO - Authentication (publickey) successful!
[2024-12-16T11:08:03.363+0000] {logging_mixin.py:190} INFO - Server 3rdLack SN06 is up
[2024-12-16T11:08:03.379+0000] {transport.py:1944} INFO - Connected (version 2.0, client OpenSSH_8.9p1)
[2024-12-16T11:08:03.501+0000] {transport.py:1944} INFO - Authentication (publickey) successful!
[2024-12-16T11:08:03.897+0000] {logging_mixin.py:190} INFO - Server 3rdLack SN07 is up
[2024-12-16T11:08:03.911+0000] {transport.py:1944} INFO - Connected (version 2.0, client OpenSSH_8.9p1)
[2024-12-16T11:08:04.034+0000] {transport.py:1944} INFO - Authentication (publickey) successful!
[2024-12-16T11:08:04.415+0000] {logging_mixin.py:190} INFO - Server 3rdLack SN08 is up
[2024-12-16T11:08:04.436+0000] {transport.py:1944} INFO - Connected (version 2.0, client OpenSSH_8.2p1)
[2024-12-16T11:08:04.509+0000] {transport.py:1944} INFO - Authentication (publickey) successful!
[2024-12-16T11:08:05.188+0000] {logging_mixin.py:190} INFO - Server 1rdLack MN is up
[2024-12-16T11:08:05.217+0000] {transport.py:1944} INFO - Connected (version 2.0, client OpenSSH_8.2p1)
[2024-12-16T11:08:05.279+0000] {transport.py:1944} INFO - Authentication (publickey) successful!
[2024-12-16T11:08:06.218+0000] {logging_mixin.py:190} INFO - Server 1rdLack SN01 is up
[2024-12-16T11:08:06.249+0000] {transport.py:1944} INFO - Connected (version 2.0, client OpenSSH_8.2p1)
[2024-12-16T11:08:06.335+0000] {transport.py:1944} INFO - Authentication (publickey) successful!
[2024-12-16T11:08:07.275+0000] {logging_mixin.py:190} INFO - Server 1rdLack SN02 is up
[2024-12-16T11:08:07.305+0000] {transport.py:1944} INFO - Connected (version 2.0, client OpenSSH_8.2p1)
[2024-12-16T11:08:07.390+0000] {transport.py:1944} INFO - Authentication (publickey) successful!
[2024-12-16T11:08:08.271+0000] {logging_mixin.py:190} INFO - Server 1rdLack SN03 is up
[2024-12-16T11:08:08.301+0000] {transport.py:1944} INFO - Connected (version 2.0, client OpenSSH_8.2p1)
[2024-12-16T11:08:08.376+0000] {transport.py:1944} INFO - Authentication (publickey) successful!
[2024-12-16T11:08:09.329+0000] {logging_mixin.py:190} INFO - Server 1rdLack SN04 is up
[2024-12-16T11:08:09.361+0000] {transport.py:1944} INFO - Connected (version 2.0, client OpenSSH_8.2p1)
[2024-12-16T11:08:09.442+0000] {transport.py:1944} INFO - Authentication (publickey) successful!
[2024-12-16T11:08:10.392+0000] {logging_mixin.py:190} INFO - Server 1rdLack SN05 is up
[2024-12-16T11:08:10.424+0000] {transport.py:1944} INFO - Connected (version 2.0, client OpenSSH_8.2p1)
[2024-12-16T11:08:10.505+0000] {transport.py:1944} INFO - Authentication (publickey) successful!
[2024-12-16T11:08:11.404+0000] {logging_mixin.py:190} INFO - Server 1rdLack SN06 is up
[2024-12-16T11:08:11.436+0000] {transport.py:1944} INFO - Connected (version 2.0, client OpenSSH_8.2p1)
[2024-12-16T11:08:11.503+0000] {transport.py:1944} INFO - Authentication (publickey) successful!
[2024-12-16T11:08:12.460+0000] {logging_mixin.py:190} INFO - Server 1rdLack SN07 is up
[2024-12-16T11:08:12.490+0000] {transport.py:1944} INFO - Connected (version 2.0, client OpenSSH_8.2p1)
[2024-12-16T11:08:12.581+0000] {transport.py:1944} INFO - Authentication (publickey) successful!
[2024-12-16T11:08:13.477+0000] {logging_mixin.py:190} INFO - Server 1rdLack SN09 is up
[2024-12-16T11:08:13.485+0000] {transport.py:1944} INFO - Connected (version 2.0, client OpenSSH_8.2p1)
[2024-12-16T11:08:13.555+0000] {transport.py:1944} INFO - Authentication (publickey) successful!
[2024-12-16T11:08:13.950+0000] {logging_mixin.py:190} INFO - Server cs1 is up
[2024-12-16T11:08:13.964+0000] {transport.py:1944} INFO - Connected (version 2.0, client OpenSSH_8.2p1)
[2024-12-16T11:08:14.105+0000] {transport.py:1944} INFO - Authentication (publickey) successful!
[2024-12-16T11:08:14.276+0000] {logging_mixin.py:190} INFO - Server DL01 is up
[2024-12-16T11:08:14.282+0000] {transport.py:1944} INFO - Connected (version 2.0, client OpenSSH_8.2p1)
[2024-12-16T11:08:14.400+0000] {transport.py:1944} INFO - Authentication (publickey) successful!
[2024-12-16T11:08:14.566+0000] {logging_mixin.py:190} INFO - Server DL02 is up
[2024-12-16T11:08:14.577+0000] {transport.py:1944} INFO - Connected (version 2.0, client OpenSSH_8.2p1)
[2024-12-16T11:08:14.701+0000] {transport.py:1944} INFO - Authentication (publickey) successful!
[2024-12-16T11:08:14.830+0000] {logging_mixin.py:190} INFO - Server DL03 is up
[2024-12-16T11:08:18.206+0000] {logging_mixin.py:190} INFO - Discord alert sent successfully
[2024-12-16T11:08:18.206+0000] {python.py:240} INFO - Done. Returned value was: None
[2024-12-16T11:08:18.216+0000] {taskinstance.py:340} INFO - ::group::Post task execution logs
[2024-12-16T11:08:18.217+0000] {taskinstance.py:352} INFO - Marking task as SUCCESS. dag_id=check_server_status, task_id=check_server_status, run_id=scheduled__2024-12-16T11:07:00+00:00, execution_date=20241216T110700, start_date=20241216T110801, end_date=20241216T110818
[2024-12-16T11:08:18.227+0000] {logging_mixin.py:190} INFO - Task instance in success state
[2024-12-16T11:08:18.227+0000] {logging_mixin.py:190} INFO -  Previous state of the Task instance: running
[2024-12-16T11:08:18.227+0000] {logging_mixin.py:190} INFO - Dag name:check_server_status queued_at:2024-12-16 11:08:00.046672+00:00
[2024-12-16T11:08:18.228+0000] {logging_mixin.py:190} INFO - Task hostname:1b59279a9320 operator:PythonOperator
[2024-12-16T11:08:18.256+0000] {local_task_job_runner.py:266} INFO - Task exited with return code 0
[2024-12-16T11:08:18.270+0000] {taskinstance.py:3895} INFO - 0 downstream tasks scheduled from follow-on schedule check
[2024-12-16T11:08:18.272+0000] {local_task_job_runner.py:245} INFO - ::endgroup::
