[2024-12-16T11:01:01.796+0000] {local_task_job_runner.py:123} INFO - ::group::Pre task execution logs
[2024-12-16T11:01:01.809+0000] {taskinstance.py:2613} INFO - Dependencies all met for dep_context=non-requeueable deps ti=<TaskInstance: check_server_status.check_server_status scheduled__2024-12-16T11:00:00+00:00 [queued]>
[2024-12-16T11:01:01.815+0000] {taskinstance.py:2613} INFO - Dependencies all met for dep_context=requeueable deps ti=<TaskInstance: check_server_status.check_server_status scheduled__2024-12-16T11:00:00+00:00 [queued]>
[2024-12-16T11:01:01.815+0000] {taskinstance.py:2866} INFO - Starting attempt 1 of 2
[2024-12-16T11:01:01.825+0000] {taskinstance.py:2889} INFO - Executing <Task(PythonOperator): check_server_status> on 2024-12-16 11:00:00+00:00
[2024-12-16T11:01:01.832+0000] {warnings.py:112} WARNING - /home/***/.local/lib/python3.12/site-packages/***/task/task_runner/standard_task_runner.py:70: DeprecationWarning: This process (pid=894) is multi-threaded, use of fork() may lead to deadlocks in the child.
  pid = os.fork()

[2024-12-16T11:01:01.833+0000] {standard_task_runner.py:72} INFO - Started process 896 to run task
[2024-12-16T11:01:01.833+0000] {standard_task_runner.py:104} INFO - Running: ['***', 'tasks', 'run', 'check_server_status', 'check_server_status', 'scheduled__2024-12-16T11:00:00+00:00', '--job-id', '109', '--raw', '--subdir', 'DAGS_FOLDER/check_server_status.py', '--cfg-path', '/tmp/tmp1iw3d2km']
[2024-12-16T11:01:01.834+0000] {standard_task_runner.py:105} INFO - Job 109: Subtask check_server_status
[2024-12-16T11:01:01.868+0000] {task_command.py:467} INFO - Running <TaskInstance: check_server_status.check_server_status scheduled__2024-12-16T11:00:00+00:00 [running]> on host 1b59279a9320
[2024-12-16T11:01:02.121+0000] {taskinstance.py:3132} INFO - Exporting env vars: AIRFLOW_CTX_DAG_OWNER='***' AIRFLOW_CTX_DAG_ID='check_server_status' AIRFLOW_CTX_TASK_ID='check_server_status' AIRFLOW_CTX_EXECUTION_DATE='2024-12-16T11:00:00+00:00' AIRFLOW_CTX_TRY_NUMBER='1' AIRFLOW_CTX_DAG_RUN_ID='scheduled__2024-12-16T11:00:00+00:00'
[2024-12-16T11:01:02.122+0000] {logging_mixin.py:190} INFO - Task instance is in running state
[2024-12-16T11:01:02.122+0000] {logging_mixin.py:190} INFO -  Previous state of the Task instance: queued
[2024-12-16T11:01:02.122+0000] {logging_mixin.py:190} INFO - Current task name:check_server_status state:running start_date:2024-12-16 11:01:01.809581+00:00
[2024-12-16T11:01:02.123+0000] {logging_mixin.py:190} INFO - Dag name:check_server_status and current dag run status:running
[2024-12-16T11:01:02.123+0000] {taskinstance.py:731} INFO - ::endgroup::
[2024-12-16T11:01:02.136+0000] {transport.py:1944} INFO - Connected (version 2.0, client OpenSSH_8.9p1)
[2024-12-16T11:01:02.250+0000] {transport.py:1944} INFO - Authentication (publickey) successful!
[2024-12-16T11:01:02.602+0000] {logging_mixin.py:190} INFO - Server 3rdLack MN is up
[2024-12-16T11:01:02.617+0000] {transport.py:1944} INFO - Connected (version 2.0, client OpenSSH_8.9p1)
[2024-12-16T11:01:02.738+0000] {transport.py:1944} INFO - Authentication (publickey) successful!
[2024-12-16T11:01:03.111+0000] {logging_mixin.py:190} INFO - Server 3rdLack SN05 is up
[2024-12-16T11:01:03.126+0000] {transport.py:1944} INFO - Connected (version 2.0, client OpenSSH_8.9p1)
[2024-12-16T11:01:03.288+0000] {transport.py:1944} INFO - Authentication (publickey) successful!
[2024-12-16T11:01:03.663+0000] {logging_mixin.py:190} INFO - Server 3rdLack SN06 is up
[2024-12-16T11:01:03.679+0000] {transport.py:1944} INFO - Connected (version 2.0, client OpenSSH_8.9p1)
[2024-12-16T11:01:03.792+0000] {transport.py:1944} INFO - Authentication (publickey) successful!
[2024-12-16T11:01:04.186+0000] {logging_mixin.py:190} INFO - Server 3rdLack SN07 is up
[2024-12-16T11:01:04.201+0000] {transport.py:1944} INFO - Connected (version 2.0, client OpenSSH_8.9p1)
[2024-12-16T11:01:04.327+0000] {transport.py:1944} INFO - Authentication (publickey) successful!
[2024-12-16T11:01:04.698+0000] {logging_mixin.py:190} INFO - Server 3rdLack SN08 is up
[2024-12-16T11:01:04.719+0000] {transport.py:1944} INFO - Connected (version 2.0, client OpenSSH_8.2p1)
[2024-12-16T11:01:04.794+0000] {transport.py:1944} INFO - Authentication (publickey) successful!
[2024-12-16T11:01:05.124+0000] {logging_mixin.py:190} INFO - Server 1rdLack MN is up
[2024-12-16T11:01:05.153+0000] {transport.py:1944} INFO - Connected (version 2.0, client OpenSSH_8.2p1)
[2024-12-16T11:01:05.215+0000] {transport.py:1944} INFO - Authentication (publickey) successful!
[2024-12-16T11:01:06.140+0000] {logging_mixin.py:190} INFO - Server 1rdLack SN01 is up
[2024-12-16T11:01:06.168+0000] {transport.py:1944} INFO - Connected (version 2.0, client OpenSSH_8.2p1)
[2024-12-16T11:01:06.255+0000] {transport.py:1944} INFO - Authentication (publickey) successful!
[2024-12-16T11:01:07.140+0000] {logging_mixin.py:190} INFO - Server 1rdLack SN02 is up
[2024-12-16T11:01:07.170+0000] {transport.py:1944} INFO - Connected (version 2.0, client OpenSSH_8.2p1)
[2024-12-16T11:01:07.237+0000] {transport.py:1944} INFO - Authentication (publickey) successful!
[2024-12-16T11:01:08.109+0000] {logging_mixin.py:190} INFO - Server 1rdLack SN03 is up
[2024-12-16T11:01:08.158+0000] {transport.py:1944} INFO - Connected (version 2.0, client OpenSSH_8.2p1)
[2024-12-16T11:01:08.236+0000] {transport.py:1944} INFO - Authentication (publickey) successful!
[2024-12-16T11:01:09.199+0000] {logging_mixin.py:190} INFO - Server 1rdLack SN04 is up
[2024-12-16T11:01:09.231+0000] {transport.py:1944} INFO - Connected (version 2.0, client OpenSSH_8.2p1)
[2024-12-16T11:01:09.297+0000] {transport.py:1944} INFO - Authentication (publickey) successful!
[2024-12-16T11:01:10.305+0000] {logging_mixin.py:190} INFO - Server 1rdLack SN05 is up
[2024-12-16T11:01:10.337+0000] {transport.py:1944} INFO - Connected (version 2.0, client OpenSSH_8.2p1)
[2024-12-16T11:01:10.397+0000] {transport.py:1944} INFO - Authentication (publickey) successful!
[2024-12-16T11:01:11.368+0000] {logging_mixin.py:190} INFO - Server 1rdLack SN06 is up
[2024-12-16T11:01:11.399+0000] {transport.py:1944} INFO - Connected (version 2.0, client OpenSSH_8.2p1)
[2024-12-16T11:01:11.483+0000] {transport.py:1944} INFO - Authentication (publickey) successful!
[2024-12-16T11:01:12.427+0000] {logging_mixin.py:190} INFO - Server 1rdLack SN07 is up
[2024-12-16T11:01:12.457+0000] {transport.py:1944} INFO - Connected (version 2.0, client OpenSSH_8.2p1)
[2024-12-16T11:01:12.522+0000] {transport.py:1944} INFO - Authentication (publickey) successful!
[2024-12-16T11:01:13.459+0000] {logging_mixin.py:190} INFO - Server 1rdLack SN09 is up
[2024-12-16T11:01:13.465+0000] {transport.py:1944} INFO - Connected (version 2.0, client OpenSSH_8.2p1)
[2024-12-16T11:01:13.526+0000] {transport.py:1944} INFO - Authentication (publickey) successful!
[2024-12-16T11:01:13.710+0000] {logging_mixin.py:190} INFO - Server cs1 is up
[2024-12-16T11:01:13.724+0000] {transport.py:1944} INFO - Connected (version 2.0, client OpenSSH_8.2p1)
[2024-12-16T11:01:13.855+0000] {transport.py:1944} INFO - Authentication (publickey) successful!
[2024-12-16T11:01:14.029+0000] {logging_mixin.py:190} INFO - Server DL01 is up
[2024-12-16T11:01:14.039+0000] {transport.py:1944} INFO - Connected (version 2.0, client OpenSSH_8.2p1)
[2024-12-16T11:01:14.161+0000] {transport.py:1944} INFO - Authentication (publickey) successful!
[2024-12-16T11:01:14.329+0000] {logging_mixin.py:190} INFO - Server DL02 is up
[2024-12-16T11:01:14.344+0000] {transport.py:1944} INFO - Connected (version 2.0, client OpenSSH_8.2p1)
[2024-12-16T11:01:14.485+0000] {transport.py:1944} INFO - Authentication (publickey) successful!
[2024-12-16T11:01:14.613+0000] {logging_mixin.py:190} INFO - Server DL03 is up
[2024-12-16T11:01:17.979+0000] {logging_mixin.py:190} INFO - Discord alert sent successfully
[2024-12-16T11:01:17.980+0000] {python.py:240} INFO - Done. Returned value was: None
[2024-12-16T11:01:17.991+0000] {taskinstance.py:340} INFO - ::group::Post task execution logs
[2024-12-16T11:01:17.992+0000] {taskinstance.py:352} INFO - Marking task as SUCCESS. dag_id=check_server_status, task_id=check_server_status, run_id=scheduled__2024-12-16T11:00:00+00:00, execution_date=20241216T110000, start_date=20241216T110101, end_date=20241216T110117
[2024-12-16T11:01:18.003+0000] {logging_mixin.py:190} INFO - Task instance in success state
[2024-12-16T11:01:18.004+0000] {logging_mixin.py:190} INFO -  Previous state of the Task instance: running
[2024-12-16T11:01:18.004+0000] {logging_mixin.py:190} INFO - Dag name:check_server_status queued_at:2024-12-16 11:01:00.384094+00:00
[2024-12-16T11:01:18.004+0000] {logging_mixin.py:190} INFO - Task hostname:1b59279a9320 operator:PythonOperator
[2024-12-16T11:01:18.031+0000] {local_task_job_runner.py:266} INFO - Task exited with return code 0
[2024-12-16T11:01:18.045+0000] {taskinstance.py:3895} INFO - 0 downstream tasks scheduled from follow-on schedule check
[2024-12-16T11:01:18.047+0000] {local_task_job_runner.py:245} INFO - ::endgroup::
