[2024-12-16T09:33:10.980+0000] {local_task_job_runner.py:123} INFO - ::group::Pre task execution logs
[2024-12-16T09:33:10.997+0000] {taskinstance.py:2613} INFO - Dependencies all met for dep_context=non-requeueable deps ti=<TaskInstance: check_server_status.check_server_status scheduled__2024-12-16T09:31:00+00:00 [queued]>
[2024-12-16T09:33:11.005+0000] {taskinstance.py:2613} INFO - Dependencies all met for dep_context=requeueable deps ti=<TaskInstance: check_server_status.check_server_status scheduled__2024-12-16T09:31:00+00:00 [queued]>
[2024-12-16T09:33:11.005+0000] {taskinstance.py:2866} INFO - Starting attempt 1 of 2
[2024-12-16T09:33:11.017+0000] {taskinstance.py:2889} INFO - Executing <Task(PythonOperator): check_server_status> on 2024-12-16 09:31:00+00:00
[2024-12-16T09:33:11.024+0000] {warnings.py:112} WARNING - /home/***/.local/lib/python3.12/site-packages/***/task/task_runner/standard_task_runner.py:70: DeprecationWarning: This process (pid=68) is multi-threaded, use of fork() may lead to deadlocks in the child.
  pid = os.fork()

[2024-12-16T09:33:11.025+0000] {standard_task_runner.py:72} INFO - Started process 73 to run task
[2024-12-16T09:33:11.026+0000] {standard_task_runner.py:104} INFO - Running: ['***', 'tasks', 'run', 'check_server_status', 'check_server_status', 'scheduled__2024-12-16T09:31:00+00:00', '--job-id', '61', '--raw', '--subdir', 'DAGS_FOLDER/check_server_status.py', '--cfg-path', '/tmp/tmpfyk38t1g']
[2024-12-16T09:33:11.027+0000] {standard_task_runner.py:105} INFO - Job 61: Subtask check_server_status
[2024-12-16T09:33:11.068+0000] {task_command.py:467} INFO - Running <TaskInstance: check_server_status.check_server_status scheduled__2024-12-16T09:31:00+00:00 [running]> on host 4f045889a2f2
[2024-12-16T09:33:11.157+0000] {taskinstance.py:3132} INFO - Exporting env vars: AIRFLOW_CTX_DAG_OWNER='***' AIRFLOW_CTX_DAG_ID='check_server_status' AIRFLOW_CTX_TASK_ID='check_server_status' AIRFLOW_CTX_EXECUTION_DATE='2024-12-16T09:31:00+00:00' AIRFLOW_CTX_TRY_NUMBER='1' AIRFLOW_CTX_DAG_RUN_ID='scheduled__2024-12-16T09:31:00+00:00'
[2024-12-16T09:33:11.158+0000] {logging_mixin.py:190} INFO - Task instance is in running state
[2024-12-16T09:33:11.158+0000] {logging_mixin.py:190} INFO -  Previous state of the Task instance: queued
[2024-12-16T09:33:11.158+0000] {logging_mixin.py:190} INFO - Current task name:check_server_status state:running start_date:2024-12-16 09:33:10.997810+00:00
[2024-12-16T09:33:11.158+0000] {logging_mixin.py:190} INFO - Dag name:check_server_status and current dag run status:running
[2024-12-16T09:33:11.159+0000] {taskinstance.py:731} INFO - ::endgroup::
[2024-12-16T09:33:11.172+0000] {transport.py:1944} INFO - Connected (version 2.0, client OpenSSH_8.9p1)
[2024-12-16T09:33:11.529+0000] {logging_mixin.py:190} INFO - Discord alert sent successfully
[2024-12-16T09:33:11.543+0000] {transport.py:1944} INFO - Connected (version 2.0, client OpenSSH_8.9p1)
[2024-12-16T09:33:11.887+0000] {logging_mixin.py:190} INFO - Discord alert sent successfully
[2024-12-16T09:33:11.902+0000] {transport.py:1944} INFO - Connected (version 2.0, client OpenSSH_8.9p1)
[2024-12-16T09:33:12.257+0000] {logging_mixin.py:190} INFO - Discord alert sent successfully
[2024-12-16T09:33:12.271+0000] {transport.py:1944} INFO - Connected (version 2.0, client OpenSSH_8.9p1)
[2024-12-16T09:33:12.753+0000] {logging_mixin.py:190} INFO - Discord alert sent successfully
[2024-12-16T09:33:12.766+0000] {transport.py:1944} INFO - Connected (version 2.0, client OpenSSH_8.9p1)
[2024-12-16T09:33:13.067+0000] {logging_mixin.py:190} INFO - Failed to send alert: 429
[2024-12-16T09:33:13.086+0000] {transport.py:1944} INFO - Connected (version 2.0, client OpenSSH_8.2p1)
[2024-12-16T09:33:13.354+0000] {logging_mixin.py:190} INFO - Failed to send alert: 429
[2024-12-16T09:33:13.385+0000] {transport.py:1944} INFO - Connected (version 2.0, client OpenSSH_8.2p1)
[2024-12-16T09:33:13.714+0000] {logging_mixin.py:190} INFO - Discord alert sent successfully
[2024-12-16T09:33:13.746+0000] {transport.py:1944} INFO - Connected (version 2.0, client OpenSSH_8.2p1)
[2024-12-16T09:33:14.079+0000] {logging_mixin.py:190} INFO - Discord alert sent successfully
[2024-12-16T09:33:14.109+0000] {transport.py:1944} INFO - Connected (version 2.0, client OpenSSH_8.2p1)
[2024-12-16T09:33:14.397+0000] {logging_mixin.py:190} INFO - Failed to send alert: 429
[2024-12-16T09:33:14.428+0000] {transport.py:1944} INFO - Connected (version 2.0, client OpenSSH_8.2p1)
[2024-12-16T09:33:14.768+0000] {logging_mixin.py:190} INFO - Discord alert sent successfully
[2024-12-16T09:33:14.799+0000] {transport.py:1944} INFO - Connected (version 2.0, client OpenSSH_8.2p1)
[2024-12-16T09:33:15.180+0000] {logging_mixin.py:190} INFO - Discord alert sent successfully
[2024-12-16T09:33:15.209+0000] {transport.py:1944} INFO - Connected (version 2.0, client OpenSSH_8.2p1)
[2024-12-16T09:33:15.472+0000] {logging_mixin.py:190} INFO - Failed to send alert: 429
[2024-12-16T09:33:15.501+0000] {transport.py:1944} INFO - Connected (version 2.0, client OpenSSH_8.2p1)
[2024-12-16T09:33:15.766+0000] {logging_mixin.py:190} INFO - Failed to send alert: 429
[2024-12-16T09:33:15.795+0000] {transport.py:1944} INFO - Connected (version 2.0, client OpenSSH_8.2p1)
[2024-12-16T09:33:16.057+0000] {logging_mixin.py:190} INFO - Failed to send alert: 429
[2024-12-16T09:33:16.064+0000] {transport.py:1944} INFO - Connected (version 2.0, client OpenSSH_8.2p1)
[2024-12-16T09:33:16.510+0000] {logging_mixin.py:190} INFO - Discord alert sent successfully
[2024-12-16T09:33:16.522+0000] {transport.py:1944} INFO - Connected (version 2.0, client OpenSSH_8.2p1)
[2024-12-16T09:33:16.878+0000] {logging_mixin.py:190} INFO - Discord alert sent successfully
[2024-12-16T09:33:16.889+0000] {transport.py:1944} INFO - Connected (version 2.0, client OpenSSH_8.2p1)
[2024-12-16T09:33:17.273+0000] {logging_mixin.py:190} INFO - Discord alert sent successfully
[2024-12-16T09:33:17.284+0000] {transport.py:1944} INFO - Connected (version 2.0, client OpenSSH_8.2p1)
[2024-12-16T09:33:17.623+0000] {logging_mixin.py:190} INFO - Discord alert sent successfully
[2024-12-16T09:33:20.952+0000] {logging_mixin.py:190} INFO - Discord alert sent successfully
[2024-12-16T09:33:20.953+0000] {python.py:240} INFO - Done. Returned value was: None
[2024-12-16T09:33:20.964+0000] {taskinstance.py:340} INFO - ::group::Post task execution logs
[2024-12-16T09:33:20.964+0000] {taskinstance.py:352} INFO - Marking task as SUCCESS. dag_id=check_server_status, task_id=check_server_status, run_id=scheduled__2024-12-16T09:31:00+00:00, execution_date=20241216T093100, start_date=20241216T093310, end_date=20241216T093320
[2024-12-16T09:33:20.976+0000] {logging_mixin.py:190} INFO - Task instance in success state
[2024-12-16T09:33:20.976+0000] {logging_mixin.py:190} INFO -  Previous state of the Task instance: running
[2024-12-16T09:33:20.977+0000] {logging_mixin.py:190} INFO - Dag name:check_server_status queued_at:2024-12-16 09:33:06.504319+00:00
[2024-12-16T09:33:20.977+0000] {logging_mixin.py:190} INFO - Task hostname:4f045889a2f2 operator:PythonOperator
[2024-12-16T09:33:21.022+0000] {local_task_job_runner.py:266} INFO - Task exited with return code 0
[2024-12-16T09:33:21.028+0000] {standard_task_runner.py:217} INFO - Process not found (most likely exited), stop collecting metrics
[2024-12-16T09:33:21.038+0000] {taskinstance.py:3895} INFO - 0 downstream tasks scheduled from follow-on schedule check
[2024-12-16T09:33:21.041+0000] {local_task_job_runner.py:245} INFO - ::endgroup::
