[2024-12-16T10:59:19.426+0000] {local_task_job_runner.py:123} INFO - ::group::Pre task execution logs
[2024-12-16T10:59:19.439+0000] {taskinstance.py:2613} INFO - Dependencies all met for dep_context=non-requeueable deps ti=<TaskInstance: check_server_status.check_server_status scheduled__2024-12-16T10:53:00+00:00 [queued]>
[2024-12-16T10:59:19.445+0000] {taskinstance.py:2613} INFO - Dependencies all met for dep_context=requeueable deps ti=<TaskInstance: check_server_status.check_server_status scheduled__2024-12-16T10:53:00+00:00 [queued]>
[2024-12-16T10:59:19.445+0000] {taskinstance.py:2866} INFO - Starting attempt 2 of 2
[2024-12-16T10:59:19.458+0000] {taskinstance.py:2889} INFO - Executing <Task(PythonOperator): check_server_status> on 2024-12-16 10:53:00+00:00
[2024-12-16T10:59:19.464+0000] {warnings.py:112} WARNING - /home/***/.local/lib/python3.12/site-packages/***/task/task_runner/standard_task_runner.py:70: DeprecationWarning: This process (pid=753) is multi-threaded, use of fork() may lead to deadlocks in the child.
  pid = os.fork()

[2024-12-16T10:59:19.466+0000] {standard_task_runner.py:72} INFO - Started process 755 to run task
[2024-12-16T10:59:19.466+0000] {standard_task_runner.py:104} INFO - Running: ['***', 'tasks', 'run', 'check_server_status', 'check_server_status', 'scheduled__2024-12-16T10:53:00+00:00', '--job-id', '106', '--raw', '--subdir', 'DAGS_FOLDER/check_server_status.py', '--cfg-path', '/tmp/tmp5906jgzi']
[2024-12-16T10:59:19.467+0000] {standard_task_runner.py:105} INFO - Job 106: Subtask check_server_status
[2024-12-16T10:59:19.503+0000] {task_command.py:467} INFO - Running <TaskInstance: check_server_status.check_server_status scheduled__2024-12-16T10:53:00+00:00 [running]> on host 1b59279a9320
[2024-12-16T10:59:19.764+0000] {taskinstance.py:3132} INFO - Exporting env vars: AIRFLOW_CTX_DAG_OWNER='***' AIRFLOW_CTX_DAG_ID='check_server_status' AIRFLOW_CTX_TASK_ID='check_server_status' AIRFLOW_CTX_EXECUTION_DATE='2024-12-16T10:53:00+00:00' AIRFLOW_CTX_TRY_NUMBER='2' AIRFLOW_CTX_DAG_RUN_ID='scheduled__2024-12-16T10:53:00+00:00'
[2024-12-16T10:59:19.764+0000] {logging_mixin.py:190} INFO - Task instance is in running state
[2024-12-16T10:59:19.765+0000] {logging_mixin.py:190} INFO -  Previous state of the Task instance: queued
[2024-12-16T10:59:19.765+0000] {logging_mixin.py:190} INFO - Current task name:check_server_status state:running start_date:2024-12-16 10:59:19.439560+00:00
[2024-12-16T10:59:19.765+0000] {logging_mixin.py:190} INFO - Dag name:check_server_status and current dag run status:running
[2024-12-16T10:59:19.765+0000] {taskinstance.py:731} INFO - ::endgroup::
[2024-12-16T10:59:19.779+0000] {transport.py:1944} INFO - Connected (version 2.0, client OpenSSH_8.9p1)
[2024-12-16T10:59:19.890+0000] {transport.py:1944} INFO - Authentication (publickey) successful!
[2024-12-16T10:59:20.227+0000] {logging_mixin.py:190} INFO - Server 3rdLack MN is up
[2024-12-16T10:59:20.241+0000] {transport.py:1944} INFO - Connected (version 2.0, client OpenSSH_8.9p1)
[2024-12-16T10:59:20.350+0000] {transport.py:1944} INFO - Authentication (publickey) successful!
[2024-12-16T10:59:20.716+0000] {logging_mixin.py:190} INFO - Server 3rdLack SN05 is up
[2024-12-16T10:59:20.731+0000] {transport.py:1944} INFO - Connected (version 2.0, client OpenSSH_8.9p1)
[2024-12-16T10:59:20.853+0000] {transport.py:1944} INFO - Authentication (publickey) successful!
[2024-12-16T10:59:21.234+0000] {logging_mixin.py:190} INFO - Server 3rdLack SN06 is up
[2024-12-16T10:59:21.247+0000] {transport.py:1944} INFO - Connected (version 2.0, client OpenSSH_8.9p1)
[2024-12-16T10:59:21.363+0000] {transport.py:1944} INFO - Authentication (publickey) successful!
[2024-12-16T10:59:21.771+0000] {logging_mixin.py:190} INFO - Server 3rdLack SN07 is up
[2024-12-16T10:59:21.786+0000] {transport.py:1944} INFO - Connected (version 2.0, client OpenSSH_8.9p1)
[2024-12-16T10:59:21.918+0000] {transport.py:1944} INFO - Authentication (publickey) successful!
[2024-12-16T10:59:22.295+0000] {logging_mixin.py:190} INFO - Server 3rdLack SN08 is up
[2024-12-16T10:59:22.317+0000] {transport.py:1944} INFO - Connected (version 2.0, client OpenSSH_8.2p1)
[2024-12-16T10:59:22.387+0000] {transport.py:1944} INFO - Authentication (publickey) successful!
[2024-12-16T10:59:22.716+0000] {logging_mixin.py:190} INFO - Server 1rdLack MN is up
[2024-12-16T10:59:22.748+0000] {transport.py:1944} INFO - Connected (version 2.0, client OpenSSH_8.2p1)
[2024-12-16T10:59:22.849+0000] {transport.py:1944} INFO - Authentication (publickey) successful!
[2024-12-16T10:59:23.797+0000] {logging_mixin.py:190} INFO - Server 1rdLack SN01 is up
[2024-12-16T10:59:23.828+0000] {transport.py:1944} INFO - Connected (version 2.0, client OpenSSH_8.2p1)
[2024-12-16T10:59:23.897+0000] {transport.py:1944} INFO - Authentication (publickey) successful!
[2024-12-16T10:59:24.828+0000] {logging_mixin.py:190} INFO - Server 1rdLack SN02 is up
[2024-12-16T10:59:24.857+0000] {transport.py:1944} INFO - Connected (version 2.0, client OpenSSH_8.2p1)
[2024-12-16T10:59:24.929+0000] {transport.py:1944} INFO - Authentication (publickey) successful!
[2024-12-16T10:59:25.800+0000] {logging_mixin.py:190} INFO - Server 1rdLack SN03 is up
[2024-12-16T10:59:25.830+0000] {transport.py:1944} INFO - Connected (version 2.0, client OpenSSH_8.2p1)
[2024-12-16T10:59:25.898+0000] {transport.py:1944} INFO - Authentication (publickey) successful!
[2024-12-16T10:59:26.849+0000] {logging_mixin.py:190} INFO - Server 1rdLack SN04 is up
[2024-12-16T10:59:26.882+0000] {transport.py:1944} INFO - Connected (version 2.0, client OpenSSH_8.2p1)
[2024-12-16T10:59:26.962+0000] {transport.py:1944} INFO - Authentication (publickey) successful!
[2024-12-16T10:59:27.959+0000] {logging_mixin.py:190} INFO - Server 1rdLack SN05 is up
[2024-12-16T10:59:27.987+0000] {transport.py:1944} INFO - Connected (version 2.0, client OpenSSH_8.2p1)
[2024-12-16T10:59:28.049+0000] {transport.py:1944} INFO - Authentication (publickey) successful!
[2024-12-16T10:59:28.949+0000] {logging_mixin.py:190} INFO - Server 1rdLack SN06 is up
[2024-12-16T10:59:28.982+0000] {transport.py:1944} INFO - Connected (version 2.0, client OpenSSH_8.2p1)
[2024-12-16T10:59:29.062+0000] {transport.py:1944} INFO - Authentication (publickey) successful!
[2024-12-16T10:59:30.023+0000] {logging_mixin.py:190} INFO - Server 1rdLack SN07 is up
[2024-12-16T10:59:30.067+0000] {transport.py:1944} INFO - Connected (version 2.0, client OpenSSH_8.2p1)
[2024-12-16T10:59:30.154+0000] {transport.py:1944} INFO - Authentication (publickey) successful!
[2024-12-16T10:59:31.087+0000] {logging_mixin.py:190} INFO - Server 1rdLack SN09 is up
[2024-12-16T10:59:31.094+0000] {transport.py:1944} INFO - Connected (version 2.0, client OpenSSH_8.2p1)
[2024-12-16T10:59:31.158+0000] {transport.py:1944} INFO - Authentication (publickey) successful!
[2024-12-16T10:59:31.338+0000] {logging_mixin.py:190} INFO - Server cs1 is up
[2024-12-16T10:59:31.349+0000] {transport.py:1944} INFO - Connected (version 2.0, client OpenSSH_8.2p1)
[2024-12-16T10:59:31.474+0000] {transport.py:1944} INFO - Authentication (publickey) successful!
[2024-12-16T10:59:31.648+0000] {logging_mixin.py:190} INFO - Server DL01 is up
[2024-12-16T10:59:31.654+0000] {transport.py:1944} INFO - Connected (version 2.0, client OpenSSH_8.2p1)
[2024-12-16T10:59:31.760+0000] {transport.py:1944} INFO - Authentication (publickey) successful!
[2024-12-16T10:59:31.922+0000] {logging_mixin.py:190} INFO - Server DL02 is up
[2024-12-16T10:59:31.933+0000] {transport.py:1944} INFO - Connected (version 2.0, client OpenSSH_8.2p1)
[2024-12-16T10:59:31.996+0000] {transport.py:1944} INFO - Authentication (publickey) successful!
[2024-12-16T10:59:32.121+0000] {logging_mixin.py:190} INFO - Server DL03 is up
[2024-12-16T10:59:35.494+0000] {logging_mixin.py:190} INFO - Discord alert sent successfully
[2024-12-16T10:59:35.494+0000] {python.py:240} INFO - Done. Returned value was: None
[2024-12-16T10:59:35.503+0000] {taskinstance.py:340} INFO - ::group::Post task execution logs
[2024-12-16T10:59:35.504+0000] {taskinstance.py:352} INFO - Marking task as SUCCESS. dag_id=check_server_status, task_id=check_server_status, run_id=scheduled__2024-12-16T10:53:00+00:00, execution_date=20241216T105300, start_date=20241216T105919, end_date=20241216T105935
[2024-12-16T10:59:35.511+0000] {logging_mixin.py:190} INFO - Task instance in success state
[2024-12-16T10:59:35.512+0000] {logging_mixin.py:190} INFO -  Previous state of the Task instance: running
[2024-12-16T10:59:35.512+0000] {logging_mixin.py:190} INFO - Dag name:check_server_status queued_at:2024-12-16 10:54:00.075018+00:00
[2024-12-16T10:59:35.512+0000] {logging_mixin.py:190} INFO - Task hostname:1b59279a9320 operator:PythonOperator
[2024-12-16T10:59:35.551+0000] {local_task_job_runner.py:266} INFO - Task exited with return code 0
[2024-12-16T10:59:35.565+0000] {taskinstance.py:3895} INFO - 0 downstream tasks scheduled from follow-on schedule check
[2024-12-16T10:59:35.567+0000] {local_task_job_runner.py:245} INFO - ::endgroup::
