[2024-12-16T10:58:20.359+0000] {local_task_job_runner.py:123} INFO - ::group::Pre task execution logs
[2024-12-16T10:58:20.371+0000] {taskinstance.py:2613} INFO - Dependencies all met for dep_context=non-requeueable deps ti=<TaskInstance: check_server_status.check_server_status scheduled__2024-12-16T10:52:00+00:00 [queued]>
[2024-12-16T10:58:20.380+0000] {taskinstance.py:2613} INFO - Dependencies all met for dep_context=requeueable deps ti=<TaskInstance: check_server_status.check_server_status scheduled__2024-12-16T10:52:00+00:00 [queued]>
[2024-12-16T10:58:20.380+0000] {taskinstance.py:2866} INFO - Starting attempt 2 of 2
[2024-12-16T10:58:20.390+0000] {taskinstance.py:2889} INFO - Executing <Task(PythonOperator): check_server_status> on 2024-12-16 10:52:00+00:00
[2024-12-16T10:58:20.396+0000] {warnings.py:112} WARNING - /home/***/.local/lib/python3.12/site-packages/***/task/task_runner/standard_task_runner.py:70: DeprecationWarning: This process (pid=659) is multi-threaded, use of fork() may lead to deadlocks in the child.
  pid = os.fork()

[2024-12-16T10:58:20.397+0000] {standard_task_runner.py:72} INFO - Started process 661 to run task
[2024-12-16T10:58:20.398+0000] {standard_task_runner.py:104} INFO - Running: ['***', 'tasks', 'run', 'check_server_status', 'check_server_status', 'scheduled__2024-12-16T10:52:00+00:00', '--job-id', '104', '--raw', '--subdir', 'DAGS_FOLDER/check_server_status.py', '--cfg-path', '/tmp/tmps2amuvbo']
[2024-12-16T10:58:20.399+0000] {standard_task_runner.py:105} INFO - Job 104: Subtask check_server_status
[2024-12-16T10:58:20.434+0000] {task_command.py:467} INFO - Running <TaskInstance: check_server_status.check_server_status scheduled__2024-12-16T10:52:00+00:00 [running]> on host 1b59279a9320
[2024-12-16T10:58:20.691+0000] {taskinstance.py:3132} INFO - Exporting env vars: AIRFLOW_CTX_DAG_OWNER='***' AIRFLOW_CTX_DAG_ID='check_server_status' AIRFLOW_CTX_TASK_ID='check_server_status' AIRFLOW_CTX_EXECUTION_DATE='2024-12-16T10:52:00+00:00' AIRFLOW_CTX_TRY_NUMBER='2' AIRFLOW_CTX_DAG_RUN_ID='scheduled__2024-12-16T10:52:00+00:00'
[2024-12-16T10:58:20.691+0000] {logging_mixin.py:190} INFO - Task instance is in running state
[2024-12-16T10:58:20.692+0000] {logging_mixin.py:190} INFO -  Previous state of the Task instance: queued
[2024-12-16T10:58:20.692+0000] {logging_mixin.py:190} INFO - Current task name:check_server_status state:running start_date:2024-12-16 10:58:20.372215+00:00
[2024-12-16T10:58:20.692+0000] {logging_mixin.py:190} INFO - Dag name:check_server_status and current dag run status:running
[2024-12-16T10:58:20.692+0000] {taskinstance.py:731} INFO - ::endgroup::
[2024-12-16T10:58:20.706+0000] {transport.py:1944} INFO - Connected (version 2.0, client OpenSSH_8.9p1)
[2024-12-16T10:58:20.815+0000] {transport.py:1944} INFO - Authentication (publickey) successful!
[2024-12-16T10:58:21.135+0000] {logging_mixin.py:190} INFO - Server 3rdLack MN is up
[2024-12-16T10:58:21.149+0000] {transport.py:1944} INFO - Connected (version 2.0, client OpenSSH_8.9p1)
[2024-12-16T10:58:21.261+0000] {transport.py:1944} INFO - Authentication (publickey) successful!
[2024-12-16T10:58:21.631+0000] {logging_mixin.py:190} INFO - Server 3rdLack SN05 is up
[2024-12-16T10:58:21.647+0000] {transport.py:1944} INFO - Connected (version 2.0, client OpenSSH_8.9p1)
[2024-12-16T10:58:21.791+0000] {transport.py:1944} INFO - Authentication (publickey) successful!
[2024-12-16T10:58:22.187+0000] {logging_mixin.py:190} INFO - Server 3rdLack SN06 is up
[2024-12-16T10:58:22.202+0000] {transport.py:1944} INFO - Connected (version 2.0, client OpenSSH_8.9p1)
[2024-12-16T10:58:22.307+0000] {transport.py:1944} INFO - Authentication (publickey) successful!
[2024-12-16T10:58:22.714+0000] {logging_mixin.py:190} INFO - Server 3rdLack SN07 is up
[2024-12-16T10:58:22.729+0000] {transport.py:1944} INFO - Connected (version 2.0, client OpenSSH_8.9p1)
[2024-12-16T10:58:22.838+0000] {transport.py:1944} INFO - Authentication (publickey) successful!
[2024-12-16T10:58:23.207+0000] {logging_mixin.py:190} INFO - Server 3rdLack SN08 is up
[2024-12-16T10:58:23.229+0000] {transport.py:1944} INFO - Connected (version 2.0, client OpenSSH_8.2p1)
[2024-12-16T10:58:23.303+0000] {transport.py:1944} INFO - Authentication (publickey) successful!
[2024-12-16T10:58:23.630+0000] {logging_mixin.py:190} INFO - Server 1rdLack MN is up
[2024-12-16T10:58:23.663+0000] {transport.py:1944} INFO - Connected (version 2.0, client OpenSSH_8.2p1)
[2024-12-16T10:58:23.744+0000] {transport.py:1944} INFO - Authentication (publickey) successful!
[2024-12-16T10:58:24.664+0000] {logging_mixin.py:190} INFO - Server 1rdLack SN01 is up
[2024-12-16T10:58:24.692+0000] {transport.py:1944} INFO - Connected (version 2.0, client OpenSSH_8.2p1)
[2024-12-16T10:58:24.778+0000] {transport.py:1944} INFO - Authentication (publickey) successful!
[2024-12-16T10:58:25.652+0000] {logging_mixin.py:190} INFO - Server 1rdLack SN02 is up
[2024-12-16T10:58:25.681+0000] {transport.py:1944} INFO - Connected (version 2.0, client OpenSSH_8.2p1)
[2024-12-16T10:58:25.751+0000] {transport.py:1944} INFO - Authentication (publickey) successful!
[2024-12-16T10:58:26.648+0000] {logging_mixin.py:190} INFO - Server 1rdLack SN03 is up
[2024-12-16T10:58:26.679+0000] {transport.py:1944} INFO - Connected (version 2.0, client OpenSSH_8.2p1)
[2024-12-16T10:58:26.758+0000] {transport.py:1944} INFO - Authentication (publickey) successful!
[2024-12-16T10:58:27.672+0000] {logging_mixin.py:190} INFO - Server 1rdLack SN04 is up
[2024-12-16T10:58:27.705+0000] {transport.py:1944} INFO - Connected (version 2.0, client OpenSSH_8.2p1)
[2024-12-16T10:58:27.788+0000] {transport.py:1944} INFO - Authentication (publickey) successful!
[2024-12-16T10:58:28.722+0000] {logging_mixin.py:190} INFO - Server 1rdLack SN05 is up
[2024-12-16T10:58:28.753+0000] {transport.py:1944} INFO - Connected (version 2.0, client OpenSSH_8.2p1)
[2024-12-16T10:58:28.837+0000] {transport.py:1944} INFO - Authentication (publickey) successful!
[2024-12-16T10:58:29.784+0000] {logging_mixin.py:190} INFO - Server 1rdLack SN06 is up
[2024-12-16T10:58:29.815+0000] {transport.py:1944} INFO - Connected (version 2.0, client OpenSSH_8.2p1)
[2024-12-16T10:58:29.882+0000] {transport.py:1944} INFO - Authentication (publickey) successful!
[2024-12-16T10:58:30.811+0000] {logging_mixin.py:190} INFO - Server 1rdLack SN07 is up
[2024-12-16T10:58:30.842+0000] {transport.py:1944} INFO - Connected (version 2.0, client OpenSSH_8.2p1)
[2024-12-16T10:58:30.907+0000] {transport.py:1944} INFO - Authentication (publickey) successful!
[2024-12-16T10:58:31.812+0000] {logging_mixin.py:190} INFO - Server 1rdLack SN09 is up
[2024-12-16T10:58:31.818+0000] {transport.py:1944} INFO - Connected (version 2.0, client OpenSSH_8.2p1)
[2024-12-16T10:58:31.868+0000] {transport.py:1944} INFO - Authentication (publickey) successful!
[2024-12-16T10:58:32.046+0000] {logging_mixin.py:190} INFO - Server cs1 is up
[2024-12-16T10:58:32.057+0000] {transport.py:1944} INFO - Connected (version 2.0, client OpenSSH_8.2p1)
[2024-12-16T10:58:32.179+0000] {transport.py:1944} INFO - Authentication (publickey) successful!
[2024-12-16T10:58:32.366+0000] {logging_mixin.py:190} INFO - Server DL01 is up
[2024-12-16T10:58:32.373+0000] {transport.py:1944} INFO - Connected (version 2.0, client OpenSSH_8.2p1)
[2024-12-16T10:58:32.517+0000] {transport.py:1944} INFO - Authentication (publickey) successful!
[2024-12-16T10:58:32.690+0000] {logging_mixin.py:190} INFO - Server DL02 is up
[2024-12-16T10:58:32.702+0000] {transport.py:1944} INFO - Connected (version 2.0, client OpenSSH_8.2p1)
[2024-12-16T10:58:32.830+0000] {transport.py:1944} INFO - Authentication (publickey) successful!
[2024-12-16T10:58:32.950+0000] {logging_mixin.py:190} INFO - Server DL03 is up
[2024-12-16T10:58:36.262+0000] {logging_mixin.py:190} INFO - Discord alert sent successfully
[2024-12-16T10:58:36.262+0000] {python.py:240} INFO - Done. Returned value was: None
[2024-12-16T10:58:36.274+0000] {taskinstance.py:340} INFO - ::group::Post task execution logs
[2024-12-16T10:58:36.275+0000] {taskinstance.py:352} INFO - Marking task as SUCCESS. dag_id=check_server_status, task_id=check_server_status, run_id=scheduled__2024-12-16T10:52:00+00:00, execution_date=20241216T105200, start_date=20241216T105820, end_date=20241216T105836
[2024-12-16T10:58:36.293+0000] {logging_mixin.py:190} INFO - Task instance in success state
[2024-12-16T10:58:36.293+0000] {logging_mixin.py:190} INFO -  Previous state of the Task instance: running
[2024-12-16T10:58:36.293+0000] {logging_mixin.py:190} INFO - Dag name:check_server_status queued_at:2024-12-16 10:53:00.918963+00:00
[2024-12-16T10:58:36.293+0000] {logging_mixin.py:190} INFO - Task hostname:1b59279a9320 operator:PythonOperator
[2024-12-16T10:58:36.316+0000] {local_task_job_runner.py:266} INFO - Task exited with return code 0
[2024-12-16T10:58:36.330+0000] {taskinstance.py:3895} INFO - 0 downstream tasks scheduled from follow-on schedule check
[2024-12-16T10:58:36.339+0000] {local_task_job_runner.py:245} INFO - ::endgroup::
