[2024-12-16T10:12:01.812+0000] {local_task_job_runner.py:123} INFO - ::group::Pre task execution logs
[2024-12-16T10:12:01.827+0000] {taskinstance.py:2613} INFO - Dependencies all met for dep_context=non-requeueable deps ti=<TaskInstance: check_server_status.check_server_status scheduled__2024-12-16T10:11:00+00:00 [queued]>
[2024-12-16T10:12:01.833+0000] {taskinstance.py:2613} INFO - Dependencies all met for dep_context=requeueable deps ti=<TaskInstance: check_server_status.check_server_status scheduled__2024-12-16T10:11:00+00:00 [queued]>
[2024-12-16T10:12:01.833+0000] {taskinstance.py:2866} INFO - Starting attempt 1 of 2
[2024-12-16T10:12:01.847+0000] {taskinstance.py:2889} INFO - Executing <Task(PythonOperator): check_server_status> on 2024-12-16 10:11:00+00:00
[2024-12-16T10:12:01.853+0000] {warnings.py:112} WARNING - /home/***/.local/lib/python3.12/site-packages/***/task/task_runner/standard_task_runner.py:70: DeprecationWarning: This process (pid=362) is multi-threaded, use of fork() may lead to deadlocks in the child.
  pid = os.fork()

[2024-12-16T10:12:01.854+0000] {standard_task_runner.py:72} INFO - Started process 364 to run task
[2024-12-16T10:12:01.855+0000] {standard_task_runner.py:104} INFO - Running: ['***', 'tasks', 'run', 'check_server_status', 'check_server_status', 'scheduled__2024-12-16T10:11:00+00:00', '--job-id', '89', '--raw', '--subdir', 'DAGS_FOLDER/check_server_status.py', '--cfg-path', '/tmp/tmpw7pyg_2r']
[2024-12-16T10:12:01.856+0000] {standard_task_runner.py:105} INFO - Job 89: Subtask check_server_status
[2024-12-16T10:12:01.893+0000] {task_command.py:467} INFO - Running <TaskInstance: check_server_status.check_server_status scheduled__2024-12-16T10:11:00+00:00 [running]> on host 028a3da4bb90
[2024-12-16T10:12:02.189+0000] {taskinstance.py:3132} INFO - Exporting env vars: AIRFLOW_CTX_DAG_OWNER='***' AIRFLOW_CTX_DAG_ID='check_server_status' AIRFLOW_CTX_TASK_ID='check_server_status' AIRFLOW_CTX_EXECUTION_DATE='2024-12-16T10:11:00+00:00' AIRFLOW_CTX_TRY_NUMBER='1' AIRFLOW_CTX_DAG_RUN_ID='scheduled__2024-12-16T10:11:00+00:00'
[2024-12-16T10:12:02.189+0000] {logging_mixin.py:190} INFO - Task instance is in running state
[2024-12-16T10:12:02.189+0000] {logging_mixin.py:190} INFO -  Previous state of the Task instance: queued
[2024-12-16T10:12:02.190+0000] {logging_mixin.py:190} INFO - Current task name:check_server_status state:running start_date:2024-12-16 10:12:01.827342+00:00
[2024-12-16T10:12:02.190+0000] {logging_mixin.py:190} INFO - Dag name:check_server_status and current dag run status:running
[2024-12-16T10:12:02.190+0000] {taskinstance.py:731} INFO - ::endgroup::
[2024-12-16T10:12:02.204+0000] {transport.py:1944} INFO - Connected (version 2.0, client OpenSSH_8.9p1)
[2024-12-16T10:12:02.701+0000] {logging_mixin.py:190} INFO - Discord alert sent successfully
[2024-12-16T10:12:02.714+0000] {transport.py:1944} INFO - Connected (version 2.0, client OpenSSH_8.9p1)
[2024-12-16T10:12:03.077+0000] {logging_mixin.py:190} INFO - Discord alert sent successfully
[2024-12-16T10:12:03.091+0000] {transport.py:1944} INFO - Connected (version 2.0, client OpenSSH_8.9p1)
[2024-12-16T10:12:03.556+0000] {logging_mixin.py:190} INFO - Discord alert sent successfully
[2024-12-16T10:12:03.570+0000] {transport.py:1944} INFO - Connected (version 2.0, client OpenSSH_8.9p1)
[2024-12-16T10:12:03.951+0000] {logging_mixin.py:190} INFO - Discord alert sent successfully
[2024-12-16T10:12:03.964+0000] {transport.py:1944} INFO - Connected (version 2.0, client OpenSSH_8.9p1)
[2024-12-16T10:12:04.311+0000] {logging_mixin.py:190} INFO - Discord alert sent successfully
[2024-12-16T10:12:04.330+0000] {transport.py:1944} INFO - Connected (version 2.0, client OpenSSH_8.2p1)
[2024-12-16T10:12:04.621+0000] {logging_mixin.py:190} INFO - Discord alert sent successfully
[2024-12-16T10:12:04.650+0000] {transport.py:1944} INFO - Connected (version 2.0, client OpenSSH_8.2p1)
[2024-12-16T10:12:04.952+0000] {logging_mixin.py:190} INFO - Discord alert sent successfully
[2024-12-16T10:12:04.981+0000] {transport.py:1944} INFO - Connected (version 2.0, client OpenSSH_8.2p1)
[2024-12-16T10:12:05.353+0000] {logging_mixin.py:190} INFO - Discord alert sent successfully
[2024-12-16T10:12:05.384+0000] {transport.py:1944} INFO - Connected (version 2.0, client OpenSSH_8.2p1)
[2024-12-16T10:12:05.797+0000] {logging_mixin.py:190} INFO - Discord alert sent successfully
[2024-12-16T10:12:05.821+0000] {transport.py:1944} INFO - Connected (version 2.0, client OpenSSH_8.2p1)
[2024-12-16T10:12:06.173+0000] {logging_mixin.py:190} INFO - Discord alert sent successfully
[2024-12-16T10:12:06.204+0000] {transport.py:1944} INFO - Connected (version 2.0, client OpenSSH_8.2p1)
[2024-12-16T10:12:06.543+0000] {logging_mixin.py:190} INFO - Discord alert sent successfully
[2024-12-16T10:12:06.572+0000] {transport.py:1944} INFO - Connected (version 2.0, client OpenSSH_8.2p1)
[2024-12-16T10:12:06.866+0000] {logging_mixin.py:190} INFO - Discord alert sent successfully
[2024-12-16T10:12:06.891+0000] {transport.py:1944} INFO - Connected (version 2.0, client OpenSSH_8.2p1)
[2024-12-16T10:12:07.202+0000] {logging_mixin.py:190} INFO - Discord alert sent successfully
[2024-12-16T10:12:07.233+0000] {transport.py:1944} INFO - Connected (version 2.0, client OpenSSH_8.2p1)
[2024-12-16T10:12:07.597+0000] {logging_mixin.py:190} INFO - Discord alert sent successfully
[2024-12-16T10:12:07.604+0000] {transport.py:1944} INFO - Connected (version 2.0, client OpenSSH_8.2p1)
[2024-12-16T10:12:07.904+0000] {logging_mixin.py:190} INFO - Discord alert sent successfully
[2024-12-16T10:12:07.917+0000] {transport.py:1944} INFO - Connected (version 2.0, client OpenSSH_8.2p1)
[2024-12-16T10:12:08.338+0000] {logging_mixin.py:190} INFO - Discord alert sent successfully
[2024-12-16T10:12:08.349+0000] {transport.py:1944} INFO - Connected (version 2.0, client OpenSSH_8.2p1)
[2024-12-16T10:12:08.716+0000] {logging_mixin.py:190} INFO - Discord alert sent successfully
[2024-12-16T10:12:08.728+0000] {transport.py:1944} INFO - Connected (version 2.0, client OpenSSH_8.2p1)
[2024-12-16T10:12:09.139+0000] {logging_mixin.py:190} INFO - Discord alert sent successfully
[2024-12-16T10:12:12.466+0000] {logging_mixin.py:190} INFO - Discord alert sent successfully
[2024-12-16T10:12:12.466+0000] {python.py:240} INFO - Done. Returned value was: None
[2024-12-16T10:12:12.478+0000] {taskinstance.py:340} INFO - ::group::Post task execution logs
[2024-12-16T10:12:12.479+0000] {taskinstance.py:352} INFO - Marking task as SUCCESS. dag_id=check_server_status, task_id=check_server_status, run_id=scheduled__2024-12-16T10:11:00+00:00, execution_date=20241216T101100, start_date=20241216T101201, end_date=20241216T101212
[2024-12-16T10:12:12.490+0000] {logging_mixin.py:190} INFO - Task instance in success state
[2024-12-16T10:12:12.491+0000] {logging_mixin.py:190} INFO -  Previous state of the Task instance: running
[2024-12-16T10:12:12.491+0000] {logging_mixin.py:190} INFO - Dag name:check_server_status queued_at:2024-12-16 10:12:00.236022+00:00
[2024-12-16T10:12:12.491+0000] {logging_mixin.py:190} INFO - Task hostname:028a3da4bb90 operator:PythonOperator
[2024-12-16T10:12:12.526+0000] {local_task_job_runner.py:266} INFO - Task exited with return code 0
[2024-12-16T10:12:12.541+0000] {taskinstance.py:3895} INFO - 0 downstream tasks scheduled from follow-on schedule check
[2024-12-16T10:12:12.543+0000] {local_task_job_runner.py:245} INFO - ::endgroup::
