[2024-12-16T10:58:02.314+0000] {local_task_job_runner.py:123} INFO - ::group::Pre task execution logs
[2024-12-16T10:58:02.327+0000] {taskinstance.py:2613} INFO - Dependencies all met for dep_context=non-requeueable deps ti=<TaskInstance: check_server_status.check_server_status scheduled__2024-12-16T10:57:00+00:00 [queued]>
[2024-12-16T10:58:02.332+0000] {taskinstance.py:2613} INFO - Dependencies all met for dep_context=requeueable deps ti=<TaskInstance: check_server_status.check_server_status scheduled__2024-12-16T10:57:00+00:00 [queued]>
[2024-12-16T10:58:02.333+0000] {taskinstance.py:2866} INFO - Starting attempt 1 of 2
[2024-12-16T10:58:02.343+0000] {taskinstance.py:2889} INFO - Executing <Task(PythonOperator): check_server_status> on 2024-12-16 10:57:00+00:00
[2024-12-16T10:58:02.350+0000] {warnings.py:112} WARNING - /home/***/.local/lib/python3.12/site-packages/***/task/task_runner/standard_task_runner.py:70: DeprecationWarning: This process (pid=612) is multi-threaded, use of fork() may lead to deadlocks in the child.
  pid = os.fork()

[2024-12-16T10:58:02.351+0000] {standard_task_runner.py:72} INFO - Started process 614 to run task
[2024-12-16T10:58:02.351+0000] {standard_task_runner.py:104} INFO - Running: ['***', 'tasks', 'run', 'check_server_status', 'check_server_status', 'scheduled__2024-12-16T10:57:00+00:00', '--job-id', '103', '--raw', '--subdir', 'DAGS_FOLDER/check_server_status.py', '--cfg-path', '/tmp/tmpz0q1ji7y']
[2024-12-16T10:58:02.352+0000] {standard_task_runner.py:105} INFO - Job 103: Subtask check_server_status
[2024-12-16T10:58:02.387+0000] {task_command.py:467} INFO - Running <TaskInstance: check_server_status.check_server_status scheduled__2024-12-16T10:57:00+00:00 [running]> on host 1b59279a9320
[2024-12-16T10:58:02.652+0000] {taskinstance.py:3132} INFO - Exporting env vars: AIRFLOW_CTX_DAG_OWNER='***' AIRFLOW_CTX_DAG_ID='check_server_status' AIRFLOW_CTX_TASK_ID='check_server_status' AIRFLOW_CTX_EXECUTION_DATE='2024-12-16T10:57:00+00:00' AIRFLOW_CTX_TRY_NUMBER='1' AIRFLOW_CTX_DAG_RUN_ID='scheduled__2024-12-16T10:57:00+00:00'
[2024-12-16T10:58:02.652+0000] {logging_mixin.py:190} INFO - Task instance is in running state
[2024-12-16T10:58:02.653+0000] {logging_mixin.py:190} INFO -  Previous state of the Task instance: queued
[2024-12-16T10:58:02.653+0000] {logging_mixin.py:190} INFO - Current task name:check_server_status state:running start_date:2024-12-16 10:58:02.327322+00:00
[2024-12-16T10:58:02.653+0000] {logging_mixin.py:190} INFO - Dag name:check_server_status and current dag run status:running
[2024-12-16T10:58:02.653+0000] {taskinstance.py:731} INFO - ::endgroup::
[2024-12-16T10:58:02.666+0000] {transport.py:1944} INFO - Connected (version 2.0, client OpenSSH_8.9p1)
[2024-12-16T10:58:02.775+0000] {transport.py:1944} INFO - Authentication (publickey) successful!
[2024-12-16T10:58:03.094+0000] {logging_mixin.py:190} INFO - Server 3rdLack MN is up
[2024-12-16T10:58:03.107+0000] {transport.py:1944} INFO - Connected (version 2.0, client OpenSSH_8.9p1)
[2024-12-16T10:58:03.214+0000] {transport.py:1944} INFO - Authentication (publickey) successful!
[2024-12-16T10:58:03.585+0000] {logging_mixin.py:190} INFO - Server 3rdLack SN05 is up
[2024-12-16T10:58:03.599+0000] {transport.py:1944} INFO - Connected (version 2.0, client OpenSSH_8.9p1)
[2024-12-16T10:58:03.702+0000] {transport.py:1944} INFO - Authentication (publickey) successful!
[2024-12-16T10:58:04.071+0000] {logging_mixin.py:190} INFO - Server 3rdLack SN06 is up
[2024-12-16T10:58:04.085+0000] {transport.py:1944} INFO - Connected (version 2.0, client OpenSSH_8.9p1)
[2024-12-16T10:58:04.199+0000] {transport.py:1944} INFO - Authentication (publickey) successful!
[2024-12-16T10:58:04.589+0000] {logging_mixin.py:190} INFO - Server 3rdLack SN07 is up
[2024-12-16T10:58:04.603+0000] {transport.py:1944} INFO - Connected (version 2.0, client OpenSSH_8.9p1)
[2024-12-16T10:58:04.704+0000] {transport.py:1944} INFO - Authentication (publickey) successful!
[2024-12-16T10:58:05.085+0000] {logging_mixin.py:190} INFO - Server 3rdLack SN08 is up
[2024-12-16T10:58:05.106+0000] {transport.py:1944} INFO - Connected (version 2.0, client OpenSSH_8.2p1)
[2024-12-16T10:58:05.161+0000] {transport.py:1944} INFO - Authentication (publickey) successful!
[2024-12-16T10:58:05.489+0000] {logging_mixin.py:190} INFO - Server 1rdLack MN is up
[2024-12-16T10:58:05.519+0000] {transport.py:1944} INFO - Connected (version 2.0, client OpenSSH_8.2p1)
[2024-12-16T10:58:05.586+0000] {transport.py:1944} INFO - Authentication (publickey) successful!
[2024-12-16T10:58:06.526+0000] {logging_mixin.py:190} INFO - Server 1rdLack SN01 is up
[2024-12-16T10:58:06.555+0000] {transport.py:1944} INFO - Connected (version 2.0, client OpenSSH_8.2p1)
[2024-12-16T10:58:06.631+0000] {transport.py:1944} INFO - Authentication (publickey) successful!
[2024-12-16T10:58:07.561+0000] {logging_mixin.py:190} INFO - Server 1rdLack SN02 is up
[2024-12-16T10:58:07.592+0000] {transport.py:1944} INFO - Connected (version 2.0, client OpenSSH_8.2p1)
[2024-12-16T10:58:07.677+0000] {transport.py:1944} INFO - Authentication (publickey) successful!
[2024-12-16T10:58:08.529+0000] {logging_mixin.py:190} INFO - Server 1rdLack SN03 is up
[2024-12-16T10:58:08.561+0000] {transport.py:1944} INFO - Connected (version 2.0, client OpenSSH_8.2p1)
[2024-12-16T10:58:08.633+0000] {transport.py:1944} INFO - Authentication (publickey) successful!
[2024-12-16T10:58:09.565+0000] {logging_mixin.py:190} INFO - Server 1rdLack SN04 is up
[2024-12-16T10:58:09.597+0000] {transport.py:1944} INFO - Connected (version 2.0, client OpenSSH_8.2p1)
[2024-12-16T10:58:09.687+0000] {transport.py:1944} INFO - Authentication (publickey) successful!
[2024-12-16T10:58:10.627+0000] {logging_mixin.py:190} INFO - Server 1rdLack SN05 is up
[2024-12-16T10:58:10.658+0000] {transport.py:1944} INFO - Connected (version 2.0, client OpenSSH_8.2p1)
[2024-12-16T10:58:10.725+0000] {transport.py:1944} INFO - Authentication (publickey) successful!
[2024-12-16T10:58:11.654+0000] {logging_mixin.py:190} INFO - Server 1rdLack SN06 is up
[2024-12-16T10:58:11.684+0000] {transport.py:1944} INFO - Connected (version 2.0, client OpenSSH_8.2p1)
[2024-12-16T10:58:11.745+0000] {transport.py:1944} INFO - Authentication (publickey) successful!
[2024-12-16T10:58:12.731+0000] {logging_mixin.py:190} INFO - Server 1rdLack SN07 is up
[2024-12-16T10:58:12.761+0000] {transport.py:1944} INFO - Connected (version 2.0, client OpenSSH_8.2p1)
[2024-12-16T10:58:12.833+0000] {transport.py:1944} INFO - Authentication (publickey) successful!
[2024-12-16T10:58:13.755+0000] {logging_mixin.py:190} INFO - Server 1rdLack SN09 is up
[2024-12-16T10:58:13.761+0000] {transport.py:1944} INFO - Connected (version 2.0, client OpenSSH_8.2p1)
[2024-12-16T10:58:13.822+0000] {transport.py:1944} INFO - Authentication (publickey) successful!
[2024-12-16T10:58:14.002+0000] {logging_mixin.py:190} INFO - Server cs1 is up
[2024-12-16T10:58:14.012+0000] {transport.py:1944} INFO - Connected (version 2.0, client OpenSSH_8.2p1)
[2024-12-16T10:58:14.125+0000] {transport.py:1944} INFO - Authentication (publickey) successful!
[2024-12-16T10:58:14.299+0000] {logging_mixin.py:190} INFO - Server DL01 is up
[2024-12-16T10:58:14.305+0000] {transport.py:1944} INFO - Connected (version 2.0, client OpenSSH_8.2p1)
[2024-12-16T10:58:14.408+0000] {transport.py:1944} INFO - Authentication (publickey) successful!
[2024-12-16T10:58:14.582+0000] {logging_mixin.py:190} INFO - Server DL02 is up
[2024-12-16T10:58:14.593+0000] {transport.py:1944} INFO - Connected (version 2.0, client OpenSSH_8.2p1)
[2024-12-16T10:58:14.711+0000] {transport.py:1944} INFO - Authentication (publickey) successful!
[2024-12-16T10:58:14.841+0000] {logging_mixin.py:190} INFO - Server DL03 is up
[2024-12-16T10:58:18.215+0000] {logging_mixin.py:190} INFO - Discord alert sent successfully
[2024-12-16T10:58:18.217+0000] {python.py:240} INFO - Done. Returned value was: None
[2024-12-16T10:58:18.235+0000] {taskinstance.py:340} INFO - ::group::Post task execution logs
[2024-12-16T10:58:18.235+0000] {taskinstance.py:352} INFO - Marking task as SUCCESS. dag_id=check_server_status, task_id=check_server_status, run_id=scheduled__2024-12-16T10:57:00+00:00, execution_date=20241216T105700, start_date=20241216T105802, end_date=20241216T105818
[2024-12-16T10:58:18.246+0000] {logging_mixin.py:190} INFO - Task instance in success state
[2024-12-16T10:58:18.246+0000] {logging_mixin.py:190} INFO -  Previous state of the Task instance: running
[2024-12-16T10:58:18.246+0000] {logging_mixin.py:190} INFO - Dag name:check_server_status queued_at:2024-12-16 10:58:00.862842+00:00
[2024-12-16T10:58:18.247+0000] {logging_mixin.py:190} INFO - Task hostname:1b59279a9320 operator:PythonOperator
[2024-12-16T10:58:18.280+0000] {local_task_job_runner.py:266} INFO - Task exited with return code 0
[2024-12-16T10:58:18.297+0000] {taskinstance.py:3895} INFO - 0 downstream tasks scheduled from follow-on schedule check
[2024-12-16T10:58:18.299+0000] {local_task_job_runner.py:245} INFO - ::endgroup::
