[2024-12-16T10:09:02.692+0000] {local_task_job_runner.py:123} INFO - ::group::Pre task execution logs
[2024-12-16T10:09:02.709+0000] {taskinstance.py:2613} INFO - Dependencies all met for dep_context=non-requeueable deps ti=<TaskInstance: check_server_status.check_server_status scheduled__2024-12-16T10:08:00+00:00 [queued]>
[2024-12-16T10:09:02.717+0000] {taskinstance.py:2613} INFO - Dependencies all met for dep_context=requeueable deps ti=<TaskInstance: check_server_status.check_server_status scheduled__2024-12-16T10:08:00+00:00 [queued]>
[2024-12-16T10:09:02.717+0000] {taskinstance.py:2866} INFO - Starting attempt 1 of 2
[2024-12-16T10:09:02.731+0000] {taskinstance.py:2889} INFO - Executing <Task(PythonOperator): check_server_status> on 2024-12-16 10:08:00+00:00
[2024-12-16T10:09:02.738+0000] {warnings.py:112} WARNING - /home/***/.local/lib/python3.12/site-packages/***/task/task_runner/standard_task_runner.py:70: DeprecationWarning: This process (pid=184) is multi-threaded, use of fork() may lead to deadlocks in the child.
  pid = os.fork()

[2024-12-16T10:09:02.739+0000] {standard_task_runner.py:72} INFO - Started process 193 to run task
[2024-12-16T10:09:02.740+0000] {standard_task_runner.py:104} INFO - Running: ['***', 'tasks', 'run', 'check_server_status', 'check_server_status', 'scheduled__2024-12-16T10:08:00+00:00', '--job-id', '86', '--raw', '--subdir', 'DAGS_FOLDER/check_server_status.py', '--cfg-path', '/tmp/tmp0ter5y0y']
[2024-12-16T10:09:02.741+0000] {standard_task_runner.py:105} INFO - Job 86: Subtask check_server_status
[2024-12-16T10:09:02.783+0000] {task_command.py:467} INFO - Running <TaskInstance: check_server_status.check_server_status scheduled__2024-12-16T10:08:00+00:00 [running]> on host 028a3da4bb90
[2024-12-16T10:09:03.092+0000] {taskinstance.py:3132} INFO - Exporting env vars: AIRFLOW_CTX_DAG_OWNER='***' AIRFLOW_CTX_DAG_ID='check_server_status' AIRFLOW_CTX_TASK_ID='check_server_status' AIRFLOW_CTX_EXECUTION_DATE='2024-12-16T10:08:00+00:00' AIRFLOW_CTX_TRY_NUMBER='1' AIRFLOW_CTX_DAG_RUN_ID='scheduled__2024-12-16T10:08:00+00:00'
[2024-12-16T10:09:03.093+0000] {logging_mixin.py:190} INFO - Task instance is in running state
[2024-12-16T10:09:03.093+0000] {logging_mixin.py:190} INFO -  Previous state of the Task instance: queued
[2024-12-16T10:09:03.093+0000] {logging_mixin.py:190} INFO - Current task name:check_server_status state:running start_date:2024-12-16 10:09:02.710048+00:00
[2024-12-16T10:09:03.093+0000] {logging_mixin.py:190} INFO - Dag name:check_server_status and current dag run status:running
[2024-12-16T10:09:03.094+0000] {taskinstance.py:731} INFO - ::endgroup::
[2024-12-16T10:09:03.107+0000] {transport.py:1944} INFO - Connected (version 2.0, client OpenSSH_8.9p1)
[2024-12-16T10:09:03.508+0000] {logging_mixin.py:190} INFO - Discord alert sent successfully
[2024-12-16T10:09:03.522+0000] {transport.py:1944} INFO - Connected (version 2.0, client OpenSSH_8.9p1)
[2024-12-16T10:09:03.940+0000] {logging_mixin.py:190} INFO - Discord alert sent successfully
[2024-12-16T10:09:03.953+0000] {transport.py:1944} INFO - Connected (version 2.0, client OpenSSH_8.9p1)
[2024-12-16T10:09:04.311+0000] {logging_mixin.py:190} INFO - Discord alert sent successfully
[2024-12-16T10:09:04.324+0000] {transport.py:1944} INFO - Connected (version 2.0, client OpenSSH_8.9p1)
[2024-12-16T10:09:04.724+0000] {logging_mixin.py:190} INFO - Discord alert sent successfully
[2024-12-16T10:09:04.738+0000] {transport.py:1944} INFO - Connected (version 2.0, client OpenSSH_8.9p1)
[2024-12-16T10:09:06.327+0000] {logging_mixin.py:190} INFO - Discord alert sent successfully
[2024-12-16T10:09:06.346+0000] {transport.py:1944} INFO - Connected (version 2.0, client OpenSSH_8.2p1)
[2024-12-16T10:09:06.649+0000] {logging_mixin.py:190} INFO - Discord alert sent successfully
[2024-12-16T10:09:06.678+0000] {transport.py:1944} INFO - Connected (version 2.0, client OpenSSH_8.2p1)
[2024-12-16T10:09:07.011+0000] {logging_mixin.py:190} INFO - Discord alert sent successfully
[2024-12-16T10:09:07.042+0000] {transport.py:1944} INFO - Connected (version 2.0, client OpenSSH_8.2p1)
[2024-12-16T10:09:07.363+0000] {logging_mixin.py:190} INFO - Discord alert sent successfully
[2024-12-16T10:09:07.392+0000] {transport.py:1944} INFO - Connected (version 2.0, client OpenSSH_8.2p1)
[2024-12-16T10:09:07.712+0000] {logging_mixin.py:190} INFO - Discord alert sent successfully
[2024-12-16T10:09:07.740+0000] {transport.py:1944} INFO - Connected (version 2.0, client OpenSSH_8.2p1)
[2024-12-16T10:09:08.084+0000] {logging_mixin.py:190} INFO - Discord alert sent successfully
[2024-12-16T10:09:08.142+0000] {transport.py:1944} INFO - Connected (version 2.0, client OpenSSH_8.2p1)
[2024-12-16T10:09:08.528+0000] {logging_mixin.py:190} INFO - Discord alert sent successfully
[2024-12-16T10:09:08.558+0000] {transport.py:1944} INFO - Connected (version 2.0, client OpenSSH_8.2p1)
[2024-12-16T10:09:08.909+0000] {logging_mixin.py:190} INFO - Discord alert sent successfully
[2024-12-16T10:09:08.938+0000] {transport.py:1944} INFO - Connected (version 2.0, client OpenSSH_8.2p1)
[2024-12-16T10:09:09.250+0000] {logging_mixin.py:190} INFO - Discord alert sent successfully
[2024-12-16T10:09:09.278+0000] {transport.py:1944} INFO - Connected (version 2.0, client OpenSSH_8.2p1)
[2024-12-16T10:09:09.589+0000] {logging_mixin.py:190} INFO - Discord alert sent successfully
[2024-12-16T10:09:09.596+0000] {transport.py:1944} INFO - Connected (version 2.0, client OpenSSH_8.2p1)
[2024-12-16T10:09:10.038+0000] {logging_mixin.py:190} INFO - Discord alert sent successfully
[2024-12-16T10:09:10.051+0000] {transport.py:1944} INFO - Connected (version 2.0, client OpenSSH_8.2p1)
[2024-12-16T10:09:10.398+0000] {logging_mixin.py:190} INFO - Discord alert sent successfully
[2024-12-16T10:09:10.410+0000] {transport.py:1944} INFO - Connected (version 2.0, client OpenSSH_8.2p1)
[2024-12-16T10:09:10.807+0000] {logging_mixin.py:190} INFO - Discord alert sent successfully
[2024-12-16T10:09:10.819+0000] {transport.py:1944} INFO - Connected (version 2.0, client OpenSSH_8.2p1)
[2024-12-16T10:09:11.308+0000] {logging_mixin.py:190} INFO - Discord alert sent successfully
[2024-12-16T10:09:14.668+0000] {logging_mixin.py:190} INFO - Discord alert sent successfully
[2024-12-16T10:09:14.670+0000] {python.py:240} INFO - Done. Returned value was: None
[2024-12-16T10:09:14.688+0000] {taskinstance.py:340} INFO - ::group::Post task execution logs
[2024-12-16T10:09:14.688+0000] {taskinstance.py:352} INFO - Marking task as SUCCESS. dag_id=check_server_status, task_id=check_server_status, run_id=scheduled__2024-12-16T10:08:00+00:00, execution_date=20241216T100800, start_date=20241216T100902, end_date=20241216T100914
[2024-12-16T10:09:14.701+0000] {logging_mixin.py:190} INFO - Task instance in success state
[2024-12-16T10:09:14.701+0000] {logging_mixin.py:190} INFO -  Previous state of the Task instance: running
[2024-12-16T10:09:14.702+0000] {logging_mixin.py:190} INFO - Dag name:check_server_status queued_at:2024-12-16 10:09:01.036281+00:00
[2024-12-16T10:09:14.702+0000] {logging_mixin.py:190} INFO - Task hostname:028a3da4bb90 operator:PythonOperator
[2024-12-16T10:09:14.746+0000] {local_task_job_runner.py:266} INFO - Task exited with return code 0
[2024-12-16T10:09:14.766+0000] {taskinstance.py:3895} INFO - 0 downstream tasks scheduled from follow-on schedule check
[2024-12-16T10:09:14.769+0000] {local_task_job_runner.py:245} INFO - ::endgroup::
