[2024-12-16T11:04:02.119+0000] {local_task_job_runner.py:123} INFO - ::group::Pre task execution logs
[2024-12-16T11:04:02.132+0000] {taskinstance.py:2613} INFO - Dependencies all met for dep_context=non-requeueable deps ti=<TaskInstance: check_server_status.check_server_status scheduled__2024-12-16T11:03:00+00:00 [queued]>
[2024-12-16T11:04:02.137+0000] {taskinstance.py:2613} INFO - Dependencies all met for dep_context=requeueable deps ti=<TaskInstance: check_server_status.check_server_status scheduled__2024-12-16T11:03:00+00:00 [queued]>
[2024-12-16T11:04:02.138+0000] {taskinstance.py:2866} INFO - Starting attempt 1 of 2
[2024-12-16T11:04:02.148+0000] {taskinstance.py:2889} INFO - Executing <Task(PythonOperator): check_server_status> on 2024-12-16 11:03:00+00:00
[2024-12-16T11:04:02.154+0000] {warnings.py:112} WARNING - /home/***/.local/lib/python3.12/site-packages/***/task/task_runner/standard_task_runner.py:70: DeprecationWarning: This process (pid=1049) is multi-threaded, use of fork() may lead to deadlocks in the child.
  pid = os.fork()

[2024-12-16T11:04:02.155+0000] {standard_task_runner.py:72} INFO - Started process 1051 to run task
[2024-12-16T11:04:02.156+0000] {standard_task_runner.py:104} INFO - Running: ['***', 'tasks', 'run', 'check_server_status', 'check_server_status', 'scheduled__2024-12-16T11:03:00+00:00', '--job-id', '112', '--raw', '--subdir', 'DAGS_FOLDER/check_server_status.py', '--cfg-path', '/tmp/tmp6rxgtt2n']
[2024-12-16T11:04:02.156+0000] {standard_task_runner.py:105} INFO - Job 112: Subtask check_server_status
[2024-12-16T11:04:02.191+0000] {task_command.py:467} INFO - Running <TaskInstance: check_server_status.check_server_status scheduled__2024-12-16T11:03:00+00:00 [running]> on host 1b59279a9320
[2024-12-16T11:04:02.442+0000] {taskinstance.py:3132} INFO - Exporting env vars: AIRFLOW_CTX_DAG_OWNER='***' AIRFLOW_CTX_DAG_ID='check_server_status' AIRFLOW_CTX_TASK_ID='check_server_status' AIRFLOW_CTX_EXECUTION_DATE='2024-12-16T11:03:00+00:00' AIRFLOW_CTX_TRY_NUMBER='1' AIRFLOW_CTX_DAG_RUN_ID='scheduled__2024-12-16T11:03:00+00:00'
[2024-12-16T11:04:02.442+0000] {logging_mixin.py:190} INFO - Task instance is in running state
[2024-12-16T11:04:02.442+0000] {logging_mixin.py:190} INFO -  Previous state of the Task instance: queued
[2024-12-16T11:04:02.443+0000] {logging_mixin.py:190} INFO - Current task name:check_server_status state:running start_date:2024-12-16 11:04:02.132337+00:00
[2024-12-16T11:04:02.443+0000] {logging_mixin.py:190} INFO - Dag name:check_server_status and current dag run status:running
[2024-12-16T11:04:02.443+0000] {taskinstance.py:731} INFO - ::endgroup::
[2024-12-16T11:04:02.457+0000] {transport.py:1944} INFO - Connected (version 2.0, client OpenSSH_8.9p1)
[2024-12-16T11:04:02.565+0000] {transport.py:1944} INFO - Authentication (publickey) successful!
[2024-12-16T11:04:02.910+0000] {logging_mixin.py:190} INFO - Server 3rdLack MN is up
[2024-12-16T11:04:02.925+0000] {transport.py:1944} INFO - Connected (version 2.0, client OpenSSH_8.9p1)
[2024-12-16T11:04:03.035+0000] {transport.py:1944} INFO - Authentication (publickey) successful!
[2024-12-16T11:04:03.414+0000] {logging_mixin.py:190} INFO - Server 3rdLack SN05 is up
[2024-12-16T11:04:03.427+0000] {transport.py:1944} INFO - Connected (version 2.0, client OpenSSH_8.9p1)
[2024-12-16T11:04:03.545+0000] {transport.py:1944} INFO - Authentication (publickey) successful!
[2024-12-16T11:04:03.917+0000] {logging_mixin.py:190} INFO - Server 3rdLack SN06 is up
[2024-12-16T11:04:03.931+0000] {transport.py:1944} INFO - Connected (version 2.0, client OpenSSH_8.9p1)
[2024-12-16T11:04:04.033+0000] {transport.py:1944} INFO - Authentication (publickey) successful!
[2024-12-16T11:04:04.425+0000] {logging_mixin.py:190} INFO - Server 3rdLack SN07 is up
[2024-12-16T11:04:04.438+0000] {transport.py:1944} INFO - Connected (version 2.0, client OpenSSH_8.9p1)
[2024-12-16T11:04:04.540+0000] {transport.py:1944} INFO - Authentication (publickey) successful!
[2024-12-16T11:04:04.905+0000] {logging_mixin.py:190} INFO - Server 3rdLack SN08 is up
[2024-12-16T11:04:04.925+0000] {transport.py:1944} INFO - Connected (version 2.0, client OpenSSH_8.2p1)
[2024-12-16T11:04:05.013+0000] {transport.py:1944} INFO - Authentication (publickey) successful!
[2024-12-16T11:04:05.336+0000] {logging_mixin.py:190} INFO - Server 1rdLack MN is up
[2024-12-16T11:04:05.367+0000] {transport.py:1944} INFO - Connected (version 2.0, client OpenSSH_8.2p1)
[2024-12-16T11:04:05.456+0000] {transport.py:1944} INFO - Authentication (publickey) successful!
[2024-12-16T11:04:06.349+0000] {logging_mixin.py:190} INFO - Server 1rdLack SN01 is up
[2024-12-16T11:04:06.381+0000] {transport.py:1944} INFO - Connected (version 2.0, client OpenSSH_8.2p1)
[2024-12-16T11:04:06.465+0000] {transport.py:1944} INFO - Authentication (publickey) successful!
[2024-12-16T11:04:07.368+0000] {logging_mixin.py:190} INFO - Server 1rdLack SN02 is up
[2024-12-16T11:04:07.401+0000] {transport.py:1944} INFO - Connected (version 2.0, client OpenSSH_8.2p1)
[2024-12-16T11:04:07.497+0000] {transport.py:1944} INFO - Authentication (publickey) successful!
[2024-12-16T11:04:08.367+0000] {logging_mixin.py:190} INFO - Server 1rdLack SN03 is up
[2024-12-16T11:04:08.395+0000] {transport.py:1944} INFO - Connected (version 2.0, client OpenSSH_8.2p1)
[2024-12-16T11:04:08.459+0000] {transport.py:1944} INFO - Authentication (publickey) successful!
[2024-12-16T11:04:09.341+0000] {logging_mixin.py:190} INFO - Server 1rdLack SN04 is up
[2024-12-16T11:04:09.371+0000] {transport.py:1944} INFO - Connected (version 2.0, client OpenSSH_8.2p1)
[2024-12-16T11:04:09.472+0000] {transport.py:1944} INFO - Authentication (publickey) successful!
[2024-12-16T11:04:10.445+0000] {logging_mixin.py:190} INFO - Server 1rdLack SN05 is up
[2024-12-16T11:04:10.476+0000] {transport.py:1944} INFO - Connected (version 2.0, client OpenSSH_8.2p1)
[2024-12-16T11:04:10.558+0000] {transport.py:1944} INFO - Authentication (publickey) successful!
[2024-12-16T11:04:11.476+0000] {logging_mixin.py:190} INFO - Server 1rdLack SN06 is up
[2024-12-16T11:04:11.508+0000] {transport.py:1944} INFO - Connected (version 2.0, client OpenSSH_8.2p1)
[2024-12-16T11:04:11.599+0000] {transport.py:1944} INFO - Authentication (publickey) successful!
[2024-12-16T11:04:12.511+0000] {logging_mixin.py:190} INFO - Server 1rdLack SN07 is up
[2024-12-16T11:04:12.542+0000] {transport.py:1944} INFO - Connected (version 2.0, client OpenSSH_8.2p1)
[2024-12-16T11:04:12.633+0000] {transport.py:1944} INFO - Authentication (publickey) successful!
[2024-12-16T11:04:13.556+0000] {logging_mixin.py:190} INFO - Server 1rdLack SN09 is up
[2024-12-16T11:04:13.564+0000] {transport.py:1944} INFO - Connected (version 2.0, client OpenSSH_8.2p1)
[2024-12-16T11:04:13.636+0000] {transport.py:1944} INFO - Authentication (publickey) successful!
[2024-12-16T11:04:14.031+0000] {logging_mixin.py:190} INFO - Server cs1 is up
[2024-12-16T11:04:14.042+0000] {transport.py:1944} INFO - Connected (version 2.0, client OpenSSH_8.2p1)
[2024-12-16T11:04:14.174+0000] {transport.py:1944} INFO - Authentication (publickey) successful!
[2024-12-16T11:04:14.349+0000] {logging_mixin.py:190} INFO - Server DL01 is up
[2024-12-16T11:04:14.356+0000] {transport.py:1944} INFO - Connected (version 2.0, client OpenSSH_8.2p1)
[2024-12-16T11:04:14.473+0000] {transport.py:1944} INFO - Authentication (publickey) successful!
[2024-12-16T11:04:14.638+0000] {logging_mixin.py:190} INFO - Server DL02 is up
[2024-12-16T11:04:14.649+0000] {transport.py:1944} INFO - Connected (version 2.0, client OpenSSH_8.2p1)
[2024-12-16T11:04:14.772+0000] {transport.py:1944} INFO - Authentication (publickey) successful!
[2024-12-16T11:04:14.901+0000] {logging_mixin.py:190} INFO - Server DL03 is up
[2024-12-16T11:04:18.172+0000] {logging_mixin.py:190} INFO - Failed to send alert: 404
[2024-12-16T11:04:18.174+0000] {python.py:240} INFO - Done. Returned value was: None
[2024-12-16T11:04:18.187+0000] {taskinstance.py:340} INFO - ::group::Post task execution logs
[2024-12-16T11:04:18.188+0000] {taskinstance.py:352} INFO - Marking task as SUCCESS. dag_id=check_server_status, task_id=check_server_status, run_id=scheduled__2024-12-16T11:03:00+00:00, execution_date=20241216T110300, start_date=20241216T110402, end_date=20241216T110418
[2024-12-16T11:04:18.209+0000] {logging_mixin.py:190} INFO - Task instance in success state
[2024-12-16T11:04:18.209+0000] {logging_mixin.py:190} INFO -  Previous state of the Task instance: running
[2024-12-16T11:04:18.210+0000] {logging_mixin.py:190} INFO - Dag name:check_server_status queued_at:2024-12-16 11:04:00.660233+00:00
[2024-12-16T11:04:18.210+0000] {logging_mixin.py:190} INFO - Task hostname:1b59279a9320 operator:PythonOperator
[2024-12-16T11:04:18.236+0000] {local_task_job_runner.py:266} INFO - Task exited with return code 0
[2024-12-16T11:04:18.254+0000] {taskinstance.py:3895} INFO - 0 downstream tasks scheduled from follow-on schedule check
[2024-12-16T11:04:18.256+0000] {local_task_job_runner.py:245} INFO - ::endgroup::
