[2024-12-16T10:07:27.768+0000] {local_task_job_runner.py:123} INFO - ::group::Pre task execution logs
[2024-12-16T10:07:27.785+0000] {taskinstance.py:2613} INFO - Dependencies all met for dep_context=non-requeueable deps ti=<TaskInstance: check_server_status.check_server_status scheduled__2024-12-16T10:06:00+00:00 [queued]>
[2024-12-16T10:07:27.794+0000] {taskinstance.py:2613} INFO - Dependencies all met for dep_context=requeueable deps ti=<TaskInstance: check_server_status.check_server_status scheduled__2024-12-16T10:06:00+00:00 [queued]>
[2024-12-16T10:07:27.795+0000] {taskinstance.py:2866} INFO - Starting attempt 1 of 2
[2024-12-16T10:07:27.811+0000] {taskinstance.py:2889} INFO - Executing <Task(PythonOperator): check_server_status> on 2024-12-16 10:06:00+00:00
[2024-12-16T10:07:27.820+0000] {warnings.py:112} WARNING - /home/***/.local/lib/python3.12/site-packages/***/task/task_runner/standard_task_runner.py:70: DeprecationWarning: This process (pid=68) is multi-threaded, use of fork() may lead to deadlocks in the child.
  pid = os.fork()

[2024-12-16T10:07:27.821+0000] {standard_task_runner.py:72} INFO - Started process 70 to run task
[2024-12-16T10:07:27.821+0000] {standard_task_runner.py:104} INFO - Running: ['***', 'tasks', 'run', 'check_server_status', 'check_server_status', 'scheduled__2024-12-16T10:06:00+00:00', '--job-id', '84', '--raw', '--subdir', 'DAGS_FOLDER/check_server_status.py', '--cfg-path', '/tmp/tmprgg44ig0']
[2024-12-16T10:07:27.822+0000] {standard_task_runner.py:105} INFO - Job 84: Subtask check_server_status
[2024-12-16T10:07:27.869+0000] {task_command.py:467} INFO - Running <TaskInstance: check_server_status.check_server_status scheduled__2024-12-16T10:06:00+00:00 [running]> on host 028a3da4bb90
[2024-12-16T10:07:27.982+0000] {taskinstance.py:3132} INFO - Exporting env vars: AIRFLOW_CTX_DAG_OWNER='***' AIRFLOW_CTX_DAG_ID='check_server_status' AIRFLOW_CTX_TASK_ID='check_server_status' AIRFLOW_CTX_EXECUTION_DATE='2024-12-16T10:06:00+00:00' AIRFLOW_CTX_TRY_NUMBER='1' AIRFLOW_CTX_DAG_RUN_ID='scheduled__2024-12-16T10:06:00+00:00'
[2024-12-16T10:07:27.984+0000] {logging_mixin.py:190} INFO - Task instance is in running state
[2024-12-16T10:07:27.984+0000] {logging_mixin.py:190} INFO -  Previous state of the Task instance: queued
[2024-12-16T10:07:27.984+0000] {logging_mixin.py:190} INFO - Current task name:check_server_status state:running start_date:2024-12-16 10:07:27.786226+00:00
[2024-12-16T10:07:27.985+0000] {logging_mixin.py:190} INFO - Dag name:check_server_status and current dag run status:running
[2024-12-16T10:07:27.985+0000] {taskinstance.py:731} INFO - ::endgroup::
[2024-12-16T10:07:27.999+0000] {transport.py:1944} INFO - Connected (version 2.0, client OpenSSH_8.9p1)
[2024-12-16T10:07:28.368+0000] {logging_mixin.py:190} INFO - Discord alert sent successfully
[2024-12-16T10:07:28.382+0000] {transport.py:1944} INFO - Connected (version 2.0, client OpenSSH_8.9p1)
[2024-12-16T10:07:28.825+0000] {logging_mixin.py:190} INFO - Discord alert sent successfully
[2024-12-16T10:07:28.839+0000] {transport.py:1944} INFO - Connected (version 2.0, client OpenSSH_8.9p1)
[2024-12-16T10:07:29.206+0000] {logging_mixin.py:190} INFO - Discord alert sent successfully
[2024-12-16T10:07:29.220+0000] {transport.py:1944} INFO - Connected (version 2.0, client OpenSSH_8.9p1)
[2024-12-16T10:07:29.623+0000] {logging_mixin.py:190} INFO - Discord alert sent successfully
[2024-12-16T10:07:29.637+0000] {transport.py:1944} INFO - Connected (version 2.0, client OpenSSH_8.9p1)
[2024-12-16T10:07:30.054+0000] {logging_mixin.py:190} INFO - Discord alert sent successfully
[2024-12-16T10:07:30.074+0000] {transport.py:1944} INFO - Connected (version 2.0, client OpenSSH_8.2p1)
[2024-12-16T10:07:30.515+0000] {logging_mixin.py:190} INFO - Discord alert sent successfully
[2024-12-16T10:07:30.545+0000] {transport.py:1944} INFO - Connected (version 2.0, client OpenSSH_8.2p1)
[2024-12-16T10:07:30.872+0000] {logging_mixin.py:190} INFO - Discord alert sent successfully
[2024-12-16T10:07:30.901+0000] {transport.py:1944} INFO - Connected (version 2.0, client OpenSSH_8.2p1)
[2024-12-16T10:07:31.204+0000] {logging_mixin.py:190} INFO - Discord alert sent successfully
[2024-12-16T10:07:31.235+0000] {transport.py:1944} INFO - Connected (version 2.0, client OpenSSH_8.2p1)
[2024-12-16T10:07:31.729+0000] {logging_mixin.py:190} INFO - Discord alert sent successfully
[2024-12-16T10:07:31.758+0000] {transport.py:1944} INFO - Connected (version 2.0, client OpenSSH_8.2p1)
[2024-12-16T10:07:32.107+0000] {logging_mixin.py:190} INFO - Discord alert sent successfully
[2024-12-16T10:07:32.137+0000] {transport.py:1944} INFO - Connected (version 2.0, client OpenSSH_8.2p1)
[2024-12-16T10:07:32.462+0000] {logging_mixin.py:190} INFO - Discord alert sent successfully
[2024-12-16T10:07:32.492+0000] {transport.py:1944} INFO - Connected (version 2.0, client OpenSSH_8.2p1)
[2024-12-16T10:07:32.812+0000] {logging_mixin.py:190} INFO - Discord alert sent successfully
[2024-12-16T10:07:32.843+0000] {transport.py:1944} INFO - Connected (version 2.0, client OpenSSH_8.2p1)
[2024-12-16T10:07:33.211+0000] {logging_mixin.py:190} INFO - Discord alert sent successfully
[2024-12-16T10:07:33.241+0000] {transport.py:1944} INFO - Connected (version 2.0, client OpenSSH_8.2p1)
[2024-12-16T10:07:33.626+0000] {logging_mixin.py:190} INFO - Discord alert sent successfully
[2024-12-16T10:07:33.632+0000] {transport.py:1944} INFO - Connected (version 2.0, client OpenSSH_8.2p1)
[2024-12-16T10:07:33.939+0000] {logging_mixin.py:190} INFO - Discord alert sent successfully
[2024-12-16T10:07:33.951+0000] {transport.py:1944} INFO - Connected (version 2.0, client OpenSSH_8.2p1)
[2024-12-16T10:07:34.332+0000] {logging_mixin.py:190} INFO - Discord alert sent successfully
[2024-12-16T10:07:34.344+0000] {transport.py:1944} INFO - Connected (version 2.0, client OpenSSH_8.2p1)
[2024-12-16T10:07:34.843+0000] {logging_mixin.py:190} INFO - Discord alert sent successfully
[2024-12-16T10:07:34.856+0000] {transport.py:1944} INFO - Connected (version 2.0, client OpenSSH_8.2p1)
[2024-12-16T10:07:35.229+0000] {logging_mixin.py:190} INFO - Discord alert sent successfully
[2024-12-16T10:07:38.555+0000] {logging_mixin.py:190} INFO - Discord alert sent successfully
[2024-12-16T10:07:38.557+0000] {python.py:240} INFO - Done. Returned value was: None
[2024-12-16T10:07:38.574+0000] {taskinstance.py:340} INFO - ::group::Post task execution logs
[2024-12-16T10:07:38.575+0000] {taskinstance.py:352} INFO - Marking task as SUCCESS. dag_id=check_server_status, task_id=check_server_status, run_id=scheduled__2024-12-16T10:06:00+00:00, execution_date=20241216T100600, start_date=20241216T100727, end_date=20241216T100738
[2024-12-16T10:07:38.602+0000] {logging_mixin.py:190} INFO - Task instance in success state
[2024-12-16T10:07:38.602+0000] {logging_mixin.py:190} INFO -  Previous state of the Task instance: running
[2024-12-16T10:07:38.602+0000] {logging_mixin.py:190} INFO - Dag name:check_server_status queued_at:2024-12-16 10:07:21.884453+00:00
[2024-12-16T10:07:38.603+0000] {logging_mixin.py:190} INFO - Task hostname:028a3da4bb90 operator:PythonOperator
[2024-12-16T10:07:38.616+0000] {local_task_job_runner.py:266} INFO - Task exited with return code 0
[2024-12-16T10:07:38.629+0000] {taskinstance.py:3895} INFO - 0 downstream tasks scheduled from follow-on schedule check
[2024-12-16T10:07:38.630+0000] {local_task_job_runner.py:245} INFO - ::endgroup::
