[2024-12-16T11:09:01.966+0000] {local_task_job_runner.py:123} INFO - ::group::Pre task execution logs
[2024-12-16T11:09:01.983+0000] {taskinstance.py:2613} INFO - Dependencies all met for dep_context=non-requeueable deps ti=<TaskInstance: check_server_status.check_server_status scheduled__2024-12-16T11:08:00+00:00 [queued]>
[2024-12-16T11:09:01.993+0000] {taskinstance.py:2613} INFO - Dependencies all met for dep_context=requeueable deps ti=<TaskInstance: check_server_status.check_server_status scheduled__2024-12-16T11:08:00+00:00 [queued]>
[2024-12-16T11:09:01.993+0000] {taskinstance.py:2866} INFO - Starting attempt 1 of 2
[2024-12-16T11:09:02.005+0000] {taskinstance.py:2889} INFO - Executing <Task(PythonOperator): check_server_status> on 2024-12-16 11:08:00+00:00
[2024-12-16T11:09:02.011+0000] {warnings.py:112} WARNING - /home/***/.local/lib/python3.12/site-packages/***/task/task_runner/standard_task_runner.py:70: DeprecationWarning: This process (pid=1319) is multi-threaded, use of fork() may lead to deadlocks in the child.
  pid = os.fork()

[2024-12-16T11:09:02.012+0000] {standard_task_runner.py:72} INFO - Started process 1321 to run task
[2024-12-16T11:09:02.013+0000] {standard_task_runner.py:104} INFO - Running: ['***', 'tasks', 'run', 'check_server_status', 'check_server_status', 'scheduled__2024-12-16T11:08:00+00:00', '--job-id', '117', '--raw', '--subdir', 'DAGS_FOLDER/check_server_status.py', '--cfg-path', '/tmp/tmp9kfd_h7_']
[2024-12-16T11:09:02.014+0000] {standard_task_runner.py:105} INFO - Job 117: Subtask check_server_status
[2024-12-16T11:09:02.057+0000] {task_command.py:467} INFO - Running <TaskInstance: check_server_status.check_server_status scheduled__2024-12-16T11:08:00+00:00 [running]> on host 1b59279a9320
[2024-12-16T11:09:02.349+0000] {taskinstance.py:3132} INFO - Exporting env vars: AIRFLOW_CTX_DAG_OWNER='***' AIRFLOW_CTX_DAG_ID='check_server_status' AIRFLOW_CTX_TASK_ID='check_server_status' AIRFLOW_CTX_EXECUTION_DATE='2024-12-16T11:08:00+00:00' AIRFLOW_CTX_TRY_NUMBER='1' AIRFLOW_CTX_DAG_RUN_ID='scheduled__2024-12-16T11:08:00+00:00'
[2024-12-16T11:09:02.349+0000] {logging_mixin.py:190} INFO - Task instance is in running state
[2024-12-16T11:09:02.350+0000] {logging_mixin.py:190} INFO -  Previous state of the Task instance: queued
[2024-12-16T11:09:02.350+0000] {logging_mixin.py:190} INFO - Current task name:check_server_status state:running start_date:2024-12-16 11:09:01.984016+00:00
[2024-12-16T11:09:02.350+0000] {logging_mixin.py:190} INFO - Dag name:check_server_status and current dag run status:running
[2024-12-16T11:09:02.350+0000] {taskinstance.py:731} INFO - ::endgroup::
[2024-12-16T11:09:02.364+0000] {transport.py:1944} INFO - Connected (version 2.0, client OpenSSH_8.9p1)
[2024-12-16T11:09:02.473+0000] {transport.py:1944} INFO - Authentication (publickey) successful!
[2024-12-16T11:09:02.805+0000] {logging_mixin.py:190} INFO - Server 3rdLack MN is up
[2024-12-16T11:09:02.819+0000] {transport.py:1944} INFO - Connected (version 2.0, client OpenSSH_8.9p1)
[2024-12-16T11:09:02.942+0000] {transport.py:1944} INFO - Authentication (publickey) successful!
[2024-12-16T11:09:03.329+0000] {logging_mixin.py:190} INFO - Server 3rdLack SN05 is up
[2024-12-16T11:09:03.343+0000] {transport.py:1944} INFO - Connected (version 2.0, client OpenSSH_8.9p1)
[2024-12-16T11:09:03.443+0000] {transport.py:1944} INFO - Authentication (publickey) successful!
[2024-12-16T11:09:03.809+0000] {logging_mixin.py:190} INFO - Server 3rdLack SN06 is up
[2024-12-16T11:09:03.823+0000] {transport.py:1944} INFO - Connected (version 2.0, client OpenSSH_8.9p1)
[2024-12-16T11:09:03.924+0000] {transport.py:1944} INFO - Authentication (publickey) successful!
[2024-12-16T11:09:04.321+0000] {logging_mixin.py:190} INFO - Server 3rdLack SN07 is up
[2024-12-16T11:09:04.334+0000] {transport.py:1944} INFO - Connected (version 2.0, client OpenSSH_8.9p1)
[2024-12-16T11:09:04.482+0000] {transport.py:1944} INFO - Authentication (publickey) successful!
[2024-12-16T11:09:04.846+0000] {logging_mixin.py:190} INFO - Server 3rdLack SN08 is up
[2024-12-16T11:09:04.865+0000] {transport.py:1944} INFO - Connected (version 2.0, client OpenSSH_8.2p1)
[2024-12-16T11:09:04.920+0000] {transport.py:1944} INFO - Authentication (publickey) successful!
[2024-12-16T11:09:05.602+0000] {logging_mixin.py:190} INFO - Server 1rdLack MN is up
[2024-12-16T11:09:05.633+0000] {transport.py:1944} INFO - Connected (version 2.0, client OpenSSH_8.2p1)
[2024-12-16T11:09:05.718+0000] {transport.py:1944} INFO - Authentication (publickey) successful!
[2024-12-16T11:09:06.624+0000] {logging_mixin.py:190} INFO - Server 1rdLack SN01 is up
[2024-12-16T11:09:06.654+0000] {transport.py:1944} INFO - Connected (version 2.0, client OpenSSH_8.2p1)
[2024-12-16T11:09:06.720+0000] {transport.py:1944} INFO - Authentication (publickey) successful!
[2024-12-16T11:09:07.648+0000] {logging_mixin.py:190} INFO - Server 1rdLack SN02 is up
[2024-12-16T11:09:07.678+0000] {transport.py:1944} INFO - Connected (version 2.0, client OpenSSH_8.2p1)
[2024-12-16T11:09:07.760+0000] {transport.py:1944} INFO - Authentication (publickey) successful!
[2024-12-16T11:09:08.632+0000] {logging_mixin.py:190} INFO - Server 1rdLack SN03 is up
[2024-12-16T11:09:08.665+0000] {transport.py:1944} INFO - Connected (version 2.0, client OpenSSH_8.2p1)
[2024-12-16T11:09:08.747+0000] {transport.py:1944} INFO - Authentication (publickey) successful!
[2024-12-16T11:09:09.679+0000] {logging_mixin.py:190} INFO - Server 1rdLack SN04 is up
[2024-12-16T11:09:09.709+0000] {transport.py:1944} INFO - Connected (version 2.0, client OpenSSH_8.2p1)
[2024-12-16T11:09:09.780+0000] {transport.py:1944} INFO - Authentication (publickey) successful!
[2024-12-16T11:09:10.777+0000] {logging_mixin.py:190} INFO - Server 1rdLack SN05 is up
[2024-12-16T11:09:10.806+0000] {transport.py:1944} INFO - Connected (version 2.0, client OpenSSH_8.2p1)
[2024-12-16T11:09:10.872+0000] {transport.py:1944} INFO - Authentication (publickey) successful!
[2024-12-16T11:09:11.756+0000] {logging_mixin.py:190} INFO - Server 1rdLack SN06 is up
[2024-12-16T11:09:11.785+0000] {transport.py:1944} INFO - Connected (version 2.0, client OpenSSH_8.2p1)
[2024-12-16T11:09:11.871+0000] {transport.py:1944} INFO - Authentication (publickey) successful!
[2024-12-16T11:09:12.816+0000] {logging_mixin.py:190} INFO - Server 1rdLack SN07 is up
[2024-12-16T11:09:12.845+0000] {transport.py:1944} INFO - Connected (version 2.0, client OpenSSH_8.2p1)
[2024-12-16T11:09:12.934+0000] {transport.py:1944} INFO - Authentication (publickey) successful!
[2024-12-16T11:09:13.861+0000] {logging_mixin.py:190} INFO - Server 1rdLack SN09 is up
[2024-12-16T11:09:13.869+0000] {transport.py:1944} INFO - Connected (version 2.0, client OpenSSH_8.2p1)
[2024-12-16T11:09:13.930+0000] {transport.py:1944} INFO - Authentication (publickey) successful!
[2024-12-16T11:09:14.314+0000] {logging_mixin.py:190} INFO - Server cs1 is up
[2024-12-16T11:09:14.324+0000] {transport.py:1944} INFO - Connected (version 2.0, client OpenSSH_8.2p1)
[2024-12-16T11:09:14.451+0000] {transport.py:1944} INFO - Authentication (publickey) successful!
[2024-12-16T11:09:14.702+0000] {logging_mixin.py:190} INFO - Server DL01 is up
[2024-12-16T11:09:14.708+0000] {transport.py:1944} INFO - Connected (version 2.0, client OpenSSH_8.2p1)
[2024-12-16T11:09:14.851+0000] {transport.py:1944} INFO - Authentication (publickey) successful!
[2024-12-16T11:09:15.018+0000] {logging_mixin.py:190} INFO - Server DL02 is up
[2024-12-16T11:09:15.029+0000] {transport.py:1944} INFO - Connected (version 2.0, client OpenSSH_8.2p1)
[2024-12-16T11:09:15.140+0000] {transport.py:1944} INFO - Authentication (publickey) successful!
[2024-12-16T11:09:15.271+0000] {logging_mixin.py:190} INFO - Server DL03 is up
[2024-12-16T11:09:18.602+0000] {logging_mixin.py:190} INFO - Discord alert sent successfully
[2024-12-16T11:09:18.603+0000] {python.py:240} INFO - Done. Returned value was: None
[2024-12-16T11:09:18.617+0000] {taskinstance.py:340} INFO - ::group::Post task execution logs
[2024-12-16T11:09:18.618+0000] {taskinstance.py:352} INFO - Marking task as SUCCESS. dag_id=check_server_status, task_id=check_server_status, run_id=scheduled__2024-12-16T11:08:00+00:00, execution_date=20241216T110800, start_date=20241216T110901, end_date=20241216T110918
[2024-12-16T11:09:18.629+0000] {logging_mixin.py:190} INFO - Task instance in success state
[2024-12-16T11:09:18.629+0000] {logging_mixin.py:190} INFO -  Previous state of the Task instance: running
[2024-12-16T11:09:18.629+0000] {logging_mixin.py:190} INFO - Dag name:check_server_status queued_at:2024-12-16 11:09:00.471423+00:00
[2024-12-16T11:09:18.630+0000] {logging_mixin.py:190} INFO - Task hostname:1b59279a9320 operator:PythonOperator
[2024-12-16T11:09:18.659+0000] {local_task_job_runner.py:266} INFO - Task exited with return code 0
[2024-12-16T11:09:18.676+0000] {taskinstance.py:3895} INFO - 0 downstream tasks scheduled from follow-on schedule check
[2024-12-16T11:09:18.678+0000] {local_task_job_runner.py:245} INFO - ::endgroup::
