[2024-12-16T10:06:02.029+0000] {local_task_job_runner.py:123} INFO - ::group::Pre task execution logs
[2024-12-16T10:06:02.045+0000] {taskinstance.py:2613} INFO - Dependencies all met for dep_context=non-requeueable deps ti=<TaskInstance: check_server_status.check_server_status scheduled__2024-12-16T10:05:00+00:00 [queued]>
[2024-12-16T10:06:02.054+0000] {taskinstance.py:2613} INFO - Dependencies all met for dep_context=requeueable deps ti=<TaskInstance: check_server_status.check_server_status scheduled__2024-12-16T10:05:00+00:00 [queued]>
[2024-12-16T10:06:02.054+0000] {taskinstance.py:2866} INFO - Starting attempt 1 of 2
[2024-12-16T10:06:02.068+0000] {taskinstance.py:2889} INFO - Executing <Task(PythonOperator): check_server_status> on 2024-12-16 10:05:00+00:00
[2024-12-16T10:06:02.075+0000] {warnings.py:112} WARNING - /home/***/.local/lib/python3.12/site-packages/***/task/task_runner/standard_task_runner.py:70: DeprecationWarning: This process (pid=445) is multi-threaded, use of fork() may lead to deadlocks in the child.
  pid = os.fork()

[2024-12-16T10:06:02.076+0000] {standard_task_runner.py:72} INFO - Started process 454 to run task
[2024-12-16T10:06:02.077+0000] {standard_task_runner.py:104} INFO - Running: ['***', 'tasks', 'run', 'check_server_status', 'check_server_status', 'scheduled__2024-12-16T10:05:00+00:00', '--job-id', '81', '--raw', '--subdir', 'DAGS_FOLDER/check_server_status.py', '--cfg-path', '/tmp/tmpggbr75wc']
[2024-12-16T10:06:02.078+0000] {standard_task_runner.py:105} INFO - Job 81: Subtask check_server_status
[2024-12-16T10:06:02.121+0000] {task_command.py:467} INFO - Running <TaskInstance: check_server_status.check_server_status scheduled__2024-12-16T10:05:00+00:00 [running]> on host f4f98c9b6a7f
[2024-12-16T10:06:02.403+0000] {taskinstance.py:3132} INFO - Exporting env vars: AIRFLOW_CTX_DAG_OWNER='***' AIRFLOW_CTX_DAG_ID='check_server_status' AIRFLOW_CTX_TASK_ID='check_server_status' AIRFLOW_CTX_EXECUTION_DATE='2024-12-16T10:05:00+00:00' AIRFLOW_CTX_TRY_NUMBER='1' AIRFLOW_CTX_DAG_RUN_ID='scheduled__2024-12-16T10:05:00+00:00'
[2024-12-16T10:06:02.404+0000] {logging_mixin.py:190} INFO - Task instance is in running state
[2024-12-16T10:06:02.404+0000] {logging_mixin.py:190} INFO -  Previous state of the Task instance: queued
[2024-12-16T10:06:02.404+0000] {logging_mixin.py:190} INFO - Current task name:check_server_status state:running start_date:2024-12-16 10:06:02.045809+00:00
[2024-12-16T10:06:02.405+0000] {logging_mixin.py:190} INFO - Dag name:check_server_status and current dag run status:running
[2024-12-16T10:06:02.405+0000] {taskinstance.py:731} INFO - ::endgroup::
[2024-12-16T10:06:02.418+0000] {transport.py:1944} INFO - Connected (version 2.0, client OpenSSH_8.9p1)
[2024-12-16T10:06:02.526+0000] {transport.py:1944} INFO - Authentication (publickey) successful!
[2024-12-16T10:06:02.865+0000] {logging_mixin.py:190} INFO - Server 3rdLack MN is up
[2024-12-16T10:06:02.879+0000] {transport.py:1944} INFO - Connected (version 2.0, client OpenSSH_8.9p1)
[2024-12-16T10:06:03.010+0000] {transport.py:1944} INFO - Authentication (publickey) successful!
[2024-12-16T10:06:03.358+0000] {logging_mixin.py:190} INFO - Server 3rdLack SN05 is up
[2024-12-16T10:06:03.371+0000] {transport.py:1944} INFO - Connected (version 2.0, client OpenSSH_8.9p1)
[2024-12-16T10:06:03.503+0000] {transport.py:1944} INFO - Authentication (publickey) successful!
[2024-12-16T10:06:03.877+0000] {logging_mixin.py:190} INFO - Server 3rdLack SN06 is up
[2024-12-16T10:06:03.891+0000] {transport.py:1944} INFO - Connected (version 2.0, client OpenSSH_8.9p1)
[2024-12-16T10:06:03.992+0000] {transport.py:1944} INFO - Authentication (publickey) successful!
[2024-12-16T10:06:04.394+0000] {logging_mixin.py:190} INFO - Server 3rdLack SN07 is up
[2024-12-16T10:06:04.408+0000] {transport.py:1944} INFO - Connected (version 2.0, client OpenSSH_8.9p1)
[2024-12-16T10:06:04.509+0000] {transport.py:1944} INFO - Authentication (publickey) successful!
[2024-12-16T10:06:04.869+0000] {logging_mixin.py:190} INFO - Server 3rdLack SN08 is up
[2024-12-16T10:06:04.889+0000] {transport.py:1944} INFO - Connected (version 2.0, client OpenSSH_8.2p1)
[2024-12-16T10:06:04.980+0000] {transport.py:1944} INFO - Authentication (publickey) successful!
[2024-12-16T10:06:05.304+0000] {logging_mixin.py:190} INFO - Server 1rdLack MN is up
[2024-12-16T10:06:05.334+0000] {transport.py:1944} INFO - Connected (version 2.0, client OpenSSH_8.2p1)
[2024-12-16T10:06:05.428+0000] {transport.py:1944} INFO - Authentication (publickey) successful!
[2024-12-16T10:06:06.339+0000] {logging_mixin.py:190} INFO - Server 1rdLack SN01 is up
[2024-12-16T10:06:06.382+0000] {transport.py:1944} INFO - Connected (version 2.0, client OpenSSH_8.2p1)
[2024-12-16T10:06:06.496+0000] {transport.py:1944} INFO - Authentication (publickey) successful!
[2024-12-16T10:06:07.379+0000] {logging_mixin.py:190} INFO - Server 1rdLack SN02 is up
[2024-12-16T10:06:07.411+0000] {transport.py:1944} INFO - Connected (version 2.0, client OpenSSH_8.2p1)
[2024-12-16T10:06:07.498+0000] {transport.py:1944} INFO - Authentication (publickey) successful!
[2024-12-16T10:06:08.393+0000] {logging_mixin.py:190} INFO - Server 1rdLack SN03 is up
[2024-12-16T10:06:08.426+0000] {transport.py:1944} INFO - Connected (version 2.0, client OpenSSH_8.2p1)
[2024-12-16T10:06:08.515+0000] {transport.py:1944} INFO - Authentication (publickey) successful!
[2024-12-16T10:06:09.405+0000] {logging_mixin.py:190} INFO - Server 1rdLack SN04 is up
[2024-12-16T10:06:09.437+0000] {transport.py:1944} INFO - Connected (version 2.0, client OpenSSH_8.2p1)
[2024-12-16T10:06:09.533+0000] {transport.py:1944} INFO - Authentication (publickey) successful!
[2024-12-16T10:06:10.481+0000] {logging_mixin.py:190} INFO - Server 1rdLack SN05 is up
[2024-12-16T10:06:10.513+0000] {transport.py:1944} INFO - Connected (version 2.0, client OpenSSH_8.2p1)
[2024-12-16T10:06:10.601+0000] {transport.py:1944} INFO - Authentication (publickey) successful!
[2024-12-16T10:06:11.511+0000] {logging_mixin.py:190} INFO - Server 1rdLack SN06 is up
[2024-12-16T10:06:11.541+0000] {transport.py:1944} INFO - Connected (version 2.0, client OpenSSH_8.2p1)
[2024-12-16T10:06:11.611+0000] {transport.py:1944} INFO - Authentication (publickey) successful!
[2024-12-16T10:06:12.537+0000] {logging_mixin.py:190} INFO - Server 1rdLack SN07 is up
[2024-12-16T10:06:12.568+0000] {transport.py:1944} INFO - Connected (version 2.0, client OpenSSH_8.2p1)
[2024-12-16T10:06:12.636+0000] {transport.py:1944} INFO - Authentication (publickey) successful!
[2024-12-16T10:06:13.545+0000] {logging_mixin.py:190} INFO - Server 1rdLack SN09 is up
[2024-12-16T10:06:13.553+0000] {transport.py:1944} INFO - Connected (version 2.0, client OpenSSH_8.2p1)
[2024-12-16T10:06:13.614+0000] {transport.py:1944} INFO - Authentication (publickey) successful!
[2024-12-16T10:06:13.797+0000] {logging_mixin.py:190} INFO - Server cs1 is up
[2024-12-16T10:06:13.808+0000] {transport.py:1944} INFO - Connected (version 2.0, client OpenSSH_8.2p1)
[2024-12-16T10:06:13.939+0000] {transport.py:1944} INFO - Authentication (publickey) successful!
[2024-12-16T10:06:14.110+0000] {logging_mixin.py:190} INFO - Server DL01 is up
[2024-12-16T10:06:14.122+0000] {transport.py:1944} INFO - Connected (version 2.0, client OpenSSH_8.2p1)
[2024-12-16T10:06:14.302+0000] {transport.py:1944} INFO - Authentication (publickey) successful!
[2024-12-16T10:06:14.477+0000] {logging_mixin.py:190} INFO - Server DL02 is up
[2024-12-16T10:06:14.489+0000] {transport.py:1944} INFO - Connected (version 2.0, client OpenSSH_8.2p1)
[2024-12-16T10:06:14.617+0000] {transport.py:1944} INFO - Authentication (publickey) successful!
[2024-12-16T10:06:14.741+0000] {logging_mixin.py:190} INFO - Server DL03 is up
[2024-12-16T10:06:18.098+0000] {logging_mixin.py:190} INFO - Discord alert sent successfully
[2024-12-16T10:06:18.100+0000] {python.py:240} INFO - Done. Returned value was: None
[2024-12-16T10:06:18.117+0000] {taskinstance.py:340} INFO - ::group::Post task execution logs
[2024-12-16T10:06:18.118+0000] {taskinstance.py:352} INFO - Marking task as SUCCESS. dag_id=check_server_status, task_id=check_server_status, run_id=scheduled__2024-12-16T10:05:00+00:00, execution_date=20241216T100500, start_date=20241216T100602, end_date=20241216T100618
[2024-12-16T10:06:18.132+0000] {logging_mixin.py:190} INFO - Task instance in success state
[2024-12-16T10:06:18.133+0000] {logging_mixin.py:190} INFO -  Previous state of the Task instance: running
[2024-12-16T10:06:18.133+0000] {logging_mixin.py:190} INFO - Dag name:check_server_status queued_at:2024-12-16 10:06:00.485818+00:00
[2024-12-16T10:06:18.133+0000] {logging_mixin.py:190} INFO - Task hostname:f4f98c9b6a7f operator:PythonOperator
[2024-12-16T10:06:18.188+0000] {local_task_job_runner.py:266} INFO - Task exited with return code 0
[2024-12-16T10:06:18.390+0000] {taskinstance.py:3895} INFO - 0 downstream tasks scheduled from follow-on schedule check
[2024-12-16T10:06:18.393+0000] {local_task_job_runner.py:245} INFO - ::endgroup::
