[2024-12-16T11:15:01.919+0000] {local_task_job_runner.py:123} INFO - ::group::Pre task execution logs
[2024-12-16T11:15:01.933+0000] {taskinstance.py:2613} INFO - Dependencies all met for dep_context=non-requeueable deps ti=<TaskInstance: check_server_status.check_server_status scheduled__2024-12-16T11:14:00+00:00 [queued]>
[2024-12-16T11:15:01.941+0000] {taskinstance.py:2613} INFO - Dependencies all met for dep_context=requeueable deps ti=<TaskInstance: check_server_status.check_server_status scheduled__2024-12-16T11:14:00+00:00 [queued]>
[2024-12-16T11:15:01.941+0000] {taskinstance.py:2866} INFO - Starting attempt 1 of 2
[2024-12-16T11:15:01.953+0000] {taskinstance.py:2889} INFO - Executing <Task(PythonOperator): check_server_status> on 2024-12-16 11:14:00+00:00
[2024-12-16T11:15:01.959+0000] {warnings.py:112} WARNING - /home/***/.local/lib/python3.12/site-packages/***/task/task_runner/standard_task_runner.py:70: DeprecationWarning: This process (pid=87) is multi-threaded, use of fork() may lead to deadlocks in the child.
  pid = os.fork()

[2024-12-16T11:15:01.960+0000] {standard_task_runner.py:72} INFO - Started process 93 to run task
[2024-12-16T11:15:01.961+0000] {standard_task_runner.py:104} INFO - Running: ['***', 'tasks', 'run', 'check_server_status', 'check_server_status', 'scheduled__2024-12-16T11:14:00+00:00', '--job-id', '125', '--raw', '--subdir', 'DAGS_FOLDER/check_server_status.py', '--cfg-path', '/tmp/tmpjefoc9hn']
[2024-12-16T11:15:01.962+0000] {standard_task_runner.py:105} INFO - Job 125: Subtask check_server_status
[2024-12-16T11:15:02.000+0000] {task_command.py:467} INFO - Running <TaskInstance: check_server_status.check_server_status scheduled__2024-12-16T11:14:00+00:00 [running]> on host a9edcc228d1b
[2024-12-16T11:15:02.289+0000] {taskinstance.py:3132} INFO - Exporting env vars: AIRFLOW_CTX_DAG_OWNER='***' AIRFLOW_CTX_DAG_ID='check_server_status' AIRFLOW_CTX_TASK_ID='check_server_status' AIRFLOW_CTX_EXECUTION_DATE='2024-12-16T11:14:00+00:00' AIRFLOW_CTX_TRY_NUMBER='1' AIRFLOW_CTX_DAG_RUN_ID='scheduled__2024-12-16T11:14:00+00:00'
[2024-12-16T11:15:02.290+0000] {logging_mixin.py:190} INFO - Task instance is in running state
[2024-12-16T11:15:02.290+0000] {logging_mixin.py:190} INFO -  Previous state of the Task instance: queued
[2024-12-16T11:15:02.290+0000] {logging_mixin.py:190} INFO - Current task name:check_server_status state:running start_date:2024-12-16 11:15:01.933644+00:00
[2024-12-16T11:15:02.291+0000] {logging_mixin.py:190} INFO - Dag name:check_server_status and current dag run status:running
[2024-12-16T11:15:02.291+0000] {taskinstance.py:731} INFO - ::endgroup::
[2024-12-16T11:15:02.305+0000] {transport.py:1944} INFO - Connected (version 2.0, client OpenSSH_8.9p1)
[2024-12-16T11:15:02.420+0000] {transport.py:1944} INFO - Authentication (publickey) successful!
[2024-12-16T11:15:02.550+0000] {logging_mixin.py:190} INFO - Server 3rdLack MN is up
[2024-12-16T11:15:02.563+0000] {transport.py:1944} INFO - Connected (version 2.0, client OpenSSH_8.9p1)
[2024-12-16T11:15:02.670+0000] {transport.py:1944} INFO - Authentication (publickey) successful!
[2024-12-16T11:15:02.797+0000] {logging_mixin.py:190} INFO - Server 3rdLack SN05 is up
[2024-12-16T11:15:02.811+0000] {transport.py:1944} INFO - Connected (version 2.0, client OpenSSH_8.9p1)
[2024-12-16T11:15:02.924+0000] {transport.py:1944} INFO - Authentication (publickey) successful!
[2024-12-16T11:15:03.037+0000] {logging_mixin.py:190} INFO - Server 3rdLack SN06 is up
[2024-12-16T11:15:03.050+0000] {transport.py:1944} INFO - Connected (version 2.0, client OpenSSH_8.9p1)
[2024-12-16T11:15:03.151+0000] {transport.py:1944} INFO - Authentication (publickey) successful!
[2024-12-16T11:15:03.257+0000] {logging_mixin.py:190} INFO - Server 3rdLack SN07 is up
[2024-12-16T11:15:03.270+0000] {transport.py:1944} INFO - Connected (version 2.0, client OpenSSH_8.9p1)
[2024-12-16T11:15:03.371+0000] {transport.py:1944} INFO - Authentication (publickey) successful!
[2024-12-16T11:15:03.473+0000] {logging_mixin.py:190} INFO - Server 3rdLack SN08 is up
[2024-12-16T11:15:03.701+0000] {transport.py:1944} INFO - Connected (version 2.0, client OpenSSH_8.2p1)
[2024-12-16T11:15:03.961+0000] {transport.py:1944} INFO - Authentication (publickey) successful!
[2024-12-16T11:15:04.156+0000] {logging_mixin.py:190} INFO - Server 1rdLack MN is up
[2024-12-16T11:15:04.187+0000] {transport.py:1944} INFO - Connected (version 2.0, client OpenSSH_8.2p1)
[2024-12-16T11:15:04.261+0000] {transport.py:1944} INFO - Authentication (publickey) successful!
[2024-12-16T11:15:04.964+0000] {logging_mixin.py:190} INFO - Server 1rdLack SN01 is up
[2024-12-16T11:15:04.994+0000] {transport.py:1944} INFO - Connected (version 2.0, client OpenSSH_8.2p1)
[2024-12-16T11:15:05.070+0000] {transport.py:1944} INFO - Authentication (publickey) successful!
[2024-12-16T11:15:05.727+0000] {logging_mixin.py:190} INFO - Server 1rdLack SN02 is up
[2024-12-16T11:15:05.758+0000] {transport.py:1944} INFO - Connected (version 2.0, client OpenSSH_8.2p1)
[2024-12-16T11:15:05.827+0000] {transport.py:1944} INFO - Authentication (publickey) successful!
[2024-12-16T11:15:06.510+0000] {logging_mixin.py:190} INFO - Server 1rdLack SN03 is up
[2024-12-16T11:15:06.542+0000] {transport.py:1944} INFO - Connected (version 2.0, client OpenSSH_8.2p1)
[2024-12-16T11:15:06.624+0000] {transport.py:1944} INFO - Authentication (publickey) successful!
[2024-12-16T11:15:07.335+0000] {logging_mixin.py:190} INFO - Server 1rdLack SN04 is up
[2024-12-16T11:15:07.385+0000] {transport.py:1944} INFO - Connected (version 2.0, client OpenSSH_8.2p1)
[2024-12-16T11:15:07.447+0000] {transport.py:1944} INFO - Authentication (publickey) successful!
[2024-12-16T11:15:08.116+0000] {logging_mixin.py:190} INFO - Server 1rdLack SN05 is up
[2024-12-16T11:15:08.148+0000] {transport.py:1944} INFO - Connected (version 2.0, client OpenSSH_8.2p1)
[2024-12-16T11:15:08.216+0000] {transport.py:1944} INFO - Authentication (publickey) successful!
[2024-12-16T11:15:08.847+0000] {logging_mixin.py:190} INFO - Server 1rdLack SN06 is up
[2024-12-16T11:15:08.875+0000] {transport.py:1944} INFO - Connected (version 2.0, client OpenSSH_8.2p1)
[2024-12-16T11:15:08.948+0000] {transport.py:1944} INFO - Authentication (publickey) successful!
[2024-12-16T11:15:09.599+0000] {logging_mixin.py:190} INFO - Server 1rdLack SN07 is up
[2024-12-16T11:15:09.639+0000] {transport.py:1944} INFO - Connected (version 2.0, client OpenSSH_8.2p1)
[2024-12-16T11:15:09.704+0000] {transport.py:1944} INFO - Authentication (publickey) successful!
[2024-12-16T11:15:10.387+0000] {logging_mixin.py:190} INFO - Server 1rdLack SN09 is up
[2024-12-16T11:15:10.393+0000] {transport.py:1944} INFO - Connected (version 2.0, client OpenSSH_8.2p1)
[2024-12-16T11:15:10.456+0000] {transport.py:1944} INFO - Authentication (publickey) successful!
[2024-12-16T11:15:10.571+0000] {logging_mixin.py:190} INFO - Server cs1 is up
[2024-12-16T11:15:10.582+0000] {transport.py:1944} INFO - Connected (version 2.0, client OpenSSH_8.2p1)
[2024-12-16T11:15:10.739+0000] {transport.py:1944} INFO - Authentication (publickey) successful!
[2024-12-16T11:15:10.849+0000] {logging_mixin.py:190} INFO - Server DL01 is up
[2024-12-16T11:15:10.861+0000] {transport.py:1944} INFO - Connected (version 2.0, client OpenSSH_8.2p1)
[2024-12-16T11:15:10.977+0000] {transport.py:1944} INFO - Authentication (publickey) successful!
[2024-12-16T11:15:11.093+0000] {logging_mixin.py:190} INFO - Server DL02 is up
[2024-12-16T11:15:11.104+0000] {transport.py:1944} INFO - Connected (version 2.0, client OpenSSH_8.2p1)
[2024-12-16T11:15:11.218+0000] {transport.py:1944} INFO - Authentication (publickey) successful!
[2024-12-16T11:15:11.326+0000] {logging_mixin.py:190} INFO - Server DL03 is up
[2024-12-16T11:15:12.968+0000] {logging_mixin.py:190} INFO - Discord alert sent successfully
[2024-12-16T11:15:12.969+0000] {python.py:240} INFO - Done. Returned value was: None
[2024-12-16T11:15:12.980+0000] {taskinstance.py:340} INFO - ::group::Post task execution logs
[2024-12-16T11:15:12.981+0000] {taskinstance.py:352} INFO - Marking task as SUCCESS. dag_id=check_server_status, task_id=check_server_status, run_id=scheduled__2024-12-16T11:14:00+00:00, execution_date=20241216T111400, start_date=20241216T111501, end_date=20241216T111512
[2024-12-16T11:15:12.989+0000] {logging_mixin.py:190} INFO - Task instance in success state
[2024-12-16T11:15:12.989+0000] {logging_mixin.py:190} INFO -  Previous state of the Task instance: running
[2024-12-16T11:15:12.989+0000] {logging_mixin.py:190} INFO - Dag name:check_server_status queued_at:2024-12-16 11:15:00.146196+00:00
[2024-12-16T11:15:12.989+0000] {logging_mixin.py:190} INFO - Task hostname:a9edcc228d1b operator:PythonOperator
[2024-12-16T11:15:13.003+0000] {local_task_job_runner.py:266} INFO - Task exited with return code 0
[2024-12-16T11:15:13.024+0000] {taskinstance.py:3895} INFO - 0 downstream tasks scheduled from follow-on schedule check
[2024-12-16T11:15:13.026+0000] {local_task_job_runner.py:245} INFO - ::endgroup::
