[2024-12-16T09:28:02.715+0000] {local_task_job_runner.py:123} INFO - ::group::Pre task execution logs
[2024-12-16T09:28:02.730+0000] {taskinstance.py:2613} INFO - Dependencies all met for dep_context=non-requeueable deps ti=<TaskInstance: check_server_status.check_server_status scheduled__2024-12-16T09:27:00+00:00 [queued]>
[2024-12-16T09:28:02.736+0000] {taskinstance.py:2613} INFO - Dependencies all met for dep_context=requeueable deps ti=<TaskInstance: check_server_status.check_server_status scheduled__2024-12-16T09:27:00+00:00 [queued]>
[2024-12-16T09:28:02.737+0000] {taskinstance.py:2866} INFO - Starting attempt 1 of 2
[2024-12-16T09:28:02.748+0000] {taskinstance.py:2889} INFO - Executing <Task(PythonOperator): check_server_status> on 2024-12-16 09:27:00+00:00
[2024-12-16T09:28:02.755+0000] {warnings.py:112} WARNING - /home/***/.local/lib/python3.12/site-packages/***/task/task_runner/standard_task_runner.py:70: DeprecationWarning: This process (pid=362) is multi-threaded, use of fork() may lead to deadlocks in the child.
  pid = os.fork()

[2024-12-16T09:28:02.756+0000] {standard_task_runner.py:72} INFO - Started process 364 to run task
[2024-12-16T09:28:02.757+0000] {standard_task_runner.py:104} INFO - Running: ['***', 'tasks', 'run', 'check_server_status', 'check_server_status', 'scheduled__2024-12-16T09:27:00+00:00', '--job-id', '26', '--raw', '--subdir', 'DAGS_FOLDER/check_server_status.py', '--cfg-path', '/tmp/tmp_b89h93m']
[2024-12-16T09:28:02.758+0000] {standard_task_runner.py:105} INFO - Job 26: Subtask check_server_status
[2024-12-16T09:28:02.795+0000] {task_command.py:467} INFO - Running <TaskInstance: check_server_status.check_server_status scheduled__2024-12-16T09:27:00+00:00 [running]> on host 0d789706375e
[2024-12-16T09:28:03.064+0000] {taskinstance.py:3132} INFO - Exporting env vars: AIRFLOW_CTX_DAG_OWNER='***' AIRFLOW_CTX_DAG_ID='check_server_status' AIRFLOW_CTX_TASK_ID='check_server_status' AIRFLOW_CTX_EXECUTION_DATE='2024-12-16T09:27:00+00:00' AIRFLOW_CTX_TRY_NUMBER='1' AIRFLOW_CTX_DAG_RUN_ID='scheduled__2024-12-16T09:27:00+00:00'
[2024-12-16T09:28:03.064+0000] {logging_mixin.py:190} INFO - Task instance is in running state
[2024-12-16T09:28:03.064+0000] {logging_mixin.py:190} INFO -  Previous state of the Task instance: queued
[2024-12-16T09:28:03.065+0000] {logging_mixin.py:190} INFO - Current task name:check_server_status state:running start_date:2024-12-16 09:28:02.730385+00:00
[2024-12-16T09:28:03.065+0000] {logging_mixin.py:190} INFO - Dag name:check_server_status and current dag run status:running
[2024-12-16T09:28:03.065+0000] {taskinstance.py:731} INFO - ::endgroup::
[2024-12-16T09:28:03.079+0000] {transport.py:1944} INFO - Connected (version 2.0, client OpenSSH_8.9p1)
[2024-12-16T09:28:03.440+0000] {logging_mixin.py:190} INFO - Discord alert sent successfully
[2024-12-16T09:28:03.454+0000] {transport.py:1944} INFO - Connected (version 2.0, client OpenSSH_8.9p1)
[2024-12-16T09:28:03.795+0000] {logging_mixin.py:190} INFO - Discord alert sent successfully
[2024-12-16T09:28:03.810+0000] {transport.py:1944} INFO - Connected (version 2.0, client OpenSSH_8.9p1)
[2024-12-16T09:28:04.197+0000] {logging_mixin.py:190} INFO - Discord alert sent successfully
[2024-12-16T09:28:04.212+0000] {transport.py:1944} INFO - Connected (version 2.0, client OpenSSH_8.9p1)
[2024-12-16T09:28:04.569+0000] {logging_mixin.py:190} INFO - Discord alert sent successfully
[2024-12-16T09:28:04.585+0000] {transport.py:1944} INFO - Connected (version 2.0, client OpenSSH_8.9p1)
[2024-12-16T09:28:04.943+0000] {logging_mixin.py:190} INFO - Discord alert sent successfully
[2024-12-16T09:28:04.962+0000] {transport.py:1944} INFO - Connected (version 2.0, client OpenSSH_8.2p1)
[2024-12-16T09:28:05.279+0000] {logging_mixin.py:190} INFO - Discord alert sent successfully
[2024-12-16T09:28:05.311+0000] {transport.py:1944} INFO - Connected (version 2.0, client OpenSSH_8.2p1)
[2024-12-16T09:28:05.671+0000] {logging_mixin.py:190} INFO - Discord alert sent successfully
[2024-12-16T09:28:05.702+0000] {transport.py:1944} INFO - Connected (version 2.0, client OpenSSH_8.2p1)
[2024-12-16T09:28:06.082+0000] {logging_mixin.py:190} INFO - Discord alert sent successfully
[2024-12-16T09:28:06.115+0000] {transport.py:1944} INFO - Connected (version 2.0, client OpenSSH_8.2p1)
[2024-12-16T09:28:06.431+0000] {logging_mixin.py:190} INFO - Discord alert sent successfully
[2024-12-16T09:28:06.481+0000] {transport.py:1944} INFO - Connected (version 2.0, client OpenSSH_8.2p1)
[2024-12-16T09:28:06.789+0000] {logging_mixin.py:190} INFO - Discord alert sent successfully
[2024-12-16T09:28:06.821+0000] {transport.py:1944} INFO - Connected (version 2.0, client OpenSSH_8.2p1)
[2024-12-16T09:28:07.204+0000] {logging_mixin.py:190} INFO - Discord alert sent successfully
[2024-12-16T09:28:07.236+0000] {transport.py:1944} INFO - Connected (version 2.0, client OpenSSH_8.2p1)
[2024-12-16T09:28:07.620+0000] {logging_mixin.py:190} INFO - Discord alert sent successfully
[2024-12-16T09:28:07.652+0000] {transport.py:1944} INFO - Connected (version 2.0, client OpenSSH_8.2p1)
[2024-12-16T09:28:08.043+0000] {logging_mixin.py:190} INFO - Discord alert sent successfully
[2024-12-16T09:28:08.075+0000] {transport.py:1944} INFO - Connected (version 2.0, client OpenSSH_8.2p1)
[2024-12-16T09:28:08.427+0000] {logging_mixin.py:190} INFO - Discord alert sent successfully
[2024-12-16T09:28:08.434+0000] {transport.py:1944} INFO - Connected (version 2.0, client OpenSSH_8.2p1)
[2024-12-16T09:28:08.766+0000] {logging_mixin.py:190} INFO - Discord alert sent successfully
[2024-12-16T09:28:08.776+0000] {transport.py:1944} INFO - Connected (version 2.0, client OpenSSH_8.2p1)
[2024-12-16T09:28:09.280+0000] {logging_mixin.py:190} INFO - Discord alert sent successfully
[2024-12-16T09:28:09.295+0000] {transport.py:1944} INFO - Connected (version 2.0, client OpenSSH_8.2p1)
[2024-12-16T09:28:09.651+0000] {logging_mixin.py:190} INFO - Discord alert sent successfully
[2024-12-16T09:28:09.664+0000] {transport.py:1944} INFO - Connected (version 2.0, client OpenSSH_8.2p1)
[2024-12-16T09:28:10.045+0000] {logging_mixin.py:190} INFO - Discord alert sent successfully
[2024-12-16T09:28:13.425+0000] {logging_mixin.py:190} INFO - Discord alert sent successfully
[2024-12-16T09:28:13.427+0000] {python.py:240} INFO - Done. Returned value was: None
[2024-12-16T09:28:13.445+0000] {taskinstance.py:340} INFO - ::group::Post task execution logs
[2024-12-16T09:28:13.445+0000] {taskinstance.py:352} INFO - Marking task as SUCCESS. dag_id=check_server_status, task_id=check_server_status, run_id=scheduled__2024-12-16T09:27:00+00:00, execution_date=20241216T092700, start_date=20241216T092802, end_date=20241216T092813
[2024-12-16T09:28:13.455+0000] {logging_mixin.py:190} INFO - Task instance in success state
[2024-12-16T09:28:13.455+0000] {logging_mixin.py:190} INFO -  Previous state of the Task instance: running
[2024-12-16T09:28:13.455+0000] {logging_mixin.py:190} INFO - Dag name:check_server_status queued_at:2024-12-16 09:28:01.073600+00:00
[2024-12-16T09:28:13.456+0000] {logging_mixin.py:190} INFO - Task hostname:0d789706375e operator:PythonOperator
[2024-12-16T09:28:13.475+0000] {local_task_job_runner.py:266} INFO - Task exited with return code 0
[2024-12-16T09:28:13.490+0000] {taskinstance.py:3895} INFO - 0 downstream tasks scheduled from follow-on schedule check
[2024-12-16T09:28:13.491+0000] {local_task_job_runner.py:245} INFO - ::endgroup::
