[2024-12-16T09:51:35.820+0000] {local_task_job_runner.py:123} INFO - ::group::Pre task execution logs
[2024-12-16T09:51:35.835+0000] {taskinstance.py:2613} INFO - Dependencies all met for dep_context=non-requeueable deps ti=<TaskInstance: check_server_status.check_server_status scheduled__2024-12-16T09:50:00+00:00 [queued]>
[2024-12-16T09:51:35.841+0000] {taskinstance.py:2613} INFO - Dependencies all met for dep_context=requeueable deps ti=<TaskInstance: check_server_status.check_server_status scheduled__2024-12-16T09:50:00+00:00 [queued]>
[2024-12-16T09:51:35.842+0000] {taskinstance.py:2866} INFO - Starting attempt 1 of 2
[2024-12-16T09:51:35.853+0000] {taskinstance.py:2889} INFO - Executing <Task(PythonOperator): check_server_status> on 2024-12-16 09:50:00+00:00
[2024-12-16T09:51:35.860+0000] {warnings.py:112} WARNING - /home/***/.local/lib/python3.12/site-packages/***/task/task_runner/standard_task_runner.py:70: DeprecationWarning: This process (pid=67) is multi-threaded, use of fork() may lead to deadlocks in the child.
  pid = os.fork()

[2024-12-16T09:51:35.861+0000] {standard_task_runner.py:72} INFO - Started process 69 to run task
[2024-12-16T09:51:35.862+0000] {standard_task_runner.py:104} INFO - Running: ['***', 'tasks', 'run', 'check_server_status', 'check_server_status', 'scheduled__2024-12-16T09:50:00+00:00', '--job-id', '72', '--raw', '--subdir', 'DAGS_FOLDER/check_server_status.py', '--cfg-path', '/tmp/tmpq243ptri']
[2024-12-16T09:51:35.863+0000] {standard_task_runner.py:105} INFO - Job 72: Subtask check_server_status
[2024-12-16T09:51:35.901+0000] {task_command.py:467} INFO - Running <TaskInstance: check_server_status.check_server_status scheduled__2024-12-16T09:50:00+00:00 [running]> on host e34f1e9cb234
[2024-12-16T09:51:35.978+0000] {taskinstance.py:3132} INFO - Exporting env vars: AIRFLOW_CTX_DAG_OWNER='***' AIRFLOW_CTX_DAG_ID='check_server_status' AIRFLOW_CTX_TASK_ID='check_server_status' AIRFLOW_CTX_EXECUTION_DATE='2024-12-16T09:50:00+00:00' AIRFLOW_CTX_TRY_NUMBER='1' AIRFLOW_CTX_DAG_RUN_ID='scheduled__2024-12-16T09:50:00+00:00'
[2024-12-16T09:51:35.979+0000] {logging_mixin.py:190} INFO - Task instance is in running state
[2024-12-16T09:51:35.980+0000] {logging_mixin.py:190} INFO -  Previous state of the Task instance: queued
[2024-12-16T09:51:35.980+0000] {logging_mixin.py:190} INFO - Current task name:check_server_status state:running start_date:2024-12-16 09:51:35.835977+00:00
[2024-12-16T09:51:35.980+0000] {logging_mixin.py:190} INFO - Dag name:check_server_status and current dag run status:running
[2024-12-16T09:51:35.980+0000] {taskinstance.py:731} INFO - ::endgroup::
[2024-12-16T09:51:35.994+0000] {transport.py:1944} INFO - Connected (version 2.0, client OpenSSH_8.9p1)
[2024-12-16T09:51:36.369+0000] {logging_mixin.py:190} INFO - Discord alert sent successfully
[2024-12-16T09:51:36.384+0000] {transport.py:1944} INFO - Connected (version 2.0, client OpenSSH_8.9p1)
[2024-12-16T09:51:36.800+0000] {logging_mixin.py:190} INFO - Discord alert sent successfully
[2024-12-16T09:51:36.815+0000] {transport.py:1944} INFO - Connected (version 2.0, client OpenSSH_8.9p1)
[2024-12-16T09:51:37.179+0000] {logging_mixin.py:190} INFO - Discord alert sent successfully
[2024-12-16T09:51:37.194+0000] {transport.py:1944} INFO - Connected (version 2.0, client OpenSSH_8.9p1)
[2024-12-16T09:51:37.545+0000] {logging_mixin.py:190} INFO - Discord alert sent successfully
[2024-12-16T09:51:37.558+0000] {transport.py:1944} INFO - Connected (version 2.0, client OpenSSH_8.9p1)
[2024-12-16T09:51:37.904+0000] {logging_mixin.py:190} INFO - Discord alert sent successfully
[2024-12-16T09:51:37.923+0000] {transport.py:1944} INFO - Connected (version 2.0, client OpenSSH_8.2p1)
[2024-12-16T09:51:38.232+0000] {logging_mixin.py:190} INFO - Discord alert sent successfully
[2024-12-16T09:51:38.264+0000] {transport.py:1944} INFO - Connected (version 2.0, client OpenSSH_8.2p1)
[2024-12-16T09:51:38.571+0000] {logging_mixin.py:190} INFO - Discord alert sent successfully
[2024-12-16T09:51:38.602+0000] {transport.py:1944} INFO - Connected (version 2.0, client OpenSSH_8.2p1)
[2024-12-16T09:51:38.951+0000] {logging_mixin.py:190} INFO - Discord alert sent successfully
[2024-12-16T09:51:38.982+0000] {transport.py:1944} INFO - Connected (version 2.0, client OpenSSH_8.2p1)
[2024-12-16T09:51:39.313+0000] {logging_mixin.py:190} INFO - Discord alert sent successfully
[2024-12-16T09:51:39.342+0000] {transport.py:1944} INFO - Connected (version 2.0, client OpenSSH_8.2p1)
[2024-12-16T09:51:39.662+0000] {logging_mixin.py:190} INFO - Discord alert sent successfully
[2024-12-16T09:51:39.692+0000] {transport.py:1944} INFO - Connected (version 2.0, client OpenSSH_8.2p1)
[2024-12-16T09:51:40.035+0000] {logging_mixin.py:190} INFO - Discord alert sent successfully
[2024-12-16T09:51:40.066+0000] {transport.py:1944} INFO - Connected (version 2.0, client OpenSSH_8.2p1)
[2024-12-16T09:51:40.413+0000] {logging_mixin.py:190} INFO - Discord alert sent successfully
[2024-12-16T09:51:40.443+0000] {transport.py:1944} INFO - Connected (version 2.0, client OpenSSH_8.2p1)
[2024-12-16T09:51:40.792+0000] {logging_mixin.py:190} INFO - Discord alert sent successfully
[2024-12-16T09:51:40.823+0000] {transport.py:1944} INFO - Connected (version 2.0, client OpenSSH_8.2p1)
[2024-12-16T09:51:41.132+0000] {logging_mixin.py:190} INFO - Discord alert sent successfully
[2024-12-16T09:51:41.138+0000] {transport.py:1944} INFO - Connected (version 2.0, client OpenSSH_8.2p1)
[2024-12-16T09:51:41.471+0000] {logging_mixin.py:190} INFO - Discord alert sent successfully
[2024-12-16T09:51:41.482+0000] {transport.py:1944} INFO - Connected (version 2.0, client OpenSSH_8.2p1)
[2024-12-16T09:51:41.839+0000] {logging_mixin.py:190} INFO - Discord alert sent successfully
[2024-12-16T09:51:41.850+0000] {transport.py:1944} INFO - Connected (version 2.0, client OpenSSH_8.2p1)
[2024-12-16T09:51:42.231+0000] {logging_mixin.py:190} INFO - Discord alert sent successfully
[2024-12-16T09:51:42.244+0000] {transport.py:1944} INFO - Connected (version 2.0, client OpenSSH_8.2p1)
[2024-12-16T09:51:42.605+0000] {logging_mixin.py:190} INFO - Discord alert sent successfully
[2024-12-16T09:51:45.952+0000] {logging_mixin.py:190} INFO - Discord alert sent successfully
[2024-12-16T09:51:45.953+0000] {python.py:240} INFO - Done. Returned value was: None
[2024-12-16T09:51:45.965+0000] {taskinstance.py:340} INFO - ::group::Post task execution logs
[2024-12-16T09:51:45.965+0000] {taskinstance.py:352} INFO - Marking task as SUCCESS. dag_id=check_server_status, task_id=check_server_status, run_id=scheduled__2024-12-16T09:50:00+00:00, execution_date=20241216T095000, start_date=20241216T095135, end_date=20241216T095145
[2024-12-16T09:51:45.977+0000] {logging_mixin.py:190} INFO - Task instance in success state
[2024-12-16T09:51:45.977+0000] {logging_mixin.py:190} INFO -  Previous state of the Task instance: running
[2024-12-16T09:51:45.977+0000] {logging_mixin.py:190} INFO - Dag name:check_server_status queued_at:2024-12-16 09:51:31.389511+00:00
[2024-12-16T09:51:45.977+0000] {logging_mixin.py:190} INFO - Task hostname:e34f1e9cb234 operator:PythonOperator
[2024-12-16T09:51:45.994+0000] {local_task_job_runner.py:266} INFO - Task exited with return code 0
[2024-12-16T09:51:46.010+0000] {taskinstance.py:3895} INFO - 0 downstream tasks scheduled from follow-on schedule check
[2024-12-16T09:51:46.012+0000] {local_task_job_runner.py:245} INFO - ::endgroup::
