[2024-12-16T10:05:02.735+0000] {local_task_job_runner.py:123} INFO - ::group::Pre task execution logs
[2024-12-16T10:05:02.754+0000] {taskinstance.py:2613} INFO - Dependencies all met for dep_context=non-requeueable deps ti=<TaskInstance: check_server_status.check_server_status scheduled__2024-12-16T10:04:00+00:00 [queued]>
[2024-12-16T10:05:02.763+0000] {taskinstance.py:2613} INFO - Dependencies all met for dep_context=requeueable deps ti=<TaskInstance: check_server_status.check_server_status scheduled__2024-12-16T10:04:00+00:00 [queued]>
[2024-12-16T10:05:02.763+0000] {taskinstance.py:2866} INFO - Starting attempt 1 of 2
[2024-12-16T10:05:02.776+0000] {taskinstance.py:2889} INFO - Executing <Task(PythonOperator): check_server_status> on 2024-12-16 10:04:00+00:00
[2024-12-16T10:05:02.783+0000] {warnings.py:112} WARNING - /home/***/.local/lib/python3.12/site-packages/***/task/task_runner/standard_task_runner.py:70: DeprecationWarning: This process (pid=398) is multi-threaded, use of fork() may lead to deadlocks in the child.
  pid = os.fork()

[2024-12-16T10:05:02.784+0000] {standard_task_runner.py:72} INFO - Started process 400 to run task
[2024-12-16T10:05:02.785+0000] {standard_task_runner.py:104} INFO - Running: ['***', 'tasks', 'run', 'check_server_status', 'check_server_status', 'scheduled__2024-12-16T10:04:00+00:00', '--job-id', '80', '--raw', '--subdir', 'DAGS_FOLDER/check_server_status.py', '--cfg-path', '/tmp/tmp7a0p1eyo']
[2024-12-16T10:05:02.786+0000] {standard_task_runner.py:105} INFO - Job 80: Subtask check_server_status
[2024-12-16T10:05:02.829+0000] {task_command.py:467} INFO - Running <TaskInstance: check_server_status.check_server_status scheduled__2024-12-16T10:04:00+00:00 [running]> on host f4f98c9b6a7f
[2024-12-16T10:05:03.115+0000] {taskinstance.py:3132} INFO - Exporting env vars: AIRFLOW_CTX_DAG_OWNER='***' AIRFLOW_CTX_DAG_ID='check_server_status' AIRFLOW_CTX_TASK_ID='check_server_status' AIRFLOW_CTX_EXECUTION_DATE='2024-12-16T10:04:00+00:00' AIRFLOW_CTX_TRY_NUMBER='1' AIRFLOW_CTX_DAG_RUN_ID='scheduled__2024-12-16T10:04:00+00:00'
[2024-12-16T10:05:03.116+0000] {logging_mixin.py:190} INFO - Task instance is in running state
[2024-12-16T10:05:03.116+0000] {logging_mixin.py:190} INFO -  Previous state of the Task instance: queued
[2024-12-16T10:05:03.116+0000] {logging_mixin.py:190} INFO - Current task name:check_server_status state:running start_date:2024-12-16 10:05:02.754826+00:00
[2024-12-16T10:05:03.117+0000] {logging_mixin.py:190} INFO - Dag name:check_server_status and current dag run status:running
[2024-12-16T10:05:03.117+0000] {taskinstance.py:731} INFO - ::endgroup::
[2024-12-16T10:05:03.130+0000] {transport.py:1944} INFO - Connected (version 2.0, client OpenSSH_8.9p1)
[2024-12-16T10:05:03.248+0000] {transport.py:1944} INFO - Authentication (publickey) successful!
[2024-12-16T10:05:03.589+0000] {logging_mixin.py:190} INFO - Server 3rdLack MN is up
[2024-12-16T10:05:03.603+0000] {transport.py:1944} INFO - Connected (version 2.0, client OpenSSH_8.9p1)
[2024-12-16T10:05:03.711+0000] {transport.py:1944} INFO - Authentication (publickey) successful!
[2024-12-16T10:05:04.099+0000] {logging_mixin.py:190} INFO - Server 3rdLack SN05 is up
[2024-12-16T10:05:04.114+0000] {transport.py:1944} INFO - Connected (version 2.0, client OpenSSH_8.9p1)
[2024-12-16T10:05:04.227+0000] {transport.py:1944} INFO - Authentication (publickey) successful!
[2024-12-16T10:05:04.617+0000] {logging_mixin.py:190} INFO - Server 3rdLack SN06 is up
[2024-12-16T10:05:04.631+0000] {transport.py:1944} INFO - Connected (version 2.0, client OpenSSH_8.9p1)
[2024-12-16T10:05:04.732+0000] {transport.py:1944} INFO - Authentication (publickey) successful!
[2024-12-16T10:05:05.138+0000] {logging_mixin.py:190} INFO - Server 3rdLack SN07 is up
[2024-12-16T10:05:05.153+0000] {transport.py:1944} INFO - Connected (version 2.0, client OpenSSH_8.9p1)
[2024-12-16T10:05:05.257+0000] {transport.py:1944} INFO - Authentication (publickey) successful!
[2024-12-16T10:05:05.622+0000] {logging_mixin.py:190} INFO - Server 3rdLack SN08 is up
[2024-12-16T10:05:05.641+0000] {transport.py:1944} INFO - Connected (version 2.0, client OpenSSH_8.2p1)
[2024-12-16T10:05:05.716+0000] {transport.py:1944} INFO - Authentication (publickey) successful!
[2024-12-16T10:05:06.402+0000] {logging_mixin.py:190} INFO - Server 1rdLack MN is up
[2024-12-16T10:05:06.434+0000] {transport.py:1944} INFO - Connected (version 2.0, client OpenSSH_8.2p1)
[2024-12-16T10:05:06.553+0000] {transport.py:1944} INFO - Authentication (publickey) successful!
[2024-12-16T10:05:07.484+0000] {logging_mixin.py:190} INFO - Server 1rdLack SN01 is up
[2024-12-16T10:05:07.513+0000] {transport.py:1944} INFO - Connected (version 2.0, client OpenSSH_8.2p1)
[2024-12-16T10:05:07.589+0000] {transport.py:1944} INFO - Authentication (publickey) successful!
[2024-12-16T10:05:08.506+0000] {logging_mixin.py:190} INFO - Server 1rdLack SN02 is up
[2024-12-16T10:05:08.540+0000] {transport.py:1944} INFO - Connected (version 2.0, client OpenSSH_8.2p1)
[2024-12-16T10:05:08.618+0000] {transport.py:1944} INFO - Authentication (publickey) successful!
[2024-12-16T10:05:09.517+0000] {logging_mixin.py:190} INFO - Server 1rdLack SN03 is up
[2024-12-16T10:05:09.547+0000] {transport.py:1944} INFO - Connected (version 2.0, client OpenSSH_8.2p1)
[2024-12-16T10:05:09.616+0000] {transport.py:1944} INFO - Authentication (publickey) successful!
[2024-12-16T10:05:10.530+0000] {logging_mixin.py:190} INFO - Server 1rdLack SN04 is up
[2024-12-16T10:05:10.561+0000] {transport.py:1944} INFO - Connected (version 2.0, client OpenSSH_8.2p1)
[2024-12-16T10:05:10.634+0000] {transport.py:1944} INFO - Authentication (publickey) successful!
[2024-12-16T10:05:11.552+0000] {logging_mixin.py:190} INFO - Server 1rdLack SN05 is up
[2024-12-16T10:05:11.581+0000] {transport.py:1944} INFO - Connected (version 2.0, client OpenSSH_8.2p1)
[2024-12-16T10:05:11.643+0000] {transport.py:1944} INFO - Authentication (publickey) successful!
[2024-12-16T10:05:12.527+0000] {logging_mixin.py:190} INFO - Server 1rdLack SN06 is up
[2024-12-16T10:05:12.557+0000] {transport.py:1944} INFO - Connected (version 2.0, client OpenSSH_8.2p1)
[2024-12-16T10:05:12.625+0000] {transport.py:1944} INFO - Authentication (publickey) successful!
[2024-12-16T10:05:13.563+0000] {logging_mixin.py:190} INFO - Server 1rdLack SN07 is up
[2024-12-16T10:05:13.596+0000] {transport.py:1944} INFO - Connected (version 2.0, client OpenSSH_8.2p1)
[2024-12-16T10:05:13.662+0000] {transport.py:1944} INFO - Authentication (publickey) successful!
[2024-12-16T10:05:14.583+0000] {logging_mixin.py:190} INFO - Server 1rdLack SN09 is up
[2024-12-16T10:05:14.590+0000] {transport.py:1944} INFO - Connected (version 2.0, client OpenSSH_8.2p1)
[2024-12-16T10:05:14.639+0000] {transport.py:1944} INFO - Authentication (publickey) successful!
[2024-12-16T10:05:15.030+0000] {logging_mixin.py:190} INFO - Server cs1 is up
[2024-12-16T10:05:15.040+0000] {transport.py:1944} INFO - Connected (version 2.0, client OpenSSH_8.2p1)
[2024-12-16T10:05:15.151+0000] {transport.py:1944} INFO - Authentication (publickey) successful!
[2024-12-16T10:05:15.322+0000] {logging_mixin.py:190} INFO - Server DL01 is up
[2024-12-16T10:05:15.345+0000] {transport.py:1944} INFO - Connected (version 2.0, client OpenSSH_8.2p1)
[2024-12-16T10:05:15.493+0000] {transport.py:1944} INFO - Authentication (publickey) successful!
[2024-12-16T10:05:15.672+0000] {logging_mixin.py:190} INFO - Server DL02 is up
[2024-12-16T10:05:15.683+0000] {transport.py:1944} INFO - Connected (version 2.0, client OpenSSH_8.2p1)
[2024-12-16T10:05:15.805+0000] {transport.py:1944} INFO - Authentication (publickey) successful!
[2024-12-16T10:05:15.938+0000] {logging_mixin.py:190} INFO - Server DL03 is up
[2024-12-16T10:05:19.300+0000] {logging_mixin.py:190} INFO - Discord alert sent successfully
[2024-12-16T10:05:19.302+0000] {python.py:240} INFO - Done. Returned value was: None
[2024-12-16T10:05:19.324+0000] {taskinstance.py:340} INFO - ::group::Post task execution logs
[2024-12-16T10:05:19.324+0000] {taskinstance.py:352} INFO - Marking task as SUCCESS. dag_id=check_server_status, task_id=check_server_status, run_id=scheduled__2024-12-16T10:04:00+00:00, execution_date=20241216T100400, start_date=20241216T100502, end_date=20241216T100519
[2024-12-16T10:05:19.337+0000] {logging_mixin.py:190} INFO - Task instance in success state
[2024-12-16T10:05:19.337+0000] {logging_mixin.py:190} INFO -  Previous state of the Task instance: running
[2024-12-16T10:05:19.337+0000] {logging_mixin.py:190} INFO - Dag name:check_server_status queued_at:2024-12-16 10:05:01.028908+00:00
[2024-12-16T10:05:19.337+0000] {logging_mixin.py:190} INFO - Task hostname:f4f98c9b6a7f operator:PythonOperator
[2024-12-16T10:05:19.359+0000] {local_task_job_runner.py:266} INFO - Task exited with return code 0
[2024-12-16T10:05:19.378+0000] {taskinstance.py:3895} INFO - 0 downstream tasks scheduled from follow-on schedule check
[2024-12-16T10:05:19.380+0000] {local_task_job_runner.py:245} INFO - ::endgroup::
