[2024-12-16T09:27:02.523+0000] {local_task_job_runner.py:123} INFO - ::group::Pre task execution logs
[2024-12-16T09:27:02.541+0000] {taskinstance.py:2613} INFO - Dependencies all met for dep_context=non-requeueable deps ti=<TaskInstance: check_server_status.check_server_status scheduled__2024-12-16T09:26:00+00:00 [queued]>
[2024-12-16T09:27:02.549+0000] {taskinstance.py:2613} INFO - Dependencies all met for dep_context=requeueable deps ti=<TaskInstance: check_server_status.check_server_status scheduled__2024-12-16T09:26:00+00:00 [queued]>
[2024-12-16T09:27:02.549+0000] {taskinstance.py:2866} INFO - Starting attempt 1 of 2
[2024-12-16T09:27:02.561+0000] {taskinstance.py:2889} INFO - Executing <Task(PythonOperator): check_server_status> on 2024-12-16 09:26:00+00:00
[2024-12-16T09:27:02.568+0000] {warnings.py:112} WARNING - /home/***/.local/lib/python3.12/site-packages/***/task/task_runner/standard_task_runner.py:70: DeprecationWarning: This process (pid=308) is multi-threaded, use of fork() may lead to deadlocks in the child.
  pid = os.fork()

[2024-12-16T09:27:02.569+0000] {standard_task_runner.py:72} INFO - Started process 310 to run task
[2024-12-16T09:27:02.570+0000] {standard_task_runner.py:104} INFO - Running: ['***', 'tasks', 'run', 'check_server_status', 'check_server_status', 'scheduled__2024-12-16T09:26:00+00:00', '--job-id', '25', '--raw', '--subdir', 'DAGS_FOLDER/check_server_status.py', '--cfg-path', '/tmp/tmp92ke5h9x']
[2024-12-16T09:27:02.571+0000] {standard_task_runner.py:105} INFO - Job 25: Subtask check_server_status
[2024-12-16T09:27:02.610+0000] {task_command.py:467} INFO - Running <TaskInstance: check_server_status.check_server_status scheduled__2024-12-16T09:26:00+00:00 [running]> on host 0d789706375e
[2024-12-16T09:27:02.890+0000] {taskinstance.py:3132} INFO - Exporting env vars: AIRFLOW_CTX_DAG_OWNER='***' AIRFLOW_CTX_DAG_ID='check_server_status' AIRFLOW_CTX_TASK_ID='check_server_status' AIRFLOW_CTX_EXECUTION_DATE='2024-12-16T09:26:00+00:00' AIRFLOW_CTX_TRY_NUMBER='1' AIRFLOW_CTX_DAG_RUN_ID='scheduled__2024-12-16T09:26:00+00:00'
[2024-12-16T09:27:02.891+0000] {logging_mixin.py:190} INFO - Task instance is in running state
[2024-12-16T09:27:02.891+0000] {logging_mixin.py:190} INFO -  Previous state of the Task instance: queued
[2024-12-16T09:27:02.891+0000] {logging_mixin.py:190} INFO - Current task name:check_server_status state:running start_date:2024-12-16 09:27:02.542043+00:00
[2024-12-16T09:27:02.892+0000] {logging_mixin.py:190} INFO - Dag name:check_server_status and current dag run status:running
[2024-12-16T09:27:02.892+0000] {taskinstance.py:731} INFO - ::endgroup::
[2024-12-16T09:27:02.906+0000] {transport.py:1944} INFO - Connected (version 2.0, client OpenSSH_8.9p1)
[2024-12-16T09:27:03.257+0000] {logging_mixin.py:190} INFO - Discord alert sent successfully
[2024-12-16T09:27:03.272+0000] {transport.py:1944} INFO - Connected (version 2.0, client OpenSSH_8.9p1)
[2024-12-16T09:27:03.611+0000] {logging_mixin.py:190} INFO - Discord alert sent successfully
[2024-12-16T09:27:03.625+0000] {transport.py:1944} INFO - Connected (version 2.0, client OpenSSH_8.9p1)
[2024-12-16T09:27:04.021+0000] {logging_mixin.py:190} INFO - Discord alert sent successfully
[2024-12-16T09:27:04.034+0000] {transport.py:1944} INFO - Connected (version 2.0, client OpenSSH_8.9p1)
[2024-12-16T09:27:04.410+0000] {logging_mixin.py:190} INFO - Discord alert sent successfully
[2024-12-16T09:27:04.424+0000] {transport.py:1944} INFO - Connected (version 2.0, client OpenSSH_8.9p1)
[2024-12-16T09:27:04.772+0000] {logging_mixin.py:190} INFO - Discord alert sent successfully
[2024-12-16T09:27:04.793+0000] {transport.py:1944} INFO - Connected (version 2.0, client OpenSSH_8.2p1)
[2024-12-16T09:27:05.193+0000] {logging_mixin.py:190} INFO - Discord alert sent successfully
[2024-12-16T09:27:05.225+0000] {transport.py:1944} INFO - Connected (version 2.0, client OpenSSH_8.2p1)
[2024-12-16T09:27:05.522+0000] {logging_mixin.py:190} INFO - Discord alert sent successfully
[2024-12-16T09:27:05.551+0000] {transport.py:1944} INFO - Connected (version 2.0, client OpenSSH_8.2p1)
[2024-12-16T09:27:05.874+0000] {logging_mixin.py:190} INFO - Discord alert sent successfully
[2024-12-16T09:27:05.905+0000] {transport.py:1944} INFO - Connected (version 2.0, client OpenSSH_8.2p1)
[2024-12-16T09:27:06.212+0000] {logging_mixin.py:190} INFO - Discord alert sent successfully
[2024-12-16T09:27:06.242+0000] {transport.py:1944} INFO - Connected (version 2.0, client OpenSSH_8.2p1)
[2024-12-16T09:27:06.534+0000] {logging_mixin.py:190} INFO - Failed to send alert: 429
[2024-12-16T09:27:06.565+0000] {transport.py:1944} INFO - Connected (version 2.0, client OpenSSH_8.2p1)
[2024-12-16T09:27:07.945+0000] {logging_mixin.py:190} INFO - Discord alert sent successfully
[2024-12-16T09:27:07.975+0000] {transport.py:1944} INFO - Connected (version 2.0, client OpenSSH_8.2p1)
[2024-12-16T09:27:08.308+0000] {logging_mixin.py:190} INFO - Discord alert sent successfully
[2024-12-16T09:27:08.339+0000] {transport.py:1944} INFO - Connected (version 2.0, client OpenSSH_8.2p1)
[2024-12-16T09:27:08.707+0000] {logging_mixin.py:190} INFO - Discord alert sent successfully
[2024-12-16T09:27:08.736+0000] {transport.py:1944} INFO - Connected (version 2.0, client OpenSSH_8.2p1)
[2024-12-16T09:27:09.038+0000] {logging_mixin.py:190} INFO - Discord alert sent successfully
[2024-12-16T09:27:09.046+0000] {transport.py:1944} INFO - Connected (version 2.0, client OpenSSH_8.2p1)
[2024-12-16T09:27:09.635+0000] {logging_mixin.py:190} INFO - Discord alert sent successfully
[2024-12-16T09:27:09.645+0000] {transport.py:1944} INFO - Connected (version 2.0, client OpenSSH_8.2p1)
[2024-12-16T09:27:10.222+0000] {logging_mixin.py:190} INFO - Failed to send alert: 429
[2024-12-16T09:27:10.233+0000] {transport.py:1944} INFO - Connected (version 2.0, client OpenSSH_8.2p1)
[2024-12-16T09:27:10.648+0000] {logging_mixin.py:190} INFO - Failed to send alert: 429
[2024-12-16T09:27:10.659+0000] {transport.py:1944} INFO - Connected (version 2.0, client OpenSSH_8.2p1)
[2024-12-16T09:27:11.031+0000] {logging_mixin.py:190} INFO - Discord alert sent successfully
[2024-12-16T09:27:14.332+0000] {logging_mixin.py:190} INFO - Discord alert sent successfully
[2024-12-16T09:27:14.334+0000] {python.py:240} INFO - Done. Returned value was: None
[2024-12-16T09:27:14.351+0000] {taskinstance.py:340} INFO - ::group::Post task execution logs
[2024-12-16T09:27:14.351+0000] {taskinstance.py:352} INFO - Marking task as SUCCESS. dag_id=check_server_status, task_id=check_server_status, run_id=scheduled__2024-12-16T09:26:00+00:00, execution_date=20241216T092600, start_date=20241216T092702, end_date=20241216T092714
[2024-12-16T09:27:14.362+0000] {logging_mixin.py:190} INFO - Task instance in success state
[2024-12-16T09:27:14.363+0000] {logging_mixin.py:190} INFO -  Previous state of the Task instance: running
[2024-12-16T09:27:14.363+0000] {logging_mixin.py:190} INFO - Dag name:check_server_status queued_at:2024-12-16 09:27:00.321901+00:00
[2024-12-16T09:27:14.363+0000] {logging_mixin.py:190} INFO - Task hostname:0d789706375e operator:PythonOperator
[2024-12-16T09:27:14.397+0000] {local_task_job_runner.py:266} INFO - Task exited with return code 0
[2024-12-16T09:27:14.414+0000] {taskinstance.py:3895} INFO - 0 downstream tasks scheduled from follow-on schedule check
[2024-12-16T09:27:14.416+0000] {local_task_job_runner.py:245} INFO - ::endgroup::
