[2024-12-16T10:03:02.169+0000] {local_task_job_runner.py:123} INFO - ::group::Pre task execution logs
[2024-12-16T10:03:02.184+0000] {taskinstance.py:2613} INFO - Dependencies all met for dep_context=non-requeueable deps ti=<TaskInstance: check_server_status.check_server_status scheduled__2024-12-16T10:02:00+00:00 [queued]>
[2024-12-16T10:03:02.190+0000] {taskinstance.py:2613} INFO - Dependencies all met for dep_context=requeueable deps ti=<TaskInstance: check_server_status.check_server_status scheduled__2024-12-16T10:02:00+00:00 [queued]>
[2024-12-16T10:03:02.190+0000] {taskinstance.py:2866} INFO - Starting attempt 1 of 2
[2024-12-16T10:03:02.205+0000] {taskinstance.py:2889} INFO - Executing <Task(PythonOperator): check_server_status> on 2024-12-16 10:02:00+00:00
[2024-12-16T10:03:02.213+0000] {warnings.py:112} WARNING - /home/***/.local/lib/python3.12/site-packages/***/task/task_runner/standard_task_runner.py:70: DeprecationWarning: This process (pid=290) is multi-threaded, use of fork() may lead to deadlocks in the child.
  pid = os.fork()

[2024-12-16T10:03:02.214+0000] {standard_task_runner.py:72} INFO - Started process 292 to run task
[2024-12-16T10:03:02.214+0000] {standard_task_runner.py:104} INFO - Running: ['***', 'tasks', 'run', 'check_server_status', 'check_server_status', 'scheduled__2024-12-16T10:02:00+00:00', '--job-id', '78', '--raw', '--subdir', 'DAGS_FOLDER/check_server_status.py', '--cfg-path', '/tmp/tmpx82_p4ro']
[2024-12-16T10:03:02.215+0000] {standard_task_runner.py:105} INFO - Job 78: Subtask check_server_status
[2024-12-16T10:03:02.253+0000] {task_command.py:467} INFO - Running <TaskInstance: check_server_status.check_server_status scheduled__2024-12-16T10:02:00+00:00 [running]> on host f4f98c9b6a7f
[2024-12-16T10:03:02.512+0000] {taskinstance.py:3132} INFO - Exporting env vars: AIRFLOW_CTX_DAG_OWNER='***' AIRFLOW_CTX_DAG_ID='check_server_status' AIRFLOW_CTX_TASK_ID='check_server_status' AIRFLOW_CTX_EXECUTION_DATE='2024-12-16T10:02:00+00:00' AIRFLOW_CTX_TRY_NUMBER='1' AIRFLOW_CTX_DAG_RUN_ID='scheduled__2024-12-16T10:02:00+00:00'
[2024-12-16T10:03:02.513+0000] {logging_mixin.py:190} INFO - Task instance is in running state
[2024-12-16T10:03:02.513+0000] {logging_mixin.py:190} INFO -  Previous state of the Task instance: queued
[2024-12-16T10:03:02.513+0000] {logging_mixin.py:190} INFO - Current task name:check_server_status state:running start_date:2024-12-16 10:03:02.184353+00:00
[2024-12-16T10:03:02.514+0000] {logging_mixin.py:190} INFO - Dag name:check_server_status and current dag run status:running
[2024-12-16T10:03:02.514+0000] {taskinstance.py:731} INFO - ::endgroup::
[2024-12-16T10:03:02.528+0000] {transport.py:1944} INFO - Connected (version 2.0, client OpenSSH_8.9p1)
[2024-12-16T10:03:02.637+0000] {transport.py:1944} INFO - Authentication (publickey) successful!
[2024-12-16T10:03:02.971+0000] {logging_mixin.py:190} INFO - Server 3rdLack MN is up
[2024-12-16T10:03:02.986+0000] {transport.py:1944} INFO - Connected (version 2.0, client OpenSSH_8.9p1)
[2024-12-16T10:03:03.127+0000] {transport.py:1944} INFO - Authentication (publickey) successful!
[2024-12-16T10:03:03.515+0000] {logging_mixin.py:190} INFO - Server 3rdLack SN05 is up
[2024-12-16T10:03:03.530+0000] {transport.py:1944} INFO - Connected (version 2.0, client OpenSSH_8.9p1)
[2024-12-16T10:03:03.671+0000] {transport.py:1944} INFO - Authentication (publickey) successful!
[2024-12-16T10:03:04.041+0000] {logging_mixin.py:190} INFO - Server 3rdLack SN06 is up
[2024-12-16T10:03:04.056+0000] {transport.py:1944} INFO - Connected (version 2.0, client OpenSSH_8.9p1)
[2024-12-16T10:03:04.162+0000] {transport.py:1944} INFO - Authentication (publickey) successful!
[2024-12-16T10:03:04.567+0000] {logging_mixin.py:190} INFO - Server 3rdLack SN07 is up
[2024-12-16T10:03:04.581+0000] {transport.py:1944} INFO - Connected (version 2.0, client OpenSSH_8.9p1)
[2024-12-16T10:03:04.687+0000] {transport.py:1944} INFO - Authentication (publickey) successful!
[2024-12-16T10:03:05.062+0000] {logging_mixin.py:190} INFO - Server 3rdLack SN08 is up
[2024-12-16T10:03:05.083+0000] {transport.py:1944} INFO - Connected (version 2.0, client OpenSSH_8.2p1)
[2024-12-16T10:03:05.156+0000] {transport.py:1944} INFO - Authentication (publickey) successful!
[2024-12-16T10:03:05.841+0000] {logging_mixin.py:190} INFO - Server 1rdLack MN is up
[2024-12-16T10:03:05.871+0000] {transport.py:1944} INFO - Connected (version 2.0, client OpenSSH_8.2p1)
[2024-12-16T10:03:05.957+0000] {transport.py:1944} INFO - Authentication (publickey) successful!
[2024-12-16T10:03:06.925+0000] {logging_mixin.py:190} INFO - Server 1rdLack SN01 is up
[2024-12-16T10:03:06.956+0000] {transport.py:1944} INFO - Connected (version 2.0, client OpenSSH_8.2p1)
[2024-12-16T10:03:07.045+0000] {transport.py:1944} INFO - Authentication (publickey) successful!
[2024-12-16T10:03:08.031+0000] {logging_mixin.py:190} INFO - Server 1rdLack SN02 is up
[2024-12-16T10:03:08.062+0000] {transport.py:1944} INFO - Connected (version 2.0, client OpenSSH_8.2p1)
[2024-12-16T10:03:08.171+0000] {transport.py:1944} INFO - Authentication (publickey) successful!
[2024-12-16T10:03:09.037+0000] {logging_mixin.py:190} INFO - Server 1rdLack SN03 is up
[2024-12-16T10:03:09.068+0000] {transport.py:1944} INFO - Connected (version 2.0, client OpenSSH_8.2p1)
[2024-12-16T10:03:09.157+0000] {transport.py:1944} INFO - Authentication (publickey) successful!
[2024-12-16T10:03:10.084+0000] {logging_mixin.py:190} INFO - Server 1rdLack SN04 is up
[2024-12-16T10:03:10.116+0000] {transport.py:1944} INFO - Connected (version 2.0, client OpenSSH_8.2p1)
[2024-12-16T10:03:10.194+0000] {transport.py:1944} INFO - Authentication (publickey) successful!
[2024-12-16T10:03:11.165+0000] {logging_mixin.py:190} INFO - Server 1rdLack SN05 is up
[2024-12-16T10:03:11.197+0000] {transport.py:1944} INFO - Connected (version 2.0, client OpenSSH_8.2p1)
[2024-12-16T10:03:11.280+0000] {transport.py:1944} INFO - Authentication (publickey) successful!
[2024-12-16T10:03:12.176+0000] {logging_mixin.py:190} INFO - Server 1rdLack SN06 is up
[2024-12-16T10:03:12.205+0000] {transport.py:1944} INFO - Connected (version 2.0, client OpenSSH_8.2p1)
[2024-12-16T10:03:12.294+0000] {transport.py:1944} INFO - Authentication (publickey) successful!
[2024-12-16T10:03:13.263+0000] {logging_mixin.py:190} INFO - Server 1rdLack SN07 is up
[2024-12-16T10:03:13.292+0000] {transport.py:1944} INFO - Connected (version 2.0, client OpenSSH_8.2p1)
[2024-12-16T10:03:13.359+0000] {transport.py:1944} INFO - Authentication (publickey) successful!
[2024-12-16T10:03:14.279+0000] {logging_mixin.py:190} INFO - Server 1rdLack SN09 is up
[2024-12-16T10:03:14.286+0000] {transport.py:1944} INFO - Connected (version 2.0, client OpenSSH_8.2p1)
[2024-12-16T10:03:14.336+0000] {transport.py:1944} INFO - Authentication (publickey) successful!
[2024-12-16T10:03:14.725+0000] {logging_mixin.py:190} INFO - Server cs1 is up
[2024-12-16T10:03:14.738+0000] {transport.py:1944} INFO - Connected (version 2.0, client OpenSSH_8.2p1)
[2024-12-16T10:03:14.806+0000] {transport.py:1944} INFO - Authentication (publickey) successful!
[2024-12-16T10:03:14.981+0000] {logging_mixin.py:190} INFO - Server DL01 is up
[2024-12-16T10:03:14.991+0000] {transport.py:1944} INFO - Connected (version 2.0, client OpenSSH_8.2p1)
[2024-12-16T10:03:15.097+0000] {transport.py:1944} INFO - Authentication (publickey) successful!
[2024-12-16T10:03:15.269+0000] {logging_mixin.py:190} INFO - Server DL02 is up
[2024-12-16T10:03:15.280+0000] {transport.py:1944} INFO - Connected (version 2.0, client OpenSSH_8.2p1)
[2024-12-16T10:03:15.396+0000] {transport.py:1944} INFO - Authentication (publickey) successful!
[2024-12-16T10:03:15.533+0000] {logging_mixin.py:190} INFO - Server DL03 is up
[2024-12-16T10:03:18.859+0000] {logging_mixin.py:190} INFO - Discord alert sent successfully
[2024-12-16T10:03:18.859+0000] {python.py:240} INFO - Done. Returned value was: None
[2024-12-16T10:03:18.872+0000] {taskinstance.py:340} INFO - ::group::Post task execution logs
[2024-12-16T10:03:18.872+0000] {taskinstance.py:352} INFO - Marking task as SUCCESS. dag_id=check_server_status, task_id=check_server_status, run_id=scheduled__2024-12-16T10:02:00+00:00, execution_date=20241216T100200, start_date=20241216T100302, end_date=20241216T100318
[2024-12-16T10:03:18.882+0000] {logging_mixin.py:190} INFO - Task instance in success state
[2024-12-16T10:03:18.882+0000] {logging_mixin.py:190} INFO -  Previous state of the Task instance: running
[2024-12-16T10:03:18.882+0000] {logging_mixin.py:190} INFO - Dag name:check_server_status queued_at:2024-12-16 10:03:00.601517+00:00
[2024-12-16T10:03:18.882+0000] {logging_mixin.py:190} INFO - Task hostname:f4f98c9b6a7f operator:PythonOperator
[2024-12-16T10:03:18.901+0000] {local_task_job_runner.py:266} INFO - Task exited with return code 0
[2024-12-16T10:03:18.916+0000] {taskinstance.py:3895} INFO - 0 downstream tasks scheduled from follow-on schedule check
[2024-12-16T10:03:18.918+0000] {local_task_job_runner.py:245} INFO - ::endgroup::
