[2024-12-16T09:35:41.232+0000] {local_task_job_runner.py:123} INFO - ::group::Pre task execution logs
[2024-12-16T09:35:41.246+0000] {taskinstance.py:2613} INFO - Dependencies all met for dep_context=non-requeueable deps ti=<TaskInstance: check_server_status.check_server_status scheduled__2024-12-16T09:34:00+00:00 [queued]>
[2024-12-16T09:35:41.252+0000] {taskinstance.py:2613} INFO - Dependencies all met for dep_context=requeueable deps ti=<TaskInstance: check_server_status.check_server_status scheduled__2024-12-16T09:34:00+00:00 [queued]>
[2024-12-16T09:35:41.253+0000] {taskinstance.py:2866} INFO - Starting attempt 1 of 2
[2024-12-16T09:35:41.265+0000] {taskinstance.py:2889} INFO - Executing <Task(PythonOperator): check_server_status> on 2024-12-16 09:34:00+00:00
[2024-12-16T09:35:41.272+0000] {warnings.py:112} WARNING - /home/***/.local/lib/python3.12/site-packages/***/task/task_runner/standard_task_runner.py:70: DeprecationWarning: This process (pid=67) is multi-threaded, use of fork() may lead to deadlocks in the child.
  pid = os.fork()

[2024-12-16T09:35:41.273+0000] {standard_task_runner.py:72} INFO - Started process 69 to run task
[2024-12-16T09:35:41.274+0000] {standard_task_runner.py:104} INFO - Running: ['***', 'tasks', 'run', 'check_server_status', 'check_server_status', 'scheduled__2024-12-16T09:34:00+00:00', '--job-id', '64', '--raw', '--subdir', 'DAGS_FOLDER/check_server_status.py', '--cfg-path', '/tmp/tmp85iro14o']
[2024-12-16T09:35:41.275+0000] {standard_task_runner.py:105} INFO - Job 64: Subtask check_server_status
[2024-12-16T09:35:41.312+0000] {task_command.py:467} INFO - Running <TaskInstance: check_server_status.check_server_status scheduled__2024-12-16T09:34:00+00:00 [running]> on host b8b4a5d3e964
[2024-12-16T09:35:41.389+0000] {taskinstance.py:3132} INFO - Exporting env vars: AIRFLOW_CTX_DAG_OWNER='***' AIRFLOW_CTX_DAG_ID='check_server_status' AIRFLOW_CTX_TASK_ID='check_server_status' AIRFLOW_CTX_EXECUTION_DATE='2024-12-16T09:34:00+00:00' AIRFLOW_CTX_TRY_NUMBER='1' AIRFLOW_CTX_DAG_RUN_ID='scheduled__2024-12-16T09:34:00+00:00'
[2024-12-16T09:35:41.390+0000] {logging_mixin.py:190} INFO - Task instance is in running state
[2024-12-16T09:35:41.390+0000] {logging_mixin.py:190} INFO -  Previous state of the Task instance: queued
[2024-12-16T09:35:41.390+0000] {logging_mixin.py:190} INFO - Current task name:check_server_status state:running start_date:2024-12-16 09:35:41.246601+00:00
[2024-12-16T09:35:41.390+0000] {logging_mixin.py:190} INFO - Dag name:check_server_status and current dag run status:running
[2024-12-16T09:35:41.390+0000] {taskinstance.py:731} INFO - ::endgroup::
[2024-12-16T09:35:41.404+0000] {transport.py:1944} INFO - Connected (version 2.0, client OpenSSH_8.9p1)
[2024-12-16T09:35:41.789+0000] {logging_mixin.py:190} INFO - Discord alert sent successfully
[2024-12-16T09:35:41.803+0000] {transport.py:1944} INFO - Connected (version 2.0, client OpenSSH_8.9p1)
[2024-12-16T09:35:42.206+0000] {logging_mixin.py:190} INFO - Discord alert sent successfully
[2024-12-16T09:35:42.220+0000] {transport.py:1944} INFO - Connected (version 2.0, client OpenSSH_8.9p1)
[2024-12-16T09:35:42.567+0000] {logging_mixin.py:190} INFO - Discord alert sent successfully
[2024-12-16T09:35:42.581+0000] {transport.py:1944} INFO - Connected (version 2.0, client OpenSSH_8.9p1)
[2024-12-16T09:35:42.962+0000] {logging_mixin.py:190} INFO - Discord alert sent successfully
[2024-12-16T09:35:42.976+0000] {transport.py:1944} INFO - Connected (version 2.0, client OpenSSH_8.9p1)
[2024-12-16T09:35:43.346+0000] {logging_mixin.py:190} INFO - Discord alert sent successfully
[2024-12-16T09:35:43.366+0000] {transport.py:1944} INFO - Connected (version 2.0, client OpenSSH_8.2p1)
[2024-12-16T09:35:43.690+0000] {logging_mixin.py:190} INFO - Discord alert sent successfully
[2024-12-16T09:35:43.722+0000] {transport.py:1944} INFO - Connected (version 2.0, client OpenSSH_8.2p1)
[2024-12-16T09:35:44.038+0000] {logging_mixin.py:190} INFO - Discord alert sent successfully
[2024-12-16T09:35:44.067+0000] {transport.py:1944} INFO - Connected (version 2.0, client OpenSSH_8.2p1)
[2024-12-16T09:35:44.444+0000] {logging_mixin.py:190} INFO - Discord alert sent successfully
[2024-12-16T09:35:44.474+0000] {transport.py:1944} INFO - Connected (version 2.0, client OpenSSH_8.2p1)
[2024-12-16T09:35:44.796+0000] {logging_mixin.py:190} INFO - Discord alert sent successfully
[2024-12-16T09:35:44.824+0000] {transport.py:1944} INFO - Connected (version 2.0, client OpenSSH_8.2p1)
[2024-12-16T09:35:45.156+0000] {logging_mixin.py:190} INFO - Discord alert sent successfully
[2024-12-16T09:35:45.187+0000] {transport.py:1944} INFO - Connected (version 2.0, client OpenSSH_8.2p1)
[2024-12-16T09:35:45.569+0000] {logging_mixin.py:190} INFO - Discord alert sent successfully
[2024-12-16T09:35:45.605+0000] {transport.py:1944} INFO - Connected (version 2.0, client OpenSSH_8.2p1)
[2024-12-16T09:35:45.914+0000] {logging_mixin.py:190} INFO - Discord alert sent successfully
[2024-12-16T09:35:45.944+0000] {transport.py:1944} INFO - Connected (version 2.0, client OpenSSH_8.2p1)
[2024-12-16T09:35:46.292+0000] {logging_mixin.py:190} INFO - Discord alert sent successfully
[2024-12-16T09:35:46.339+0000] {transport.py:1944} INFO - Connected (version 2.0, client OpenSSH_8.2p1)
[2024-12-16T09:35:46.731+0000] {logging_mixin.py:190} INFO - Discord alert sent successfully
[2024-12-16T09:35:46.739+0000] {transport.py:1944} INFO - Connected (version 2.0, client OpenSSH_8.2p1)
[2024-12-16T09:35:47.072+0000] {logging_mixin.py:190} INFO - Discord alert sent successfully
[2024-12-16T09:35:47.088+0000] {transport.py:1944} INFO - Connected (version 2.0, client OpenSSH_8.2p1)
[2024-12-16T09:35:47.507+0000] {logging_mixin.py:190} INFO - Discord alert sent successfully
[2024-12-16T09:35:47.520+0000] {transport.py:1944} INFO - Connected (version 2.0, client OpenSSH_8.2p1)
[2024-12-16T09:35:47.999+0000] {logging_mixin.py:190} INFO - Discord alert sent successfully
[2024-12-16T09:35:48.012+0000] {transport.py:1944} INFO - Connected (version 2.0, client OpenSSH_8.2p1)
[2024-12-16T09:35:48.367+0000] {logging_mixin.py:190} INFO - Discord alert sent successfully
[2024-12-16T09:35:51.805+0000] {logging_mixin.py:190} INFO - Discord alert sent successfully
[2024-12-16T09:35:51.806+0000] {python.py:240} INFO - Done. Returned value was: None
[2024-12-16T09:35:51.817+0000] {taskinstance.py:340} INFO - ::group::Post task execution logs
[2024-12-16T09:35:51.817+0000] {taskinstance.py:352} INFO - Marking task as SUCCESS. dag_id=check_server_status, task_id=check_server_status, run_id=scheduled__2024-12-16T09:34:00+00:00, execution_date=20241216T093400, start_date=20241216T093541, end_date=20241216T093551
[2024-12-16T09:35:51.828+0000] {logging_mixin.py:190} INFO - Task instance in success state
[2024-12-16T09:35:51.829+0000] {logging_mixin.py:190} INFO -  Previous state of the Task instance: running
[2024-12-16T09:35:51.829+0000] {logging_mixin.py:190} INFO - Dag name:check_server_status queued_at:2024-12-16 09:35:37.039698+00:00
[2024-12-16T09:35:51.829+0000] {logging_mixin.py:190} INFO - Task hostname:b8b4a5d3e964 operator:PythonOperator
[2024-12-16T09:35:51.861+0000] {local_task_job_runner.py:266} INFO - Task exited with return code 0
[2024-12-16T09:35:51.879+0000] {taskinstance.py:3895} INFO - 0 downstream tasks scheduled from follow-on schedule check
[2024-12-16T09:35:51.880+0000] {local_task_job_runner.py:245} INFO - ::endgroup::
