[2024-12-16T11:00:19.373+0000] {local_task_job_runner.py:123} INFO - ::group::Pre task execution logs
[2024-12-16T11:00:19.386+0000] {taskinstance.py:2613} INFO - Dependencies all met for dep_context=non-requeueable deps ti=<TaskInstance: check_server_status.check_server_status scheduled__2024-12-16T10:54:00+00:00 [queued]>
[2024-12-16T11:00:19.393+0000] {taskinstance.py:2613} INFO - Dependencies all met for dep_context=requeueable deps ti=<TaskInstance: check_server_status.check_server_status scheduled__2024-12-16T10:54:00+00:00 [queued]>
[2024-12-16T11:00:19.393+0000] {taskinstance.py:2866} INFO - Starting attempt 2 of 2
[2024-12-16T11:00:19.404+0000] {taskinstance.py:2889} INFO - Executing <Task(PythonOperator): check_server_status> on 2024-12-16 10:54:00+00:00
[2024-12-16T11:00:19.411+0000] {warnings.py:112} WARNING - /home/***/.local/lib/python3.12/site-packages/***/task/task_runner/standard_task_runner.py:70: DeprecationWarning: This process (pid=847) is multi-threaded, use of fork() may lead to deadlocks in the child.
  pid = os.fork()

[2024-12-16T11:00:19.412+0000] {standard_task_runner.py:72} INFO - Started process 849 to run task
[2024-12-16T11:00:19.412+0000] {standard_task_runner.py:104} INFO - Running: ['***', 'tasks', 'run', 'check_server_status', 'check_server_status', 'scheduled__2024-12-16T10:54:00+00:00', '--job-id', '108', '--raw', '--subdir', 'DAGS_FOLDER/check_server_status.py', '--cfg-path', '/tmp/tmpqfwuzs9m']
[2024-12-16T11:00:19.413+0000] {standard_task_runner.py:105} INFO - Job 108: Subtask check_server_status
[2024-12-16T11:00:19.452+0000] {task_command.py:467} INFO - Running <TaskInstance: check_server_status.check_server_status scheduled__2024-12-16T10:54:00+00:00 [running]> on host 1b59279a9320
[2024-12-16T11:00:19.751+0000] {taskinstance.py:3132} INFO - Exporting env vars: AIRFLOW_CTX_DAG_OWNER='***' AIRFLOW_CTX_DAG_ID='check_server_status' AIRFLOW_CTX_TASK_ID='check_server_status' AIRFLOW_CTX_EXECUTION_DATE='2024-12-16T10:54:00+00:00' AIRFLOW_CTX_TRY_NUMBER='2' AIRFLOW_CTX_DAG_RUN_ID='scheduled__2024-12-16T10:54:00+00:00'
[2024-12-16T11:00:19.752+0000] {logging_mixin.py:190} INFO - Task instance is in running state
[2024-12-16T11:00:19.752+0000] {logging_mixin.py:190} INFO -  Previous state of the Task instance: queued
[2024-12-16T11:00:19.752+0000] {logging_mixin.py:190} INFO - Current task name:check_server_status state:running start_date:2024-12-16 11:00:19.387141+00:00
[2024-12-16T11:00:19.753+0000] {logging_mixin.py:190} INFO - Dag name:check_server_status and current dag run status:running
[2024-12-16T11:00:19.753+0000] {taskinstance.py:731} INFO - ::endgroup::
[2024-12-16T11:00:19.766+0000] {transport.py:1944} INFO - Connected (version 2.0, client OpenSSH_8.9p1)
[2024-12-16T11:00:19.874+0000] {transport.py:1944} INFO - Authentication (publickey) successful!
[2024-12-16T11:00:20.185+0000] {logging_mixin.py:190} INFO - Server 3rdLack MN is up
[2024-12-16T11:00:20.199+0000] {transport.py:1944} INFO - Connected (version 2.0, client OpenSSH_8.9p1)
[2024-12-16T11:00:20.306+0000] {transport.py:1944} INFO - Authentication (publickey) successful!
[2024-12-16T11:00:20.679+0000] {logging_mixin.py:190} INFO - Server 3rdLack SN05 is up
[2024-12-16T11:00:20.694+0000] {transport.py:1944} INFO - Connected (version 2.0, client OpenSSH_8.9p1)
[2024-12-16T11:00:20.823+0000] {transport.py:1944} INFO - Authentication (publickey) successful!
[2024-12-16T11:00:21.197+0000] {logging_mixin.py:190} INFO - Server 3rdLack SN06 is up
[2024-12-16T11:00:21.211+0000] {transport.py:1944} INFO - Connected (version 2.0, client OpenSSH_8.9p1)
[2024-12-16T11:00:21.313+0000] {transport.py:1944} INFO - Authentication (publickey) successful!
[2024-12-16T11:00:21.711+0000] {logging_mixin.py:190} INFO - Server 3rdLack SN07 is up
[2024-12-16T11:00:21.726+0000] {transport.py:1944} INFO - Connected (version 2.0, client OpenSSH_8.9p1)
[2024-12-16T11:00:21.845+0000] {transport.py:1944} INFO - Authentication (publickey) successful!
[2024-12-16T11:00:22.199+0000] {logging_mixin.py:190} INFO - Server 3rdLack SN08 is up
[2024-12-16T11:00:22.220+0000] {transport.py:1944} INFO - Connected (version 2.0, client OpenSSH_8.2p1)
[2024-12-16T11:00:22.303+0000] {transport.py:1944} INFO - Authentication (publickey) successful!
[2024-12-16T11:00:22.630+0000] {logging_mixin.py:190} INFO - Server 1rdLack MN is up
[2024-12-16T11:00:22.662+0000] {transport.py:1944} INFO - Connected (version 2.0, client OpenSSH_8.2p1)
[2024-12-16T11:00:22.763+0000] {transport.py:1944} INFO - Authentication (publickey) successful!
[2024-12-16T11:00:23.690+0000] {logging_mixin.py:190} INFO - Server 1rdLack SN01 is up
[2024-12-16T11:00:23.720+0000] {transport.py:1944} INFO - Connected (version 2.0, client OpenSSH_8.2p1)
[2024-12-16T11:00:23.785+0000] {transport.py:1944} INFO - Authentication (publickey) successful!
[2024-12-16T11:00:24.697+0000] {logging_mixin.py:190} INFO - Server 1rdLack SN02 is up
[2024-12-16T11:00:24.729+0000] {transport.py:1944} INFO - Connected (version 2.0, client OpenSSH_8.2p1)
[2024-12-16T11:00:24.792+0000] {transport.py:1944} INFO - Authentication (publickey) successful!
[2024-12-16T11:00:25.673+0000] {logging_mixin.py:190} INFO - Server 1rdLack SN03 is up
[2024-12-16T11:00:25.706+0000] {transport.py:1944} INFO - Connected (version 2.0, client OpenSSH_8.2p1)
[2024-12-16T11:00:25.767+0000] {transport.py:1944} INFO - Authentication (publickey) successful!
[2024-12-16T11:00:26.628+0000] {logging_mixin.py:190} INFO - Server 1rdLack SN04 is up
[2024-12-16T11:00:26.662+0000] {transport.py:1944} INFO - Connected (version 2.0, client OpenSSH_8.2p1)
[2024-12-16T11:00:26.735+0000] {transport.py:1944} INFO - Authentication (publickey) successful!
[2024-12-16T11:00:27.731+0000] {logging_mixin.py:190} INFO - Server 1rdLack SN05 is up
[2024-12-16T11:00:27.761+0000] {transport.py:1944} INFO - Connected (version 2.0, client OpenSSH_8.2p1)
[2024-12-16T11:00:27.844+0000] {transport.py:1944} INFO - Authentication (publickey) successful!
[2024-12-16T11:00:28.778+0000] {logging_mixin.py:190} INFO - Server 1rdLack SN06 is up
[2024-12-16T11:00:28.803+0000] {transport.py:1944} INFO - Connected (version 2.0, client OpenSSH_8.2p1)
[2024-12-16T11:00:28.867+0000] {transport.py:1944} INFO - Authentication (publickey) successful!
[2024-12-16T11:00:29.831+0000] {logging_mixin.py:190} INFO - Server 1rdLack SN07 is up
[2024-12-16T11:00:29.861+0000] {transport.py:1944} INFO - Connected (version 2.0, client OpenSSH_8.2p1)
[2024-12-16T11:00:29.925+0000] {transport.py:1944} INFO - Authentication (publickey) successful!
[2024-12-16T11:00:30.867+0000] {logging_mixin.py:190} INFO - Server 1rdLack SN09 is up
[2024-12-16T11:00:30.874+0000] {transport.py:1944} INFO - Connected (version 2.0, client OpenSSH_8.2p1)
[2024-12-16T11:00:30.933+0000] {transport.py:1944} INFO - Authentication (publickey) successful!
[2024-12-16T11:00:31.115+0000] {logging_mixin.py:190} INFO - Server cs1 is up
[2024-12-16T11:00:31.127+0000] {transport.py:1944} INFO - Connected (version 2.0, client OpenSSH_8.2p1)
[2024-12-16T11:00:31.246+0000] {transport.py:1944} INFO - Authentication (publickey) successful!
[2024-12-16T11:00:31.424+0000] {logging_mixin.py:190} INFO - Server DL01 is up
[2024-12-16T11:00:31.435+0000] {transport.py:1944} INFO - Connected (version 2.0, client OpenSSH_8.2p1)
[2024-12-16T11:00:31.563+0000] {transport.py:1944} INFO - Authentication (publickey) successful!
[2024-12-16T11:00:31.729+0000] {logging_mixin.py:190} INFO - Server DL02 is up
[2024-12-16T11:00:31.740+0000] {transport.py:1944} INFO - Connected (version 2.0, client OpenSSH_8.2p1)
[2024-12-16T11:00:31.865+0000] {transport.py:1944} INFO - Authentication (publickey) successful!
[2024-12-16T11:00:31.989+0000] {logging_mixin.py:190} INFO - Server DL03 is up
[2024-12-16T11:00:35.387+0000] {logging_mixin.py:190} INFO - Discord alert sent successfully
[2024-12-16T11:00:35.389+0000] {python.py:240} INFO - Done. Returned value was: None
[2024-12-16T11:00:35.405+0000] {taskinstance.py:340} INFO - ::group::Post task execution logs
[2024-12-16T11:00:35.405+0000] {taskinstance.py:352} INFO - Marking task as SUCCESS. dag_id=check_server_status, task_id=check_server_status, run_id=scheduled__2024-12-16T10:54:00+00:00, execution_date=20241216T105400, start_date=20241216T110019, end_date=20241216T110035
[2024-12-16T11:00:35.417+0000] {logging_mixin.py:190} INFO - Task instance in success state
[2024-12-16T11:00:35.417+0000] {logging_mixin.py:190} INFO -  Previous state of the Task instance: running
[2024-12-16T11:00:35.418+0000] {logging_mixin.py:190} INFO - Dag name:check_server_status queued_at:2024-12-16 10:55:00.134814+00:00
[2024-12-16T11:00:35.418+0000] {logging_mixin.py:190} INFO - Task hostname:1b59279a9320 operator:PythonOperator
[2024-12-16T11:00:35.460+0000] {local_task_job_runner.py:266} INFO - Task exited with return code 0
[2024-12-16T11:00:35.478+0000] {taskinstance.py:3895} INFO - 0 downstream tasks scheduled from follow-on schedule check
[2024-12-16T11:00:35.481+0000] {local_task_job_runner.py:245} INFO - ::endgroup::
