[2024-12-16T11:00:02.172+0000] {local_task_job_runner.py:123} INFO - ::group::Pre task execution logs
[2024-12-16T11:00:02.185+0000] {taskinstance.py:2613} INFO - Dependencies all met for dep_context=non-requeueable deps ti=<TaskInstance: check_server_status.check_server_status scheduled__2024-12-16T10:59:00+00:00 [queued]>
[2024-12-16T11:00:02.190+0000] {taskinstance.py:2613} INFO - Dependencies all met for dep_context=requeueable deps ti=<TaskInstance: check_server_status.check_server_status scheduled__2024-12-16T10:59:00+00:00 [queued]>
[2024-12-16T11:00:02.191+0000] {taskinstance.py:2866} INFO - Starting attempt 1 of 2
[2024-12-16T11:00:02.201+0000] {taskinstance.py:2889} INFO - Executing <Task(PythonOperator): check_server_status> on 2024-12-16 10:59:00+00:00
[2024-12-16T11:00:02.207+0000] {warnings.py:112} WARNING - /home/***/.local/lib/python3.12/site-packages/***/task/task_runner/standard_task_runner.py:70: DeprecationWarning: This process (pid=800) is multi-threaded, use of fork() may lead to deadlocks in the child.
  pid = os.fork()

[2024-12-16T11:00:02.208+0000] {standard_task_runner.py:72} INFO - Started process 802 to run task
[2024-12-16T11:00:02.209+0000] {standard_task_runner.py:104} INFO - Running: ['***', 'tasks', 'run', 'check_server_status', 'check_server_status', 'scheduled__2024-12-16T10:59:00+00:00', '--job-id', '107', '--raw', '--subdir', 'DAGS_FOLDER/check_server_status.py', '--cfg-path', '/tmp/tmpkx77sh5f']
[2024-12-16T11:00:02.210+0000] {standard_task_runner.py:105} INFO - Job 107: Subtask check_server_status
[2024-12-16T11:00:02.247+0000] {task_command.py:467} INFO - Running <TaskInstance: check_server_status.check_server_status scheduled__2024-12-16T10:59:00+00:00 [running]> on host 1b59279a9320
[2024-12-16T11:00:02.502+0000] {taskinstance.py:3132} INFO - Exporting env vars: AIRFLOW_CTX_DAG_OWNER='***' AIRFLOW_CTX_DAG_ID='check_server_status' AIRFLOW_CTX_TASK_ID='check_server_status' AIRFLOW_CTX_EXECUTION_DATE='2024-12-16T10:59:00+00:00' AIRFLOW_CTX_TRY_NUMBER='1' AIRFLOW_CTX_DAG_RUN_ID='scheduled__2024-12-16T10:59:00+00:00'
[2024-12-16T11:00:02.503+0000] {logging_mixin.py:190} INFO - Task instance is in running state
[2024-12-16T11:00:02.503+0000] {logging_mixin.py:190} INFO -  Previous state of the Task instance: queued
[2024-12-16T11:00:02.503+0000] {logging_mixin.py:190} INFO - Current task name:check_server_status state:running start_date:2024-12-16 11:00:02.185272+00:00
[2024-12-16T11:00:02.503+0000] {logging_mixin.py:190} INFO - Dag name:check_server_status and current dag run status:running
[2024-12-16T11:00:02.503+0000] {taskinstance.py:731} INFO - ::endgroup::
[2024-12-16T11:00:02.517+0000] {transport.py:1944} INFO - Connected (version 2.0, client OpenSSH_8.9p1)
[2024-12-16T11:00:02.622+0000] {transport.py:1944} INFO - Authentication (publickey) successful!
[2024-12-16T11:00:02.946+0000] {logging_mixin.py:190} INFO - Server 3rdLack MN is up
[2024-12-16T11:00:02.961+0000] {transport.py:1944} INFO - Connected (version 2.0, client OpenSSH_8.9p1)
[2024-12-16T11:00:03.067+0000] {transport.py:1944} INFO - Authentication (publickey) successful!
[2024-12-16T11:00:03.419+0000] {logging_mixin.py:190} INFO - Server 3rdLack SN05 is up
[2024-12-16T11:00:03.434+0000] {transport.py:1944} INFO - Connected (version 2.0, client OpenSSH_8.9p1)
[2024-12-16T11:00:03.568+0000] {transport.py:1944} INFO - Authentication (publickey) successful!
[2024-12-16T11:00:03.938+0000] {logging_mixin.py:190} INFO - Server 3rdLack SN06 is up
[2024-12-16T11:00:03.953+0000] {transport.py:1944} INFO - Connected (version 2.0, client OpenSSH_8.9p1)
[2024-12-16T11:00:04.107+0000] {transport.py:1944} INFO - Authentication (publickey) successful!
[2024-12-16T11:00:04.510+0000] {logging_mixin.py:190} INFO - Server 3rdLack SN07 is up
[2024-12-16T11:00:04.525+0000] {transport.py:1944} INFO - Connected (version 2.0, client OpenSSH_8.9p1)
[2024-12-16T11:00:04.657+0000] {transport.py:1944} INFO - Authentication (publickey) successful!
[2024-12-16T11:00:05.030+0000] {logging_mixin.py:190} INFO - Server 3rdLack SN08 is up
[2024-12-16T11:00:05.051+0000] {transport.py:1944} INFO - Connected (version 2.0, client OpenSSH_8.2p1)
[2024-12-16T11:00:05.129+0000] {transport.py:1944} INFO - Authentication (publickey) successful!
[2024-12-16T11:00:05.821+0000] {logging_mixin.py:190} INFO - Server 1rdLack MN is up
[2024-12-16T11:00:05.851+0000] {transport.py:1944} INFO - Connected (version 2.0, client OpenSSH_8.2p1)
[2024-12-16T11:00:05.918+0000] {transport.py:1944} INFO - Authentication (publickey) successful!
[2024-12-16T11:00:06.839+0000] {logging_mixin.py:190} INFO - Server 1rdLack SN01 is up
[2024-12-16T11:00:06.868+0000] {transport.py:1944} INFO - Connected (version 2.0, client OpenSSH_8.2p1)
[2024-12-16T11:00:06.933+0000] {transport.py:1944} INFO - Authentication (publickey) successful!
[2024-12-16T11:00:07.908+0000] {logging_mixin.py:190} INFO - Server 1rdLack SN02 is up
[2024-12-16T11:00:07.937+0000] {transport.py:1944} INFO - Connected (version 2.0, client OpenSSH_8.2p1)
[2024-12-16T11:00:08.016+0000] {transport.py:1944} INFO - Authentication (publickey) successful!
[2024-12-16T11:00:08.895+0000] {logging_mixin.py:190} INFO - Server 1rdLack SN03 is up
[2024-12-16T11:00:08.922+0000] {transport.py:1944} INFO - Connected (version 2.0, client OpenSSH_8.2p1)
[2024-12-16T11:00:08.981+0000] {transport.py:1944} INFO - Authentication (publickey) successful!
[2024-12-16T11:00:09.847+0000] {logging_mixin.py:190} INFO - Server 1rdLack SN04 is up
[2024-12-16T11:00:09.878+0000] {transport.py:1944} INFO - Connected (version 2.0, client OpenSSH_8.2p1)
[2024-12-16T11:00:09.946+0000] {transport.py:1944} INFO - Authentication (publickey) successful!
[2024-12-16T11:00:10.909+0000] {logging_mixin.py:190} INFO - Server 1rdLack SN05 is up
[2024-12-16T11:00:10.941+0000] {transport.py:1944} INFO - Connected (version 2.0, client OpenSSH_8.2p1)
[2024-12-16T11:00:11.009+0000] {transport.py:1944} INFO - Authentication (publickey) successful!
[2024-12-16T11:00:11.904+0000] {logging_mixin.py:190} INFO - Server 1rdLack SN06 is up
[2024-12-16T11:00:11.935+0000] {transport.py:1944} INFO - Connected (version 2.0, client OpenSSH_8.2p1)
[2024-12-16T11:00:12.019+0000] {transport.py:1944} INFO - Authentication (publickey) successful!
[2024-12-16T11:00:12.963+0000] {logging_mixin.py:190} INFO - Server 1rdLack SN07 is up
[2024-12-16T11:00:12.995+0000] {transport.py:1944} INFO - Connected (version 2.0, client OpenSSH_8.2p1)
[2024-12-16T11:00:13.070+0000] {transport.py:1944} INFO - Authentication (publickey) successful!
[2024-12-16T11:00:14.011+0000] {logging_mixin.py:190} INFO - Server 1rdLack SN09 is up
[2024-12-16T11:00:14.017+0000] {transport.py:1944} INFO - Connected (version 2.0, client OpenSSH_8.2p1)
[2024-12-16T11:00:14.067+0000] {transport.py:1944} INFO - Authentication (publickey) successful!
[2024-12-16T11:00:14.458+0000] {logging_mixin.py:190} INFO - Server cs1 is up
[2024-12-16T11:00:14.468+0000] {transport.py:1944} INFO - Connected (version 2.0, client OpenSSH_8.2p1)
[2024-12-16T11:00:14.582+0000] {transport.py:1944} INFO - Authentication (publickey) successful!
[2024-12-16T11:00:14.751+0000] {logging_mixin.py:190} INFO - Server DL01 is up
[2024-12-16T11:00:14.756+0000] {transport.py:1944} INFO - Connected (version 2.0, client OpenSSH_8.2p1)
[2024-12-16T11:00:14.860+0000] {transport.py:1944} INFO - Authentication (publickey) successful!
[2024-12-16T11:00:15.038+0000] {logging_mixin.py:190} INFO - Server DL02 is up
[2024-12-16T11:00:15.050+0000] {transport.py:1944} INFO - Connected (version 2.0, client OpenSSH_8.2p1)
[2024-12-16T11:00:15.182+0000] {transport.py:1944} INFO - Authentication (publickey) successful!
[2024-12-16T11:00:15.313+0000] {logging_mixin.py:190} INFO - Server DL03 is up
[2024-12-16T11:00:18.611+0000] {logging_mixin.py:190} INFO - Discord alert sent successfully
[2024-12-16T11:00:18.612+0000] {python.py:240} INFO - Done. Returned value was: None
[2024-12-16T11:00:18.625+0000] {taskinstance.py:340} INFO - ::group::Post task execution logs
[2024-12-16T11:00:18.625+0000] {taskinstance.py:352} INFO - Marking task as SUCCESS. dag_id=check_server_status, task_id=check_server_status, run_id=scheduled__2024-12-16T10:59:00+00:00, execution_date=20241216T105900, start_date=20241216T110002, end_date=20241216T110018
[2024-12-16T11:00:18.635+0000] {logging_mixin.py:190} INFO - Task instance in success state
[2024-12-16T11:00:18.635+0000] {logging_mixin.py:190} INFO -  Previous state of the Task instance: running
[2024-12-16T11:00:18.635+0000] {logging_mixin.py:190} INFO - Dag name:check_server_status queued_at:2024-12-16 11:00:00.772537+00:00
[2024-12-16T11:00:18.635+0000] {logging_mixin.py:190} INFO - Task hostname:1b59279a9320 operator:PythonOperator
[2024-12-16T11:00:18.684+0000] {local_task_job_runner.py:266} INFO - Task exited with return code 0
[2024-12-16T11:00:18.702+0000] {taskinstance.py:3895} INFO - 0 downstream tasks scheduled from follow-on schedule check
[2024-12-16T11:00:18.704+0000] {local_task_job_runner.py:245} INFO - ::endgroup::
