[2024-12-16T10:08:01.861+0000] {local_task_job_runner.py:123} INFO - ::group::Pre task execution logs
[2024-12-16T10:08:01.874+0000] {taskinstance.py:2613} INFO - Dependencies all met for dep_context=non-requeueable deps ti=<TaskInstance: check_server_status.check_server_status scheduled__2024-12-16T10:07:00+00:00 [queued]>
[2024-12-16T10:08:01.881+0000] {taskinstance.py:2613} INFO - Dependencies all met for dep_context=requeueable deps ti=<TaskInstance: check_server_status.check_server_status scheduled__2024-12-16T10:07:00+00:00 [queued]>
[2024-12-16T10:08:01.881+0000] {taskinstance.py:2866} INFO - Starting attempt 1 of 2
[2024-12-16T10:08:01.893+0000] {taskinstance.py:2889} INFO - Executing <Task(PythonOperator): check_server_status> on 2024-12-16 10:07:00+00:00
[2024-12-16T10:08:01.900+0000] {warnings.py:112} WARNING - /home/***/.local/lib/python3.12/site-packages/***/task/task_runner/standard_task_runner.py:70: DeprecationWarning: This process (pid=125) is multi-threaded, use of fork() may lead to deadlocks in the child.
  pid = os.fork()

[2024-12-16T10:08:01.901+0000] {standard_task_runner.py:72} INFO - Started process 127 to run task
[2024-12-16T10:08:01.902+0000] {standard_task_runner.py:104} INFO - Running: ['***', 'tasks', 'run', 'check_server_status', 'check_server_status', 'scheduled__2024-12-16T10:07:00+00:00', '--job-id', '85', '--raw', '--subdir', 'DAGS_FOLDER/check_server_status.py', '--cfg-path', '/tmp/tmp1ne57owk']
[2024-12-16T10:08:01.903+0000] {standard_task_runner.py:105} INFO - Job 85: Subtask check_server_status
[2024-12-16T10:08:01.940+0000] {task_command.py:467} INFO - Running <TaskInstance: check_server_status.check_server_status scheduled__2024-12-16T10:07:00+00:00 [running]> on host 028a3da4bb90
[2024-12-16T10:08:02.215+0000] {taskinstance.py:3132} INFO - Exporting env vars: AIRFLOW_CTX_DAG_OWNER='***' AIRFLOW_CTX_DAG_ID='check_server_status' AIRFLOW_CTX_TASK_ID='check_server_status' AIRFLOW_CTX_EXECUTION_DATE='2024-12-16T10:07:00+00:00' AIRFLOW_CTX_TRY_NUMBER='1' AIRFLOW_CTX_DAG_RUN_ID='scheduled__2024-12-16T10:07:00+00:00'
[2024-12-16T10:08:02.216+0000] {logging_mixin.py:190} INFO - Task instance is in running state
[2024-12-16T10:08:02.216+0000] {logging_mixin.py:190} INFO -  Previous state of the Task instance: queued
[2024-12-16T10:08:02.216+0000] {logging_mixin.py:190} INFO - Current task name:check_server_status state:running start_date:2024-12-16 10:08:01.875274+00:00
[2024-12-16T10:08:02.216+0000] {logging_mixin.py:190} INFO - Dag name:check_server_status and current dag run status:running
[2024-12-16T10:08:02.217+0000] {taskinstance.py:731} INFO - ::endgroup::
[2024-12-16T10:08:02.230+0000] {transport.py:1944} INFO - Connected (version 2.0, client OpenSSH_8.9p1)
[2024-12-16T10:08:02.574+0000] {logging_mixin.py:190} INFO - Discord alert sent successfully
[2024-12-16T10:08:02.588+0000] {transport.py:1944} INFO - Connected (version 2.0, client OpenSSH_8.9p1)
[2024-12-16T10:08:02.973+0000] {logging_mixin.py:190} INFO - Discord alert sent successfully
[2024-12-16T10:08:02.988+0000] {transport.py:1944} INFO - Connected (version 2.0, client OpenSSH_8.9p1)
[2024-12-16T10:08:03.348+0000] {logging_mixin.py:190} INFO - Discord alert sent successfully
[2024-12-16T10:08:03.362+0000] {transport.py:1944} INFO - Connected (version 2.0, client OpenSSH_8.9p1)
[2024-12-16T10:08:03.769+0000] {logging_mixin.py:190} INFO - Discord alert sent successfully
[2024-12-16T10:08:03.784+0000] {transport.py:1944} INFO - Connected (version 2.0, client OpenSSH_8.9p1)
[2024-12-16T10:08:04.157+0000] {logging_mixin.py:190} INFO - Discord alert sent successfully
[2024-12-16T10:08:04.178+0000] {transport.py:1944} INFO - Connected (version 2.0, client OpenSSH_8.2p1)
[2024-12-16T10:08:04.594+0000] {logging_mixin.py:190} INFO - Discord alert sent successfully
[2024-12-16T10:08:04.623+0000] {transport.py:1944} INFO - Connected (version 2.0, client OpenSSH_8.2p1)
[2024-12-16T10:08:04.945+0000] {logging_mixin.py:190} INFO - Discord alert sent successfully
[2024-12-16T10:08:04.974+0000] {transport.py:1944} INFO - Connected (version 2.0, client OpenSSH_8.2p1)
[2024-12-16T10:08:05.324+0000] {logging_mixin.py:190} INFO - Discord alert sent successfully
[2024-12-16T10:08:05.356+0000] {transport.py:1944} INFO - Connected (version 2.0, client OpenSSH_8.2p1)
[2024-12-16T10:08:05.704+0000] {logging_mixin.py:190} INFO - Discord alert sent successfully
[2024-12-16T10:08:05.736+0000] {transport.py:1944} INFO - Connected (version 2.0, client OpenSSH_8.2p1)
[2024-12-16T10:08:06.101+0000] {logging_mixin.py:190} INFO - Discord alert sent successfully
[2024-12-16T10:08:06.134+0000] {transport.py:1944} INFO - Connected (version 2.0, client OpenSSH_8.2p1)
[2024-12-16T10:08:06.544+0000] {logging_mixin.py:190} INFO - Discord alert sent successfully
[2024-12-16T10:08:06.575+0000] {transport.py:1944} INFO - Connected (version 2.0, client OpenSSH_8.2p1)
[2024-12-16T10:08:06.906+0000] {logging_mixin.py:190} INFO - Discord alert sent successfully
[2024-12-16T10:08:06.939+0000] {transport.py:1944} INFO - Connected (version 2.0, client OpenSSH_8.2p1)
[2024-12-16T10:08:07.259+0000] {logging_mixin.py:190} INFO - Discord alert sent successfully
[2024-12-16T10:08:07.289+0000] {transport.py:1944} INFO - Connected (version 2.0, client OpenSSH_8.2p1)
[2024-12-16T10:08:07.670+0000] {logging_mixin.py:190} INFO - Discord alert sent successfully
[2024-12-16T10:08:07.677+0000] {transport.py:1944} INFO - Connected (version 2.0, client OpenSSH_8.2p1)
[2024-12-16T10:08:08.002+0000] {logging_mixin.py:190} INFO - Discord alert sent successfully
[2024-12-16T10:08:08.015+0000] {transport.py:1944} INFO - Connected (version 2.0, client OpenSSH_8.2p1)
[2024-12-16T10:08:08.377+0000] {logging_mixin.py:190} INFO - Discord alert sent successfully
[2024-12-16T10:08:08.391+0000] {transport.py:1944} INFO - Connected (version 2.0, client OpenSSH_8.2p1)
[2024-12-16T10:08:08.832+0000] {logging_mixin.py:190} INFO - Discord alert sent successfully
[2024-12-16T10:08:08.844+0000] {transport.py:1944} INFO - Connected (version 2.0, client OpenSSH_8.2p1)
[2024-12-16T10:08:10.625+0000] {logging_mixin.py:190} INFO - Discord alert sent successfully
[2024-12-16T10:08:13.939+0000] {logging_mixin.py:190} INFO - Discord alert sent successfully
[2024-12-16T10:08:13.940+0000] {python.py:240} INFO - Done. Returned value was: None
[2024-12-16T10:08:13.955+0000] {taskinstance.py:340} INFO - ::group::Post task execution logs
[2024-12-16T10:08:13.955+0000] {taskinstance.py:352} INFO - Marking task as SUCCESS. dag_id=check_server_status, task_id=check_server_status, run_id=scheduled__2024-12-16T10:07:00+00:00, execution_date=20241216T100700, start_date=20241216T100801, end_date=20241216T100813
[2024-12-16T10:08:13.973+0000] {logging_mixin.py:190} INFO - Task instance in success state
[2024-12-16T10:08:13.973+0000] {logging_mixin.py:190} INFO -  Previous state of the Task instance: running
[2024-12-16T10:08:13.973+0000] {logging_mixin.py:190} INFO - Dag name:check_server_status queued_at:2024-12-16 10:08:00.295908+00:00
[2024-12-16T10:08:13.974+0000] {logging_mixin.py:190} INFO - Task hostname:028a3da4bb90 operator:PythonOperator
[2024-12-16T10:08:13.996+0000] {local_task_job_runner.py:266} INFO - Task exited with return code 0
[2024-12-16T10:08:14.014+0000] {taskinstance.py:3895} INFO - 0 downstream tasks scheduled from follow-on schedule check
[2024-12-16T10:08:14.037+0000] {local_task_job_runner.py:245} INFO - ::endgroup::
