[2024-12-16T10:56:02.543+0000] {local_task_job_runner.py:123} INFO - ::group::Pre task execution logs
[2024-12-16T10:56:02.555+0000] {taskinstance.py:2613} INFO - Dependencies all met for dep_context=non-requeueable deps ti=<TaskInstance: check_server_status.check_server_status scheduled__2024-12-16T10:55:00+00:00 [queued]>
[2024-12-16T10:56:02.562+0000] {taskinstance.py:2613} INFO - Dependencies all met for dep_context=requeueable deps ti=<TaskInstance: check_server_status.check_server_status scheduled__2024-12-16T10:55:00+00:00 [queued]>
[2024-12-16T10:56:02.562+0000] {taskinstance.py:2866} INFO - Starting attempt 1 of 2
[2024-12-16T10:56:02.573+0000] {taskinstance.py:2889} INFO - Executing <Task(PythonOperator): check_server_status> on 2024-12-16 10:55:00+00:00
[2024-12-16T10:56:02.580+0000] {warnings.py:112} WARNING - /home/***/.local/lib/python3.12/site-packages/***/task/task_runner/standard_task_runner.py:70: DeprecationWarning: This process (pid=471) is multi-threaded, use of fork() may lead to deadlocks in the child.
  pid = os.fork()

[2024-12-16T10:56:02.581+0000] {standard_task_runner.py:72} INFO - Started process 473 to run task
[2024-12-16T10:56:02.581+0000] {standard_task_runner.py:104} INFO - Running: ['***', 'tasks', 'run', 'check_server_status', 'check_server_status', 'scheduled__2024-12-16T10:55:00+00:00', '--job-id', '100', '--raw', '--subdir', 'DAGS_FOLDER/check_server_status.py', '--cfg-path', '/tmp/tmplz6se1y3']
[2024-12-16T10:56:02.582+0000] {standard_task_runner.py:105} INFO - Job 100: Subtask check_server_status
[2024-12-16T10:56:02.619+0000] {task_command.py:467} INFO - Running <TaskInstance: check_server_status.check_server_status scheduled__2024-12-16T10:55:00+00:00 [running]> on host 1b59279a9320
[2024-12-16T10:56:02.883+0000] {taskinstance.py:3132} INFO - Exporting env vars: AIRFLOW_CTX_DAG_OWNER='***' AIRFLOW_CTX_DAG_ID='check_server_status' AIRFLOW_CTX_TASK_ID='check_server_status' AIRFLOW_CTX_EXECUTION_DATE='2024-12-16T10:55:00+00:00' AIRFLOW_CTX_TRY_NUMBER='1' AIRFLOW_CTX_DAG_RUN_ID='scheduled__2024-12-16T10:55:00+00:00'
[2024-12-16T10:56:02.883+0000] {logging_mixin.py:190} INFO - Task instance is in running state
[2024-12-16T10:56:02.884+0000] {logging_mixin.py:190} INFO -  Previous state of the Task instance: queued
[2024-12-16T10:56:02.884+0000] {logging_mixin.py:190} INFO - Current task name:check_server_status state:running start_date:2024-12-16 10:56:02.556240+00:00
[2024-12-16T10:56:02.884+0000] {logging_mixin.py:190} INFO - Dag name:check_server_status and current dag run status:running
[2024-12-16T10:56:02.884+0000] {taskinstance.py:731} INFO - ::endgroup::
[2024-12-16T10:56:02.898+0000] {transport.py:1944} INFO - Connected (version 2.0, client OpenSSH_8.9p1)
[2024-12-16T10:56:03.007+0000] {transport.py:1944} INFO - Authentication (publickey) successful!
[2024-12-16T10:56:03.335+0000] {logging_mixin.py:190} INFO - Server 3rdLack MN is up
[2024-12-16T10:56:03.350+0000] {transport.py:1944} INFO - Connected (version 2.0, client OpenSSH_8.9p1)
[2024-12-16T10:56:03.515+0000] {transport.py:1944} INFO - Authentication (publickey) successful!
[2024-12-16T10:56:03.878+0000] {logging_mixin.py:190} INFO - Server 3rdLack SN05 is up
[2024-12-16T10:56:03.892+0000] {transport.py:1944} INFO - Connected (version 2.0, client OpenSSH_8.9p1)
[2024-12-16T10:56:04.004+0000] {transport.py:1944} INFO - Authentication (publickey) successful!
[2024-12-16T10:56:04.374+0000] {logging_mixin.py:190} INFO - Server 3rdLack SN06 is up
[2024-12-16T10:56:04.389+0000] {transport.py:1944} INFO - Connected (version 2.0, client OpenSSH_8.9p1)
[2024-12-16T10:56:04.531+0000] {transport.py:1944} INFO - Authentication (publickey) successful!
[2024-12-16T10:56:04.931+0000] {logging_mixin.py:190} INFO - Server 3rdLack SN07 is up
[2024-12-16T10:56:04.947+0000] {transport.py:1944} INFO - Connected (version 2.0, client OpenSSH_8.9p1)
[2024-12-16T10:56:05.068+0000] {transport.py:1944} INFO - Authentication (publickey) successful!
[2024-12-16T10:56:05.438+0000] {logging_mixin.py:190} INFO - Server 3rdLack SN08 is up
[2024-12-16T10:56:05.457+0000] {transport.py:1944} INFO - Connected (version 2.0, client OpenSSH_8.2p1)
[2024-12-16T10:56:05.512+0000] {transport.py:1944} INFO - Authentication (publickey) successful!
[2024-12-16T10:56:06.204+0000] {logging_mixin.py:190} INFO - Server 1rdLack MN is up
[2024-12-16T10:56:06.234+0000] {transport.py:1944} INFO - Connected (version 2.0, client OpenSSH_8.2p1)
[2024-12-16T10:56:06.298+0000] {transport.py:1944} INFO - Authentication (publickey) successful!
[2024-12-16T10:56:07.275+0000] {logging_mixin.py:190} INFO - Server 1rdLack SN01 is up
[2024-12-16T10:56:07.307+0000] {transport.py:1944} INFO - Connected (version 2.0, client OpenSSH_8.2p1)
[2024-12-16T10:56:07.404+0000] {transport.py:1944} INFO - Authentication (publickey) successful!
[2024-12-16T10:56:08.324+0000] {logging_mixin.py:190} INFO - Server 1rdLack SN02 is up
[2024-12-16T10:56:08.353+0000] {transport.py:1944} INFO - Connected (version 2.0, client OpenSSH_8.2p1)
[2024-12-16T10:56:08.434+0000] {transport.py:1944} INFO - Authentication (publickey) successful!
[2024-12-16T10:56:09.327+0000] {logging_mixin.py:190} INFO - Server 1rdLack SN03 is up
[2024-12-16T10:56:09.357+0000] {transport.py:1944} INFO - Connected (version 2.0, client OpenSSH_8.2p1)
[2024-12-16T10:56:09.432+0000] {transport.py:1944} INFO - Authentication (publickey) successful!
[2024-12-16T10:56:10.295+0000] {logging_mixin.py:190} INFO - Server 1rdLack SN04 is up
[2024-12-16T10:56:10.323+0000] {transport.py:1944} INFO - Connected (version 2.0, client OpenSSH_8.2p1)
[2024-12-16T10:56:10.389+0000] {transport.py:1944} INFO - Authentication (publickey) successful!
[2024-12-16T10:56:11.309+0000] {logging_mixin.py:190} INFO - Server 1rdLack SN05 is up
[2024-12-16T10:56:11.339+0000] {transport.py:1944} INFO - Connected (version 2.0, client OpenSSH_8.2p1)
[2024-12-16T10:56:11.418+0000] {transport.py:1944} INFO - Authentication (publickey) successful!
[2024-12-16T10:56:12.335+0000] {logging_mixin.py:190} INFO - Server 1rdLack SN06 is up
[2024-12-16T10:56:12.366+0000] {transport.py:1944} INFO - Connected (version 2.0, client OpenSSH_8.2p1)
[2024-12-16T10:56:12.452+0000] {transport.py:1944} INFO - Authentication (publickey) successful!
[2024-12-16T10:56:13.394+0000] {logging_mixin.py:190} INFO - Server 1rdLack SN07 is up
[2024-12-16T10:56:13.425+0000] {transport.py:1944} INFO - Connected (version 2.0, client OpenSSH_8.2p1)
[2024-12-16T10:56:13.488+0000] {transport.py:1944} INFO - Authentication (publickey) successful!
[2024-12-16T10:56:14.419+0000] {logging_mixin.py:190} INFO - Server 1rdLack SN09 is up
[2024-12-16T10:56:14.426+0000] {transport.py:1944} INFO - Connected (version 2.0, client OpenSSH_8.2p1)
[2024-12-16T10:56:14.482+0000] {transport.py:1944} INFO - Authentication (publickey) successful!
[2024-12-16T10:56:14.870+0000] {logging_mixin.py:190} INFO - Server cs1 is up
[2024-12-16T10:56:14.881+0000] {transport.py:1944} INFO - Connected (version 2.0, client OpenSSH_8.2p1)
[2024-12-16T10:56:15.005+0000] {transport.py:1944} INFO - Authentication (publickey) successful!
[2024-12-16T10:56:15.172+0000] {logging_mixin.py:190} INFO - Server DL01 is up
[2024-12-16T10:56:15.178+0000] {transport.py:1944} INFO - Connected (version 2.0, client OpenSSH_8.2p1)
[2024-12-16T10:56:15.280+0000] {transport.py:1944} INFO - Authentication (publickey) successful!
[2024-12-16T10:56:15.446+0000] {logging_mixin.py:190} INFO - Server DL02 is up
[2024-12-16T10:56:15.457+0000] {transport.py:1944} INFO - Connected (version 2.0, client OpenSSH_8.2p1)
[2024-12-16T10:56:15.580+0000] {transport.py:1944} INFO - Authentication (publickey) successful!
[2024-12-16T10:56:15.714+0000] {logging_mixin.py:190} INFO - Server DL03 is up
[2024-12-16T10:56:19.069+0000] {logging_mixin.py:190} INFO - Discord alert sent successfully
[2024-12-16T10:56:19.070+0000] {python.py:240} INFO - Done. Returned value was: None
[2024-12-16T10:56:19.087+0000] {taskinstance.py:340} INFO - ::group::Post task execution logs
[2024-12-16T10:56:19.087+0000] {taskinstance.py:352} INFO - Marking task as SUCCESS. dag_id=check_server_status, task_id=check_server_status, run_id=scheduled__2024-12-16T10:55:00+00:00, execution_date=20241216T105500, start_date=20241216T105602, end_date=20241216T105619
[2024-12-16T10:56:19.097+0000] {logging_mixin.py:190} INFO - Task instance in success state
[2024-12-16T10:56:19.097+0000] {logging_mixin.py:190} INFO -  Previous state of the Task instance: running
[2024-12-16T10:56:19.098+0000] {logging_mixin.py:190} INFO - Dag name:check_server_status queued_at:2024-12-16 10:56:01.031276+00:00
[2024-12-16T10:56:19.098+0000] {logging_mixin.py:190} INFO - Task hostname:1b59279a9320 operator:PythonOperator
[2024-12-16T10:56:19.135+0000] {local_task_job_runner.py:266} INFO - Task exited with return code 0
[2024-12-16T10:56:19.152+0000] {taskinstance.py:3895} INFO - 0 downstream tasks scheduled from follow-on schedule check
[2024-12-16T10:56:19.153+0000] {local_task_job_runner.py:245} INFO - ::endgroup::
