[2024-12-16T10:49:26.981+0000] {local_task_job_runner.py:123} INFO - ::group::Pre task execution logs
[2024-12-16T10:49:27.001+0000] {taskinstance.py:2613} INFO - Dependencies all met for dep_context=non-requeueable deps ti=<TaskInstance: check_server_status.check_server_status scheduled__2024-12-16T10:12:00+00:00 [queued]>
[2024-12-16T10:49:27.011+0000] {taskinstance.py:2613} INFO - Dependencies all met for dep_context=requeueable deps ti=<TaskInstance: check_server_status.check_server_status scheduled__2024-12-16T10:12:00+00:00 [queued]>
[2024-12-16T10:49:27.011+0000] {taskinstance.py:2866} INFO - Starting attempt 1 of 2
[2024-12-16T10:49:27.212+0000] {taskinstance.py:2889} INFO - Executing <Task(PythonOperator): check_server_status> on 2024-12-16 10:12:00+00:00
[2024-12-16T10:49:27.219+0000] {warnings.py:112} WARNING - /home/***/.local/lib/python3.12/site-packages/***/task/task_runner/standard_task_runner.py:70: DeprecationWarning: This process (pid=67) is multi-threaded, use of fork() may lead to deadlocks in the child.
  pid = os.fork()

[2024-12-16T10:49:27.221+0000] {standard_task_runner.py:72} INFO - Started process 71 to run task
[2024-12-16T10:49:27.222+0000] {standard_task_runner.py:104} INFO - Running: ['***', 'tasks', 'run', 'check_server_status', 'check_server_status', 'scheduled__2024-12-16T10:12:00+00:00', '--job-id', '92', '--raw', '--subdir', 'DAGS_FOLDER/check_server_status.py', '--cfg-path', '/tmp/tmpgvpf81yo']
[2024-12-16T10:49:27.223+0000] {standard_task_runner.py:105} INFO - Job 92: Subtask check_server_status
[2024-12-16T10:49:27.278+0000] {task_command.py:467} INFO - Running <TaskInstance: check_server_status.check_server_status scheduled__2024-12-16T10:12:00+00:00 [running]> on host 1b59279a9320
[2024-12-16T10:49:27.389+0000] {taskinstance.py:3132} INFO - Exporting env vars: AIRFLOW_CTX_DAG_OWNER='***' AIRFLOW_CTX_DAG_ID='check_server_status' AIRFLOW_CTX_TASK_ID='check_server_status' AIRFLOW_CTX_EXECUTION_DATE='2024-12-16T10:12:00+00:00' AIRFLOW_CTX_TRY_NUMBER='1' AIRFLOW_CTX_DAG_RUN_ID='scheduled__2024-12-16T10:12:00+00:00'
[2024-12-16T10:49:27.390+0000] {logging_mixin.py:190} INFO - Task instance is in running state
[2024-12-16T10:49:27.391+0000] {logging_mixin.py:190} INFO -  Previous state of the Task instance: queued
[2024-12-16T10:49:27.391+0000] {logging_mixin.py:190} INFO - Current task name:check_server_status state:running start_date:2024-12-16 10:49:27.001847+00:00
[2024-12-16T10:49:27.392+0000] {logging_mixin.py:190} INFO - Dag name:check_server_status and current dag run status:running
[2024-12-16T10:49:27.392+0000] {taskinstance.py:731} INFO - ::endgroup::
[2024-12-16T10:49:27.406+0000] {transport.py:1944} INFO - Connected (version 2.0, client OpenSSH_8.9p1)
[2024-12-16T10:49:27.527+0000] {transport.py:1944} INFO - Authentication (publickey) successful!
[2024-12-16T10:49:27.870+0000] {logging_mixin.py:190} INFO - Server 3rdLack MN is up
[2024-12-16T10:49:27.883+0000] {transport.py:1944} INFO - Connected (version 2.0, client OpenSSH_8.9p1)
[2024-12-16T10:49:27.990+0000] {transport.py:1944} INFO - Authentication (publickey) successful!
[2024-12-16T10:49:28.378+0000] {logging_mixin.py:190} INFO - Server 3rdLack SN05 is up
[2024-12-16T10:49:28.392+0000] {transport.py:1944} INFO - Connected (version 2.0, client OpenSSH_8.9p1)
[2024-12-16T10:49:28.501+0000] {transport.py:1944} INFO - Authentication (publickey) successful!
[2024-12-16T10:49:28.862+0000] {logging_mixin.py:190} INFO - Server 3rdLack SN06 is up
[2024-12-16T10:49:28.876+0000] {transport.py:1944} INFO - Connected (version 2.0, client OpenSSH_8.9p1)
[2024-12-16T10:49:29.001+0000] {transport.py:1944} INFO - Authentication (publickey) successful!
[2024-12-16T10:49:29.409+0000] {logging_mixin.py:190} INFO - Server 3rdLack SN07 is up
[2024-12-16T10:49:29.422+0000] {transport.py:1944} INFO - Connected (version 2.0, client OpenSSH_8.9p1)
[2024-12-16T10:49:29.524+0000] {transport.py:1944} INFO - Authentication (publickey) successful!
[2024-12-16T10:49:29.894+0000] {logging_mixin.py:190} INFO - Server 3rdLack SN08 is up
[2024-12-16T10:49:29.914+0000] {transport.py:1944} INFO - Connected (version 2.0, client OpenSSH_8.2p1)
[2024-12-16T10:49:29.977+0000] {transport.py:1944} INFO - Authentication (publickey) successful!
[2024-12-16T10:49:30.683+0000] {logging_mixin.py:190} INFO - Server 1rdLack MN is up
[2024-12-16T10:49:30.712+0000] {transport.py:1944} INFO - Connected (version 2.0, client OpenSSH_8.2p1)
[2024-12-16T10:49:30.801+0000] {transport.py:1944} INFO - Authentication (publickey) successful!
[2024-12-16T10:49:31.661+0000] {logging_mixin.py:190} INFO - Server 1rdLack SN01 is up
[2024-12-16T10:49:31.691+0000] {transport.py:1944} INFO - Connected (version 2.0, client OpenSSH_8.2p1)
[2024-12-16T10:49:31.765+0000] {transport.py:1944} INFO - Authentication (publickey) successful!
[2024-12-16T10:49:32.643+0000] {logging_mixin.py:190} INFO - Server 1rdLack SN02 is up
[2024-12-16T10:49:32.674+0000] {transport.py:1944} INFO - Connected (version 2.0, client OpenSSH_8.2p1)
[2024-12-16T10:49:32.748+0000] {transport.py:1944} INFO - Authentication (publickey) successful!
[2024-12-16T10:49:33.627+0000] {logging_mixin.py:190} INFO - Server 1rdLack SN03 is up
[2024-12-16T10:49:33.655+0000] {transport.py:1944} INFO - Connected (version 2.0, client OpenSSH_8.2p1)
[2024-12-16T10:49:33.724+0000] {transport.py:1944} INFO - Authentication (publickey) successful!
[2024-12-16T10:49:34.643+0000] {logging_mixin.py:190} INFO - Server 1rdLack SN04 is up
[2024-12-16T10:49:34.673+0000] {transport.py:1944} INFO - Connected (version 2.0, client OpenSSH_8.2p1)
[2024-12-16T10:49:34.772+0000] {transport.py:1944} INFO - Authentication (publickey) successful!
[2024-12-16T10:49:35.725+0000] {logging_mixin.py:190} INFO - Server 1rdLack SN05 is up
[2024-12-16T10:49:35.753+0000] {transport.py:1944} INFO - Connected (version 2.0, client OpenSSH_8.2p1)
[2024-12-16T10:49:35.815+0000] {transport.py:1944} INFO - Authentication (publickey) successful!
[2024-12-16T10:49:36.704+0000] {logging_mixin.py:190} INFO - Server 1rdLack SN06 is up
[2024-12-16T10:49:36.737+0000] {transport.py:1944} INFO - Connected (version 2.0, client OpenSSH_8.2p1)
[2024-12-16T10:49:36.806+0000] {transport.py:1944} INFO - Authentication (publickey) successful!
[2024-12-16T10:49:37.769+0000] {logging_mixin.py:190} INFO - Server 1rdLack SN07 is up
[2024-12-16T10:49:37.801+0000] {transport.py:1944} INFO - Connected (version 2.0, client OpenSSH_8.2p1)
[2024-12-16T10:49:37.881+0000] {transport.py:1944} INFO - Authentication (publickey) successful!
[2024-12-16T10:49:38.799+0000] {logging_mixin.py:190} INFO - Server 1rdLack SN09 is up
[2024-12-16T10:49:38.806+0000] {transport.py:1944} INFO - Connected (version 2.0, client OpenSSH_8.2p1)
[2024-12-16T10:49:38.860+0000] {transport.py:1944} INFO - Authentication (publickey) successful!
[2024-12-16T10:49:39.258+0000] {logging_mixin.py:190} INFO - Server cs1 is up
[2024-12-16T10:49:39.263+0000] {transport.py:1944} INFO - Connected (version 2.0, client OpenSSH_8.2p1)
[2024-12-16T10:49:39.374+0000] {transport.py:1944} INFO - Authentication (publickey) successful!
[2024-12-16T10:49:39.536+0000] {logging_mixin.py:190} INFO - Server DL01 is up
[2024-12-16T10:49:39.547+0000] {transport.py:1944} INFO - Connected (version 2.0, client OpenSSH_8.2p1)
[2024-12-16T10:49:39.662+0000] {transport.py:1944} INFO - Authentication (publickey) successful!
[2024-12-16T10:49:39.826+0000] {logging_mixin.py:190} INFO - Server DL02 is up
[2024-12-16T10:49:39.840+0000] {transport.py:1944} INFO - Connected (version 2.0, client OpenSSH_8.2p1)
[2024-12-16T10:49:39.944+0000] {transport.py:1944} INFO - Authentication (publickey) successful!
[2024-12-16T10:49:40.073+0000] {logging_mixin.py:190} INFO - Server DL03 is up
[2024-12-16T10:49:43.892+0000] {logging_mixin.py:190} INFO - Discord alert sent successfully
[2024-12-16T10:49:43.892+0000] {python.py:240} INFO - Done. Returned value was: None
[2024-12-16T10:49:43.901+0000] {taskinstance.py:340} INFO - ::group::Post task execution logs
[2024-12-16T10:49:43.901+0000] {taskinstance.py:352} INFO - Marking task as SUCCESS. dag_id=check_server_status, task_id=check_server_status, run_id=scheduled__2024-12-16T10:12:00+00:00, execution_date=20241216T101200, start_date=20241216T104927, end_date=20241216T104943
[2024-12-16T10:49:43.909+0000] {logging_mixin.py:190} INFO - Task instance in success state
[2024-12-16T10:49:43.909+0000] {logging_mixin.py:190} INFO -  Previous state of the Task instance: running
[2024-12-16T10:49:43.909+0000] {logging_mixin.py:190} INFO - Dag name:check_server_status queued_at:2024-12-16 10:49:22.256142+00:00
[2024-12-16T10:49:43.910+0000] {logging_mixin.py:190} INFO - Task hostname:1b59279a9320 operator:PythonOperator
[2024-12-16T10:49:43.950+0000] {local_task_job_runner.py:266} INFO - Task exited with return code 0
[2024-12-16T10:49:43.967+0000] {taskinstance.py:3895} INFO - 0 downstream tasks scheduled from follow-on schedule check
[2024-12-16T10:49:43.968+0000] {local_task_job_runner.py:245} INFO - ::endgroup::
