[2024-12-16T10:49:27.202+0000] {local_task_job_runner.py:123} INFO - ::group::Pre task execution logs
[2024-12-16T10:49:27.225+0000] {taskinstance.py:2613} INFO - Dependencies all met for dep_context=non-requeueable deps ti=<TaskInstance: check_server_status.check_server_status scheduled__2024-12-16T10:48:00+00:00 [queued]>
[2024-12-16T10:49:27.238+0000] {taskinstance.py:2613} INFO - Dependencies all met for dep_context=requeueable deps ti=<TaskInstance: check_server_status.check_server_status scheduled__2024-12-16T10:48:00+00:00 [queued]>
[2024-12-16T10:49:27.239+0000] {taskinstance.py:2866} INFO - Starting attempt 1 of 2
[2024-12-16T10:49:27.261+0000] {taskinstance.py:2889} INFO - Executing <Task(PythonOperator): check_server_status> on 2024-12-16 10:48:00+00:00
[2024-12-16T10:49:27.269+0000] {warnings.py:112} WARNING - /home/***/.local/lib/python3.12/site-packages/***/task/task_runner/standard_task_runner.py:70: DeprecationWarning: This process (pid=69) is multi-threaded, use of fork() may lead to deadlocks in the child.
  pid = os.fork()

[2024-12-16T10:49:27.270+0000] {standard_task_runner.py:72} INFO - Started process 73 to run task
[2024-12-16T10:49:27.271+0000] {standard_task_runner.py:104} INFO - Running: ['***', 'tasks', 'run', 'check_server_status', 'check_server_status', 'scheduled__2024-12-16T10:48:00+00:00', '--job-id', '93', '--raw', '--subdir', 'DAGS_FOLDER/check_server_status.py', '--cfg-path', '/tmp/tmp8mzjw2gz']
[2024-12-16T10:49:27.272+0000] {standard_task_runner.py:105} INFO - Job 93: Subtask check_server_status
[2024-12-16T10:49:27.317+0000] {task_command.py:467} INFO - Running <TaskInstance: check_server_status.check_server_status scheduled__2024-12-16T10:48:00+00:00 [running]> on host 1b59279a9320
[2024-12-16T10:49:27.411+0000] {taskinstance.py:3132} INFO - Exporting env vars: AIRFLOW_CTX_DAG_OWNER='***' AIRFLOW_CTX_DAG_ID='check_server_status' AIRFLOW_CTX_TASK_ID='check_server_status' AIRFLOW_CTX_EXECUTION_DATE='2024-12-16T10:48:00+00:00' AIRFLOW_CTX_TRY_NUMBER='1' AIRFLOW_CTX_DAG_RUN_ID='scheduled__2024-12-16T10:48:00+00:00'
[2024-12-16T10:49:27.412+0000] {logging_mixin.py:190} INFO - Task instance is in running state
[2024-12-16T10:49:27.413+0000] {logging_mixin.py:190} INFO -  Previous state of the Task instance: queued
[2024-12-16T10:49:27.413+0000] {logging_mixin.py:190} INFO - Current task name:check_server_status state:running start_date:2024-12-16 10:49:27.226320+00:00
[2024-12-16T10:49:27.414+0000] {logging_mixin.py:190} INFO - Dag name:check_server_status and current dag run status:running
[2024-12-16T10:49:27.414+0000] {taskinstance.py:731} INFO - ::endgroup::
[2024-12-16T10:49:27.427+0000] {transport.py:1944} INFO - Connected (version 2.0, client OpenSSH_8.9p1)
[2024-12-16T10:49:27.539+0000] {transport.py:1944} INFO - Authentication (publickey) successful!
[2024-12-16T10:49:27.866+0000] {logging_mixin.py:190} INFO - Server 3rdLack MN is up
[2024-12-16T10:49:27.880+0000] {transport.py:1944} INFO - Connected (version 2.0, client OpenSSH_8.9p1)
[2024-12-16T10:49:28.055+0000] {transport.py:1944} INFO - Authentication (publickey) successful!
[2024-12-16T10:49:28.378+0000] {logging_mixin.py:190} INFO - Server 3rdLack SN05 is up
[2024-12-16T10:49:28.392+0000] {transport.py:1944} INFO - Connected (version 2.0, client OpenSSH_8.9p1)
[2024-12-16T10:49:28.533+0000] {transport.py:1944} INFO - Authentication (publickey) successful!
[2024-12-16T10:49:28.862+0000] {logging_mixin.py:190} INFO - Server 3rdLack SN06 is up
[2024-12-16T10:49:28.876+0000] {transport.py:1944} INFO - Connected (version 2.0, client OpenSSH_8.9p1)
[2024-12-16T10:49:29.001+0000] {transport.py:1944} INFO - Authentication (publickey) successful!
[2024-12-16T10:49:29.405+0000] {logging_mixin.py:190} INFO - Server 3rdLack SN07 is up
[2024-12-16T10:49:29.419+0000] {transport.py:1944} INFO - Connected (version 2.0, client OpenSSH_8.9p1)
[2024-12-16T10:49:29.520+0000] {transport.py:1944} INFO - Authentication (publickey) successful!
[2024-12-16T10:49:29.894+0000] {logging_mixin.py:190} INFO - Server 3rdLack SN08 is up
[2024-12-16T10:49:29.916+0000] {transport.py:1944} INFO - Connected (version 2.0, client OpenSSH_8.2p1)
[2024-12-16T10:49:29.987+0000] {transport.py:1944} INFO - Authentication (publickey) successful!
[2024-12-16T10:49:30.672+0000] {logging_mixin.py:190} INFO - Server 1rdLack MN is up
[2024-12-16T10:49:30.702+0000] {transport.py:1944} INFO - Connected (version 2.0, client OpenSSH_8.2p1)
[2024-12-16T10:49:30.769+0000] {transport.py:1944} INFO - Authentication (publickey) successful!
[2024-12-16T10:49:31.661+0000] {logging_mixin.py:190} INFO - Server 1rdLack SN01 is up
[2024-12-16T10:49:31.690+0000] {transport.py:1944} INFO - Connected (version 2.0, client OpenSSH_8.2p1)
[2024-12-16T10:49:31.764+0000] {transport.py:1944} INFO - Authentication (publickey) successful!
[2024-12-16T10:49:32.667+0000] {logging_mixin.py:190} INFO - Server 1rdLack SN02 is up
[2024-12-16T10:49:32.697+0000] {transport.py:1944} INFO - Connected (version 2.0, client OpenSSH_8.2p1)
[2024-12-16T10:49:32.767+0000] {transport.py:1944} INFO - Authentication (publickey) successful!
[2024-12-16T10:49:33.650+0000] {logging_mixin.py:190} INFO - Server 1rdLack SN03 is up
[2024-12-16T10:49:33.678+0000] {transport.py:1944} INFO - Connected (version 2.0, client OpenSSH_8.2p1)
[2024-12-16T10:49:33.748+0000] {transport.py:1944} INFO - Authentication (publickey) successful!
[2024-12-16T10:49:34.650+0000] {logging_mixin.py:190} INFO - Server 1rdLack SN04 is up
[2024-12-16T10:49:34.679+0000] {transport.py:1944} INFO - Connected (version 2.0, client OpenSSH_8.2p1)
[2024-12-16T10:49:34.776+0000] {transport.py:1944} INFO - Authentication (publickey) successful!
[2024-12-16T10:49:35.696+0000] {logging_mixin.py:190} INFO - Server 1rdLack SN05 is up
[2024-12-16T10:49:35.728+0000] {transport.py:1944} INFO - Connected (version 2.0, client OpenSSH_8.2p1)
[2024-12-16T10:49:35.794+0000] {transport.py:1944} INFO - Authentication (publickey) successful!
[2024-12-16T10:49:36.708+0000] {logging_mixin.py:190} INFO - Server 1rdLack SN06 is up
[2024-12-16T10:49:36.737+0000] {transport.py:1944} INFO - Connected (version 2.0, client OpenSSH_8.2p1)
[2024-12-16T10:49:36.809+0000] {transport.py:1944} INFO - Authentication (publickey) successful!
[2024-12-16T10:49:37.775+0000] {logging_mixin.py:190} INFO - Server 1rdLack SN07 is up
[2024-12-16T10:49:37.805+0000] {transport.py:1944} INFO - Connected (version 2.0, client OpenSSH_8.2p1)
[2024-12-16T10:49:37.889+0000] {transport.py:1944} INFO - Authentication (publickey) successful!
[2024-12-16T10:49:38.802+0000] {logging_mixin.py:190} INFO - Server 1rdLack SN09 is up
[2024-12-16T10:49:38.808+0000] {transport.py:1944} INFO - Connected (version 2.0, client OpenSSH_8.2p1)
[2024-12-16T10:49:38.863+0000] {transport.py:1944} INFO - Authentication (publickey) successful!
[2024-12-16T10:49:39.238+0000] {logging_mixin.py:190} INFO - Server cs1 is up
[2024-12-16T10:49:39.249+0000] {transport.py:1944} INFO - Connected (version 2.0, client OpenSSH_8.2p1)
[2024-12-16T10:49:39.358+0000] {transport.py:1944} INFO - Authentication (publickey) successful!
[2024-12-16T10:49:39.537+0000] {logging_mixin.py:190} INFO - Server DL01 is up
[2024-12-16T10:49:39.547+0000] {transport.py:1944} INFO - Connected (version 2.0, client OpenSSH_8.2p1)
[2024-12-16T10:49:39.655+0000] {transport.py:1944} INFO - Authentication (publickey) successful!
[2024-12-16T10:49:39.824+0000] {logging_mixin.py:190} INFO - Server DL02 is up
[2024-12-16T10:49:39.840+0000] {transport.py:1944} INFO - Connected (version 2.0, client OpenSSH_8.2p1)
[2024-12-16T10:49:39.945+0000] {transport.py:1944} INFO - Authentication (publickey) successful!
[2024-12-16T10:49:40.074+0000] {logging_mixin.py:190} INFO - Server DL03 is up
[2024-12-16T10:49:43.415+0000] {logging_mixin.py:190} INFO - Discord alert sent successfully
[2024-12-16T10:49:43.416+0000] {python.py:240} INFO - Done. Returned value was: None
[2024-12-16T10:49:43.429+0000] {taskinstance.py:340} INFO - ::group::Post task execution logs
[2024-12-16T10:49:43.429+0000] {taskinstance.py:352} INFO - Marking task as SUCCESS. dag_id=check_server_status, task_id=check_server_status, run_id=scheduled__2024-12-16T10:48:00+00:00, execution_date=20241216T104800, start_date=20241216T104927, end_date=20241216T104943
[2024-12-16T10:49:43.439+0000] {logging_mixin.py:190} INFO - Task instance in success state
[2024-12-16T10:49:43.439+0000] {logging_mixin.py:190} INFO -  Previous state of the Task instance: running
[2024-12-16T10:49:43.439+0000] {logging_mixin.py:190} INFO - Dag name:check_server_status queued_at:2024-12-16 10:49:22.807437+00:00
[2024-12-16T10:49:43.440+0000] {logging_mixin.py:190} INFO - Task hostname:1b59279a9320 operator:PythonOperator
[2024-12-16T10:49:43.469+0000] {local_task_job_runner.py:266} INFO - Task exited with return code 0
[2024-12-16T10:49:43.482+0000] {taskinstance.py:3895} INFO - 0 downstream tasks scheduled from follow-on schedule check
[2024-12-16T10:49:43.484+0000] {local_task_job_runner.py:245} INFO - ::endgroup::
