[2024-12-16T11:17:01.735+0000] {local_task_job_runner.py:123} INFO - ::group::Pre task execution logs
[2024-12-16T11:17:01.749+0000] {taskinstance.py:2613} INFO - Dependencies all met for dep_context=non-requeueable deps ti=<TaskInstance: check_server_status.check_server_status scheduled__2024-12-16T11:16:00+00:00 [queued]>
[2024-12-16T11:17:01.756+0000] {taskinstance.py:2613} INFO - Dependencies all met for dep_context=requeueable deps ti=<TaskInstance: check_server_status.check_server_status scheduled__2024-12-16T11:16:00+00:00 [queued]>
[2024-12-16T11:17:01.756+0000] {taskinstance.py:2866} INFO - Starting attempt 1 of 2
[2024-12-16T11:17:01.767+0000] {taskinstance.py:2889} INFO - Executing <Task(PythonOperator): check_server_status> on 2024-12-16 11:16:00+00:00
[2024-12-16T11:17:01.773+0000] {warnings.py:112} WARNING - /home/***/.local/lib/python3.12/site-packages/***/task/task_runner/standard_task_runner.py:70: DeprecationWarning: This process (pid=257) is multi-threaded, use of fork() may lead to deadlocks in the child.
  pid = os.fork()

[2024-12-16T11:17:01.774+0000] {standard_task_runner.py:72} INFO - Started process 259 to run task
[2024-12-16T11:17:01.775+0000] {standard_task_runner.py:104} INFO - Running: ['***', 'tasks', 'run', 'check_server_status', 'check_server_status', 'scheduled__2024-12-16T11:16:00+00:00', '--job-id', '128', '--raw', '--subdir', 'DAGS_FOLDER/check_server_status.py', '--cfg-path', '/tmp/tmp3bsggdgo']
[2024-12-16T11:17:01.776+0000] {standard_task_runner.py:105} INFO - Job 128: Subtask check_server_status
[2024-12-16T11:17:01.814+0000] {task_command.py:467} INFO - Running <TaskInstance: check_server_status.check_server_status scheduled__2024-12-16T11:16:00+00:00 [running]> on host a9edcc228d1b
[2024-12-16T11:17:02.116+0000] {taskinstance.py:3132} INFO - Exporting env vars: AIRFLOW_CTX_DAG_OWNER='***' AIRFLOW_CTX_DAG_ID='check_server_status' AIRFLOW_CTX_TASK_ID='check_server_status' AIRFLOW_CTX_EXECUTION_DATE='2024-12-16T11:16:00+00:00' AIRFLOW_CTX_TRY_NUMBER='1' AIRFLOW_CTX_DAG_RUN_ID='scheduled__2024-12-16T11:16:00+00:00'
[2024-12-16T11:17:02.117+0000] {logging_mixin.py:190} INFO - Task instance is in running state
[2024-12-16T11:17:02.117+0000] {logging_mixin.py:190} INFO -  Previous state of the Task instance: queued
[2024-12-16T11:17:02.117+0000] {logging_mixin.py:190} INFO - Current task name:check_server_status state:running start_date:2024-12-16 11:17:01.749909+00:00
[2024-12-16T11:17:02.117+0000] {logging_mixin.py:190} INFO - Dag name:check_server_status and current dag run status:running
[2024-12-16T11:17:02.118+0000] {taskinstance.py:731} INFO - ::endgroup::
[2024-12-16T11:17:02.131+0000] {transport.py:1944} INFO - Connected (version 2.0, client OpenSSH_8.9p1)
[2024-12-16T11:17:02.249+0000] {transport.py:1944} INFO - Authentication (publickey) successful!
[2024-12-16T11:17:02.574+0000] {logging_mixin.py:190} INFO - Server 3rdLack MN is up
[2024-12-16T11:17:02.587+0000] {transport.py:1944} INFO - Connected (version 2.0, client OpenSSH_8.9p1)
[2024-12-16T11:17:02.693+0000] {transport.py:1944} INFO - Authentication (publickey) successful!
[2024-12-16T11:17:03.065+0000] {logging_mixin.py:190} INFO - Server 3rdLack SN05 is up
[2024-12-16T11:17:03.080+0000] {transport.py:1944} INFO - Connected (version 2.0, client OpenSSH_8.9p1)
[2024-12-16T11:17:03.181+0000] {transport.py:1944} INFO - Authentication (publickey) successful!
[2024-12-16T11:17:03.558+0000] {logging_mixin.py:190} INFO - Server 3rdLack SN06 is up
[2024-12-16T11:17:03.571+0000] {transport.py:1944} INFO - Connected (version 2.0, client OpenSSH_8.9p1)
[2024-12-16T11:17:03.673+0000] {transport.py:1944} INFO - Authentication (publickey) successful!
[2024-12-16T11:17:04.066+0000] {logging_mixin.py:190} INFO - Server 3rdLack SN07 is up
[2024-12-16T11:17:04.080+0000] {transport.py:1944} INFO - Connected (version 2.0, client OpenSSH_8.9p1)
[2024-12-16T11:17:04.185+0000] {transport.py:1944} INFO - Authentication (publickey) successful!
[2024-12-16T11:17:04.553+0000] {logging_mixin.py:190} INFO - Server 3rdLack SN08 is up
[2024-12-16T11:17:04.575+0000] {transport.py:1944} INFO - Connected (version 2.0, client OpenSSH_8.2p1)
[2024-12-16T11:17:04.653+0000] {transport.py:1944} INFO - Authentication (publickey) successful!
[2024-12-16T11:17:04.988+0000] {logging_mixin.py:190} INFO - Server 1rdLack MN is up
[2024-12-16T11:17:05.017+0000] {transport.py:1944} INFO - Connected (version 2.0, client OpenSSH_8.2p1)
[2024-12-16T11:17:05.111+0000] {transport.py:1944} INFO - Authentication (publickey) successful!
[2024-12-16T11:17:06.005+0000] {logging_mixin.py:190} INFO - Server 1rdLack SN01 is up
[2024-12-16T11:17:06.034+0000] {transport.py:1944} INFO - Connected (version 2.0, client OpenSSH_8.2p1)
[2024-12-16T11:17:06.156+0000] {transport.py:1944} INFO - Authentication (publickey) successful!
[2024-12-16T11:17:07.027+0000] {logging_mixin.py:190} INFO - Server 1rdLack SN02 is up
[2024-12-16T11:17:07.059+0000] {transport.py:1944} INFO - Connected (version 2.0, client OpenSSH_8.2p1)
[2024-12-16T11:17:07.162+0000] {transport.py:1944} INFO - Authentication (publickey) successful!
[2024-12-16T11:17:08.040+0000] {logging_mixin.py:190} INFO - Server 1rdLack SN03 is up
[2024-12-16T11:17:08.071+0000] {transport.py:1944} INFO - Connected (version 2.0, client OpenSSH_8.2p1)
[2024-12-16T11:17:08.139+0000] {transport.py:1944} INFO - Authentication (publickey) successful!
[2024-12-16T11:17:09.075+0000] {logging_mixin.py:190} INFO - Server 1rdLack SN04 is up
[2024-12-16T11:17:09.104+0000] {transport.py:1944} INFO - Connected (version 2.0, client OpenSSH_8.2p1)
[2024-12-16T11:17:09.171+0000] {transport.py:1944} INFO - Authentication (publickey) successful!
[2024-12-16T11:17:10.163+0000] {logging_mixin.py:190} INFO - Server 1rdLack SN05 is up
[2024-12-16T11:17:10.191+0000] {transport.py:1944} INFO - Connected (version 2.0, client OpenSSH_8.2p1)
[2024-12-16T11:17:10.256+0000] {transport.py:1944} INFO - Authentication (publickey) successful!
[2024-12-16T11:17:11.068+0000] {logging_mixin.py:190} INFO - Server 1rdLack SN06 is up
[2024-12-16T11:17:11.111+0000] {transport.py:1944} INFO - Connected (version 2.0, client OpenSSH_8.2p1)
[2024-12-16T11:17:11.212+0000] {transport.py:1944} INFO - Authentication (publickey) successful!
[2024-12-16T11:17:12.115+0000] {logging_mixin.py:190} INFO - Server 1rdLack SN07 is up
[2024-12-16T11:17:12.144+0000] {transport.py:1944} INFO - Connected (version 2.0, client OpenSSH_8.2p1)
[2024-12-16T11:17:12.209+0000] {transport.py:1944} INFO - Authentication (publickey) successful!
[2024-12-16T11:17:13.111+0000] {logging_mixin.py:190} INFO - Server 1rdLack SN09 is up
[2024-12-16T11:17:13.117+0000] {transport.py:1944} INFO - Connected (version 2.0, client OpenSSH_8.2p1)
[2024-12-16T11:17:13.168+0000] {transport.py:1944} INFO - Authentication (publickey) successful!
[2024-12-16T11:17:13.354+0000] {logging_mixin.py:190} INFO - Server cs1 is up
[2024-12-16T11:17:13.365+0000] {transport.py:1944} INFO - Connected (version 2.0, client OpenSSH_8.2p1)
[2024-12-16T11:17:13.485+0000] {transport.py:1944} INFO - Authentication (publickey) successful!
[2024-12-16T11:17:13.617+0000] {logging_mixin.py:190} INFO - Server DL01 is up
[2024-12-16T11:17:13.627+0000] {transport.py:1944} INFO - Connected (version 2.0, client OpenSSH_8.2p1)
[2024-12-16T11:17:13.735+0000] {transport.py:1944} INFO - Authentication (publickey) successful!
[2024-12-16T11:17:13.908+0000] {logging_mixin.py:190} INFO - Server DL02 is up
[2024-12-16T11:17:13.919+0000] {transport.py:1944} INFO - Connected (version 2.0, client OpenSSH_8.2p1)
[2024-12-16T11:17:14.033+0000] {transport.py:1944} INFO - Authentication (publickey) successful!
[2024-12-16T11:17:14.165+0000] {logging_mixin.py:190} INFO - Server DL03 is up
[2024-12-16T11:17:17.455+0000] {logging_mixin.py:190} INFO - Discord alert sent successfully
[2024-12-16T11:17:17.456+0000] {python.py:240} INFO - Done. Returned value was: None
[2024-12-16T11:17:17.468+0000] {taskinstance.py:340} INFO - ::group::Post task execution logs
[2024-12-16T11:17:17.469+0000] {taskinstance.py:352} INFO - Marking task as SUCCESS. dag_id=check_server_status, task_id=check_server_status, run_id=scheduled__2024-12-16T11:16:00+00:00, execution_date=20241216T111600, start_date=20241216T111701, end_date=20241216T111717
[2024-12-16T11:17:17.492+0000] {logging_mixin.py:190} INFO - Task instance in success state
[2024-12-16T11:17:17.493+0000] {logging_mixin.py:190} INFO -  Previous state of the Task instance: running
[2024-12-16T11:17:17.493+0000] {logging_mixin.py:190} INFO - Dag name:check_server_status queued_at:2024-12-16 11:17:00.079834+00:00
[2024-12-16T11:17:17.493+0000] {logging_mixin.py:190} INFO - Task hostname:a9edcc228d1b operator:PythonOperator
[2024-12-16T11:17:17.525+0000] {local_task_job_runner.py:266} INFO - Task exited with return code 0
[2024-12-16T11:17:17.542+0000] {taskinstance.py:3895} INFO - 0 downstream tasks scheduled from follow-on schedule check
[2024-12-16T11:17:17.544+0000] {local_task_job_runner.py:245} INFO - ::endgroup::
