[2024-12-16T09:26:53.781+0000] {local_task_job_runner.py:123} INFO - ::group::Pre task execution logs
[2024-12-16T09:26:53.807+0000] {taskinstance.py:2613} INFO - Dependencies all met for dep_context=non-requeueable deps ti=<TaskInstance: check_server_status.check_server_status scheduled__2024-12-16T09:18:00+00:00 [queued]>
[2024-12-16T09:26:53.821+0000] {taskinstance.py:2613} INFO - Dependencies all met for dep_context=requeueable deps ti=<TaskInstance: check_server_status.check_server_status scheduled__2024-12-16T09:18:00+00:00 [queued]>
[2024-12-16T09:26:53.822+0000] {taskinstance.py:2866} INFO - Starting attempt 2 of 2
[2024-12-16T09:26:53.883+0000] {taskinstance.py:2889} INFO - Executing <Task(PythonOperator): check_server_status> on 2024-12-16 09:18:00+00:00
[2024-12-16T09:26:53.897+0000] {warnings.py:112} WARNING - /home/***/.local/lib/python3.12/site-packages/***/task/task_runner/standard_task_runner.py:70: DeprecationWarning: This process (pid=72) is multi-threaded, use of fork() may lead to deadlocks in the child.
  pid = os.fork()

[2024-12-16T09:26:53.899+0000] {standard_task_runner.py:72} INFO - Started process 82 to run task
[2024-12-16T09:26:53.900+0000] {standard_task_runner.py:104} INFO - Running: ['***', 'tasks', 'run', 'check_server_status', 'check_server_status', 'scheduled__2024-12-16T09:18:00+00:00', '--job-id', '22', '--raw', '--subdir', 'DAGS_FOLDER/check_server_status.py', '--cfg-path', '/tmp/tmps2zankd_']
[2024-12-16T09:26:53.902+0000] {standard_task_runner.py:105} INFO - Job 22: Subtask check_server_status
[2024-12-16T09:26:54.012+0000] {task_command.py:467} INFO - Running <TaskInstance: check_server_status.check_server_status scheduled__2024-12-16T09:18:00+00:00 [running]> on host 0d789706375e
[2024-12-16T09:26:54.555+0000] {taskinstance.py:3132} INFO - Exporting env vars: AIRFLOW_CTX_DAG_OWNER='***' AIRFLOW_CTX_DAG_ID='check_server_status' AIRFLOW_CTX_TASK_ID='check_server_status' AIRFLOW_CTX_EXECUTION_DATE='2024-12-16T09:18:00+00:00' AIRFLOW_CTX_TRY_NUMBER='2' AIRFLOW_CTX_DAG_RUN_ID='scheduled__2024-12-16T09:18:00+00:00'
[2024-12-16T09:26:54.556+0000] {logging_mixin.py:190} INFO - Task instance is in running state
[2024-12-16T09:26:54.556+0000] {logging_mixin.py:190} INFO -  Previous state of the Task instance: queued
[2024-12-16T09:26:54.556+0000] {logging_mixin.py:190} INFO - Current task name:check_server_status state:running start_date:2024-12-16 09:26:53.808499+00:00
[2024-12-16T09:26:54.556+0000] {logging_mixin.py:190} INFO - Dag name:check_server_status and current dag run status:running
[2024-12-16T09:26:54.557+0000] {taskinstance.py:731} INFO - ::endgroup::
[2024-12-16T09:26:54.572+0000] {transport.py:1944} INFO - Connected (version 2.0, client OpenSSH_8.9p1)
[2024-12-16T09:26:55.042+0000] {logging_mixin.py:190} INFO - Discord alert sent successfully
[2024-12-16T09:26:55.055+0000] {transport.py:1944} INFO - Connected (version 2.0, client OpenSSH_8.9p1)
[2024-12-16T09:26:55.363+0000] {logging_mixin.py:190} INFO - Failed to send alert: 429
[2024-12-16T09:26:55.376+0000] {transport.py:1944} INFO - Connected (version 2.0, client OpenSSH_8.9p1)
[2024-12-16T09:26:55.668+0000] {logging_mixin.py:190} INFO - Failed to send alert: 429
[2024-12-16T09:26:55.681+0000] {transport.py:1944} INFO - Connected (version 2.0, client OpenSSH_8.9p1)
[2024-12-16T09:26:55.982+0000] {logging_mixin.py:190} INFO - Failed to send alert: 429
[2024-12-16T09:26:55.996+0000] {transport.py:1944} INFO - Connected (version 2.0, client OpenSSH_8.9p1)
[2024-12-16T09:26:56.306+0000] {logging_mixin.py:190} INFO - Failed to send alert: 429
[2024-12-16T09:26:56.328+0000] {transport.py:1944} INFO - Connected (version 2.0, client OpenSSH_8.2p1)
[2024-12-16T09:26:56.598+0000] {logging_mixin.py:190} INFO - Failed to send alert: 429
[2024-12-16T09:26:56.629+0000] {transport.py:1944} INFO - Connected (version 2.0, client OpenSSH_8.2p1)
[2024-12-16T09:26:56.892+0000] {logging_mixin.py:190} INFO - Failed to send alert: 429
[2024-12-16T09:26:56.923+0000] {transport.py:1944} INFO - Connected (version 2.0, client OpenSSH_8.2p1)
[2024-12-16T09:26:57.187+0000] {logging_mixin.py:190} INFO - Failed to send alert: 429
[2024-12-16T09:26:57.215+0000] {transport.py:1944} INFO - Connected (version 2.0, client OpenSSH_8.2p1)
[2024-12-16T09:26:57.479+0000] {logging_mixin.py:190} INFO - Failed to send alert: 429
[2024-12-16T09:26:57.542+0000] {transport.py:1944} INFO - Connected (version 2.0, client OpenSSH_8.2p1)
[2024-12-16T09:26:57.816+0000] {logging_mixin.py:190} INFO - Failed to send alert: 429
[2024-12-16T09:26:57.847+0000] {transport.py:1944} INFO - Connected (version 2.0, client OpenSSH_8.2p1)
[2024-12-16T09:26:58.122+0000] {logging_mixin.py:190} INFO - Failed to send alert: 429
[2024-12-16T09:26:58.155+0000] {transport.py:1944} INFO - Connected (version 2.0, client OpenSSH_8.2p1)
[2024-12-16T09:26:58.431+0000] {logging_mixin.py:190} INFO - Failed to send alert: 429
[2024-12-16T09:26:58.455+0000] {transport.py:1944} INFO - Connected (version 2.0, client OpenSSH_8.2p1)
[2024-12-16T09:26:58.718+0000] {logging_mixin.py:190} INFO - Failed to send alert: 429
[2024-12-16T09:26:58.748+0000] {transport.py:1944} INFO - Connected (version 2.0, client OpenSSH_8.2p1)
[2024-12-16T09:26:59.004+0000] {logging_mixin.py:190} INFO - Failed to send alert: 429
[2024-12-16T09:26:59.010+0000] {transport.py:1944} INFO - Connected (version 2.0, client OpenSSH_8.2p1)
[2024-12-16T09:26:59.253+0000] {logging_mixin.py:190} INFO - Failed to send alert: 429
[2024-12-16T09:26:59.259+0000] {transport.py:1944} INFO - Connected (version 2.0, client OpenSSH_8.2p1)
[2024-12-16T09:26:59.556+0000] {logging_mixin.py:190} INFO - Failed to send alert: 429
[2024-12-16T09:26:59.568+0000] {transport.py:1944} INFO - Connected (version 2.0, client OpenSSH_8.2p1)
[2024-12-16T09:26:59.872+0000] {logging_mixin.py:190} INFO - Failed to send alert: 429
[2024-12-16T09:26:59.884+0000] {transport.py:1944} INFO - Connected (version 2.0, client OpenSSH_8.2p1)
[2024-12-16T09:27:00.189+0000] {logging_mixin.py:190} INFO - Failed to send alert: 429
[2024-12-16T09:27:06.460+0000] {logging_mixin.py:190} INFO - Failed to send alert: 429
[2024-12-16T09:27:06.461+0000] {python.py:240} INFO - Done. Returned value was: None
[2024-12-16T09:27:06.471+0000] {taskinstance.py:340} INFO - ::group::Post task execution logs
[2024-12-16T09:27:06.471+0000] {taskinstance.py:352} INFO - Marking task as SUCCESS. dag_id=check_server_status, task_id=check_server_status, run_id=scheduled__2024-12-16T09:18:00+00:00, execution_date=20241216T091800, start_date=20241216T092653, end_date=20241216T092706
[2024-12-16T09:27:06.511+0000] {logging_mixin.py:190} INFO - Task instance in success state
[2024-12-16T09:27:06.511+0000] {logging_mixin.py:190} INFO -  Previous state of the Task instance: running
[2024-12-16T09:27:06.511+0000] {logging_mixin.py:190} INFO - Dag name:check_server_status queued_at:2024-12-16 09:19:00.297267+00:00
[2024-12-16T09:27:06.512+0000] {logging_mixin.py:190} INFO - Task hostname:0d789706375e operator:PythonOperator
[2024-12-16T09:27:06.534+0000] {local_task_job_runner.py:266} INFO - Task exited with return code 0
[2024-12-16T09:27:06.549+0000] {taskinstance.py:3895} INFO - 0 downstream tasks scheduled from follow-on schedule check
[2024-12-16T09:27:06.557+0000] {local_task_job_runner.py:245} INFO - ::endgroup::
