[2024-12-16T10:02:02.398+0000] {local_task_job_runner.py:123} INFO - ::group::Pre task execution logs
[2024-12-16T10:02:02.412+0000] {taskinstance.py:2613} INFO - Dependencies all met for dep_context=non-requeueable deps ti=<TaskInstance: check_server_status.check_server_status scheduled__2024-12-16T10:01:00+00:00 [queued]>
[2024-12-16T10:02:02.420+0000] {taskinstance.py:2613} INFO - Dependencies all met for dep_context=requeueable deps ti=<TaskInstance: check_server_status.check_server_status scheduled__2024-12-16T10:01:00+00:00 [queued]>
[2024-12-16T10:02:02.421+0000] {taskinstance.py:2866} INFO - Starting attempt 1 of 2
[2024-12-16T10:02:02.433+0000] {taskinstance.py:2889} INFO - Executing <Task(PythonOperator): check_server_status> on 2024-12-16 10:01:00+00:00
[2024-12-16T10:02:02.440+0000] {warnings.py:112} WARNING - /home/***/.local/lib/python3.12/site-packages/***/task/task_runner/standard_task_runner.py:70: DeprecationWarning: This process (pid=236) is multi-threaded, use of fork() may lead to deadlocks in the child.
  pid = os.fork()

[2024-12-16T10:02:02.441+0000] {standard_task_runner.py:72} INFO - Started process 238 to run task
[2024-12-16T10:02:02.442+0000] {standard_task_runner.py:104} INFO - Running: ['***', 'tasks', 'run', 'check_server_status', 'check_server_status', 'scheduled__2024-12-16T10:01:00+00:00', '--job-id', '77', '--raw', '--subdir', 'DAGS_FOLDER/check_server_status.py', '--cfg-path', '/tmp/tmpgnxka5kb']
[2024-12-16T10:02:02.443+0000] {standard_task_runner.py:105} INFO - Job 77: Subtask check_server_status
[2024-12-16T10:02:02.481+0000] {task_command.py:467} INFO - Running <TaskInstance: check_server_status.check_server_status scheduled__2024-12-16T10:01:00+00:00 [running]> on host f4f98c9b6a7f
[2024-12-16T10:02:02.754+0000] {taskinstance.py:3132} INFO - Exporting env vars: AIRFLOW_CTX_DAG_OWNER='***' AIRFLOW_CTX_DAG_ID='check_server_status' AIRFLOW_CTX_TASK_ID='check_server_status' AIRFLOW_CTX_EXECUTION_DATE='2024-12-16T10:01:00+00:00' AIRFLOW_CTX_TRY_NUMBER='1' AIRFLOW_CTX_DAG_RUN_ID='scheduled__2024-12-16T10:01:00+00:00'
[2024-12-16T10:02:02.754+0000] {logging_mixin.py:190} INFO - Task instance is in running state
[2024-12-16T10:02:02.755+0000] {logging_mixin.py:190} INFO -  Previous state of the Task instance: queued
[2024-12-16T10:02:02.755+0000] {logging_mixin.py:190} INFO - Current task name:check_server_status state:running start_date:2024-12-16 10:02:02.412717+00:00
[2024-12-16T10:02:02.755+0000] {logging_mixin.py:190} INFO - Dag name:check_server_status and current dag run status:running
[2024-12-16T10:02:02.755+0000] {taskinstance.py:731} INFO - ::endgroup::
[2024-12-16T10:02:02.769+0000] {transport.py:1944} INFO - Connected (version 2.0, client OpenSSH_8.9p1)
[2024-12-16T10:02:02.877+0000] {transport.py:1944} INFO - Authentication (publickey) successful!
[2024-12-16T10:02:03.199+0000] {logging_mixin.py:190} INFO - Server 3rdLack MN is up
[2024-12-16T10:02:03.214+0000] {transport.py:1944} INFO - Connected (version 2.0, client OpenSSH_8.9p1)
[2024-12-16T10:02:03.346+0000] {transport.py:1944} INFO - Authentication (publickey) successful!
[2024-12-16T10:02:03.731+0000] {logging_mixin.py:190} INFO - Server 3rdLack SN05 is up
[2024-12-16T10:02:03.745+0000] {transport.py:1944} INFO - Connected (version 2.0, client OpenSSH_8.9p1)
[2024-12-16T10:02:03.864+0000] {transport.py:1944} INFO - Authentication (publickey) successful!
[2024-12-16T10:02:04.235+0000] {logging_mixin.py:190} INFO - Server 3rdLack SN06 is up
[2024-12-16T10:02:04.251+0000] {transport.py:1944} INFO - Connected (version 2.0, client OpenSSH_8.9p1)
[2024-12-16T10:02:04.383+0000] {transport.py:1944} INFO - Authentication (publickey) successful!
[2024-12-16T10:02:04.790+0000] {logging_mixin.py:190} INFO - Server 3rdLack SN07 is up
[2024-12-16T10:02:04.804+0000] {transport.py:1944} INFO - Connected (version 2.0, client OpenSSH_8.9p1)
[2024-12-16T10:02:04.913+0000] {transport.py:1944} INFO - Authentication (publickey) successful!
[2024-12-16T10:02:05.285+0000] {logging_mixin.py:190} INFO - Server 3rdLack SN08 is up
[2024-12-16T10:02:05.305+0000] {transport.py:1944} INFO - Connected (version 2.0, client OpenSSH_8.2p1)
[2024-12-16T10:02:05.367+0000] {transport.py:1944} INFO - Authentication (publickey) successful!
[2024-12-16T10:02:05.692+0000] {logging_mixin.py:190} INFO - Server 1rdLack MN is up
[2024-12-16T10:02:05.721+0000] {transport.py:1944} INFO - Connected (version 2.0, client OpenSSH_8.2p1)
[2024-12-16T10:02:05.786+0000] {transport.py:1944} INFO - Authentication (publickey) successful!
[2024-12-16T10:02:06.699+0000] {logging_mixin.py:190} INFO - Server 1rdLack SN01 is up
[2024-12-16T10:02:06.727+0000] {transport.py:1944} INFO - Connected (version 2.0, client OpenSSH_8.2p1)
[2024-12-16T10:02:06.792+0000] {transport.py:1944} INFO - Authentication (publickey) successful!
[2024-12-16T10:02:07.703+0000] {logging_mixin.py:190} INFO - Server 1rdLack SN02 is up
[2024-12-16T10:02:07.733+0000] {transport.py:1944} INFO - Connected (version 2.0, client OpenSSH_8.2p1)
[2024-12-16T10:02:07.802+0000] {transport.py:1944} INFO - Authentication (publickey) successful!
[2024-12-16T10:02:08.760+0000] {logging_mixin.py:190} INFO - Server 1rdLack SN03 is up
[2024-12-16T10:02:08.790+0000] {transport.py:1944} INFO - Connected (version 2.0, client OpenSSH_8.2p1)
[2024-12-16T10:02:08.856+0000] {transport.py:1944} INFO - Authentication (publickey) successful!
[2024-12-16T10:02:09.748+0000] {logging_mixin.py:190} INFO - Server 1rdLack SN04 is up
[2024-12-16T10:02:09.778+0000] {transport.py:1944} INFO - Connected (version 2.0, client OpenSSH_8.2p1)
[2024-12-16T10:02:09.856+0000] {transport.py:1944} INFO - Authentication (publickey) successful!
[2024-12-16T10:02:10.808+0000] {logging_mixin.py:190} INFO - Server 1rdLack SN05 is up
[2024-12-16T10:02:10.839+0000] {transport.py:1944} INFO - Connected (version 2.0, client OpenSSH_8.2p1)
[2024-12-16T10:02:10.913+0000] {transport.py:1944} INFO - Authentication (publickey) successful!
[2024-12-16T10:02:11.797+0000] {logging_mixin.py:190} INFO - Server 1rdLack SN06 is up
[2024-12-16T10:02:11.829+0000] {transport.py:1944} INFO - Connected (version 2.0, client OpenSSH_8.2p1)
[2024-12-16T10:02:11.915+0000] {transport.py:1944} INFO - Authentication (publickey) successful!
[2024-12-16T10:02:12.883+0000] {logging_mixin.py:190} INFO - Server 1rdLack SN07 is up
[2024-12-16T10:02:12.914+0000] {transport.py:1944} INFO - Connected (version 2.0, client OpenSSH_8.2p1)
[2024-12-16T10:02:12.978+0000] {transport.py:1944} INFO - Authentication (publickey) successful!
[2024-12-16T10:02:13.883+0000] {logging_mixin.py:190} INFO - Server 1rdLack SN09 is up
[2024-12-16T10:02:13.890+0000] {transport.py:1944} INFO - Connected (version 2.0, client OpenSSH_8.2p1)
[2024-12-16T10:02:13.939+0000] {transport.py:1944} INFO - Authentication (publickey) successful!
[2024-12-16T10:02:14.122+0000] {logging_mixin.py:190} INFO - Server cs1 is up
[2024-12-16T10:02:14.132+0000] {transport.py:1944} INFO - Connected (version 2.0, client OpenSSH_8.2p1)
[2024-12-16T10:02:14.255+0000] {transport.py:1944} INFO - Authentication (publickey) successful!
[2024-12-16T10:02:14.433+0000] {logging_mixin.py:190} INFO - Server DL01 is up
[2024-12-16T10:02:14.443+0000] {transport.py:1944} INFO - Connected (version 2.0, client OpenSSH_8.2p1)
[2024-12-16T10:02:14.557+0000] {transport.py:1944} INFO - Authentication (publickey) successful!
[2024-12-16T10:02:14.726+0000] {logging_mixin.py:190} INFO - Server DL02 is up
[2024-12-16T10:02:14.737+0000] {transport.py:1944} INFO - Connected (version 2.0, client OpenSSH_8.2p1)
[2024-12-16T10:02:14.841+0000] {transport.py:1944} INFO - Authentication (publickey) successful!
[2024-12-16T10:02:14.969+0000] {logging_mixin.py:190} INFO - Server DL03 is up
[2024-12-16T10:02:18.373+0000] {logging_mixin.py:190} INFO - Discord alert sent successfully
[2024-12-16T10:02:18.375+0000] {python.py:240} INFO - Done. Returned value was: None
[2024-12-16T10:02:18.389+0000] {taskinstance.py:340} INFO - ::group::Post task execution logs
[2024-12-16T10:02:18.390+0000] {taskinstance.py:352} INFO - Marking task as SUCCESS. dag_id=check_server_status, task_id=check_server_status, run_id=scheduled__2024-12-16T10:01:00+00:00, execution_date=20241216T100100, start_date=20241216T100202, end_date=20241216T100218
[2024-12-16T10:02:18.404+0000] {logging_mixin.py:190} INFO - Task instance in success state
[2024-12-16T10:02:18.404+0000] {logging_mixin.py:190} INFO -  Previous state of the Task instance: running
[2024-12-16T10:02:18.405+0000] {logging_mixin.py:190} INFO - Dag name:check_server_status queued_at:2024-12-16 10:02:00.755118+00:00
[2024-12-16T10:02:18.405+0000] {logging_mixin.py:190} INFO - Task hostname:f4f98c9b6a7f operator:PythonOperator
[2024-12-16T10:02:18.436+0000] {local_task_job_runner.py:266} INFO - Task exited with return code 0
[2024-12-16T10:02:18.456+0000] {taskinstance.py:3895} INFO - 0 downstream tasks scheduled from follow-on schedule check
[2024-12-16T10:02:18.458+0000] {local_task_job_runner.py:245} INFO - ::endgroup::
