[2024-12-16T11:03:02.188+0000] {local_task_job_runner.py:123} INFO - ::group::Pre task execution logs
[2024-12-16T11:03:02.202+0000] {taskinstance.py:2613} INFO - Dependencies all met for dep_context=non-requeueable deps ti=<TaskInstance: check_server_status.check_server_status scheduled__2024-12-16T11:02:00+00:00 [queued]>
[2024-12-16T11:03:02.208+0000] {taskinstance.py:2613} INFO - Dependencies all met for dep_context=requeueable deps ti=<TaskInstance: check_server_status.check_server_status scheduled__2024-12-16T11:02:00+00:00 [queued]>
[2024-12-16T11:03:02.208+0000] {taskinstance.py:2866} INFO - Starting attempt 1 of 2
[2024-12-16T11:03:02.218+0000] {taskinstance.py:2889} INFO - Executing <Task(PythonOperator): check_server_status> on 2024-12-16 11:02:00+00:00
[2024-12-16T11:03:02.224+0000] {warnings.py:112} WARNING - /home/***/.local/lib/python3.12/site-packages/***/task/task_runner/standard_task_runner.py:70: DeprecationWarning: This process (pid=1002) is multi-threaded, use of fork() may lead to deadlocks in the child.
  pid = os.fork()

[2024-12-16T11:03:02.225+0000] {standard_task_runner.py:72} INFO - Started process 1004 to run task
[2024-12-16T11:03:02.225+0000] {standard_task_runner.py:104} INFO - Running: ['***', 'tasks', 'run', 'check_server_status', 'check_server_status', 'scheduled__2024-12-16T11:02:00+00:00', '--job-id', '111', '--raw', '--subdir', 'DAGS_FOLDER/check_server_status.py', '--cfg-path', '/tmp/tmpcpyqaqtd']
[2024-12-16T11:03:02.226+0000] {standard_task_runner.py:105} INFO - Job 111: Subtask check_server_status
[2024-12-16T11:03:02.261+0000] {task_command.py:467} INFO - Running <TaskInstance: check_server_status.check_server_status scheduled__2024-12-16T11:02:00+00:00 [running]> on host 1b59279a9320
[2024-12-16T11:03:02.517+0000] {taskinstance.py:3132} INFO - Exporting env vars: AIRFLOW_CTX_DAG_OWNER='***' AIRFLOW_CTX_DAG_ID='check_server_status' AIRFLOW_CTX_TASK_ID='check_server_status' AIRFLOW_CTX_EXECUTION_DATE='2024-12-16T11:02:00+00:00' AIRFLOW_CTX_TRY_NUMBER='1' AIRFLOW_CTX_DAG_RUN_ID='scheduled__2024-12-16T11:02:00+00:00'
[2024-12-16T11:03:02.518+0000] {logging_mixin.py:190} INFO - Task instance is in running state
[2024-12-16T11:03:02.518+0000] {logging_mixin.py:190} INFO -  Previous state of the Task instance: queued
[2024-12-16T11:03:02.518+0000] {logging_mixin.py:190} INFO - Current task name:check_server_status state:running start_date:2024-12-16 11:03:02.202516+00:00
[2024-12-16T11:03:02.519+0000] {logging_mixin.py:190} INFO - Dag name:check_server_status and current dag run status:running
[2024-12-16T11:03:02.519+0000] {taskinstance.py:731} INFO - ::endgroup::
[2024-12-16T11:03:02.533+0000] {transport.py:1944} INFO - Connected (version 2.0, client OpenSSH_8.9p1)
[2024-12-16T11:03:02.641+0000] {transport.py:1944} INFO - Authentication (publickey) successful!
[2024-12-16T11:03:02.970+0000] {logging_mixin.py:190} INFO - Server 3rdLack MN is up
[2024-12-16T11:03:02.984+0000] {transport.py:1944} INFO - Connected (version 2.0, client OpenSSH_8.9p1)
[2024-12-16T11:03:03.095+0000] {transport.py:1944} INFO - Authentication (publickey) successful!
[2024-12-16T11:03:03.479+0000] {logging_mixin.py:190} INFO - Server 3rdLack SN05 is up
[2024-12-16T11:03:03.493+0000] {transport.py:1944} INFO - Connected (version 2.0, client OpenSSH_8.9p1)
[2024-12-16T11:03:03.605+0000] {transport.py:1944} INFO - Authentication (publickey) successful!
[2024-12-16T11:03:03.971+0000] {logging_mixin.py:190} INFO - Server 3rdLack SN06 is up
[2024-12-16T11:03:03.987+0000] {transport.py:1944} INFO - Connected (version 2.0, client OpenSSH_8.9p1)
[2024-12-16T11:03:04.122+0000] {transport.py:1944} INFO - Authentication (publickey) successful!
[2024-12-16T11:03:04.523+0000] {logging_mixin.py:190} INFO - Server 3rdLack SN07 is up
[2024-12-16T11:03:04.538+0000] {transport.py:1944} INFO - Connected (version 2.0, client OpenSSH_8.9p1)
[2024-12-16T11:03:04.656+0000] {transport.py:1944} INFO - Authentication (publickey) successful!
[2024-12-16T11:03:05.021+0000] {logging_mixin.py:190} INFO - Server 3rdLack SN08 is up
[2024-12-16T11:03:05.040+0000] {transport.py:1944} INFO - Connected (version 2.0, client OpenSSH_8.2p1)
[2024-12-16T11:03:05.101+0000] {transport.py:1944} INFO - Authentication (publickey) successful!
[2024-12-16T11:03:05.796+0000] {logging_mixin.py:190} INFO - Server 1rdLack MN is up
[2024-12-16T11:03:05.825+0000] {transport.py:1944} INFO - Connected (version 2.0, client OpenSSH_8.2p1)
[2024-12-16T11:03:05.892+0000] {transport.py:1944} INFO - Authentication (publickey) successful!
[2024-12-16T11:03:06.812+0000] {logging_mixin.py:190} INFO - Server 1rdLack SN01 is up
[2024-12-16T11:03:06.841+0000] {transport.py:1944} INFO - Connected (version 2.0, client OpenSSH_8.2p1)
[2024-12-16T11:03:06.905+0000] {transport.py:1944} INFO - Authentication (publickey) successful!
[2024-12-16T11:03:07.820+0000] {logging_mixin.py:190} INFO - Server 1rdLack SN02 is up
[2024-12-16T11:03:07.851+0000] {transport.py:1944} INFO - Connected (version 2.0, client OpenSSH_8.2p1)
[2024-12-16T11:03:07.924+0000] {transport.py:1944} INFO - Authentication (publickey) successful!
[2024-12-16T11:03:08.817+0000] {logging_mixin.py:190} INFO - Server 1rdLack SN03 is up
[2024-12-16T11:03:08.849+0000] {transport.py:1944} INFO - Connected (version 2.0, client OpenSSH_8.2p1)
[2024-12-16T11:03:08.916+0000] {transport.py:1944} INFO - Authentication (publickey) successful!
[2024-12-16T11:03:09.836+0000] {logging_mixin.py:190} INFO - Server 1rdLack SN04 is up
[2024-12-16T11:03:09.868+0000] {transport.py:1944} INFO - Connected (version 2.0, client OpenSSH_8.2p1)
[2024-12-16T11:03:09.960+0000] {transport.py:1944} INFO - Authentication (publickey) successful!
[2024-12-16T11:03:10.899+0000] {logging_mixin.py:190} INFO - Server 1rdLack SN05 is up
[2024-12-16T11:03:10.930+0000] {transport.py:1944} INFO - Connected (version 2.0, client OpenSSH_8.2p1)
[2024-12-16T11:03:10.999+0000] {transport.py:1944} INFO - Authentication (publickey) successful!
[2024-12-16T11:03:11.907+0000] {logging_mixin.py:190} INFO - Server 1rdLack SN06 is up
[2024-12-16T11:03:11.938+0000] {transport.py:1944} INFO - Connected (version 2.0, client OpenSSH_8.2p1)
[2024-12-16T11:03:12.006+0000] {transport.py:1944} INFO - Authentication (publickey) successful!
[2024-12-16T11:03:12.992+0000] {logging_mixin.py:190} INFO - Server 1rdLack SN07 is up
[2024-12-16T11:03:13.023+0000] {transport.py:1944} INFO - Connected (version 2.0, client OpenSSH_8.2p1)
[2024-12-16T11:03:13.087+0000] {transport.py:1944} INFO - Authentication (publickey) successful!
[2024-12-16T11:03:14.023+0000] {logging_mixin.py:190} INFO - Server 1rdLack SN09 is up
[2024-12-16T11:03:14.030+0000] {transport.py:1944} INFO - Connected (version 2.0, client OpenSSH_8.2p1)
[2024-12-16T11:03:14.093+0000] {transport.py:1944} INFO - Authentication (publickey) successful!
[2024-12-16T11:03:14.275+0000] {logging_mixin.py:190} INFO - Server cs1 is up
[2024-12-16T11:03:14.288+0000] {transport.py:1944} INFO - Connected (version 2.0, client OpenSSH_8.2p1)
[2024-12-16T11:03:14.443+0000] {transport.py:1944} INFO - Authentication (publickey) successful!
[2024-12-16T11:03:14.617+0000] {logging_mixin.py:190} INFO - Server DL01 is up
[2024-12-16T11:03:14.624+0000] {transport.py:1944} INFO - Connected (version 2.0, client OpenSSH_8.2p1)
[2024-12-16T11:03:14.752+0000] {transport.py:1944} INFO - Authentication (publickey) successful!
[2024-12-16T11:03:14.918+0000] {logging_mixin.py:190} INFO - Server DL02 is up
[2024-12-16T11:03:14.929+0000] {transport.py:1944} INFO - Connected (version 2.0, client OpenSSH_8.2p1)
[2024-12-16T11:03:15.034+0000] {transport.py:1944} INFO - Authentication (publickey) successful!
[2024-12-16T11:03:15.170+0000] {logging_mixin.py:190} INFO - Server DL03 is up
[2024-12-16T11:03:18.494+0000] {logging_mixin.py:190} INFO - Discord alert sent successfully
[2024-12-16T11:03:18.495+0000] {python.py:240} INFO - Done. Returned value was: None
[2024-12-16T11:03:18.505+0000] {taskinstance.py:340} INFO - ::group::Post task execution logs
[2024-12-16T11:03:18.506+0000] {taskinstance.py:352} INFO - Marking task as SUCCESS. dag_id=check_server_status, task_id=check_server_status, run_id=scheduled__2024-12-16T11:02:00+00:00, execution_date=20241216T110200, start_date=20241216T110302, end_date=20241216T110318
[2024-12-16T11:03:18.515+0000] {logging_mixin.py:190} INFO - Task instance in success state
[2024-12-16T11:03:18.516+0000] {logging_mixin.py:190} INFO -  Previous state of the Task instance: running
[2024-12-16T11:03:18.516+0000] {logging_mixin.py:190} INFO - Dag name:check_server_status queued_at:2024-12-16 11:03:00.828859+00:00
[2024-12-16T11:03:18.516+0000] {logging_mixin.py:190} INFO - Task hostname:1b59279a9320 operator:PythonOperator
[2024-12-16T11:03:18.547+0000] {local_task_job_runner.py:266} INFO - Task exited with return code 0
[2024-12-16T11:03:18.561+0000] {taskinstance.py:3895} INFO - 0 downstream tasks scheduled from follow-on schedule check
[2024-12-16T11:03:18.562+0000] {local_task_job_runner.py:245} INFO - ::endgroup::
