[2024-12-16T11:02:01.345+0000] {local_task_job_runner.py:123} INFO - ::group::Pre task execution logs
[2024-12-16T11:02:01.358+0000] {taskinstance.py:2613} INFO - Dependencies all met for dep_context=non-requeueable deps ti=<TaskInstance: check_server_status.check_server_status scheduled__2024-12-16T11:01:00+00:00 [queued]>
[2024-12-16T11:02:01.364+0000] {taskinstance.py:2613} INFO - Dependencies all met for dep_context=requeueable deps ti=<TaskInstance: check_server_status.check_server_status scheduled__2024-12-16T11:01:00+00:00 [queued]>
[2024-12-16T11:02:01.364+0000] {taskinstance.py:2866} INFO - Starting attempt 1 of 2
[2024-12-16T11:02:01.374+0000] {taskinstance.py:2889} INFO - Executing <Task(PythonOperator): check_server_status> on 2024-12-16 11:01:00+00:00
[2024-12-16T11:02:01.381+0000] {warnings.py:112} WARNING - /home/***/.local/lib/python3.12/site-packages/***/task/task_runner/standard_task_runner.py:70: DeprecationWarning: This process (pid=948) is multi-threaded, use of fork() may lead to deadlocks in the child.
  pid = os.fork()

[2024-12-16T11:02:01.382+0000] {standard_task_runner.py:72} INFO - Started process 950 to run task
[2024-12-16T11:02:01.383+0000] {standard_task_runner.py:104} INFO - Running: ['***', 'tasks', 'run', 'check_server_status', 'check_server_status', 'scheduled__2024-12-16T11:01:00+00:00', '--job-id', '110', '--raw', '--subdir', 'DAGS_FOLDER/check_server_status.py', '--cfg-path', '/tmp/tmpnitn1t8f']
[2024-12-16T11:02:01.384+0000] {standard_task_runner.py:105} INFO - Job 110: Subtask check_server_status
[2024-12-16T11:02:01.421+0000] {task_command.py:467} INFO - Running <TaskInstance: check_server_status.check_server_status scheduled__2024-12-16T11:01:00+00:00 [running]> on host 1b59279a9320
[2024-12-16T11:02:01.674+0000] {taskinstance.py:3132} INFO - Exporting env vars: AIRFLOW_CTX_DAG_OWNER='***' AIRFLOW_CTX_DAG_ID='check_server_status' AIRFLOW_CTX_TASK_ID='check_server_status' AIRFLOW_CTX_EXECUTION_DATE='2024-12-16T11:01:00+00:00' AIRFLOW_CTX_TRY_NUMBER='1' AIRFLOW_CTX_DAG_RUN_ID='scheduled__2024-12-16T11:01:00+00:00'
[2024-12-16T11:02:01.675+0000] {logging_mixin.py:190} INFO - Task instance is in running state
[2024-12-16T11:02:01.676+0000] {logging_mixin.py:190} INFO -  Previous state of the Task instance: queued
[2024-12-16T11:02:01.676+0000] {logging_mixin.py:190} INFO - Current task name:check_server_status state:running start_date:2024-12-16 11:02:01.358902+00:00
[2024-12-16T11:02:01.676+0000] {logging_mixin.py:190} INFO - Dag name:check_server_status and current dag run status:running
[2024-12-16T11:02:01.676+0000] {taskinstance.py:731} INFO - ::endgroup::
[2024-12-16T11:02:01.690+0000] {transport.py:1944} INFO - Connected (version 2.0, client OpenSSH_8.9p1)
[2024-12-16T11:02:01.806+0000] {transport.py:1944} INFO - Authentication (publickey) successful!
[2024-12-16T11:02:02.122+0000] {logging_mixin.py:190} INFO - Server 3rdLack MN is up
[2024-12-16T11:02:02.136+0000] {transport.py:1944} INFO - Connected (version 2.0, client OpenSSH_8.9p1)
[2024-12-16T11:02:02.251+0000] {transport.py:1944} INFO - Authentication (publickey) successful!
[2024-12-16T11:02:02.655+0000] {logging_mixin.py:190} INFO - Server 3rdLack SN05 is up
[2024-12-16T11:02:02.670+0000] {transport.py:1944} INFO - Connected (version 2.0, client OpenSSH_8.9p1)
[2024-12-16T11:02:02.790+0000] {transport.py:1944} INFO - Authentication (publickey) successful!
[2024-12-16T11:02:03.176+0000] {logging_mixin.py:190} INFO - Server 3rdLack SN06 is up
[2024-12-16T11:02:03.189+0000] {transport.py:1944} INFO - Connected (version 2.0, client OpenSSH_8.9p1)
[2024-12-16T11:02:03.308+0000] {transport.py:1944} INFO - Authentication (publickey) successful!
[2024-12-16T11:02:03.721+0000] {logging_mixin.py:190} INFO - Server 3rdLack SN07 is up
[2024-12-16T11:02:03.735+0000] {transport.py:1944} INFO - Connected (version 2.0, client OpenSSH_8.9p1)
[2024-12-16T11:02:03.837+0000] {transport.py:1944} INFO - Authentication (publickey) successful!
[2024-12-16T11:02:04.206+0000] {logging_mixin.py:190} INFO - Server 3rdLack SN08 is up
[2024-12-16T11:02:04.227+0000] {transport.py:1944} INFO - Connected (version 2.0, client OpenSSH_8.2p1)
[2024-12-16T11:02:04.295+0000] {transport.py:1944} INFO - Authentication (publickey) successful!
[2024-12-16T11:02:05.029+0000] {logging_mixin.py:190} INFO - Server 1rdLack MN is up
[2024-12-16T11:02:05.092+0000] {transport.py:1944} INFO - Connected (version 2.0, client OpenSSH_8.2p1)
[2024-12-16T11:02:05.169+0000] {transport.py:1944} INFO - Authentication (publickey) successful!
[2024-12-16T11:02:06.241+0000] {logging_mixin.py:190} INFO - Server 1rdLack SN01 is up
[2024-12-16T11:02:06.272+0000] {transport.py:1944} INFO - Connected (version 2.0, client OpenSSH_8.2p1)
[2024-12-16T11:02:06.338+0000] {transport.py:1944} INFO - Authentication (publickey) successful!
[2024-12-16T11:02:07.324+0000] {logging_mixin.py:190} INFO - Server 1rdLack SN02 is up
[2024-12-16T11:02:07.354+0000] {transport.py:1944} INFO - Connected (version 2.0, client OpenSSH_8.2p1)
[2024-12-16T11:02:07.433+0000] {transport.py:1944} INFO - Authentication (publickey) successful!
[2024-12-16T11:02:08.371+0000] {logging_mixin.py:190} INFO - Server 1rdLack SN03 is up
[2024-12-16T11:02:08.401+0000] {transport.py:1944} INFO - Connected (version 2.0, client OpenSSH_8.2p1)
[2024-12-16T11:02:08.478+0000] {transport.py:1944} INFO - Authentication (publickey) successful!
[2024-12-16T11:02:09.436+0000] {logging_mixin.py:190} INFO - Server 1rdLack SN04 is up
[2024-12-16T11:02:09.470+0000] {transport.py:1944} INFO - Connected (version 2.0, client OpenSSH_8.2p1)
[2024-12-16T11:02:09.557+0000] {transport.py:1944} INFO - Authentication (publickey) successful!
[2024-12-16T11:02:10.660+0000] {logging_mixin.py:190} INFO - Server 1rdLack SN05 is up
[2024-12-16T11:02:10.689+0000] {transport.py:1944} INFO - Connected (version 2.0, client OpenSSH_8.2p1)
[2024-12-16T11:02:10.761+0000] {transport.py:1944} INFO - Authentication (publickey) successful!
[2024-12-16T11:02:11.744+0000] {logging_mixin.py:190} INFO - Server 1rdLack SN06 is up
[2024-12-16T11:02:11.775+0000] {transport.py:1944} INFO - Connected (version 2.0, client OpenSSH_8.2p1)
[2024-12-16T11:02:11.858+0000] {transport.py:1944} INFO - Authentication (publickey) successful!
[2024-12-16T11:02:13.133+0000] {logging_mixin.py:190} INFO - Server 1rdLack SN07 is up
[2024-12-16T11:02:13.166+0000] {transport.py:1944} INFO - Connected (version 2.0, client OpenSSH_8.2p1)
[2024-12-16T11:02:13.248+0000] {transport.py:1944} INFO - Authentication (publickey) successful!
[2024-12-16T11:02:14.308+0000] {logging_mixin.py:190} INFO - Server 1rdLack SN09 is up
[2024-12-16T11:02:14.314+0000] {transport.py:1944} INFO - Connected (version 2.0, client OpenSSH_8.2p1)
[2024-12-16T11:02:14.364+0000] {transport.py:1944} INFO - Authentication (publickey) successful!
[2024-12-16T11:02:14.778+0000] {logging_mixin.py:190} INFO - Server cs1 is up
[2024-12-16T11:02:14.791+0000] {transport.py:1944} INFO - Connected (version 2.0, client OpenSSH_8.2p1)
[2024-12-16T11:02:14.906+0000] {transport.py:1944} INFO - Authentication (publickey) successful!
[2024-12-16T11:02:15.105+0000] {logging_mixin.py:190} INFO - Server DL01 is up
[2024-12-16T11:02:15.111+0000] {transport.py:1944} INFO - Connected (version 2.0, client OpenSSH_8.2p1)
[2024-12-16T11:02:15.212+0000] {transport.py:1944} INFO - Authentication (publickey) successful!
[2024-12-16T11:02:15.386+0000] {logging_mixin.py:190} INFO - Server DL02 is up
[2024-12-16T11:02:15.397+0000] {transport.py:1944} INFO - Connected (version 2.0, client OpenSSH_8.2p1)
[2024-12-16T11:02:15.527+0000] {transport.py:1944} INFO - Authentication (publickey) successful!
[2024-12-16T11:02:15.665+0000] {logging_mixin.py:190} INFO - Server DL03 is up
[2024-12-16T11:02:18.976+0000] {logging_mixin.py:190} INFO - Discord alert sent successfully
[2024-12-16T11:02:18.976+0000] {python.py:240} INFO - Done. Returned value was: None
[2024-12-16T11:02:18.984+0000] {taskinstance.py:340} INFO - ::group::Post task execution logs
[2024-12-16T11:02:18.985+0000] {taskinstance.py:352} INFO - Marking task as SUCCESS. dag_id=check_server_status, task_id=check_server_status, run_id=scheduled__2024-12-16T11:01:00+00:00, execution_date=20241216T110100, start_date=20241216T110201, end_date=20241216T110218
[2024-12-16T11:02:18.994+0000] {logging_mixin.py:190} INFO - Task instance in success state
[2024-12-16T11:02:18.994+0000] {logging_mixin.py:190} INFO -  Previous state of the Task instance: running
[2024-12-16T11:02:18.994+0000] {logging_mixin.py:190} INFO - Dag name:check_server_status queued_at:2024-12-16 11:02:00.013357+00:00
[2024-12-16T11:02:18.994+0000] {logging_mixin.py:190} INFO - Task hostname:1b59279a9320 operator:PythonOperator
[2024-12-16T11:02:19.024+0000] {local_task_job_runner.py:266} INFO - Task exited with return code 0
[2024-12-16T11:02:19.039+0000] {taskinstance.py:3895} INFO - 0 downstream tasks scheduled from follow-on schedule check
[2024-12-16T11:02:19.041+0000] {local_task_job_runner.py:245} INFO - ::endgroup::
