[2024-12-16T09:26:53.773+0000] {local_task_job_runner.py:123} INFO - ::group::Pre task execution logs
[2024-12-16T09:26:53.808+0000] {taskinstance.py:2613} INFO - Dependencies all met for dep_context=non-requeueable deps ti=<TaskInstance: check_server_status.check_server_status scheduled__2024-12-16T09:16:00+00:00 [queued]>
[2024-12-16T09:26:54.104+0000] {taskinstance.py:2613} INFO - Dependencies all met for dep_context=requeueable deps ti=<TaskInstance: check_server_status.check_server_status scheduled__2024-12-16T09:16:00+00:00 [queued]>
[2024-12-16T09:26:54.104+0000] {taskinstance.py:2866} INFO - Starting attempt 2 of 2
[2024-12-16T09:26:54.180+0000] {taskinstance.py:2889} INFO - Executing <Task(PythonOperator): check_server_status> on 2024-12-16 09:16:00+00:00
[2024-12-16T09:26:54.194+0000] {warnings.py:112} WARNING - /home/***/.local/lib/python3.12/site-packages/***/task/task_runner/standard_task_runner.py:70: DeprecationWarning: This process (pid=69) is multi-threaded, use of fork() may lead to deadlocks in the child.
  pid = os.fork()

[2024-12-16T09:26:54.198+0000] {standard_task_runner.py:72} INFO - Started process 86 to run task
[2024-12-16T09:26:54.202+0000] {standard_task_runner.py:104} INFO - Running: ['***', 'tasks', 'run', 'check_server_status', 'check_server_status', 'scheduled__2024-12-16T09:16:00+00:00', '--job-id', '20', '--raw', '--subdir', 'DAGS_FOLDER/check_server_status.py', '--cfg-path', '/tmp/tmpmnn8xzqk']
[2024-12-16T09:26:54.206+0000] {standard_task_runner.py:105} INFO - Job 20: Subtask check_server_status
[2024-12-16T09:26:54.368+0000] {task_command.py:467} INFO - Running <TaskInstance: check_server_status.check_server_status scheduled__2024-12-16T09:16:00+00:00 [running]> on host 0d789706375e
[2024-12-16T09:26:54.551+0000] {taskinstance.py:3132} INFO - Exporting env vars: AIRFLOW_CTX_DAG_OWNER='***' AIRFLOW_CTX_DAG_ID='check_server_status' AIRFLOW_CTX_TASK_ID='check_server_status' AIRFLOW_CTX_EXECUTION_DATE='2024-12-16T09:16:00+00:00' AIRFLOW_CTX_TRY_NUMBER='2' AIRFLOW_CTX_DAG_RUN_ID='scheduled__2024-12-16T09:16:00+00:00'
[2024-12-16T09:26:54.554+0000] {logging_mixin.py:190} INFO - Task instance is in running state
[2024-12-16T09:26:54.557+0000] {logging_mixin.py:190} INFO -  Previous state of the Task instance: queued
[2024-12-16T09:26:54.557+0000] {logging_mixin.py:190} INFO - Current task name:check_server_status state:running start_date:2024-12-16 09:26:53.809197+00:00
[2024-12-16T09:26:54.558+0000] {logging_mixin.py:190} INFO - Dag name:check_server_status and current dag run status:running
[2024-12-16T09:26:54.558+0000] {taskinstance.py:731} INFO - ::endgroup::
[2024-12-16T09:26:54.573+0000] {transport.py:1944} INFO - Connected (version 2.0, client OpenSSH_8.9p1)
[2024-12-16T09:26:54.989+0000] {logging_mixin.py:190} INFO - Discord alert sent successfully
[2024-12-16T09:26:55.002+0000] {transport.py:1944} INFO - Connected (version 2.0, client OpenSSH_8.9p1)
[2024-12-16T09:26:55.360+0000] {logging_mixin.py:190} INFO - Failed to send alert: 429
[2024-12-16T09:26:55.373+0000] {transport.py:1944} INFO - Connected (version 2.0, client OpenSSH_8.9p1)
[2024-12-16T09:26:55.682+0000] {logging_mixin.py:190} INFO - Failed to send alert: 429
[2024-12-16T09:26:55.695+0000] {transport.py:1944} INFO - Connected (version 2.0, client OpenSSH_8.9p1)
[2024-12-16T09:26:55.996+0000] {logging_mixin.py:190} INFO - Failed to send alert: 429
[2024-12-16T09:26:56.009+0000] {transport.py:1944} INFO - Connected (version 2.0, client OpenSSH_8.9p1)
[2024-12-16T09:26:56.305+0000] {logging_mixin.py:190} INFO - Failed to send alert: 429
[2024-12-16T09:26:56.325+0000] {transport.py:1944} INFO - Connected (version 2.0, client OpenSSH_8.2p1)
[2024-12-16T09:26:56.605+0000] {logging_mixin.py:190} INFO - Failed to send alert: 429
[2024-12-16T09:26:56.638+0000] {transport.py:1944} INFO - Connected (version 2.0, client OpenSSH_8.2p1)
[2024-12-16T09:26:56.927+0000] {logging_mixin.py:190} INFO - Failed to send alert: 429
[2024-12-16T09:26:56.956+0000] {transport.py:1944} INFO - Connected (version 2.0, client OpenSSH_8.2p1)
[2024-12-16T09:26:57.221+0000] {logging_mixin.py:190} INFO - Failed to send alert: 429
[2024-12-16T09:26:57.248+0000] {transport.py:1944} INFO - Connected (version 2.0, client OpenSSH_8.2p1)
[2024-12-16T09:26:57.528+0000] {logging_mixin.py:190} INFO - Failed to send alert: 429
[2024-12-16T09:26:57.556+0000] {transport.py:1944} INFO - Connected (version 2.0, client OpenSSH_8.2p1)
[2024-12-16T09:26:57.820+0000] {logging_mixin.py:190} INFO - Failed to send alert: 429
[2024-12-16T09:26:57.847+0000] {transport.py:1944} INFO - Connected (version 2.0, client OpenSSH_8.2p1)
[2024-12-16T09:26:58.111+0000] {logging_mixin.py:190} INFO - Failed to send alert: 429
[2024-12-16T09:26:58.141+0000] {transport.py:1944} INFO - Connected (version 2.0, client OpenSSH_8.2p1)
[2024-12-16T09:26:58.408+0000] {logging_mixin.py:190} INFO - Failed to send alert: 429
[2024-12-16T09:26:58.437+0000] {transport.py:1944} INFO - Connected (version 2.0, client OpenSSH_8.2p1)
[2024-12-16T09:26:58.714+0000] {logging_mixin.py:190} INFO - Failed to send alert: 429
[2024-12-16T09:26:58.742+0000] {transport.py:1944} INFO - Connected (version 2.0, client OpenSSH_8.2p1)
[2024-12-16T09:26:59.014+0000] {logging_mixin.py:190} INFO - Failed to send alert: 429
[2024-12-16T09:26:59.020+0000] {transport.py:1944} INFO - Connected (version 2.0, client OpenSSH_8.2p1)
[2024-12-16T09:26:59.271+0000] {logging_mixin.py:190} INFO - Failed to send alert: 429
[2024-12-16T09:26:59.277+0000] {transport.py:1944} INFO - Connected (version 2.0, client OpenSSH_8.2p1)
[2024-12-16T09:26:59.577+0000] {logging_mixin.py:190} INFO - Failed to send alert: 429
[2024-12-16T09:26:59.588+0000] {transport.py:1944} INFO - Connected (version 2.0, client OpenSSH_8.2p1)
[2024-12-16T09:26:59.890+0000] {logging_mixin.py:190} INFO - Failed to send alert: 429
[2024-12-16T09:26:59.905+0000] {transport.py:1944} INFO - Connected (version 2.0, client OpenSSH_8.2p1)
[2024-12-16T09:27:00.230+0000] {logging_mixin.py:190} INFO - Failed to send alert: 429
[2024-12-16T09:27:06.460+0000] {logging_mixin.py:190} INFO - Failed to send alert: 429
[2024-12-16T09:27:06.461+0000] {python.py:240} INFO - Done. Returned value was: None
[2024-12-16T09:27:06.470+0000] {taskinstance.py:340} INFO - ::group::Post task execution logs
[2024-12-16T09:27:06.470+0000] {taskinstance.py:352} INFO - Marking task as SUCCESS. dag_id=check_server_status, task_id=check_server_status, run_id=scheduled__2024-12-16T09:16:00+00:00, execution_date=20241216T091600, start_date=20241216T092653, end_date=20241216T092706
[2024-12-16T09:27:06.501+0000] {logging_mixin.py:190} INFO - Task instance in success state
[2024-12-16T09:27:06.502+0000] {logging_mixin.py:190} INFO -  Previous state of the Task instance: running
[2024-12-16T09:27:06.502+0000] {logging_mixin.py:190} INFO - Dag name:check_server_status queued_at:2024-12-16 09:18:04.409922+00:00
[2024-12-16T09:27:06.502+0000] {logging_mixin.py:190} INFO - Task hostname:0d789706375e operator:PythonOperator
[2024-12-16T09:27:06.516+0000] {local_task_job_runner.py:266} INFO - Task exited with return code 0
[2024-12-16T09:27:06.531+0000] {taskinstance.py:3895} INFO - 0 downstream tasks scheduled from follow-on schedule check
[2024-12-16T09:27:06.556+0000] {local_task_job_runner.py:245} INFO - ::endgroup::
