[2024-12-16T11:14:56.276+0000] {local_task_job_runner.py:123} INFO - ::group::Pre task execution logs
[2024-12-16T11:14:56.290+0000] {taskinstance.py:2613} INFO - Dependencies all met for dep_context=non-requeueable deps ti=<TaskInstance: check_server_status.check_server_status scheduled__2024-12-16T11:13:00+00:00 [queued]>
[2024-12-16T11:14:56.296+0000] {taskinstance.py:2613} INFO - Dependencies all met for dep_context=requeueable deps ti=<TaskInstance: check_server_status.check_server_status scheduled__2024-12-16T11:13:00+00:00 [queued]>
[2024-12-16T11:14:56.296+0000] {taskinstance.py:2866} INFO - Starting attempt 1 of 2
[2024-12-16T11:14:56.307+0000] {taskinstance.py:2889} INFO - Executing <Task(PythonOperator): check_server_status> on 2024-12-16 11:13:00+00:00
[2024-12-16T11:14:56.314+0000] {warnings.py:112} WARNING - /home/***/.local/lib/python3.12/site-packages/***/task/task_runner/standard_task_runner.py:70: DeprecationWarning: This process (pid=69) is multi-threaded, use of fork() may lead to deadlocks in the child.
  pid = os.fork()

[2024-12-16T11:14:56.315+0000] {standard_task_runner.py:72} INFO - Started process 71 to run task
[2024-12-16T11:14:56.316+0000] {standard_task_runner.py:104} INFO - Running: ['***', 'tasks', 'run', 'check_server_status', 'check_server_status', 'scheduled__2024-12-16T11:13:00+00:00', '--job-id', '124', '--raw', '--subdir', 'DAGS_FOLDER/check_server_status.py', '--cfg-path', '/tmp/tmpbyrx07fi']
[2024-12-16T11:14:56.316+0000] {standard_task_runner.py:105} INFO - Job 124: Subtask check_server_status
[2024-12-16T11:14:56.353+0000] {task_command.py:467} INFO - Running <TaskInstance: check_server_status.check_server_status scheduled__2024-12-16T11:13:00+00:00 [running]> on host a9edcc228d1b
[2024-12-16T11:14:56.434+0000] {taskinstance.py:3132} INFO - Exporting env vars: AIRFLOW_CTX_DAG_OWNER='***' AIRFLOW_CTX_DAG_ID='check_server_status' AIRFLOW_CTX_TASK_ID='check_server_status' AIRFLOW_CTX_EXECUTION_DATE='2024-12-16T11:13:00+00:00' AIRFLOW_CTX_TRY_NUMBER='1' AIRFLOW_CTX_DAG_RUN_ID='scheduled__2024-12-16T11:13:00+00:00'
[2024-12-16T11:14:56.435+0000] {logging_mixin.py:190} INFO - Task instance is in running state
[2024-12-16T11:14:56.435+0000] {logging_mixin.py:190} INFO -  Previous state of the Task instance: queued
[2024-12-16T11:14:56.435+0000] {logging_mixin.py:190} INFO - Current task name:check_server_status state:running start_date:2024-12-16 11:14:56.290662+00:00
[2024-12-16T11:14:56.435+0000] {logging_mixin.py:190} INFO - Dag name:check_server_status and current dag run status:running
[2024-12-16T11:14:56.436+0000] {taskinstance.py:731} INFO - ::endgroup::
[2024-12-16T11:14:56.449+0000] {transport.py:1944} INFO - Connected (version 2.0, client OpenSSH_8.9p1)
[2024-12-16T11:14:56.559+0000] {transport.py:1944} INFO - Authentication (publickey) successful!
[2024-12-16T11:14:56.895+0000] {logging_mixin.py:190} INFO - Server 3rdLack MN is up
[2024-12-16T11:14:56.911+0000] {transport.py:1944} INFO - Connected (version 2.0, client OpenSSH_8.9p1)
[2024-12-16T11:14:57.031+0000] {transport.py:1944} INFO - Authentication (publickey) successful!
[2024-12-16T11:14:57.415+0000] {logging_mixin.py:190} INFO - Server 3rdLack SN05 is up
[2024-12-16T11:14:57.431+0000] {transport.py:1944} INFO - Connected (version 2.0, client OpenSSH_8.9p1)
[2024-12-16T11:14:57.579+0000] {transport.py:1944} INFO - Authentication (publickey) successful!
[2024-12-16T11:14:57.945+0000] {logging_mixin.py:190} INFO - Server 3rdLack SN06 is up
[2024-12-16T11:14:57.959+0000] {transport.py:1944} INFO - Connected (version 2.0, client OpenSSH_8.9p1)
[2024-12-16T11:14:58.061+0000] {transport.py:1944} INFO - Authentication (publickey) successful!
[2024-12-16T11:14:58.465+0000] {logging_mixin.py:190} INFO - Server 3rdLack SN07 is up
[2024-12-16T11:14:58.478+0000] {transport.py:1944} INFO - Connected (version 2.0, client OpenSSH_8.9p1)
[2024-12-16T11:14:58.596+0000] {transport.py:1944} INFO - Authentication (publickey) successful!
[2024-12-16T11:14:58.963+0000] {logging_mixin.py:190} INFO - Server 3rdLack SN08 is up
[2024-12-16T11:14:58.985+0000] {transport.py:1944} INFO - Connected (version 2.0, client OpenSSH_8.2p1)
[2024-12-16T11:14:59.063+0000] {transport.py:1944} INFO - Authentication (publickey) successful!
[2024-12-16T11:14:59.744+0000] {logging_mixin.py:190} INFO - Server 1rdLack MN is up
[2024-12-16T11:14:59.774+0000] {transport.py:1944} INFO - Connected (version 2.0, client OpenSSH_8.2p1)
[2024-12-16T11:14:59.853+0000] {transport.py:1944} INFO - Authentication (publickey) successful!
[2024-12-16T11:15:00.805+0000] {logging_mixin.py:190} INFO - Server 1rdLack SN01 is up
[2024-12-16T11:15:00.834+0000] {transport.py:1944} INFO - Connected (version 2.0, client OpenSSH_8.2p1)
[2024-12-16T11:15:00.912+0000] {transport.py:1944} INFO - Authentication (publickey) successful!
[2024-12-16T11:15:01.844+0000] {logging_mixin.py:190} INFO - Server 1rdLack SN02 is up
[2024-12-16T11:15:01.874+0000] {transport.py:1944} INFO - Connected (version 2.0, client OpenSSH_8.2p1)
[2024-12-16T11:15:01.980+0000] {transport.py:1944} INFO - Authentication (publickey) successful!
[2024-12-16T11:15:02.863+0000] {logging_mixin.py:190} INFO - Server 1rdLack SN03 is up
[2024-12-16T11:15:02.895+0000] {transport.py:1944} INFO - Connected (version 2.0, client OpenSSH_8.2p1)
[2024-12-16T11:15:02.979+0000] {transport.py:1944} INFO - Authentication (publickey) successful!
[2024-12-16T11:15:03.955+0000] {logging_mixin.py:190} INFO - Server 1rdLack SN04 is up
[2024-12-16T11:15:03.986+0000] {transport.py:1944} INFO - Connected (version 2.0, client OpenSSH_8.2p1)
[2024-12-16T11:15:04.054+0000] {transport.py:1944} INFO - Authentication (publickey) successful!
[2024-12-16T11:15:04.999+0000] {logging_mixin.py:190} INFO - Server 1rdLack SN05 is up
[2024-12-16T11:15:05.056+0000] {transport.py:1944} INFO - Connected (version 2.0, client OpenSSH_8.2p1)
[2024-12-16T11:15:05.146+0000] {transport.py:1944} INFO - Authentication (publickey) successful!
[2024-12-16T11:15:06.113+0000] {logging_mixin.py:190} INFO - Server 1rdLack SN06 is up
[2024-12-16T11:15:06.144+0000] {transport.py:1944} INFO - Connected (version 2.0, client OpenSSH_8.2p1)
[2024-12-16T11:15:06.232+0000] {transport.py:1944} INFO - Authentication (publickey) successful!
[2024-12-16T11:15:07.181+0000] {logging_mixin.py:190} INFO - Server 1rdLack SN07 is up
[2024-12-16T11:15:07.211+0000] {transport.py:1944} INFO - Connected (version 2.0, client OpenSSH_8.2p1)
[2024-12-16T11:15:07.295+0000] {transport.py:1944} INFO - Authentication (publickey) successful!
[2024-12-16T11:15:08.239+0000] {logging_mixin.py:190} INFO - Server 1rdLack SN09 is up
[2024-12-16T11:15:08.246+0000] {transport.py:1944} INFO - Connected (version 2.0, client OpenSSH_8.2p1)
[2024-12-16T11:15:08.296+0000] {transport.py:1944} INFO - Authentication (publickey) successful!
[2024-12-16T11:15:08.687+0000] {logging_mixin.py:190} INFO - Server cs1 is up
[2024-12-16T11:15:08.701+0000] {transport.py:1944} INFO - Connected (version 2.0, client OpenSSH_8.2p1)
[2024-12-16T11:15:08.854+0000] {transport.py:1944} INFO - Authentication (publickey) successful!
[2024-12-16T11:15:09.026+0000] {logging_mixin.py:190} INFO - Server DL01 is up
[2024-12-16T11:15:09.037+0000] {transport.py:1944} INFO - Connected (version 2.0, client OpenSSH_8.2p1)
[2024-12-16T11:15:09.158+0000] {transport.py:1944} INFO - Authentication (publickey) successful!
[2024-12-16T11:15:09.326+0000] {logging_mixin.py:190} INFO - Server DL02 is up
[2024-12-16T11:15:09.337+0000] {transport.py:1944} INFO - Connected (version 2.0, client OpenSSH_8.2p1)
[2024-12-16T11:15:09.442+0000] {transport.py:1944} INFO - Authentication (publickey) successful!
[2024-12-16T11:15:09.582+0000] {logging_mixin.py:190} INFO - Server DL03 is up
[2024-12-16T11:15:12.924+0000] {logging_mixin.py:190} INFO - Discord alert sent successfully
[2024-12-16T11:15:12.924+0000] {python.py:240} INFO - Done. Returned value was: None
[2024-12-16T11:15:12.933+0000] {taskinstance.py:340} INFO - ::group::Post task execution logs
[2024-12-16T11:15:12.933+0000] {taskinstance.py:352} INFO - Marking task as SUCCESS. dag_id=check_server_status, task_id=check_server_status, run_id=scheduled__2024-12-16T11:13:00+00:00, execution_date=20241216T111300, start_date=20241216T111456, end_date=20241216T111512
[2024-12-16T11:15:12.943+0000] {logging_mixin.py:190} INFO - Task instance in success state
[2024-12-16T11:15:12.943+0000] {logging_mixin.py:190} INFO -  Previous state of the Task instance: running
[2024-12-16T11:15:12.943+0000] {logging_mixin.py:190} INFO - Dag name:check_server_status queued_at:2024-12-16 11:14:52.311206+00:00
[2024-12-16T11:15:12.944+0000] {logging_mixin.py:190} INFO - Task hostname:a9edcc228d1b operator:PythonOperator
[2024-12-16T11:15:12.989+0000] {local_task_job_runner.py:266} INFO - Task exited with return code 0
[2024-12-16T11:15:13.003+0000] {taskinstance.py:3895} INFO - 0 downstream tasks scheduled from follow-on schedule check
[2024-12-16T11:15:13.005+0000] {local_task_job_runner.py:245} INFO - ::endgroup::
