[2024-12-16T11:06:01.966+0000] {local_task_job_runner.py:123} INFO - ::group::Pre task execution logs
[2024-12-16T11:06:01.979+0000] {taskinstance.py:2613} INFO - Dependencies all met for dep_context=non-requeueable deps ti=<TaskInstance: check_server_status.check_server_status scheduled__2024-12-16T11:05:00+00:00 [queued]>
[2024-12-16T11:06:01.986+0000] {taskinstance.py:2613} INFO - Dependencies all met for dep_context=requeueable deps ti=<TaskInstance: check_server_status.check_server_status scheduled__2024-12-16T11:05:00+00:00 [queued]>
[2024-12-16T11:06:01.986+0000] {taskinstance.py:2866} INFO - Starting attempt 1 of 2
[2024-12-16T11:06:01.998+0000] {taskinstance.py:2889} INFO - Executing <Task(PythonOperator): check_server_status> on 2024-12-16 11:05:00+00:00
[2024-12-16T11:06:02.003+0000] {warnings.py:112} WARNING - /home/***/.local/lib/python3.12/site-packages/***/task/task_runner/standard_task_runner.py:70: DeprecationWarning: This process (pid=1157) is multi-threaded, use of fork() may lead to deadlocks in the child.
  pid = os.fork()

[2024-12-16T11:06:02.004+0000] {standard_task_runner.py:72} INFO - Started process 1159 to run task
[2024-12-16T11:06:02.005+0000] {standard_task_runner.py:104} INFO - Running: ['***', 'tasks', 'run', 'check_server_status', 'check_server_status', 'scheduled__2024-12-16T11:05:00+00:00', '--job-id', '114', '--raw', '--subdir', 'DAGS_FOLDER/check_server_status.py', '--cfg-path', '/tmp/tmp7b186k0u']
[2024-12-16T11:06:02.006+0000] {standard_task_runner.py:105} INFO - Job 114: Subtask check_server_status
[2024-12-16T11:06:02.040+0000] {task_command.py:467} INFO - Running <TaskInstance: check_server_status.check_server_status scheduled__2024-12-16T11:05:00+00:00 [running]> on host 1b59279a9320
[2024-12-16T11:06:02.305+0000] {taskinstance.py:3132} INFO - Exporting env vars: AIRFLOW_CTX_DAG_OWNER='***' AIRFLOW_CTX_DAG_ID='check_server_status' AIRFLOW_CTX_TASK_ID='check_server_status' AIRFLOW_CTX_EXECUTION_DATE='2024-12-16T11:05:00+00:00' AIRFLOW_CTX_TRY_NUMBER='1' AIRFLOW_CTX_DAG_RUN_ID='scheduled__2024-12-16T11:05:00+00:00'
[2024-12-16T11:06:02.306+0000] {logging_mixin.py:190} INFO - Task instance is in running state
[2024-12-16T11:06:02.306+0000] {logging_mixin.py:190} INFO -  Previous state of the Task instance: queued
[2024-12-16T11:06:02.306+0000] {logging_mixin.py:190} INFO - Current task name:check_server_status state:running start_date:2024-12-16 11:06:01.979326+00:00
[2024-12-16T11:06:02.306+0000] {logging_mixin.py:190} INFO - Dag name:check_server_status and current dag run status:running
[2024-12-16T11:06:02.307+0000] {taskinstance.py:731} INFO - ::endgroup::
[2024-12-16T11:06:02.320+0000] {transport.py:1944} INFO - Connected (version 2.0, client OpenSSH_8.9p1)
[2024-12-16T11:06:02.429+0000] {transport.py:1944} INFO - Authentication (publickey) successful!
[2024-12-16T11:06:02.750+0000] {logging_mixin.py:190} INFO - Server 3rdLack MN is up
[2024-12-16T11:06:02.766+0000] {transport.py:1944} INFO - Connected (version 2.0, client OpenSSH_8.9p1)
[2024-12-16T11:06:02.880+0000] {transport.py:1944} INFO - Authentication (publickey) successful!
[2024-12-16T11:06:03.247+0000] {logging_mixin.py:190} INFO - Server 3rdLack SN05 is up
[2024-12-16T11:06:03.262+0000] {transport.py:1944} INFO - Connected (version 2.0, client OpenSSH_8.9p1)
[2024-12-16T11:06:03.377+0000] {transport.py:1944} INFO - Authentication (publickey) successful!
[2024-12-16T11:06:03.754+0000] {logging_mixin.py:190} INFO - Server 3rdLack SN06 is up
[2024-12-16T11:06:03.768+0000] {transport.py:1944} INFO - Connected (version 2.0, client OpenSSH_8.9p1)
[2024-12-16T11:06:03.877+0000] {transport.py:1944} INFO - Authentication (publickey) successful!
[2024-12-16T11:06:04.275+0000] {logging_mixin.py:190} INFO - Server 3rdLack SN07 is up
[2024-12-16T11:06:04.290+0000] {transport.py:1944} INFO - Connected (version 2.0, client OpenSSH_8.9p1)
[2024-12-16T11:06:04.408+0000] {transport.py:1944} INFO - Authentication (publickey) successful!
[2024-12-16T11:06:04.783+0000] {logging_mixin.py:190} INFO - Server 3rdLack SN08 is up
[2024-12-16T11:06:04.803+0000] {transport.py:1944} INFO - Connected (version 2.0, client OpenSSH_8.2p1)
[2024-12-16T11:06:04.873+0000] {transport.py:1944} INFO - Authentication (publickey) successful!
[2024-12-16T11:06:05.557+0000] {logging_mixin.py:190} INFO - Server 1rdLack MN is up
[2024-12-16T11:06:05.588+0000] {transport.py:1944} INFO - Connected (version 2.0, client OpenSSH_8.2p1)
[2024-12-16T11:06:05.670+0000] {transport.py:1944} INFO - Authentication (publickey) successful!
[2024-12-16T11:06:06.594+0000] {logging_mixin.py:190} INFO - Server 1rdLack SN01 is up
[2024-12-16T11:06:06.625+0000] {transport.py:1944} INFO - Connected (version 2.0, client OpenSSH_8.2p1)
[2024-12-16T11:06:06.705+0000] {transport.py:1944} INFO - Authentication (publickey) successful!
[2024-12-16T11:06:07.605+0000] {logging_mixin.py:190} INFO - Server 1rdLack SN02 is up
[2024-12-16T11:06:07.637+0000] {transport.py:1944} INFO - Connected (version 2.0, client OpenSSH_8.2p1)
[2024-12-16T11:06:07.729+0000] {transport.py:1944} INFO - Authentication (publickey) successful!
[2024-12-16T11:06:08.603+0000] {logging_mixin.py:190} INFO - Server 1rdLack SN03 is up
[2024-12-16T11:06:08.632+0000] {transport.py:1944} INFO - Connected (version 2.0, client OpenSSH_8.2p1)
[2024-12-16T11:06:08.701+0000] {transport.py:1944} INFO - Authentication (publickey) successful!
[2024-12-16T11:06:09.572+0000] {logging_mixin.py:190} INFO - Server 1rdLack SN04 is up
[2024-12-16T11:06:09.603+0000] {transport.py:1944} INFO - Connected (version 2.0, client OpenSSH_8.2p1)
[2024-12-16T11:06:09.689+0000] {transport.py:1944} INFO - Authentication (publickey) successful!
[2024-12-16T11:06:10.655+0000] {logging_mixin.py:190} INFO - Server 1rdLack SN05 is up
[2024-12-16T11:06:10.685+0000] {transport.py:1944} INFO - Connected (version 2.0, client OpenSSH_8.2p1)
[2024-12-16T11:06:10.771+0000] {transport.py:1944} INFO - Authentication (publickey) successful!
[2024-12-16T11:06:11.673+0000] {logging_mixin.py:190} INFO - Server 1rdLack SN06 is up
[2024-12-16T11:06:11.705+0000] {transport.py:1944} INFO - Connected (version 2.0, client OpenSSH_8.2p1)
[2024-12-16T11:06:11.790+0000] {transport.py:1944} INFO - Authentication (publickey) successful!
[2024-12-16T11:06:12.762+0000] {logging_mixin.py:190} INFO - Server 1rdLack SN07 is up
[2024-12-16T11:06:12.794+0000] {transport.py:1944} INFO - Connected (version 2.0, client OpenSSH_8.2p1)
[2024-12-16T11:06:12.874+0000] {transport.py:1944} INFO - Authentication (publickey) successful!
[2024-12-16T11:06:13.819+0000] {logging_mixin.py:190} INFO - Server 1rdLack SN09 is up
[2024-12-16T11:06:13.825+0000] {transport.py:1944} INFO - Connected (version 2.0, client OpenSSH_8.2p1)
[2024-12-16T11:06:13.878+0000] {transport.py:1944} INFO - Authentication (publickey) successful!
[2024-12-16T11:06:14.266+0000] {logging_mixin.py:190} INFO - Server cs1 is up
[2024-12-16T11:06:14.280+0000] {transport.py:1944} INFO - Connected (version 2.0, client OpenSSH_8.2p1)
[2024-12-16T11:06:14.394+0000] {transport.py:1944} INFO - Authentication (publickey) successful!
[2024-12-16T11:06:14.569+0000] {logging_mixin.py:190} INFO - Server DL01 is up
[2024-12-16T11:06:14.580+0000] {transport.py:1944} INFO - Connected (version 2.0, client OpenSSH_8.2p1)
[2024-12-16T11:06:14.685+0000] {transport.py:1944} INFO - Authentication (publickey) successful!
[2024-12-16T11:06:14.860+0000] {logging_mixin.py:190} INFO - Server DL02 is up
[2024-12-16T11:06:14.871+0000] {transport.py:1944} INFO - Connected (version 2.0, client OpenSSH_8.2p1)
[2024-12-16T11:06:14.978+0000] {transport.py:1944} INFO - Authentication (publickey) successful!
[2024-12-16T11:06:15.105+0000] {logging_mixin.py:190} INFO - Server DL03 is up
[2024-12-16T11:06:18.461+0000] {logging_mixin.py:190} INFO - Discord alert sent successfully
[2024-12-16T11:06:18.463+0000] {python.py:240} INFO - Done. Returned value was: None
[2024-12-16T11:06:18.478+0000] {taskinstance.py:340} INFO - ::group::Post task execution logs
[2024-12-16T11:06:18.479+0000] {taskinstance.py:352} INFO - Marking task as SUCCESS. dag_id=check_server_status, task_id=check_server_status, run_id=scheduled__2024-12-16T11:05:00+00:00, execution_date=20241216T110500, start_date=20241216T110601, end_date=20241216T110618
[2024-12-16T11:06:18.488+0000] {logging_mixin.py:190} INFO - Task instance in success state
[2024-12-16T11:06:18.489+0000] {logging_mixin.py:190} INFO -  Previous state of the Task instance: running
[2024-12-16T11:06:18.489+0000] {logging_mixin.py:190} INFO - Dag name:check_server_status queued_at:2024-12-16 11:06:00.422291+00:00
[2024-12-16T11:06:18.489+0000] {logging_mixin.py:190} INFO - Task hostname:1b59279a9320 operator:PythonOperator
[2024-12-16T11:06:18.520+0000] {local_task_job_runner.py:266} INFO - Task exited with return code 0
[2024-12-16T11:06:18.534+0000] {taskinstance.py:3895} INFO - 0 downstream tasks scheduled from follow-on schedule check
[2024-12-16T11:06:18.536+0000] {local_task_job_runner.py:245} INFO - ::endgroup::
