[2024-12-16T09:26:53.791+0000] {local_task_job_runner.py:123} INFO - ::group::Pre task execution logs
[2024-12-16T09:26:53.852+0000] {taskinstance.py:2613} INFO - Dependencies all met for dep_context=non-requeueable deps ti=<TaskInstance: check_server_status.check_server_status scheduled__2024-12-16T09:17:00+00:00 [queued]>
[2024-12-16T09:26:54.154+0000] {taskinstance.py:2613} INFO - Dependencies all met for dep_context=requeueable deps ti=<TaskInstance: check_server_status.check_server_status scheduled__2024-12-16T09:17:00+00:00 [queued]>
[2024-12-16T09:26:54.160+0000] {taskinstance.py:2866} INFO - Starting attempt 2 of 2
[2024-12-16T09:26:54.185+0000] {taskinstance.py:2889} INFO - Executing <Task(PythonOperator): check_server_status> on 2024-12-16 09:17:00+00:00
[2024-12-16T09:26:54.201+0000] {warnings.py:112} WARNING - /home/***/.local/lib/python3.12/site-packages/***/task/task_runner/standard_task_runner.py:70: DeprecationWarning: This process (pid=68) is multi-threaded, use of fork() may lead to deadlocks in the child.
  pid = os.fork()

[2024-12-16T09:26:54.205+0000] {standard_task_runner.py:72} INFO - Started process 87 to run task
[2024-12-16T09:26:54.214+0000] {standard_task_runner.py:104} INFO - Running: ['***', 'tasks', 'run', 'check_server_status', 'check_server_status', 'scheduled__2024-12-16T09:17:00+00:00', '--job-id', '23', '--raw', '--subdir', 'DAGS_FOLDER/check_server_status.py', '--cfg-path', '/tmp/tmpn_ry2491']
[2024-12-16T09:26:54.220+0000] {standard_task_runner.py:105} INFO - Job 23: Subtask check_server_status
[2024-12-16T09:26:54.372+0000] {task_command.py:467} INFO - Running <TaskInstance: check_server_status.check_server_status scheduled__2024-12-16T09:17:00+00:00 [running]> on host 0d789706375e
[2024-12-16T09:26:54.569+0000] {taskinstance.py:3132} INFO - Exporting env vars: AIRFLOW_CTX_DAG_OWNER='***' AIRFLOW_CTX_DAG_ID='check_server_status' AIRFLOW_CTX_TASK_ID='check_server_status' AIRFLOW_CTX_EXECUTION_DATE='2024-12-16T09:17:00+00:00' AIRFLOW_CTX_TRY_NUMBER='2' AIRFLOW_CTX_DAG_RUN_ID='scheduled__2024-12-16T09:17:00+00:00'
[2024-12-16T09:26:54.573+0000] {logging_mixin.py:190} INFO - Task instance is in running state
[2024-12-16T09:26:54.574+0000] {logging_mixin.py:190} INFO -  Previous state of the Task instance: queued
[2024-12-16T09:26:54.574+0000] {logging_mixin.py:190} INFO - Current task name:check_server_status state:running start_date:2024-12-16 09:26:53.852731+00:00
[2024-12-16T09:26:54.575+0000] {logging_mixin.py:190} INFO - Dag name:check_server_status and current dag run status:running
[2024-12-16T09:26:54.575+0000] {taskinstance.py:731} INFO - ::endgroup::
[2024-12-16T09:26:54.589+0000] {transport.py:1944} INFO - Connected (version 2.0, client OpenSSH_8.9p1)
[2024-12-16T09:26:54.982+0000] {logging_mixin.py:190} INFO - Discord alert sent successfully
[2024-12-16T09:26:54.996+0000] {transport.py:1944} INFO - Connected (version 2.0, client OpenSSH_8.9p1)
[2024-12-16T09:26:55.303+0000] {logging_mixin.py:190} INFO - Failed to send alert: 429
[2024-12-16T09:26:55.316+0000] {transport.py:1944} INFO - Connected (version 2.0, client OpenSSH_8.9p1)
[2024-12-16T09:26:55.624+0000] {logging_mixin.py:190} INFO - Failed to send alert: 429
[2024-12-16T09:26:55.637+0000] {transport.py:1944} INFO - Connected (version 2.0, client OpenSSH_8.9p1)
[2024-12-16T09:26:55.945+0000] {logging_mixin.py:190} INFO - Failed to send alert: 429
[2024-12-16T09:26:55.958+0000] {transport.py:1944} INFO - Connected (version 2.0, client OpenSSH_8.9p1)
[2024-12-16T09:26:56.287+0000] {logging_mixin.py:190} INFO - Failed to send alert: 429
[2024-12-16T09:26:56.307+0000] {transport.py:1944} INFO - Connected (version 2.0, client OpenSSH_8.2p1)
[2024-12-16T09:26:56.622+0000] {logging_mixin.py:190} INFO - Discord alert sent successfully
[2024-12-16T09:26:56.648+0000] {transport.py:1944} INFO - Connected (version 2.0, client OpenSSH_8.2p1)
[2024-12-16T09:26:56.913+0000] {logging_mixin.py:190} INFO - Failed to send alert: 429
[2024-12-16T09:26:56.943+0000] {transport.py:1944} INFO - Connected (version 2.0, client OpenSSH_8.2p1)
[2024-12-16T09:26:57.207+0000] {logging_mixin.py:190} INFO - Failed to send alert: 429
[2024-12-16T09:26:57.239+0000] {transport.py:1944} INFO - Connected (version 2.0, client OpenSSH_8.2p1)
[2024-12-16T09:26:57.538+0000] {logging_mixin.py:190} INFO - Failed to send alert: 429
[2024-12-16T09:26:57.563+0000] {transport.py:1944} INFO - Connected (version 2.0, client OpenSSH_8.2p1)
[2024-12-16T09:26:57.836+0000] {logging_mixin.py:190} INFO - Failed to send alert: 429
[2024-12-16T09:26:57.867+0000] {transport.py:1944} INFO - Connected (version 2.0, client OpenSSH_8.2p1)
[2024-12-16T09:26:58.125+0000] {logging_mixin.py:190} INFO - Failed to send alert: 429
[2024-12-16T09:26:58.155+0000] {transport.py:1944} INFO - Connected (version 2.0, client OpenSSH_8.2p1)
[2024-12-16T09:26:58.411+0000] {logging_mixin.py:190} INFO - Failed to send alert: 429
[2024-12-16T09:26:58.441+0000] {transport.py:1944} INFO - Connected (version 2.0, client OpenSSH_8.2p1)
[2024-12-16T09:26:58.699+0000] {logging_mixin.py:190} INFO - Failed to send alert: 429
[2024-12-16T09:26:58.731+0000] {transport.py:1944} INFO - Connected (version 2.0, client OpenSSH_8.2p1)
[2024-12-16T09:26:59.051+0000] {logging_mixin.py:190} INFO - Discord alert sent successfully
[2024-12-16T09:26:59.057+0000] {transport.py:1944} INFO - Connected (version 2.0, client OpenSSH_8.2p1)
[2024-12-16T09:26:59.316+0000] {logging_mixin.py:190} INFO - Failed to send alert: 429
[2024-12-16T09:26:59.322+0000] {transport.py:1944} INFO - Connected (version 2.0, client OpenSSH_8.2p1)
[2024-12-16T09:26:59.615+0000] {logging_mixin.py:190} INFO - Failed to send alert: 429
[2024-12-16T09:26:59.621+0000] {transport.py:1944} INFO - Connected (version 2.0, client OpenSSH_8.2p1)
[2024-12-16T09:26:59.918+0000] {logging_mixin.py:190} INFO - Failed to send alert: 429
[2024-12-16T09:26:59.928+0000] {transport.py:1944} INFO - Connected (version 2.0, client OpenSSH_8.2p1)
[2024-12-16T09:27:00.235+0000] {logging_mixin.py:190} INFO - Failed to send alert: 429
[2024-12-16T09:27:03.665+0000] {logging_mixin.py:190} INFO - Discord alert sent successfully
[2024-12-16T09:27:03.666+0000] {python.py:240} INFO - Done. Returned value was: None
[2024-12-16T09:27:03.677+0000] {taskinstance.py:340} INFO - ::group::Post task execution logs
[2024-12-16T09:27:03.678+0000] {taskinstance.py:352} INFO - Marking task as SUCCESS. dag_id=check_server_status, task_id=check_server_status, run_id=scheduled__2024-12-16T09:17:00+00:00, execution_date=20241216T091700, start_date=20241216T092653, end_date=20241216T092703
[2024-12-16T09:27:03.688+0000] {logging_mixin.py:190} INFO - Task instance in success state
[2024-12-16T09:27:03.688+0000] {logging_mixin.py:190} INFO -  Previous state of the Task instance: running
[2024-12-16T09:27:03.689+0000] {logging_mixin.py:190} INFO - Dag name:check_server_status queued_at:2024-12-16 09:18:04.765004+00:00
[2024-12-16T09:27:03.689+0000] {logging_mixin.py:190} INFO - Task hostname:0d789706375e operator:PythonOperator
[2024-12-16T09:27:03.733+0000] {local_task_job_runner.py:266} INFO - Task exited with return code 0
[2024-12-16T09:27:03.747+0000] {taskinstance.py:3895} INFO - 0 downstream tasks scheduled from follow-on schedule check
[2024-12-16T09:27:03.749+0000] {local_task_job_runner.py:245} INFO - ::endgroup::
