[2024-12-16T09:40:02.530+0000] {local_task_job_runner.py:123} INFO - ::group::Pre task execution logs
[2024-12-16T09:40:02.544+0000] {taskinstance.py:2613} INFO - Dependencies all met for dep_context=non-requeueable deps ti=<TaskInstance: check_server_status.check_server_status scheduled__2024-12-16T09:39:00+00:00 [queued]>
[2024-12-16T09:40:02.551+0000] {taskinstance.py:2613} INFO - Dependencies all met for dep_context=requeueable deps ti=<TaskInstance: check_server_status.check_server_status scheduled__2024-12-16T09:39:00+00:00 [queued]>
[2024-12-16T09:40:02.551+0000] {taskinstance.py:2866} INFO - Starting attempt 1 of 2
[2024-12-16T09:40:02.563+0000] {taskinstance.py:2889} INFO - Executing <Task(PythonOperator): check_server_status> on 2024-12-16 09:39:00+00:00
[2024-12-16T09:40:02.569+0000] {warnings.py:112} WARNING - /home/***/.local/lib/python3.12/site-packages/***/task/task_runner/standard_task_runner.py:70: DeprecationWarning: This process (pid=112) is multi-threaded, use of fork() may lead to deadlocks in the child.
  pid = os.fork()

[2024-12-16T09:40:02.570+0000] {standard_task_runner.py:72} INFO - Started process 116 to run task
[2024-12-16T09:40:02.571+0000] {standard_task_runner.py:104} INFO - Running: ['***', 'tasks', 'run', 'check_server_status', 'check_server_status', 'scheduled__2024-12-16T09:39:00+00:00', '--job-id', '69', '--raw', '--subdir', 'DAGS_FOLDER/check_server_status.py', '--cfg-path', '/tmp/tmpvwf28kpz']
[2024-12-16T09:40:02.572+0000] {standard_task_runner.py:105} INFO - Job 69: Subtask check_server_status
[2024-12-16T09:40:02.609+0000] {task_command.py:467} INFO - Running <TaskInstance: check_server_status.check_server_status scheduled__2024-12-16T09:39:00+00:00 [running]> on host 8c1374f90dba
[2024-12-16T09:40:02.883+0000] {taskinstance.py:3132} INFO - Exporting env vars: AIRFLOW_CTX_DAG_OWNER='***' AIRFLOW_CTX_DAG_ID='check_server_status' AIRFLOW_CTX_TASK_ID='check_server_status' AIRFLOW_CTX_EXECUTION_DATE='2024-12-16T09:39:00+00:00' AIRFLOW_CTX_TRY_NUMBER='1' AIRFLOW_CTX_DAG_RUN_ID='scheduled__2024-12-16T09:39:00+00:00'
[2024-12-16T09:40:02.884+0000] {logging_mixin.py:190} INFO - Task instance is in running state
[2024-12-16T09:40:02.884+0000] {logging_mixin.py:190} INFO -  Previous state of the Task instance: queued
[2024-12-16T09:40:02.885+0000] {logging_mixin.py:190} INFO - Current task name:check_server_status state:running start_date:2024-12-16 09:40:02.545177+00:00
[2024-12-16T09:40:02.885+0000] {logging_mixin.py:190} INFO - Dag name:check_server_status and current dag run status:running
[2024-12-16T09:40:02.885+0000] {taskinstance.py:731} INFO - ::endgroup::
[2024-12-16T09:40:02.899+0000] {transport.py:1944} INFO - Connected (version 2.0, client OpenSSH_8.9p1)
[2024-12-16T09:40:03.292+0000] {logging_mixin.py:190} INFO - Discord alert sent successfully
[2024-12-16T09:40:03.306+0000] {transport.py:1944} INFO - Connected (version 2.0, client OpenSSH_8.9p1)
[2024-12-16T09:40:03.664+0000] {logging_mixin.py:190} INFO - Discord alert sent successfully
[2024-12-16T09:40:03.679+0000] {transport.py:1944} INFO - Connected (version 2.0, client OpenSSH_8.9p1)
[2024-12-16T09:40:04.081+0000] {logging_mixin.py:190} INFO - Discord alert sent successfully
[2024-12-16T09:40:04.097+0000] {transport.py:1944} INFO - Connected (version 2.0, client OpenSSH_8.9p1)
[2024-12-16T09:40:04.650+0000] {logging_mixin.py:190} INFO - Discord alert sent successfully
[2024-12-16T09:40:04.665+0000] {transport.py:1944} INFO - Connected (version 2.0, client OpenSSH_8.9p1)
[2024-12-16T09:40:05.154+0000] {logging_mixin.py:190} INFO - Discord alert sent successfully
[2024-12-16T09:40:05.175+0000] {transport.py:1944} INFO - Connected (version 2.0, client OpenSSH_8.2p1)
[2024-12-16T09:40:05.623+0000] {logging_mixin.py:190} INFO - Discord alert sent successfully
[2024-12-16T09:40:05.655+0000] {transport.py:1944} INFO - Connected (version 2.0, client OpenSSH_8.2p1)
[2024-12-16T09:40:05.971+0000] {logging_mixin.py:190} INFO - Discord alert sent successfully
[2024-12-16T09:40:06.002+0000] {transport.py:1944} INFO - Connected (version 2.0, client OpenSSH_8.2p1)
[2024-12-16T09:40:06.355+0000] {logging_mixin.py:190} INFO - Discord alert sent successfully
[2024-12-16T09:40:06.390+0000] {transport.py:1944} INFO - Connected (version 2.0, client OpenSSH_8.2p1)
[2024-12-16T09:40:06.729+0000] {logging_mixin.py:190} INFO - Discord alert sent successfully
[2024-12-16T09:40:06.758+0000] {transport.py:1944} INFO - Connected (version 2.0, client OpenSSH_8.2p1)
[2024-12-16T09:40:07.078+0000] {logging_mixin.py:190} INFO - Discord alert sent successfully
[2024-12-16T09:40:07.110+0000] {transport.py:1944} INFO - Connected (version 2.0, client OpenSSH_8.2p1)
[2024-12-16T09:40:07.489+0000] {logging_mixin.py:190} INFO - Discord alert sent successfully
[2024-12-16T09:40:07.520+0000] {transport.py:1944} INFO - Connected (version 2.0, client OpenSSH_8.2p1)
[2024-12-16T09:40:07.852+0000] {logging_mixin.py:190} INFO - Discord alert sent successfully
[2024-12-16T09:40:07.884+0000] {transport.py:1944} INFO - Connected (version 2.0, client OpenSSH_8.2p1)
[2024-12-16T09:40:08.255+0000] {logging_mixin.py:190} INFO - Discord alert sent successfully
[2024-12-16T09:40:08.286+0000] {transport.py:1944} INFO - Connected (version 2.0, client OpenSSH_8.2p1)
[2024-12-16T09:40:08.597+0000] {logging_mixin.py:190} INFO - Discord alert sent successfully
[2024-12-16T09:40:08.604+0000] {transport.py:1944} INFO - Connected (version 2.0, client OpenSSH_8.2p1)
[2024-12-16T09:40:08.936+0000] {logging_mixin.py:190} INFO - Discord alert sent successfully
[2024-12-16T09:40:08.949+0000] {transport.py:1944} INFO - Connected (version 2.0, client OpenSSH_8.2p1)
[2024-12-16T09:40:09.302+0000] {logging_mixin.py:190} INFO - Discord alert sent successfully
[2024-12-16T09:40:09.313+0000] {transport.py:1944} INFO - Connected (version 2.0, client OpenSSH_8.2p1)
[2024-12-16T09:40:09.648+0000] {logging_mixin.py:190} INFO - Discord alert sent successfully
[2024-12-16T09:40:09.661+0000] {transport.py:1944} INFO - Connected (version 2.0, client OpenSSH_8.2p1)
[2024-12-16T09:40:10.061+0000] {logging_mixin.py:190} INFO - Discord alert sent successfully
[2024-12-16T09:40:13.402+0000] {logging_mixin.py:190} INFO - Discord alert sent successfully
[2024-12-16T09:40:13.404+0000] {python.py:240} INFO - Done. Returned value was: None
[2024-12-16T09:40:13.422+0000] {taskinstance.py:340} INFO - ::group::Post task execution logs
[2024-12-16T09:40:13.423+0000] {taskinstance.py:352} INFO - Marking task as SUCCESS. dag_id=check_server_status, task_id=check_server_status, run_id=scheduled__2024-12-16T09:39:00+00:00, execution_date=20241216T093900, start_date=20241216T094002, end_date=20241216T094013
[2024-12-16T09:40:13.435+0000] {logging_mixin.py:190} INFO - Task instance in success state
[2024-12-16T09:40:13.435+0000] {logging_mixin.py:190} INFO -  Previous state of the Task instance: running
[2024-12-16T09:40:13.436+0000] {logging_mixin.py:190} INFO - Dag name:check_server_status queued_at:2024-12-16 09:40:00.903840+00:00
[2024-12-16T09:40:13.436+0000] {logging_mixin.py:190} INFO - Task hostname:8c1374f90dba operator:PythonOperator
[2024-12-16T09:40:13.457+0000] {local_task_job_runner.py:266} INFO - Task exited with return code 0
[2024-12-16T09:40:13.475+0000] {taskinstance.py:3895} INFO - 0 downstream tasks scheduled from follow-on schedule check
[2024-12-16T09:40:13.477+0000] {local_task_job_runner.py:245} INFO - ::endgroup::
