[2024-12-16T11:05:01.493+0000] {local_task_job_runner.py:123} INFO - ::group::Pre task execution logs
[2024-12-16T11:05:01.505+0000] {taskinstance.py:2613} INFO - Dependencies all met for dep_context=non-requeueable deps ti=<TaskInstance: check_server_status.check_server_status scheduled__2024-12-16T11:04:00+00:00 [queued]>
[2024-12-16T11:05:01.511+0000] {taskinstance.py:2613} INFO - Dependencies all met for dep_context=requeueable deps ti=<TaskInstance: check_server_status.check_server_status scheduled__2024-12-16T11:04:00+00:00 [queued]>
[2024-12-16T11:05:01.511+0000] {taskinstance.py:2866} INFO - Starting attempt 1 of 2
[2024-12-16T11:05:01.521+0000] {taskinstance.py:2889} INFO - Executing <Task(PythonOperator): check_server_status> on 2024-12-16 11:04:00+00:00
[2024-12-16T11:05:01.528+0000] {warnings.py:112} WARNING - /home/***/.local/lib/python3.12/site-packages/***/task/task_runner/standard_task_runner.py:70: DeprecationWarning: This process (pid=1103) is multi-threaded, use of fork() may lead to deadlocks in the child.
  pid = os.fork()

[2024-12-16T11:05:01.529+0000] {standard_task_runner.py:72} INFO - Started process 1105 to run task
[2024-12-16T11:05:01.529+0000] {standard_task_runner.py:104} INFO - Running: ['***', 'tasks', 'run', 'check_server_status', 'check_server_status', 'scheduled__2024-12-16T11:04:00+00:00', '--job-id', '113', '--raw', '--subdir', 'DAGS_FOLDER/check_server_status.py', '--cfg-path', '/tmp/tmpi9xevmpx']
[2024-12-16T11:05:01.530+0000] {standard_task_runner.py:105} INFO - Job 113: Subtask check_server_status
[2024-12-16T11:05:01.566+0000] {task_command.py:467} INFO - Running <TaskInstance: check_server_status.check_server_status scheduled__2024-12-16T11:04:00+00:00 [running]> on host 1b59279a9320
[2024-12-16T11:05:01.823+0000] {taskinstance.py:3132} INFO - Exporting env vars: AIRFLOW_CTX_DAG_OWNER='***' AIRFLOW_CTX_DAG_ID='check_server_status' AIRFLOW_CTX_TASK_ID='check_server_status' AIRFLOW_CTX_EXECUTION_DATE='2024-12-16T11:04:00+00:00' AIRFLOW_CTX_TRY_NUMBER='1' AIRFLOW_CTX_DAG_RUN_ID='scheduled__2024-12-16T11:04:00+00:00'
[2024-12-16T11:05:01.824+0000] {logging_mixin.py:190} INFO - Task instance is in running state
[2024-12-16T11:05:01.824+0000] {logging_mixin.py:190} INFO -  Previous state of the Task instance: queued
[2024-12-16T11:05:01.824+0000] {logging_mixin.py:190} INFO - Current task name:check_server_status state:running start_date:2024-12-16 11:05:01.506157+00:00
[2024-12-16T11:05:01.824+0000] {logging_mixin.py:190} INFO - Dag name:check_server_status and current dag run status:running
[2024-12-16T11:05:01.824+0000] {taskinstance.py:731} INFO - ::endgroup::
[2024-12-16T11:05:01.838+0000] {transport.py:1944} INFO - Connected (version 2.0, client OpenSSH_8.9p1)
[2024-12-16T11:05:01.949+0000] {transport.py:1944} INFO - Authentication (publickey) successful!
[2024-12-16T11:05:02.270+0000] {logging_mixin.py:190} INFO - Server 3rdLack MN is up
[2024-12-16T11:05:02.286+0000] {transport.py:1944} INFO - Connected (version 2.0, client OpenSSH_8.9p1)
[2024-12-16T11:05:02.390+0000] {transport.py:1944} INFO - Authentication (publickey) successful!
[2024-12-16T11:05:02.751+0000] {logging_mixin.py:190} INFO - Server 3rdLack SN05 is up
[2024-12-16T11:05:02.767+0000] {transport.py:1944} INFO - Connected (version 2.0, client OpenSSH_8.9p1)
[2024-12-16T11:05:02.889+0000] {transport.py:1944} INFO - Authentication (publickey) successful!
[2024-12-16T11:05:03.255+0000] {logging_mixin.py:190} INFO - Server 3rdLack SN06 is up
[2024-12-16T11:05:03.269+0000] {transport.py:1944} INFO - Connected (version 2.0, client OpenSSH_8.9p1)
[2024-12-16T11:05:03.424+0000] {transport.py:1944} INFO - Authentication (publickey) successful!
[2024-12-16T11:05:03.823+0000] {logging_mixin.py:190} INFO - Server 3rdLack SN07 is up
[2024-12-16T11:05:03.839+0000] {transport.py:1944} INFO - Connected (version 2.0, client OpenSSH_8.9p1)
[2024-12-16T11:05:03.940+0000] {transport.py:1944} INFO - Authentication (publickey) successful!
[2024-12-16T11:05:04.322+0000] {logging_mixin.py:190} INFO - Server 3rdLack SN08 is up
[2024-12-16T11:05:04.344+0000] {transport.py:1944} INFO - Connected (version 2.0, client OpenSSH_8.2p1)
[2024-12-16T11:05:04.418+0000] {transport.py:1944} INFO - Authentication (publickey) successful!
[2024-12-16T11:05:05.101+0000] {logging_mixin.py:190} INFO - Server 1rdLack MN is up
[2024-12-16T11:05:05.130+0000] {transport.py:1944} INFO - Connected (version 2.0, client OpenSSH_8.2p1)
[2024-12-16T11:05:05.196+0000] {transport.py:1944} INFO - Authentication (publickey) successful!
[2024-12-16T11:05:06.165+0000] {logging_mixin.py:190} INFO - Server 1rdLack SN01 is up
[2024-12-16T11:05:06.194+0000] {transport.py:1944} INFO - Connected (version 2.0, client OpenSSH_8.2p1)
[2024-12-16T11:05:06.259+0000] {transport.py:1944} INFO - Authentication (publickey) successful!
[2024-12-16T11:05:07.140+0000] {logging_mixin.py:190} INFO - Server 1rdLack SN02 is up
[2024-12-16T11:05:07.172+0000] {transport.py:1944} INFO - Connected (version 2.0, client OpenSSH_8.2p1)
[2024-12-16T11:05:07.261+0000] {transport.py:1944} INFO - Authentication (publickey) successful!
[2024-12-16T11:05:08.125+0000] {logging_mixin.py:190} INFO - Server 1rdLack SN03 is up
[2024-12-16T11:05:08.177+0000] {transport.py:1944} INFO - Connected (version 2.0, client OpenSSH_8.2p1)
[2024-12-16T11:05:08.253+0000] {transport.py:1944} INFO - Authentication (publickey) successful!
[2024-12-16T11:05:09.192+0000] {logging_mixin.py:190} INFO - Server 1rdLack SN04 is up
[2024-12-16T11:05:09.223+0000] {transport.py:1944} INFO - Connected (version 2.0, client OpenSSH_8.2p1)
[2024-12-16T11:05:09.287+0000] {transport.py:1944} INFO - Authentication (publickey) successful!
[2024-12-16T11:05:10.236+0000] {logging_mixin.py:190} INFO - Server 1rdLack SN05 is up
[2024-12-16T11:05:10.267+0000] {transport.py:1944} INFO - Connected (version 2.0, client OpenSSH_8.2p1)
[2024-12-16T11:05:10.332+0000] {transport.py:1944} INFO - Authentication (publickey) successful!
[2024-12-16T11:05:11.247+0000] {logging_mixin.py:190} INFO - Server 1rdLack SN06 is up
[2024-12-16T11:05:11.276+0000] {transport.py:1944} INFO - Connected (version 2.0, client OpenSSH_8.2p1)
[2024-12-16T11:05:11.337+0000] {transport.py:1944} INFO - Authentication (publickey) successful!
[2024-12-16T11:05:12.295+0000] {logging_mixin.py:190} INFO - Server 1rdLack SN07 is up
[2024-12-16T11:05:12.326+0000] {transport.py:1944} INFO - Connected (version 2.0, client OpenSSH_8.2p1)
[2024-12-16T11:05:12.398+0000] {transport.py:1944} INFO - Authentication (publickey) successful!
[2024-12-16T11:05:13.318+0000] {logging_mixin.py:190} INFO - Server 1rdLack SN09 is up
[2024-12-16T11:05:13.326+0000] {transport.py:1944} INFO - Connected (version 2.0, client OpenSSH_8.2p1)
[2024-12-16T11:05:13.386+0000] {transport.py:1944} INFO - Authentication (publickey) successful!
[2024-12-16T11:05:13.571+0000] {logging_mixin.py:190} INFO - Server cs1 is up
[2024-12-16T11:05:13.584+0000] {transport.py:1944} INFO - Connected (version 2.0, client OpenSSH_8.2p1)
[2024-12-16T11:05:13.671+0000] {transport.py:1944} INFO - Authentication (publickey) successful!
[2024-12-16T11:05:13.850+0000] {logging_mixin.py:190} INFO - Server DL01 is up
[2024-12-16T11:05:13.856+0000] {transport.py:1944} INFO - Connected (version 2.0, client OpenSSH_8.2p1)
[2024-12-16T11:05:13.957+0000] {transport.py:1944} INFO - Authentication (publickey) successful!
[2024-12-16T11:05:14.126+0000] {logging_mixin.py:190} INFO - Server DL02 is up
[2024-12-16T11:05:14.136+0000] {transport.py:1944} INFO - Connected (version 2.0, client OpenSSH_8.2p1)
[2024-12-16T11:05:14.243+0000] {transport.py:1944} INFO - Authentication (publickey) successful!
[2024-12-16T11:05:14.374+0000] {logging_mixin.py:190} INFO - Server DL03 is up
[2024-12-16T11:05:17.697+0000] {logging_mixin.py:190} INFO - Discord alert sent successfully
[2024-12-16T11:05:17.699+0000] {python.py:240} INFO - Done. Returned value was: None
[2024-12-16T11:05:17.715+0000] {taskinstance.py:340} INFO - ::group::Post task execution logs
[2024-12-16T11:05:17.716+0000] {taskinstance.py:352} INFO - Marking task as SUCCESS. dag_id=check_server_status, task_id=check_server_status, run_id=scheduled__2024-12-16T11:04:00+00:00, execution_date=20241216T110400, start_date=20241216T110501, end_date=20241216T110517
[2024-12-16T11:05:17.732+0000] {logging_mixin.py:190} INFO - Task instance in success state
[2024-12-16T11:05:17.732+0000] {logging_mixin.py:190} INFO -  Previous state of the Task instance: running
[2024-12-16T11:05:17.733+0000] {logging_mixin.py:190} INFO - Dag name:check_server_status queued_at:2024-12-16 11:05:00.064169+00:00
[2024-12-16T11:05:17.733+0000] {logging_mixin.py:190} INFO - Task hostname:1b59279a9320 operator:PythonOperator
[2024-12-16T11:05:17.774+0000] {local_task_job_runner.py:266} INFO - Task exited with return code 0
[2024-12-16T11:05:17.792+0000] {taskinstance.py:3895} INFO - 0 downstream tasks scheduled from follow-on schedule check
[2024-12-16T11:05:17.794+0000] {local_task_job_runner.py:245} INFO - ::endgroup::
