[2024-12-16T10:50:02.093+0000] {local_task_job_runner.py:123} INFO - ::group::Pre task execution logs
[2024-12-16T10:50:02.107+0000] {taskinstance.py:2613} INFO - Dependencies all met for dep_context=non-requeueable deps ti=<TaskInstance: check_server_status.check_server_status scheduled__2024-12-16T10:49:00+00:00 [queued]>
[2024-12-16T10:50:02.113+0000] {taskinstance.py:2613} INFO - Dependencies all met for dep_context=requeueable deps ti=<TaskInstance: check_server_status.check_server_status scheduled__2024-12-16T10:49:00+00:00 [queued]>
[2024-12-16T10:50:02.113+0000] {taskinstance.py:2866} INFO - Starting attempt 1 of 2
[2024-12-16T10:50:02.124+0000] {taskinstance.py:2889} INFO - Executing <Task(PythonOperator): check_server_status> on 2024-12-16 10:49:00+00:00
[2024-12-16T10:50:02.130+0000] {warnings.py:112} WARNING - /home/***/.local/lib/python3.12/site-packages/***/task/task_runner/standard_task_runner.py:70: DeprecationWarning: This process (pid=154) is multi-threaded, use of fork() may lead to deadlocks in the child.
  pid = os.fork()

[2024-12-16T10:50:02.131+0000] {standard_task_runner.py:72} INFO - Started process 156 to run task
[2024-12-16T10:50:02.132+0000] {standard_task_runner.py:104} INFO - Running: ['***', 'tasks', 'run', 'check_server_status', 'check_server_status', 'scheduled__2024-12-16T10:49:00+00:00', '--job-id', '94', '--raw', '--subdir', 'DAGS_FOLDER/check_server_status.py', '--cfg-path', '/tmp/tmpq74qxv8j']
[2024-12-16T10:50:02.132+0000] {standard_task_runner.py:105} INFO - Job 94: Subtask check_server_status
[2024-12-16T10:50:02.167+0000] {task_command.py:467} INFO - Running <TaskInstance: check_server_status.check_server_status scheduled__2024-12-16T10:49:00+00:00 [running]> on host 1b59279a9320
[2024-12-16T10:50:02.426+0000] {taskinstance.py:3132} INFO - Exporting env vars: AIRFLOW_CTX_DAG_OWNER='***' AIRFLOW_CTX_DAG_ID='check_server_status' AIRFLOW_CTX_TASK_ID='check_server_status' AIRFLOW_CTX_EXECUTION_DATE='2024-12-16T10:49:00+00:00' AIRFLOW_CTX_TRY_NUMBER='1' AIRFLOW_CTX_DAG_RUN_ID='scheduled__2024-12-16T10:49:00+00:00'
[2024-12-16T10:50:02.426+0000] {logging_mixin.py:190} INFO - Task instance is in running state
[2024-12-16T10:50:02.426+0000] {logging_mixin.py:190} INFO -  Previous state of the Task instance: queued
[2024-12-16T10:50:02.427+0000] {logging_mixin.py:190} INFO - Current task name:check_server_status state:running start_date:2024-12-16 10:50:02.107570+00:00
[2024-12-16T10:50:02.427+0000] {logging_mixin.py:190} INFO - Dag name:check_server_status and current dag run status:running
[2024-12-16T10:50:02.427+0000] {taskinstance.py:731} INFO - ::endgroup::
[2024-12-16T10:50:02.441+0000] {transport.py:1944} INFO - Connected (version 2.0, client OpenSSH_8.9p1)
[2024-12-16T10:50:02.547+0000] {transport.py:1944} INFO - Authentication (publickey) successful!
[2024-12-16T10:50:02.923+0000] {logging_mixin.py:190} INFO - Server 3rdLack MN is up
[2024-12-16T10:50:02.938+0000] {transport.py:1944} INFO - Connected (version 2.0, client OpenSSH_8.9p1)
[2024-12-16T10:50:03.092+0000] {transport.py:1944} INFO - Authentication (publickey) successful!
[2024-12-16T10:50:03.479+0000] {logging_mixin.py:190} INFO - Server 3rdLack SN05 is up
[2024-12-16T10:50:03.494+0000] {transport.py:1944} INFO - Connected (version 2.0, client OpenSSH_8.9p1)
[2024-12-16T10:50:03.622+0000] {transport.py:1944} INFO - Authentication (publickey) successful!
[2024-12-16T10:50:03.987+0000] {logging_mixin.py:190} INFO - Server 3rdLack SN06 is up
[2024-12-16T10:50:04.002+0000] {transport.py:1944} INFO - Connected (version 2.0, client OpenSSH_8.9p1)
[2024-12-16T10:50:04.124+0000] {transport.py:1944} INFO - Authentication (publickey) successful!
[2024-12-16T10:50:04.519+0000] {logging_mixin.py:190} INFO - Server 3rdLack SN07 is up
[2024-12-16T10:50:04.534+0000] {transport.py:1944} INFO - Connected (version 2.0, client OpenSSH_8.9p1)
[2024-12-16T10:50:04.652+0000] {transport.py:1944} INFO - Authentication (publickey) successful!
[2024-12-16T10:50:05.019+0000] {logging_mixin.py:190} INFO - Server 3rdLack SN08 is up
[2024-12-16T10:50:05.040+0000] {transport.py:1944} INFO - Connected (version 2.0, client OpenSSH_8.2p1)
[2024-12-16T10:50:05.113+0000] {transport.py:1944} INFO - Authentication (publickey) successful!
[2024-12-16T10:50:05.439+0000] {logging_mixin.py:190} INFO - Server 1rdLack MN is up
[2024-12-16T10:50:05.470+0000] {transport.py:1944} INFO - Connected (version 2.0, client OpenSSH_8.2p1)
[2024-12-16T10:50:05.538+0000] {transport.py:1944} INFO - Authentication (publickey) successful!
[2024-12-16T10:50:06.460+0000] {logging_mixin.py:190} INFO - Server 1rdLack SN01 is up
[2024-12-16T10:50:06.509+0000] {transport.py:1944} INFO - Connected (version 2.0, client OpenSSH_8.2p1)
[2024-12-16T10:50:06.591+0000] {transport.py:1944} INFO - Authentication (publickey) successful!
[2024-12-16T10:50:07.576+0000] {logging_mixin.py:190} INFO - Server 1rdLack SN02 is up
[2024-12-16T10:50:07.606+0000] {transport.py:1944} INFO - Connected (version 2.0, client OpenSSH_8.2p1)
[2024-12-16T10:50:07.678+0000] {transport.py:1944} INFO - Authentication (publickey) successful!
[2024-12-16T10:50:08.563+0000] {logging_mixin.py:190} INFO - Server 1rdLack SN03 is up
[2024-12-16T10:50:08.591+0000] {transport.py:1944} INFO - Connected (version 2.0, client OpenSSH_8.2p1)
[2024-12-16T10:50:08.691+0000] {transport.py:1944} INFO - Authentication (publickey) successful!
[2024-12-16T10:50:09.613+0000] {logging_mixin.py:190} INFO - Server 1rdLack SN04 is up
[2024-12-16T10:50:09.644+0000] {transport.py:1944} INFO - Connected (version 2.0, client OpenSSH_8.2p1)
[2024-12-16T10:50:09.730+0000] {transport.py:1944} INFO - Authentication (publickey) successful!
[2024-12-16T10:50:10.656+0000] {logging_mixin.py:190} INFO - Server 1rdLack SN05 is up
[2024-12-16T10:50:10.687+0000] {transport.py:1944} INFO - Connected (version 2.0, client OpenSSH_8.2p1)
[2024-12-16T10:50:10.778+0000] {transport.py:1944} INFO - Authentication (publickey) successful!
[2024-12-16T10:50:11.665+0000] {logging_mixin.py:190} INFO - Server 1rdLack SN06 is up
[2024-12-16T10:50:11.697+0000] {transport.py:1944} INFO - Connected (version 2.0, client OpenSSH_8.2p1)
[2024-12-16T10:50:11.776+0000] {transport.py:1944} INFO - Authentication (publickey) successful!
[2024-12-16T10:50:12.750+0000] {logging_mixin.py:190} INFO - Server 1rdLack SN07 is up
[2024-12-16T10:50:12.780+0000] {transport.py:1944} INFO - Connected (version 2.0, client OpenSSH_8.2p1)
[2024-12-16T10:50:12.844+0000] {transport.py:1944} INFO - Authentication (publickey) successful!
[2024-12-16T10:50:13.755+0000] {logging_mixin.py:190} INFO - Server 1rdLack SN09 is up
[2024-12-16T10:50:13.762+0000] {transport.py:1944} INFO - Connected (version 2.0, client OpenSSH_8.2p1)
[2024-12-16T10:50:13.824+0000] {transport.py:1944} INFO - Authentication (publickey) successful!
[2024-12-16T10:50:14.007+0000] {logging_mixin.py:190} INFO - Server cs1 is up
[2024-12-16T10:50:14.019+0000] {transport.py:1944} INFO - Connected (version 2.0, client OpenSSH_8.2p1)
[2024-12-16T10:50:14.100+0000] {transport.py:1944} INFO - Authentication (publickey) successful!
[2024-12-16T10:50:14.269+0000] {logging_mixin.py:190} INFO - Server DL01 is up
[2024-12-16T10:50:14.281+0000] {transport.py:1944} INFO - Connected (version 2.0, client OpenSSH_8.2p1)
[2024-12-16T10:50:14.411+0000] {transport.py:1944} INFO - Authentication (publickey) successful!
[2024-12-16T10:50:14.577+0000] {logging_mixin.py:190} INFO - Server DL02 is up
[2024-12-16T10:50:14.589+0000] {transport.py:1944} INFO - Connected (version 2.0, client OpenSSH_8.2p1)
[2024-12-16T10:50:14.716+0000] {transport.py:1944} INFO - Authentication (publickey) successful!
[2024-12-16T10:50:14.845+0000] {logging_mixin.py:190} INFO - Server DL03 is up
[2024-12-16T10:50:18.143+0000] {logging_mixin.py:190} INFO - Discord alert sent successfully
[2024-12-16T10:50:18.145+0000] {python.py:240} INFO - Done. Returned value was: None
[2024-12-16T10:50:18.162+0000] {taskinstance.py:340} INFO - ::group::Post task execution logs
[2024-12-16T10:50:18.162+0000] {taskinstance.py:352} INFO - Marking task as SUCCESS. dag_id=check_server_status, task_id=check_server_status, run_id=scheduled__2024-12-16T10:49:00+00:00, execution_date=20241216T104900, start_date=20241216T105002, end_date=20241216T105018
[2024-12-16T10:50:18.187+0000] {logging_mixin.py:190} INFO - Task instance in success state
[2024-12-16T10:50:18.187+0000] {logging_mixin.py:190} INFO -  Previous state of the Task instance: running
[2024-12-16T10:50:18.187+0000] {logging_mixin.py:190} INFO - Dag name:check_server_status queued_at:2024-12-16 10:50:00.670035+00:00
[2024-12-16T10:50:18.188+0000] {logging_mixin.py:190} INFO - Task hostname:1b59279a9320 operator:PythonOperator
[2024-12-16T10:50:18.227+0000] {local_task_job_runner.py:266} INFO - Task exited with return code 0
[2024-12-16T10:50:18.245+0000] {taskinstance.py:3895} INFO - 0 downstream tasks scheduled from follow-on schedule check
[2024-12-16T10:50:18.246+0000] {local_task_job_runner.py:245} INFO - ::endgroup::
