[2024-12-16T10:57:20.479+0000] {local_task_job_runner.py:123} INFO - ::group::Pre task execution logs
[2024-12-16T10:57:20.492+0000] {taskinstance.py:2613} INFO - Dependencies all met for dep_context=non-requeueable deps ti=<TaskInstance: check_server_status.check_server_status scheduled__2024-12-16T10:51:00+00:00 [queued]>
[2024-12-16T10:57:20.498+0000] {taskinstance.py:2613} INFO - Dependencies all met for dep_context=requeueable deps ti=<TaskInstance: check_server_status.check_server_status scheduled__2024-12-16T10:51:00+00:00 [queued]>
[2024-12-16T10:57:20.498+0000] {taskinstance.py:2866} INFO - Starting attempt 2 of 2
[2024-12-16T10:57:20.508+0000] {taskinstance.py:2889} INFO - Executing <Task(PythonOperator): check_server_status> on 2024-12-16 10:51:00+00:00
[2024-12-16T10:57:20.514+0000] {warnings.py:112} WARNING - /home/***/.local/lib/python3.12/site-packages/***/task/task_runner/standard_task_runner.py:70: DeprecationWarning: This process (pid=565) is multi-threaded, use of fork() may lead to deadlocks in the child.
  pid = os.fork()

[2024-12-16T10:57:20.515+0000] {standard_task_runner.py:72} INFO - Started process 567 to run task
[2024-12-16T10:57:20.515+0000] {standard_task_runner.py:104} INFO - Running: ['***', 'tasks', 'run', 'check_server_status', 'check_server_status', 'scheduled__2024-12-16T10:51:00+00:00', '--job-id', '102', '--raw', '--subdir', 'DAGS_FOLDER/check_server_status.py', '--cfg-path', '/tmp/tmpnbehu560']
[2024-12-16T10:57:20.516+0000] {standard_task_runner.py:105} INFO - Job 102: Subtask check_server_status
[2024-12-16T10:57:20.551+0000] {task_command.py:467} INFO - Running <TaskInstance: check_server_status.check_server_status scheduled__2024-12-16T10:51:00+00:00 [running]> on host 1b59279a9320
[2024-12-16T10:57:20.807+0000] {taskinstance.py:3132} INFO - Exporting env vars: AIRFLOW_CTX_DAG_OWNER='***' AIRFLOW_CTX_DAG_ID='check_server_status' AIRFLOW_CTX_TASK_ID='check_server_status' AIRFLOW_CTX_EXECUTION_DATE='2024-12-16T10:51:00+00:00' AIRFLOW_CTX_TRY_NUMBER='2' AIRFLOW_CTX_DAG_RUN_ID='scheduled__2024-12-16T10:51:00+00:00'
[2024-12-16T10:57:20.807+0000] {logging_mixin.py:190} INFO - Task instance is in running state
[2024-12-16T10:57:20.807+0000] {logging_mixin.py:190} INFO -  Previous state of the Task instance: queued
[2024-12-16T10:57:20.808+0000] {logging_mixin.py:190} INFO - Current task name:check_server_status state:running start_date:2024-12-16 10:57:20.492803+00:00
[2024-12-16T10:57:20.808+0000] {logging_mixin.py:190} INFO - Dag name:check_server_status and current dag run status:running
[2024-12-16T10:57:20.808+0000] {taskinstance.py:731} INFO - ::endgroup::
[2024-12-16T10:57:20.822+0000] {transport.py:1944} INFO - Connected (version 2.0, client OpenSSH_8.9p1)
[2024-12-16T10:57:20.931+0000] {transport.py:1944} INFO - Authentication (publickey) successful!
[2024-12-16T10:57:21.271+0000] {logging_mixin.py:190} INFO - Server 3rdLack MN is up
[2024-12-16T10:57:21.287+0000] {transport.py:1944} INFO - Connected (version 2.0, client OpenSSH_8.9p1)
[2024-12-16T10:57:21.400+0000] {transport.py:1944} INFO - Authentication (publickey) successful!
[2024-12-16T10:57:21.770+0000] {logging_mixin.py:190} INFO - Server 3rdLack SN05 is up
[2024-12-16T10:57:21.784+0000] {transport.py:1944} INFO - Connected (version 2.0, client OpenSSH_8.9p1)
[2024-12-16T10:57:21.933+0000] {transport.py:1944} INFO - Authentication (publickey) successful!
[2024-12-16T10:57:22.310+0000] {logging_mixin.py:190} INFO - Server 3rdLack SN06 is up
[2024-12-16T10:57:22.324+0000] {transport.py:1944} INFO - Connected (version 2.0, client OpenSSH_8.9p1)
[2024-12-16T10:57:22.453+0000] {transport.py:1944} INFO - Authentication (publickey) successful!
[2024-12-16T10:57:22.845+0000] {logging_mixin.py:190} INFO - Server 3rdLack SN07 is up
[2024-12-16T10:57:22.859+0000] {transport.py:1944} INFO - Connected (version 2.0, client OpenSSH_8.9p1)
[2024-12-16T10:57:22.976+0000] {transport.py:1944} INFO - Authentication (publickey) successful!
[2024-12-16T10:57:23.346+0000] {logging_mixin.py:190} INFO - Server 3rdLack SN08 is up
[2024-12-16T10:57:23.366+0000] {transport.py:1944} INFO - Connected (version 2.0, client OpenSSH_8.2p1)
[2024-12-16T10:57:23.441+0000] {transport.py:1944} INFO - Authentication (publickey) successful!
[2024-12-16T10:57:24.117+0000] {logging_mixin.py:190} INFO - Server 1rdLack MN is up
[2024-12-16T10:57:24.146+0000] {transport.py:1944} INFO - Connected (version 2.0, client OpenSSH_8.2p1)
[2024-12-16T10:57:24.214+0000] {transport.py:1944} INFO - Authentication (publickey) successful!
[2024-12-16T10:57:25.208+0000] {logging_mixin.py:190} INFO - Server 1rdLack SN01 is up
[2024-12-16T10:57:25.239+0000] {transport.py:1944} INFO - Connected (version 2.0, client OpenSSH_8.2p1)
[2024-12-16T10:57:25.318+0000] {transport.py:1944} INFO - Authentication (publickey) successful!
[2024-12-16T10:57:26.216+0000] {logging_mixin.py:190} INFO - Server 1rdLack SN02 is up
[2024-12-16T10:57:26.246+0000] {transport.py:1944} INFO - Connected (version 2.0, client OpenSSH_8.2p1)
[2024-12-16T10:57:26.325+0000] {transport.py:1944} INFO - Authentication (publickey) successful!
[2024-12-16T10:57:27.241+0000] {logging_mixin.py:190} INFO - Server 1rdLack SN03 is up
[2024-12-16T10:57:27.274+0000] {transport.py:1944} INFO - Connected (version 2.0, client OpenSSH_8.2p1)
[2024-12-16T10:57:27.350+0000] {transport.py:1944} INFO - Authentication (publickey) successful!
[2024-12-16T10:57:28.307+0000] {logging_mixin.py:190} INFO - Server 1rdLack SN04 is up
[2024-12-16T10:57:28.337+0000] {transport.py:1944} INFO - Connected (version 2.0, client OpenSSH_8.2p1)
[2024-12-16T10:57:28.400+0000] {transport.py:1944} INFO - Authentication (publickey) successful!
[2024-12-16T10:57:29.367+0000] {logging_mixin.py:190} INFO - Server 1rdLack SN05 is up
[2024-12-16T10:57:29.396+0000] {transport.py:1944} INFO - Connected (version 2.0, client OpenSSH_8.2p1)
[2024-12-16T10:57:29.458+0000] {transport.py:1944} INFO - Authentication (publickey) successful!
[2024-12-16T10:57:30.357+0000] {logging_mixin.py:190} INFO - Server 1rdLack SN06 is up
[2024-12-16T10:57:30.385+0000] {transport.py:1944} INFO - Connected (version 2.0, client OpenSSH_8.2p1)
[2024-12-16T10:57:30.456+0000] {transport.py:1944} INFO - Authentication (publickey) successful!
[2024-12-16T10:57:31.391+0000] {logging_mixin.py:190} INFO - Server 1rdLack SN07 is up
[2024-12-16T10:57:31.421+0000] {transport.py:1944} INFO - Connected (version 2.0, client OpenSSH_8.2p1)
[2024-12-16T10:57:31.484+0000] {transport.py:1944} INFO - Authentication (publickey) successful!
[2024-12-16T10:57:32.415+0000] {logging_mixin.py:190} INFO - Server 1rdLack SN09 is up
[2024-12-16T10:57:32.422+0000] {transport.py:1944} INFO - Connected (version 2.0, client OpenSSH_8.2p1)
[2024-12-16T10:57:32.492+0000] {transport.py:1944} INFO - Authentication (publickey) successful!
[2024-12-16T10:57:32.886+0000] {logging_mixin.py:190} INFO - Server cs1 is up
[2024-12-16T10:57:32.892+0000] {transport.py:1944} INFO - Connected (version 2.0, client OpenSSH_8.2p1)
[2024-12-16T10:57:33.006+0000] {transport.py:1944} INFO - Authentication (publickey) successful!
[2024-12-16T10:57:33.182+0000] {logging_mixin.py:190} INFO - Server DL01 is up
[2024-12-16T10:57:33.189+0000] {transport.py:1944} INFO - Connected (version 2.0, client OpenSSH_8.2p1)
[2024-12-16T10:57:33.347+0000] {transport.py:1944} INFO - Authentication (publickey) successful!
[2024-12-16T10:57:33.510+0000] {logging_mixin.py:190} INFO - Server DL02 is up
[2024-12-16T10:57:33.522+0000] {transport.py:1944} INFO - Connected (version 2.0, client OpenSSH_8.2p1)
[2024-12-16T10:57:33.639+0000] {transport.py:1944} INFO - Authentication (publickey) successful!
[2024-12-16T10:57:33.769+0000] {logging_mixin.py:190} INFO - Server DL03 is up
[2024-12-16T10:57:37.147+0000] {logging_mixin.py:190} INFO - Discord alert sent successfully
[2024-12-16T10:57:37.149+0000] {python.py:240} INFO - Done. Returned value was: None
[2024-12-16T10:57:37.165+0000] {taskinstance.py:340} INFO - ::group::Post task execution logs
[2024-12-16T10:57:37.166+0000] {taskinstance.py:352} INFO - Marking task as SUCCESS. dag_id=check_server_status, task_id=check_server_status, run_id=scheduled__2024-12-16T10:51:00+00:00, execution_date=20241216T105100, start_date=20241216T105720, end_date=20241216T105737
[2024-12-16T10:57:37.178+0000] {logging_mixin.py:190} INFO - Task instance in success state
[2024-12-16T10:57:37.178+0000] {logging_mixin.py:190} INFO -  Previous state of the Task instance: running
[2024-12-16T10:57:37.178+0000] {logging_mixin.py:190} INFO - Dag name:check_server_status queued_at:2024-12-16 10:52:00.932235+00:00
[2024-12-16T10:57:37.179+0000] {logging_mixin.py:190} INFO - Task hostname:1b59279a9320 operator:PythonOperator
[2024-12-16T10:57:37.227+0000] {local_task_job_runner.py:266} INFO - Task exited with return code 0
[2024-12-16T10:57:37.245+0000] {taskinstance.py:3895} INFO - 0 downstream tasks scheduled from follow-on schedule check
[2024-12-16T10:57:37.248+0000] {local_task_job_runner.py:245} INFO - ::endgroup::
