[2024-12-16T09:39:54.679+0000] {local_task_job_runner.py:123} INFO - ::group::Pre task execution logs
[2024-12-16T09:39:54.697+0000] {taskinstance.py:2613} INFO - Dependencies all met for dep_context=non-requeueable deps ti=<TaskInstance: check_server_status.check_server_status scheduled__2024-12-16T09:38:00+00:00 [queued]>
[2024-12-16T09:39:54.705+0000] {taskinstance.py:2613} INFO - Dependencies all met for dep_context=requeueable deps ti=<TaskInstance: check_server_status.check_server_status scheduled__2024-12-16T09:38:00+00:00 [queued]>
[2024-12-16T09:39:54.705+0000] {taskinstance.py:2866} INFO - Starting attempt 1 of 2
[2024-12-16T09:39:54.718+0000] {taskinstance.py:2889} INFO - Executing <Task(PythonOperator): check_server_status> on 2024-12-16 09:38:00+00:00
[2024-12-16T09:39:54.726+0000] {warnings.py:112} WARNING - /home/***/.local/lib/python3.12/site-packages/***/task/task_runner/standard_task_runner.py:70: DeprecationWarning: This process (pid=67) is multi-threaded, use of fork() may lead to deadlocks in the child.
  pid = os.fork()

[2024-12-16T09:39:54.728+0000] {standard_task_runner.py:72} INFO - Started process 76 to run task
[2024-12-16T09:39:54.728+0000] {standard_task_runner.py:104} INFO - Running: ['***', 'tasks', 'run', 'check_server_status', 'check_server_status', 'scheduled__2024-12-16T09:38:00+00:00', '--job-id', '68', '--raw', '--subdir', 'DAGS_FOLDER/check_server_status.py', '--cfg-path', '/tmp/tmpqdcr2yua']
[2024-12-16T09:39:54.729+0000] {standard_task_runner.py:105} INFO - Job 68: Subtask check_server_status
[2024-12-16T09:39:54.770+0000] {task_command.py:467} INFO - Running <TaskInstance: check_server_status.check_server_status scheduled__2024-12-16T09:38:00+00:00 [running]> on host 8c1374f90dba
[2024-12-16T09:39:54.866+0000] {taskinstance.py:3132} INFO - Exporting env vars: AIRFLOW_CTX_DAG_OWNER='***' AIRFLOW_CTX_DAG_ID='check_server_status' AIRFLOW_CTX_TASK_ID='check_server_status' AIRFLOW_CTX_EXECUTION_DATE='2024-12-16T09:38:00+00:00' AIRFLOW_CTX_TRY_NUMBER='1' AIRFLOW_CTX_DAG_RUN_ID='scheduled__2024-12-16T09:38:00+00:00'
[2024-12-16T09:39:54.868+0000] {logging_mixin.py:190} INFO - Task instance is in running state
[2024-12-16T09:39:54.868+0000] {logging_mixin.py:190} INFO -  Previous state of the Task instance: queued
[2024-12-16T09:39:54.868+0000] {logging_mixin.py:190} INFO - Current task name:check_server_status state:running start_date:2024-12-16 09:39:54.697384+00:00
[2024-12-16T09:39:54.869+0000] {logging_mixin.py:190} INFO - Dag name:check_server_status and current dag run status:running
[2024-12-16T09:39:54.869+0000] {taskinstance.py:731} INFO - ::endgroup::
[2024-12-16T09:39:54.883+0000] {transport.py:1944} INFO - Connected (version 2.0, client OpenSSH_8.9p1)
[2024-12-16T09:39:55.276+0000] {logging_mixin.py:190} INFO - Discord alert sent successfully
[2024-12-16T09:39:55.290+0000] {transport.py:1944} INFO - Connected (version 2.0, client OpenSSH_8.9p1)
[2024-12-16T09:39:55.625+0000] {logging_mixin.py:190} INFO - Discord alert sent successfully
[2024-12-16T09:39:55.639+0000] {transport.py:1944} INFO - Connected (version 2.0, client OpenSSH_8.9p1)
[2024-12-16T09:39:55.981+0000] {logging_mixin.py:190} INFO - Discord alert sent successfully
[2024-12-16T09:39:55.997+0000] {transport.py:1944} INFO - Connected (version 2.0, client OpenSSH_8.9p1)
[2024-12-16T09:39:56.340+0000] {logging_mixin.py:190} INFO - Discord alert sent successfully
[2024-12-16T09:39:56.353+0000] {transport.py:1944} INFO - Connected (version 2.0, client OpenSSH_8.9p1)
[2024-12-16T09:39:56.724+0000] {logging_mixin.py:190} INFO - Discord alert sent successfully
[2024-12-16T09:39:56.744+0000] {transport.py:1944} INFO - Connected (version 2.0, client OpenSSH_8.2p1)
[2024-12-16T09:39:57.080+0000] {logging_mixin.py:190} INFO - Discord alert sent successfully
[2024-12-16T09:39:57.111+0000] {transport.py:1944} INFO - Connected (version 2.0, client OpenSSH_8.2p1)
[2024-12-16T09:39:57.444+0000] {logging_mixin.py:190} INFO - Discord alert sent successfully
[2024-12-16T09:39:57.483+0000] {transport.py:1944} INFO - Connected (version 2.0, client OpenSSH_8.2p1)
[2024-12-16T09:39:57.798+0000] {logging_mixin.py:190} INFO - Discord alert sent successfully
[2024-12-16T09:39:57.829+0000] {transport.py:1944} INFO - Connected (version 2.0, client OpenSSH_8.2p1)
[2024-12-16T09:39:58.156+0000] {logging_mixin.py:190} INFO - Discord alert sent successfully
[2024-12-16T09:39:58.183+0000] {transport.py:1944} INFO - Connected (version 2.0, client OpenSSH_8.2p1)
[2024-12-16T09:39:58.491+0000] {logging_mixin.py:190} INFO - Discord alert sent successfully
[2024-12-16T09:39:58.521+0000] {transport.py:1944} INFO - Connected (version 2.0, client OpenSSH_8.2p1)
[2024-12-16T09:39:58.884+0000] {logging_mixin.py:190} INFO - Discord alert sent successfully
[2024-12-16T09:39:58.914+0000] {transport.py:1944} INFO - Connected (version 2.0, client OpenSSH_8.2p1)
[2024-12-16T09:39:59.251+0000] {logging_mixin.py:190} INFO - Discord alert sent successfully
[2024-12-16T09:39:59.284+0000] {transport.py:1944} INFO - Connected (version 2.0, client OpenSSH_8.2p1)
[2024-12-16T09:39:59.610+0000] {logging_mixin.py:190} INFO - Discord alert sent successfully
[2024-12-16T09:39:59.647+0000] {transport.py:1944} INFO - Connected (version 2.0, client OpenSSH_8.2p1)
[2024-12-16T09:39:59.980+0000] {logging_mixin.py:190} INFO - Discord alert sent successfully
[2024-12-16T09:39:59.986+0000] {transport.py:1944} INFO - Connected (version 2.0, client OpenSSH_8.2p1)
[2024-12-16T09:40:00.306+0000] {logging_mixin.py:190} INFO - Discord alert sent successfully
[2024-12-16T09:40:00.317+0000] {transport.py:1944} INFO - Connected (version 2.0, client OpenSSH_8.2p1)
[2024-12-16T09:40:00.693+0000] {logging_mixin.py:190} INFO - Discord alert sent successfully
[2024-12-16T09:40:00.705+0000] {transport.py:1944} INFO - Connected (version 2.0, client OpenSSH_8.2p1)
[2024-12-16T09:40:01.134+0000] {logging_mixin.py:190} INFO - Discord alert sent successfully
[2024-12-16T09:40:01.145+0000] {transport.py:1944} INFO - Connected (version 2.0, client OpenSSH_8.2p1)
[2024-12-16T09:40:01.498+0000] {logging_mixin.py:190} INFO - Discord alert sent successfully
[2024-12-16T09:40:04.822+0000] {logging_mixin.py:190} INFO - Discord alert sent successfully
[2024-12-16T09:40:04.823+0000] {python.py:240} INFO - Done. Returned value was: None
[2024-12-16T09:40:04.833+0000] {taskinstance.py:340} INFO - ::group::Post task execution logs
[2024-12-16T09:40:04.834+0000] {taskinstance.py:352} INFO - Marking task as SUCCESS. dag_id=check_server_status, task_id=check_server_status, run_id=scheduled__2024-12-16T09:38:00+00:00, execution_date=20241216T093800, start_date=20241216T093954, end_date=20241216T094004
[2024-12-16T09:40:04.846+0000] {logging_mixin.py:190} INFO - Task instance in success state
[2024-12-16T09:40:04.846+0000] {logging_mixin.py:190} INFO -  Previous state of the Task instance: running
[2024-12-16T09:40:04.846+0000] {logging_mixin.py:190} INFO - Dag name:check_server_status queued_at:2024-12-16 09:39:49.754677+00:00
[2024-12-16T09:40:04.847+0000] {logging_mixin.py:190} INFO - Task hostname:8c1374f90dba operator:PythonOperator
[2024-12-16T09:40:04.859+0000] {local_task_job_runner.py:266} INFO - Task exited with return code 0
[2024-12-16T09:40:04.873+0000] {taskinstance.py:3895} INFO - 0 downstream tasks scheduled from follow-on schedule check
[2024-12-16T09:40:04.875+0000] {local_task_job_runner.py:245} INFO - ::endgroup::
