[2024-12-16T10:59:01.649+0000] {local_task_job_runner.py:123} INFO - ::group::Pre task execution logs
[2024-12-16T10:59:01.662+0000] {taskinstance.py:2613} INFO - Dependencies all met for dep_context=non-requeueable deps ti=<TaskInstance: check_server_status.check_server_status scheduled__2024-12-16T10:58:00+00:00 [queued]>
[2024-12-16T10:59:01.668+0000] {taskinstance.py:2613} INFO - Dependencies all met for dep_context=requeueable deps ti=<TaskInstance: check_server_status.check_server_status scheduled__2024-12-16T10:58:00+00:00 [queued]>
[2024-12-16T10:59:01.668+0000] {taskinstance.py:2866} INFO - Starting attempt 1 of 2
[2024-12-16T10:59:01.678+0000] {taskinstance.py:2889} INFO - Executing <Task(PythonOperator): check_server_status> on 2024-12-16 10:58:00+00:00
[2024-12-16T10:59:01.684+0000] {warnings.py:112} WARNING - /home/***/.local/lib/python3.12/site-packages/***/task/task_runner/standard_task_runner.py:70: DeprecationWarning: This process (pid=706) is multi-threaded, use of fork() may lead to deadlocks in the child.
  pid = os.fork()

[2024-12-16T10:59:01.685+0000] {standard_task_runner.py:72} INFO - Started process 708 to run task
[2024-12-16T10:59:01.685+0000] {standard_task_runner.py:104} INFO - Running: ['***', 'tasks', 'run', 'check_server_status', 'check_server_status', 'scheduled__2024-12-16T10:58:00+00:00', '--job-id', '105', '--raw', '--subdir', 'DAGS_FOLDER/check_server_status.py', '--cfg-path', '/tmp/tmp38dqqmxi']
[2024-12-16T10:59:01.686+0000] {standard_task_runner.py:105} INFO - Job 105: Subtask check_server_status
[2024-12-16T10:59:01.722+0000] {task_command.py:467} INFO - Running <TaskInstance: check_server_status.check_server_status scheduled__2024-12-16T10:58:00+00:00 [running]> on host 1b59279a9320
[2024-12-16T10:59:01.979+0000] {taskinstance.py:3132} INFO - Exporting env vars: AIRFLOW_CTX_DAG_OWNER='***' AIRFLOW_CTX_DAG_ID='check_server_status' AIRFLOW_CTX_TASK_ID='check_server_status' AIRFLOW_CTX_EXECUTION_DATE='2024-12-16T10:58:00+00:00' AIRFLOW_CTX_TRY_NUMBER='1' AIRFLOW_CTX_DAG_RUN_ID='scheduled__2024-12-16T10:58:00+00:00'
[2024-12-16T10:59:01.980+0000] {logging_mixin.py:190} INFO - Task instance is in running state
[2024-12-16T10:59:01.980+0000] {logging_mixin.py:190} INFO -  Previous state of the Task instance: queued
[2024-12-16T10:59:01.980+0000] {logging_mixin.py:190} INFO - Current task name:check_server_status state:running start_date:2024-12-16 10:59:01.662288+00:00
[2024-12-16T10:59:01.980+0000] {logging_mixin.py:190} INFO - Dag name:check_server_status and current dag run status:running
[2024-12-16T10:59:01.980+0000] {taskinstance.py:731} INFO - ::endgroup::
[2024-12-16T10:59:01.994+0000] {transport.py:1944} INFO - Connected (version 2.0, client OpenSSH_8.9p1)
[2024-12-16T10:59:02.107+0000] {transport.py:1944} INFO - Authentication (publickey) successful!
[2024-12-16T10:59:02.444+0000] {logging_mixin.py:190} INFO - Server 3rdLack MN is up
[2024-12-16T10:59:02.459+0000] {transport.py:1944} INFO - Connected (version 2.0, client OpenSSH_8.9p1)
[2024-12-16T10:59:02.571+0000] {transport.py:1944} INFO - Authentication (publickey) successful!
[2024-12-16T10:59:02.958+0000] {logging_mixin.py:190} INFO - Server 3rdLack SN05 is up
[2024-12-16T10:59:02.972+0000] {transport.py:1944} INFO - Connected (version 2.0, client OpenSSH_8.9p1)
[2024-12-16T10:59:03.079+0000] {transport.py:1944} INFO - Authentication (publickey) successful!
[2024-12-16T10:59:03.459+0000] {logging_mixin.py:190} INFO - Server 3rdLack SN06 is up
[2024-12-16T10:59:03.474+0000] {transport.py:1944} INFO - Connected (version 2.0, client OpenSSH_8.9p1)
[2024-12-16T10:59:03.617+0000] {transport.py:1944} INFO - Authentication (publickey) successful!
[2024-12-16T10:59:04.024+0000] {logging_mixin.py:190} INFO - Server 3rdLack SN07 is up
[2024-12-16T10:59:04.039+0000] {transport.py:1944} INFO - Connected (version 2.0, client OpenSSH_8.9p1)
[2024-12-16T10:59:04.151+0000] {transport.py:1944} INFO - Authentication (publickey) successful!
[2024-12-16T10:59:04.529+0000] {logging_mixin.py:190} INFO - Server 3rdLack SN08 is up
[2024-12-16T10:59:04.548+0000] {transport.py:1944} INFO - Connected (version 2.0, client OpenSSH_8.2p1)
[2024-12-16T10:59:04.603+0000] {transport.py:1944} INFO - Authentication (publickey) successful!
[2024-12-16T10:59:05.286+0000] {logging_mixin.py:190} INFO - Server 1rdLack MN is up
[2024-12-16T10:59:05.318+0000] {transport.py:1944} INFO - Connected (version 2.0, client OpenSSH_8.2p1)
[2024-12-16T10:59:05.406+0000] {transport.py:1944} INFO - Authentication (publickey) successful!
[2024-12-16T10:59:06.347+0000] {logging_mixin.py:190} INFO - Server 1rdLack SN01 is up
[2024-12-16T10:59:06.376+0000] {transport.py:1944} INFO - Connected (version 2.0, client OpenSSH_8.2p1)
[2024-12-16T10:59:06.440+0000] {transport.py:1944} INFO - Authentication (publickey) successful!
[2024-12-16T10:59:07.312+0000] {logging_mixin.py:190} INFO - Server 1rdLack SN02 is up
[2024-12-16T10:59:07.340+0000] {transport.py:1944} INFO - Connected (version 2.0, client OpenSSH_8.2p1)
[2024-12-16T10:59:07.409+0000] {transport.py:1944} INFO - Authentication (publickey) successful!
[2024-12-16T10:59:08.279+0000] {logging_mixin.py:190} INFO - Server 1rdLack SN03 is up
[2024-12-16T10:59:08.306+0000] {transport.py:1944} INFO - Connected (version 2.0, client OpenSSH_8.2p1)
[2024-12-16T10:59:08.370+0000] {transport.py:1944} INFO - Authentication (publickey) successful!
[2024-12-16T10:59:09.271+0000] {logging_mixin.py:190} INFO - Server 1rdLack SN04 is up
[2024-12-16T10:59:09.302+0000] {transport.py:1944} INFO - Connected (version 2.0, client OpenSSH_8.2p1)
[2024-12-16T10:59:09.364+0000] {transport.py:1944} INFO - Authentication (publickey) successful!
[2024-12-16T10:59:10.324+0000] {logging_mixin.py:190} INFO - Server 1rdLack SN05 is up
[2024-12-16T10:59:10.353+0000] {transport.py:1944} INFO - Connected (version 2.0, client OpenSSH_8.2p1)
[2024-12-16T10:59:10.446+0000] {transport.py:1944} INFO - Authentication (publickey) successful!
[2024-12-16T10:59:11.350+0000] {logging_mixin.py:190} INFO - Server 1rdLack SN06 is up
[2024-12-16T10:59:11.382+0000] {transport.py:1944} INFO - Connected (version 2.0, client OpenSSH_8.2p1)
[2024-12-16T10:59:11.461+0000] {transport.py:1944} INFO - Authentication (publickey) successful!
[2024-12-16T10:59:12.383+0000] {logging_mixin.py:190} INFO - Server 1rdLack SN07 is up
[2024-12-16T10:59:12.413+0000] {transport.py:1944} INFO - Connected (version 2.0, client OpenSSH_8.2p1)
[2024-12-16T10:59:12.496+0000] {transport.py:1944} INFO - Authentication (publickey) successful!
[2024-12-16T10:59:13.423+0000] {logging_mixin.py:190} INFO - Server 1rdLack SN09 is up
[2024-12-16T10:59:13.430+0000] {transport.py:1944} INFO - Connected (version 2.0, client OpenSSH_8.2p1)
[2024-12-16T10:59:13.496+0000] {transport.py:1944} INFO - Authentication (publickey) successful!
[2024-12-16T10:59:13.890+0000] {logging_mixin.py:190} INFO - Server cs1 is up
[2024-12-16T10:59:13.904+0000] {transport.py:1944} INFO - Connected (version 2.0, client OpenSSH_8.2p1)
[2024-12-16T10:59:14.018+0000] {transport.py:1944} INFO - Authentication (publickey) successful!
[2024-12-16T10:59:14.198+0000] {logging_mixin.py:190} INFO - Server DL01 is up
[2024-12-16T10:59:14.203+0000] {transport.py:1944} INFO - Connected (version 2.0, client OpenSSH_8.2p1)
[2024-12-16T10:59:14.304+0000] {transport.py:1944} INFO - Authentication (publickey) successful!
[2024-12-16T10:59:14.470+0000] {logging_mixin.py:190} INFO - Server DL02 is up
[2024-12-16T10:59:14.481+0000] {transport.py:1944} INFO - Connected (version 2.0, client OpenSSH_8.2p1)
[2024-12-16T10:59:14.584+0000] {transport.py:1944} INFO - Authentication (publickey) successful!
[2024-12-16T10:59:14.713+0000] {logging_mixin.py:190} INFO - Server DL03 is up
[2024-12-16T10:59:18.002+0000] {logging_mixin.py:190} INFO - Discord alert sent successfully
[2024-12-16T10:59:18.003+0000] {python.py:240} INFO - Done. Returned value was: None
[2024-12-16T10:59:18.013+0000] {taskinstance.py:340} INFO - ::group::Post task execution logs
[2024-12-16T10:59:18.014+0000] {taskinstance.py:352} INFO - Marking task as SUCCESS. dag_id=check_server_status, task_id=check_server_status, run_id=scheduled__2024-12-16T10:58:00+00:00, execution_date=20241216T105800, start_date=20241216T105901, end_date=20241216T105918
[2024-12-16T10:59:18.024+0000] {logging_mixin.py:190} INFO - Task instance in success state
[2024-12-16T10:59:18.024+0000] {logging_mixin.py:190} INFO -  Previous state of the Task instance: running
[2024-12-16T10:59:18.024+0000] {logging_mixin.py:190} INFO - Dag name:check_server_status queued_at:2024-12-16 10:59:00.167869+00:00
[2024-12-16T10:59:18.024+0000] {logging_mixin.py:190} INFO - Task hostname:1b59279a9320 operator:PythonOperator
[2024-12-16T10:59:18.041+0000] {local_task_job_runner.py:266} INFO - Task exited with return code 0
[2024-12-16T10:59:18.055+0000] {taskinstance.py:3895} INFO - 0 downstream tasks scheduled from follow-on schedule check
[2024-12-16T10:59:18.057+0000] {local_task_job_runner.py:245} INFO - ::endgroup::
