[2024-12-16T11:17:03.806+0000] {local_task_job_runner.py:123} INFO - ::group::Pre task execution logs
[2024-12-16T11:17:03.819+0000] {taskinstance.py:2613} INFO - Dependencies all met for dep_context=non-requeueable deps ti=<TaskInstance: check_server_status.check_server_status scheduled__2024-12-16T11:11:00+00:00 [queued]>
[2024-12-16T11:17:03.825+0000] {taskinstance.py:2613} INFO - Dependencies all met for dep_context=requeueable deps ti=<TaskInstance: check_server_status.check_server_status scheduled__2024-12-16T11:11:00+00:00 [queued]>
[2024-12-16T11:17:03.825+0000] {taskinstance.py:2866} INFO - Starting attempt 2 of 2
[2024-12-16T11:17:03.836+0000] {taskinstance.py:2889} INFO - Executing <Task(PythonOperator): check_server_status> on 2024-12-16 11:11:00+00:00
[2024-12-16T11:17:03.842+0000] {warnings.py:112} WARNING - /home/***/.local/lib/python3.12/site-packages/***/task/task_runner/standard_task_runner.py:70: DeprecationWarning: This process (pid=263) is multi-threaded, use of fork() may lead to deadlocks in the child.
  pid = os.fork()

[2024-12-16T11:17:03.843+0000] {standard_task_runner.py:72} INFO - Started process 271 to run task
[2024-12-16T11:17:03.844+0000] {standard_task_runner.py:104} INFO - Running: ['***', 'tasks', 'run', 'check_server_status', 'check_server_status', 'scheduled__2024-12-16T11:11:00+00:00', '--job-id', '129', '--raw', '--subdir', 'DAGS_FOLDER/check_server_status.py', '--cfg-path', '/tmp/tmp0fbjwpqq']
[2024-12-16T11:17:03.845+0000] {standard_task_runner.py:105} INFO - Job 129: Subtask check_server_status
[2024-12-16T11:17:03.885+0000] {task_command.py:467} INFO - Running <TaskInstance: check_server_status.check_server_status scheduled__2024-12-16T11:11:00+00:00 [running]> on host a9edcc228d1b
[2024-12-16T11:17:04.236+0000] {taskinstance.py:3132} INFO - Exporting env vars: AIRFLOW_CTX_DAG_OWNER='***' AIRFLOW_CTX_DAG_ID='check_server_status' AIRFLOW_CTX_TASK_ID='check_server_status' AIRFLOW_CTX_EXECUTION_DATE='2024-12-16T11:11:00+00:00' AIRFLOW_CTX_TRY_NUMBER='2' AIRFLOW_CTX_DAG_RUN_ID='scheduled__2024-12-16T11:11:00+00:00'
[2024-12-16T11:17:04.236+0000] {logging_mixin.py:190} INFO - Task instance is in running state
[2024-12-16T11:17:04.237+0000] {logging_mixin.py:190} INFO -  Previous state of the Task instance: queued
[2024-12-16T11:17:04.237+0000] {logging_mixin.py:190} INFO - Current task name:check_server_status state:running start_date:2024-12-16 11:17:03.819621+00:00
[2024-12-16T11:17:04.237+0000] {logging_mixin.py:190} INFO - Dag name:check_server_status and current dag run status:running
[2024-12-16T11:17:04.237+0000] {taskinstance.py:731} INFO - ::endgroup::
[2024-12-16T11:17:04.252+0000] {transport.py:1944} INFO - Connected (version 2.0, client OpenSSH_8.9p1)
[2024-12-16T11:17:04.367+0000] {transport.py:1944} INFO - Authentication (publickey) successful!
[2024-12-16T11:17:04.490+0000] {logging_mixin.py:190} INFO - Server 3rdLack MN is up
[2024-12-16T11:17:04.506+0000] {transport.py:1944} INFO - Connected (version 2.0, client OpenSSH_8.9p1)
[2024-12-16T11:17:04.632+0000] {transport.py:1944} INFO - Authentication (publickey) successful!
[2024-12-16T11:17:04.766+0000] {logging_mixin.py:190} INFO - Server 3rdLack SN05 is up
[2024-12-16T11:17:04.783+0000] {transport.py:1944} INFO - Connected (version 2.0, client OpenSSH_8.9p1)
[2024-12-16T11:17:04.891+0000] {transport.py:1944} INFO - Authentication (publickey) successful!
[2024-12-16T11:17:04.990+0000] {logging_mixin.py:190} INFO - Server 3rdLack SN06 is up
[2024-12-16T11:17:05.004+0000] {transport.py:1944} INFO - Connected (version 2.0, client OpenSSH_8.9p1)
[2024-12-16T11:17:05.125+0000] {transport.py:1944} INFO - Authentication (publickey) successful!
[2024-12-16T11:17:05.234+0000] {logging_mixin.py:190} INFO - Server 3rdLack SN07 is up
[2024-12-16T11:17:05.251+0000] {transport.py:1944} INFO - Connected (version 2.0, client OpenSSH_8.9p1)
[2024-12-16T11:17:05.367+0000] {transport.py:1944} INFO - Authentication (publickey) successful!
[2024-12-16T11:17:05.477+0000] {logging_mixin.py:190} INFO - Server 3rdLack SN08 is up
[2024-12-16T11:17:05.497+0000] {transport.py:1944} INFO - Connected (version 2.0, client OpenSSH_8.2p1)
[2024-12-16T11:17:05.590+0000] {transport.py:1944} INFO - Authentication (publickey) successful!
[2024-12-16T11:17:06.158+0000] {logging_mixin.py:190} INFO - Server 1rdLack MN is up
[2024-12-16T11:17:06.189+0000] {transport.py:1944} INFO - Connected (version 2.0, client OpenSSH_8.2p1)
[2024-12-16T11:17:06.270+0000] {transport.py:1944} INFO - Authentication (publickey) successful!
[2024-12-16T11:17:06.955+0000] {logging_mixin.py:190} INFO - Server 1rdLack SN01 is up
[2024-12-16T11:17:06.986+0000] {transport.py:1944} INFO - Connected (version 2.0, client OpenSSH_8.2p1)
[2024-12-16T11:17:07.051+0000] {transport.py:1944} INFO - Authentication (publickey) successful!
[2024-12-16T11:17:07.731+0000] {logging_mixin.py:190} INFO - Server 1rdLack SN02 is up
[2024-12-16T11:17:07.760+0000] {transport.py:1944} INFO - Connected (version 2.0, client OpenSSH_8.2p1)
[2024-12-16T11:17:07.837+0000] {transport.py:1944} INFO - Authentication (publickey) successful!
[2024-12-16T11:17:08.475+0000] {logging_mixin.py:190} INFO - Server 1rdLack SN03 is up
[2024-12-16T11:17:08.504+0000] {transport.py:1944} INFO - Connected (version 2.0, client OpenSSH_8.2p1)
[2024-12-16T11:17:08.578+0000] {transport.py:1944} INFO - Authentication (publickey) successful!
[2024-12-16T11:17:09.239+0000] {logging_mixin.py:190} INFO - Server 1rdLack SN04 is up
[2024-12-16T11:17:09.265+0000] {transport.py:1944} INFO - Connected (version 2.0, client OpenSSH_8.2p1)
[2024-12-16T11:17:09.327+0000] {transport.py:1944} INFO - Authentication (publickey) successful!
[2024-12-16T11:17:10.134+0000] {logging_mixin.py:190} INFO - Server 1rdLack SN05 is up
[2024-12-16T11:17:10.164+0000] {transport.py:1944} INFO - Connected (version 2.0, client OpenSSH_8.2p1)
[2024-12-16T11:17:10.228+0000] {transport.py:1944} INFO - Authentication (publickey) successful!
[2024-12-16T11:17:11.166+0000] {logging_mixin.py:190} INFO - Server 1rdLack SN06 is up
[2024-12-16T11:17:11.193+0000] {transport.py:1944} INFO - Connected (version 2.0, client OpenSSH_8.2p1)
[2024-12-16T11:17:11.270+0000] {transport.py:1944} INFO - Authentication (publickey) successful!
[2024-12-16T11:17:12.103+0000] {logging_mixin.py:190} INFO - Server 1rdLack SN07 is up
[2024-12-16T11:17:12.136+0000] {transport.py:1944} INFO - Connected (version 2.0, client OpenSSH_8.2p1)
[2024-12-16T11:17:12.206+0000] {transport.py:1944} INFO - Authentication (publickey) successful!
[2024-12-16T11:17:13.183+0000] {logging_mixin.py:190} INFO - Server 1rdLack SN09 is up
[2024-12-16T11:17:13.190+0000] {transport.py:1944} INFO - Connected (version 2.0, client OpenSSH_8.2p1)
[2024-12-16T11:17:13.239+0000] {transport.py:1944} INFO - Authentication (publickey) successful!
[2024-12-16T11:17:13.358+0000] {logging_mixin.py:190} INFO - Server cs1 is up
[2024-12-16T11:17:13.366+0000] {transport.py:1944} INFO - Connected (version 2.0, client OpenSSH_8.2p1)
[2024-12-16T11:17:13.431+0000] {transport.py:1944} INFO - Authentication (publickey) successful!
[2024-12-16T11:17:13.617+0000] {logging_mixin.py:190} INFO - Server DL01 is up
[2024-12-16T11:17:13.627+0000] {transport.py:1944} INFO - Connected (version 2.0, client OpenSSH_8.2p1)
[2024-12-16T11:17:13.737+0000] {transport.py:1944} INFO - Authentication (publickey) successful!
[2024-12-16T11:17:13.909+0000] {logging_mixin.py:190} INFO - Server DL02 is up
[2024-12-16T11:17:13.919+0000] {transport.py:1944} INFO - Connected (version 2.0, client OpenSSH_8.2p1)
[2024-12-16T11:17:14.032+0000] {transport.py:1944} INFO - Authentication (publickey) successful!
[2024-12-16T11:17:14.165+0000] {logging_mixin.py:190} INFO - Server DL03 is up
[2024-12-16T11:17:17.467+0000] {logging_mixin.py:190} INFO - Discord alert sent successfully
[2024-12-16T11:17:17.468+0000] {python.py:240} INFO - Done. Returned value was: None
[2024-12-16T11:17:17.479+0000] {taskinstance.py:340} INFO - ::group::Post task execution logs
[2024-12-16T11:17:17.479+0000] {taskinstance.py:352} INFO - Marking task as SUCCESS. dag_id=check_server_status, task_id=check_server_status, run_id=scheduled__2024-12-16T11:11:00+00:00, execution_date=20241216T111100, start_date=20241216T111703, end_date=20241216T111717
[2024-12-16T11:17:17.505+0000] {logging_mixin.py:190} INFO - Task instance in success state
[2024-12-16T11:17:17.506+0000] {logging_mixin.py:190} INFO -  Previous state of the Task instance: running
[2024-12-16T11:17:17.506+0000] {logging_mixin.py:190} INFO - Dag name:check_server_status queued_at:2024-12-16 11:12:00.071662+00:00
[2024-12-16T11:17:17.506+0000] {logging_mixin.py:190} INFO - Task hostname:a9edcc228d1b operator:PythonOperator
[2024-12-16T11:17:17.519+0000] {local_task_job_runner.py:266} INFO - Task exited with return code 0
[2024-12-16T11:17:17.535+0000] {taskinstance.py:3895} INFO - 0 downstream tasks scheduled from follow-on schedule check
[2024-12-16T11:17:17.536+0000] {local_task_job_runner.py:245} INFO - ::endgroup::
