[2024-12-16T09:52:02.259+0000] {local_task_job_runner.py:123} INFO - ::group::Pre task execution logs
[2024-12-16T09:52:02.273+0000] {taskinstance.py:2613} INFO - Dependencies all met for dep_context=non-requeueable deps ti=<TaskInstance: check_server_status.check_server_status scheduled__2024-12-16T09:51:00+00:00 [queued]>
[2024-12-16T09:52:02.280+0000] {taskinstance.py:2613} INFO - Dependencies all met for dep_context=requeueable deps ti=<TaskInstance: check_server_status.check_server_status scheduled__2024-12-16T09:51:00+00:00 [queued]>
[2024-12-16T09:52:02.280+0000] {taskinstance.py:2866} INFO - Starting attempt 1 of 2
[2024-12-16T09:52:02.292+0000] {taskinstance.py:2889} INFO - Executing <Task(PythonOperator): check_server_status> on 2024-12-16 09:51:00+00:00
[2024-12-16T09:52:02.300+0000] {warnings.py:112} WARNING - /home/***/.local/lib/python3.12/site-packages/***/task/task_runner/standard_task_runner.py:70: DeprecationWarning: This process (pid=113) is multi-threaded, use of fork() may lead to deadlocks in the child.
  pid = os.fork()

[2024-12-16T09:52:02.301+0000] {standard_task_runner.py:72} INFO - Started process 115 to run task
[2024-12-16T09:52:02.301+0000] {standard_task_runner.py:104} INFO - Running: ['***', 'tasks', 'run', 'check_server_status', 'check_server_status', 'scheduled__2024-12-16T09:51:00+00:00', '--job-id', '73', '--raw', '--subdir', 'DAGS_FOLDER/check_server_status.py', '--cfg-path', '/tmp/tmp670essqr']
[2024-12-16T09:52:02.302+0000] {standard_task_runner.py:105} INFO - Job 73: Subtask check_server_status
[2024-12-16T09:52:02.339+0000] {task_command.py:467} INFO - Running <TaskInstance: check_server_status.check_server_status scheduled__2024-12-16T09:51:00+00:00 [running]> on host e34f1e9cb234
[2024-12-16T09:52:02.611+0000] {taskinstance.py:3132} INFO - Exporting env vars: AIRFLOW_CTX_DAG_OWNER='***' AIRFLOW_CTX_DAG_ID='check_server_status' AIRFLOW_CTX_TASK_ID='check_server_status' AIRFLOW_CTX_EXECUTION_DATE='2024-12-16T09:51:00+00:00' AIRFLOW_CTX_TRY_NUMBER='1' AIRFLOW_CTX_DAG_RUN_ID='scheduled__2024-12-16T09:51:00+00:00'
[2024-12-16T09:52:02.611+0000] {logging_mixin.py:190} INFO - Task instance is in running state
[2024-12-16T09:52:02.612+0000] {logging_mixin.py:190} INFO -  Previous state of the Task instance: queued
[2024-12-16T09:52:02.612+0000] {logging_mixin.py:190} INFO - Current task name:check_server_status state:running start_date:2024-12-16 09:52:02.274103+00:00
[2024-12-16T09:52:02.612+0000] {logging_mixin.py:190} INFO - Dag name:check_server_status and current dag run status:running
[2024-12-16T09:52:02.612+0000] {taskinstance.py:731} INFO - ::endgroup::
[2024-12-16T09:52:02.626+0000] {transport.py:1944} INFO - Connected (version 2.0, client OpenSSH_8.9p1)
[2024-12-16T09:52:03.056+0000] {logging_mixin.py:190} INFO - Discord alert sent successfully
[2024-12-16T09:52:03.071+0000] {transport.py:1944} INFO - Connected (version 2.0, client OpenSSH_8.9p1)
[2024-12-16T09:52:03.455+0000] {logging_mixin.py:190} INFO - Discord alert sent successfully
[2024-12-16T09:52:03.471+0000] {transport.py:1944} INFO - Connected (version 2.0, client OpenSSH_8.9p1)
[2024-12-16T09:52:03.823+0000] {logging_mixin.py:190} INFO - Discord alert sent successfully
[2024-12-16T09:52:03.837+0000] {transport.py:1944} INFO - Connected (version 2.0, client OpenSSH_8.9p1)
[2024-12-16T09:52:04.250+0000] {logging_mixin.py:190} INFO - Discord alert sent successfully
[2024-12-16T09:52:04.264+0000] {transport.py:1944} INFO - Connected (version 2.0, client OpenSSH_8.9p1)
[2024-12-16T09:52:04.616+0000] {logging_mixin.py:190} INFO - Discord alert sent successfully
[2024-12-16T09:52:04.636+0000] {transport.py:1944} INFO - Connected (version 2.0, client OpenSSH_8.2p1)
[2024-12-16T09:52:04.962+0000] {logging_mixin.py:190} INFO - Discord alert sent successfully
[2024-12-16T09:52:04.993+0000] {transport.py:1944} INFO - Connected (version 2.0, client OpenSSH_8.2p1)
[2024-12-16T09:52:05.480+0000] {logging_mixin.py:190} INFO - Discord alert sent successfully
[2024-12-16T09:52:05.509+0000] {transport.py:1944} INFO - Connected (version 2.0, client OpenSSH_8.2p1)
[2024-12-16T09:52:05.856+0000] {logging_mixin.py:190} INFO - Discord alert sent successfully
[2024-12-16T09:52:05.885+0000] {transport.py:1944} INFO - Connected (version 2.0, client OpenSSH_8.2p1)
[2024-12-16T09:52:06.195+0000] {logging_mixin.py:190} INFO - Discord alert sent successfully
[2024-12-16T09:52:06.225+0000] {transport.py:1944} INFO - Connected (version 2.0, client OpenSSH_8.2p1)
[2024-12-16T09:52:06.540+0000] {logging_mixin.py:190} INFO - Discord alert sent successfully
[2024-12-16T09:52:06.569+0000] {transport.py:1944} INFO - Connected (version 2.0, client OpenSSH_8.2p1)
[2024-12-16T09:52:06.905+0000] {logging_mixin.py:190} INFO - Discord alert sent successfully
[2024-12-16T09:52:06.934+0000] {transport.py:1944} INFO - Connected (version 2.0, client OpenSSH_8.2p1)
[2024-12-16T09:52:07.289+0000] {logging_mixin.py:190} INFO - Discord alert sent successfully
[2024-12-16T09:52:07.319+0000] {transport.py:1944} INFO - Connected (version 2.0, client OpenSSH_8.2p1)
[2024-12-16T09:52:07.642+0000] {logging_mixin.py:190} INFO - Discord alert sent successfully
[2024-12-16T09:52:07.671+0000] {transport.py:1944} INFO - Connected (version 2.0, client OpenSSH_8.2p1)
[2024-12-16T09:52:08.040+0000] {logging_mixin.py:190} INFO - Discord alert sent successfully
[2024-12-16T09:52:08.047+0000] {transport.py:1944} INFO - Connected (version 2.0, client OpenSSH_8.2p1)
[2024-12-16T09:52:08.347+0000] {logging_mixin.py:190} INFO - Discord alert sent successfully
[2024-12-16T09:52:08.362+0000] {transport.py:1944} INFO - Connected (version 2.0, client OpenSSH_8.2p1)
[2024-12-16T09:52:08.718+0000] {logging_mixin.py:190} INFO - Discord alert sent successfully
[2024-12-16T09:52:08.729+0000] {transport.py:1944} INFO - Connected (version 2.0, client OpenSSH_8.2p1)
[2024-12-16T09:52:09.163+0000] {logging_mixin.py:190} INFO - Discord alert sent successfully
[2024-12-16T09:52:09.175+0000] {transport.py:1944} INFO - Connected (version 2.0, client OpenSSH_8.2p1)
[2024-12-16T09:52:09.530+0000] {logging_mixin.py:190} INFO - Discord alert sent successfully
[2024-12-16T09:52:12.875+0000] {logging_mixin.py:190} INFO - Discord alert sent successfully
[2024-12-16T09:52:12.876+0000] {python.py:240} INFO - Done. Returned value was: None
[2024-12-16T09:52:12.886+0000] {taskinstance.py:340} INFO - ::group::Post task execution logs
[2024-12-16T09:52:12.886+0000] {taskinstance.py:352} INFO - Marking task as SUCCESS. dag_id=check_server_status, task_id=check_server_status, run_id=scheduled__2024-12-16T09:51:00+00:00, execution_date=20241216T095100, start_date=20241216T095202, end_date=20241216T095212
[2024-12-16T09:52:12.896+0000] {logging_mixin.py:190} INFO - Task instance in success state
[2024-12-16T09:52:12.896+0000] {logging_mixin.py:190} INFO -  Previous state of the Task instance: running
[2024-12-16T09:52:12.896+0000] {logging_mixin.py:190} INFO - Dag name:check_server_status queued_at:2024-12-16 09:52:00.665666+00:00
[2024-12-16T09:52:12.896+0000] {logging_mixin.py:190} INFO - Task hostname:e34f1e9cb234 operator:PythonOperator
[2024-12-16T09:52:12.932+0000] {local_task_job_runner.py:266} INFO - Task exited with return code 0
[2024-12-16T09:52:12.947+0000] {taskinstance.py:3895} INFO - 0 downstream tasks scheduled from follow-on schedule check
[2024-12-16T09:52:12.949+0000] {local_task_job_runner.py:245} INFO - ::endgroup::
