[2024-12-16T11:10:02.244+0000] {local_task_job_runner.py:123} INFO - ::group::Pre task execution logs
[2024-12-16T11:10:02.256+0000] {taskinstance.py:2613} INFO - Dependencies all met for dep_context=non-requeueable deps ti=<TaskInstance: check_server_status.check_server_status scheduled__2024-12-16T11:09:00+00:00 [queued]>
[2024-12-16T11:10:02.262+0000] {taskinstance.py:2613} INFO - Dependencies all met for dep_context=requeueable deps ti=<TaskInstance: check_server_status.check_server_status scheduled__2024-12-16T11:09:00+00:00 [queued]>
[2024-12-16T11:10:02.262+0000] {taskinstance.py:2866} INFO - Starting attempt 1 of 2
[2024-12-16T11:10:02.272+0000] {taskinstance.py:2889} INFO - Executing <Task(PythonOperator): check_server_status> on 2024-12-16 11:09:00+00:00
[2024-12-16T11:10:02.278+0000] {warnings.py:112} WARNING - /home/***/.local/lib/python3.12/site-packages/***/task/task_runner/standard_task_runner.py:70: DeprecationWarning: This process (pid=1366) is multi-threaded, use of fork() may lead to deadlocks in the child.
  pid = os.fork()

[2024-12-16T11:10:02.279+0000] {standard_task_runner.py:72} INFO - Started process 1368 to run task
[2024-12-16T11:10:02.280+0000] {standard_task_runner.py:104} INFO - Running: ['***', 'tasks', 'run', 'check_server_status', 'check_server_status', 'scheduled__2024-12-16T11:09:00+00:00', '--job-id', '118', '--raw', '--subdir', 'DAGS_FOLDER/check_server_status.py', '--cfg-path', '/tmp/tmpi4j6clgv']
[2024-12-16T11:10:02.280+0000] {standard_task_runner.py:105} INFO - Job 118: Subtask check_server_status
[2024-12-16T11:10:02.314+0000] {task_command.py:467} INFO - Running <TaskInstance: check_server_status.check_server_status scheduled__2024-12-16T11:09:00+00:00 [running]> on host 1b59279a9320
[2024-12-16T11:10:02.567+0000] {taskinstance.py:3132} INFO - Exporting env vars: AIRFLOW_CTX_DAG_OWNER='***' AIRFLOW_CTX_DAG_ID='check_server_status' AIRFLOW_CTX_TASK_ID='check_server_status' AIRFLOW_CTX_EXECUTION_DATE='2024-12-16T11:09:00+00:00' AIRFLOW_CTX_TRY_NUMBER='1' AIRFLOW_CTX_DAG_RUN_ID='scheduled__2024-12-16T11:09:00+00:00'
[2024-12-16T11:10:02.568+0000] {logging_mixin.py:190} INFO - Task instance is in running state
[2024-12-16T11:10:02.568+0000] {logging_mixin.py:190} INFO -  Previous state of the Task instance: queued
[2024-12-16T11:10:02.568+0000] {logging_mixin.py:190} INFO - Current task name:check_server_status state:running start_date:2024-12-16 11:10:02.256751+00:00
[2024-12-16T11:10:02.568+0000] {logging_mixin.py:190} INFO - Dag name:check_server_status and current dag run status:running
[2024-12-16T11:10:02.569+0000] {taskinstance.py:731} INFO - ::endgroup::
[2024-12-16T11:10:02.582+0000] {transport.py:1944} INFO - Connected (version 2.0, client OpenSSH_8.9p1)
[2024-12-16T11:10:02.692+0000] {transport.py:1944} INFO - Authentication (publickey) successful!
[2024-12-16T11:10:03.013+0000] {logging_mixin.py:190} INFO - Server 3rdLack MN is up
[2024-12-16T11:10:03.027+0000] {transport.py:1944} INFO - Connected (version 2.0, client OpenSSH_8.9p1)
[2024-12-16T11:10:03.134+0000] {transport.py:1944} INFO - Authentication (publickey) successful!
[2024-12-16T11:10:03.473+0000] {logging_mixin.py:190} INFO - Server 3rdLack SN05 is up
[2024-12-16T11:10:03.487+0000] {transport.py:1944} INFO - Connected (version 2.0, client OpenSSH_8.9p1)
[2024-12-16T11:10:03.588+0000] {transport.py:1944} INFO - Authentication (publickey) successful!
[2024-12-16T11:10:03.954+0000] {logging_mixin.py:190} INFO - Server 3rdLack SN06 is up
[2024-12-16T11:10:03.968+0000] {transport.py:1944} INFO - Connected (version 2.0, client OpenSSH_8.9p1)
[2024-12-16T11:10:04.070+0000] {transport.py:1944} INFO - Authentication (publickey) successful!
[2024-12-16T11:10:04.473+0000] {logging_mixin.py:190} INFO - Server 3rdLack SN07 is up
[2024-12-16T11:10:04.487+0000] {transport.py:1944} INFO - Connected (version 2.0, client OpenSSH_8.9p1)
[2024-12-16T11:10:04.591+0000] {transport.py:1944} INFO - Authentication (publickey) successful!
[2024-12-16T11:10:04.957+0000] {logging_mixin.py:190} INFO - Server 3rdLack SN08 is up
[2024-12-16T11:10:04.977+0000] {transport.py:1944} INFO - Connected (version 2.0, client OpenSSH_8.2p1)
[2024-12-16T11:10:05.067+0000] {transport.py:1944} INFO - Authentication (publickey) successful!
[2024-12-16T11:10:05.396+0000] {logging_mixin.py:190} INFO - Server 1rdLack MN is up
[2024-12-16T11:10:05.425+0000] {transport.py:1944} INFO - Connected (version 2.0, client OpenSSH_8.2p1)
[2024-12-16T11:10:05.495+0000] {transport.py:1944} INFO - Authentication (publickey) successful!
[2024-12-16T11:10:06.420+0000] {logging_mixin.py:190} INFO - Server 1rdLack SN01 is up
[2024-12-16T11:10:06.450+0000] {transport.py:1944} INFO - Connected (version 2.0, client OpenSSH_8.2p1)
[2024-12-16T11:10:06.533+0000] {transport.py:1944} INFO - Authentication (publickey) successful!
[2024-12-16T11:10:07.479+0000] {logging_mixin.py:190} INFO - Server 1rdLack SN02 is up
[2024-12-16T11:10:07.509+0000] {transport.py:1944} INFO - Connected (version 2.0, client OpenSSH_8.2p1)
[2024-12-16T11:10:07.578+0000] {transport.py:1944} INFO - Authentication (publickey) successful!
[2024-12-16T11:10:08.443+0000] {logging_mixin.py:190} INFO - Server 1rdLack SN03 is up
[2024-12-16T11:10:08.472+0000] {transport.py:1944} INFO - Connected (version 2.0, client OpenSSH_8.2p1)
[2024-12-16T11:10:08.546+0000] {transport.py:1944} INFO - Authentication (publickey) successful!
[2024-12-16T11:10:09.433+0000] {logging_mixin.py:190} INFO - Server 1rdLack SN04 is up
[2024-12-16T11:10:09.465+0000] {transport.py:1944} INFO - Connected (version 2.0, client OpenSSH_8.2p1)
[2024-12-16T11:10:09.528+0000] {transport.py:1944} INFO - Authentication (publickey) successful!
[2024-12-16T11:10:10.473+0000] {logging_mixin.py:190} INFO - Server 1rdLack SN05 is up
[2024-12-16T11:10:10.505+0000] {transport.py:1944} INFO - Connected (version 2.0, client OpenSSH_8.2p1)
[2024-12-16T11:10:10.589+0000] {transport.py:1944} INFO - Authentication (publickey) successful!
[2024-12-16T11:10:11.468+0000] {logging_mixin.py:190} INFO - Server 1rdLack SN06 is up
[2024-12-16T11:10:11.502+0000] {transport.py:1944} INFO - Connected (version 2.0, client OpenSSH_8.2p1)
[2024-12-16T11:10:11.586+0000] {transport.py:1944} INFO - Authentication (publickey) successful!
[2024-12-16T11:10:12.493+0000] {logging_mixin.py:190} INFO - Server 1rdLack SN07 is up
[2024-12-16T11:10:12.523+0000] {transport.py:1944} INFO - Connected (version 2.0, client OpenSSH_8.2p1)
[2024-12-16T11:10:12.605+0000] {transport.py:1944} INFO - Authentication (publickey) successful!
[2024-12-16T11:10:13.505+0000] {logging_mixin.py:190} INFO - Server 1rdLack SN09 is up
[2024-12-16T11:10:13.513+0000] {transport.py:1944} INFO - Connected (version 2.0, client OpenSSH_8.2p1)
[2024-12-16T11:10:13.583+0000] {transport.py:1944} INFO - Authentication (publickey) successful!
[2024-12-16T11:10:13.766+0000] {logging_mixin.py:190} INFO - Server cs1 is up
[2024-12-16T11:10:13.776+0000] {transport.py:1944} INFO - Connected (version 2.0, client OpenSSH_8.2p1)
[2024-12-16T11:10:13.908+0000] {transport.py:1944} INFO - Authentication (publickey) successful!
[2024-12-16T11:10:14.082+0000] {logging_mixin.py:190} INFO - Server DL01 is up
[2024-12-16T11:10:14.090+0000] {transport.py:1944} INFO - Connected (version 2.0, client OpenSSH_8.2p1)
[2024-12-16T11:10:14.201+0000] {transport.py:1944} INFO - Authentication (publickey) successful!
[2024-12-16T11:10:14.371+0000] {logging_mixin.py:190} INFO - Server DL02 is up
[2024-12-16T11:10:14.382+0000] {transport.py:1944} INFO - Connected (version 2.0, client OpenSSH_8.2p1)
[2024-12-16T11:10:14.490+0000] {transport.py:1944} INFO - Authentication (publickey) successful!
[2024-12-16T11:10:14.621+0000] {logging_mixin.py:190} INFO - Server DL03 is up
[2024-12-16T11:10:17.980+0000] {logging_mixin.py:190} INFO - Discord alert sent successfully
[2024-12-16T11:10:17.980+0000] {python.py:240} INFO - Done. Returned value was: None
[2024-12-16T11:10:17.990+0000] {taskinstance.py:340} INFO - ::group::Post task execution logs
[2024-12-16T11:10:17.990+0000] {taskinstance.py:352} INFO - Marking task as SUCCESS. dag_id=check_server_status, task_id=check_server_status, run_id=scheduled__2024-12-16T11:09:00+00:00, execution_date=20241216T110900, start_date=20241216T111002, end_date=20241216T111017
[2024-12-16T11:10:17.998+0000] {logging_mixin.py:190} INFO - Task instance in success state
[2024-12-16T11:10:17.999+0000] {logging_mixin.py:190} INFO -  Previous state of the Task instance: running
[2024-12-16T11:10:17.999+0000] {logging_mixin.py:190} INFO - Dag name:check_server_status queued_at:2024-12-16 11:10:00.886863+00:00
[2024-12-16T11:10:17.999+0000] {logging_mixin.py:190} INFO - Task hostname:1b59279a9320 operator:PythonOperator
[2024-12-16T11:10:18.034+0000] {local_task_job_runner.py:266} INFO - Task exited with return code 0
[2024-12-16T11:10:18.047+0000] {taskinstance.py:3895} INFO - 0 downstream tasks scheduled from follow-on schedule check
[2024-12-16T11:10:18.049+0000] {local_task_job_runner.py:245} INFO - ::endgroup::
