[2024-12-16T11:16:03.967+0000] {local_task_job_runner.py:123} INFO - ::group::Pre task execution logs
[2024-12-16T11:16:03.981+0000] {taskinstance.py:2613} INFO - Dependencies all met for dep_context=non-requeueable deps ti=<TaskInstance: check_server_status.check_server_status scheduled__2024-12-16T11:10:00+00:00 [queued]>
[2024-12-16T11:16:03.988+0000] {taskinstance.py:2613} INFO - Dependencies all met for dep_context=requeueable deps ti=<TaskInstance: check_server_status.check_server_status scheduled__2024-12-16T11:10:00+00:00 [queued]>
[2024-12-16T11:16:03.988+0000] {taskinstance.py:2866} INFO - Starting attempt 2 of 2
[2024-12-16T11:16:03.999+0000] {taskinstance.py:2889} INFO - Executing <Task(PythonOperator): check_server_status> on 2024-12-16 11:10:00+00:00
[2024-12-16T11:16:04.005+0000] {warnings.py:112} WARNING - /home/***/.local/lib/python3.12/site-packages/***/task/task_runner/standard_task_runner.py:70: DeprecationWarning: This process (pid=171) is multi-threaded, use of fork() may lead to deadlocks in the child.
  pid = os.fork()

[2024-12-16T11:16:04.006+0000] {standard_task_runner.py:72} INFO - Started process 179 to run task
[2024-12-16T11:16:04.007+0000] {standard_task_runner.py:104} INFO - Running: ['***', 'tasks', 'run', 'check_server_status', 'check_server_status', 'scheduled__2024-12-16T11:10:00+00:00', '--job-id', '127', '--raw', '--subdir', 'DAGS_FOLDER/check_server_status.py', '--cfg-path', '/tmp/tmp1_sfqkt8']
[2024-12-16T11:16:04.008+0000] {standard_task_runner.py:105} INFO - Job 127: Subtask check_server_status
[2024-12-16T11:16:04.047+0000] {task_command.py:467} INFO - Running <TaskInstance: check_server_status.check_server_status scheduled__2024-12-16T11:10:00+00:00 [running]> on host a9edcc228d1b
[2024-12-16T11:16:04.382+0000] {taskinstance.py:3132} INFO - Exporting env vars: AIRFLOW_CTX_DAG_OWNER='***' AIRFLOW_CTX_DAG_ID='check_server_status' AIRFLOW_CTX_TASK_ID='check_server_status' AIRFLOW_CTX_EXECUTION_DATE='2024-12-16T11:10:00+00:00' AIRFLOW_CTX_TRY_NUMBER='2' AIRFLOW_CTX_DAG_RUN_ID='scheduled__2024-12-16T11:10:00+00:00'
[2024-12-16T11:16:04.383+0000] {logging_mixin.py:190} INFO - Task instance is in running state
[2024-12-16T11:16:04.383+0000] {logging_mixin.py:190} INFO -  Previous state of the Task instance: queued
[2024-12-16T11:16:04.383+0000] {logging_mixin.py:190} INFO - Current task name:check_server_status state:running start_date:2024-12-16 11:16:03.981692+00:00
[2024-12-16T11:16:04.383+0000] {logging_mixin.py:190} INFO - Dag name:check_server_status and current dag run status:running
[2024-12-16T11:16:04.383+0000] {taskinstance.py:731} INFO - ::endgroup::
[2024-12-16T11:16:04.397+0000] {transport.py:1944} INFO - Connected (version 2.0, client OpenSSH_8.9p1)
[2024-12-16T11:16:04.522+0000] {transport.py:1944} INFO - Authentication (publickey) successful!
[2024-12-16T11:16:04.657+0000] {logging_mixin.py:190} INFO - Server 3rdLack MN is up
[2024-12-16T11:16:04.670+0000] {transport.py:1944} INFO - Connected (version 2.0, client OpenSSH_8.9p1)
[2024-12-16T11:16:04.778+0000] {transport.py:1944} INFO - Authentication (publickey) successful!
[2024-12-16T11:16:04.909+0000] {logging_mixin.py:190} INFO - Server 3rdLack SN05 is up
[2024-12-16T11:16:04.923+0000] {transport.py:1944} INFO - Connected (version 2.0, client OpenSSH_8.9p1)
[2024-12-16T11:16:05.026+0000] {transport.py:1944} INFO - Authentication (publickey) successful!
[2024-12-16T11:16:05.125+0000] {logging_mixin.py:190} INFO - Server 3rdLack SN06 is up
[2024-12-16T11:16:05.139+0000] {transport.py:1944} INFO - Connected (version 2.0, client OpenSSH_8.9p1)
[2024-12-16T11:16:05.244+0000] {transport.py:1944} INFO - Authentication (publickey) successful!
[2024-12-16T11:16:05.357+0000] {logging_mixin.py:190} INFO - Server 3rdLack SN07 is up
[2024-12-16T11:16:05.371+0000] {transport.py:1944} INFO - Connected (version 2.0, client OpenSSH_8.9p1)
[2024-12-16T11:16:05.473+0000] {transport.py:1944} INFO - Authentication (publickey) successful!
[2024-12-16T11:16:05.589+0000] {logging_mixin.py:190} INFO - Server 3rdLack SN08 is up
[2024-12-16T11:16:05.608+0000] {transport.py:1944} INFO - Connected (version 2.0, client OpenSSH_8.2p1)
[2024-12-16T11:16:05.676+0000] {transport.py:1944} INFO - Authentication (publickey) successful!
[2024-12-16T11:16:05.877+0000] {logging_mixin.py:190} INFO - Server 1rdLack MN is up
[2024-12-16T11:16:05.905+0000] {transport.py:1944} INFO - Connected (version 2.0, client OpenSSH_8.2p1)
[2024-12-16T11:16:05.968+0000] {transport.py:1944} INFO - Authentication (publickey) successful!
[2024-12-16T11:16:06.681+0000] {logging_mixin.py:190} INFO - Server 1rdLack SN01 is up
[2024-12-16T11:16:06.712+0000] {transport.py:1944} INFO - Connected (version 2.0, client OpenSSH_8.2p1)
[2024-12-16T11:16:06.804+0000] {transport.py:1944} INFO - Authentication (publickey) successful!
[2024-12-16T11:16:07.483+0000] {logging_mixin.py:190} INFO - Server 1rdLack SN02 is up
[2024-12-16T11:16:07.511+0000] {transport.py:1944} INFO - Connected (version 2.0, client OpenSSH_8.2p1)
[2024-12-16T11:16:07.612+0000] {transport.py:1944} INFO - Authentication (publickey) successful!
[2024-12-16T11:16:08.359+0000] {logging_mixin.py:190} INFO - Server 1rdLack SN03 is up
[2024-12-16T11:16:08.387+0000] {transport.py:1944} INFO - Connected (version 2.0, client OpenSSH_8.2p1)
[2024-12-16T11:16:08.448+0000] {transport.py:1944} INFO - Authentication (publickey) successful!
[2024-12-16T11:16:09.200+0000] {logging_mixin.py:190} INFO - Server 1rdLack SN04 is up
[2024-12-16T11:16:09.230+0000] {transport.py:1944} INFO - Connected (version 2.0, client OpenSSH_8.2p1)
[2024-12-16T11:16:09.294+0000] {transport.py:1944} INFO - Authentication (publickey) successful!
[2024-12-16T11:16:10.235+0000] {logging_mixin.py:190} INFO - Server 1rdLack SN05 is up
[2024-12-16T11:16:10.266+0000] {transport.py:1944} INFO - Connected (version 2.0, client OpenSSH_8.2p1)
[2024-12-16T11:16:10.330+0000] {transport.py:1944} INFO - Authentication (publickey) successful!
[2024-12-16T11:16:11.256+0000] {logging_mixin.py:190} INFO - Server 1rdLack SN06 is up
[2024-12-16T11:16:11.282+0000] {transport.py:1944} INFO - Connected (version 2.0, client OpenSSH_8.2p1)
[2024-12-16T11:16:11.346+0000] {transport.py:1944} INFO - Authentication (publickey) successful!
[2024-12-16T11:16:12.234+0000] {logging_mixin.py:190} INFO - Server 1rdLack SN07 is up
[2024-12-16T11:16:12.263+0000] {transport.py:1944} INFO - Connected (version 2.0, client OpenSSH_8.2p1)
[2024-12-16T11:16:12.347+0000] {transport.py:1944} INFO - Authentication (publickey) successful!
[2024-12-16T11:16:13.216+0000] {logging_mixin.py:190} INFO - Server 1rdLack SN09 is up
[2024-12-16T11:16:13.224+0000] {transport.py:1944} INFO - Connected (version 2.0, client OpenSSH_8.2p1)
[2024-12-16T11:16:13.300+0000] {transport.py:1944} INFO - Authentication (publickey) successful!
[2024-12-16T11:16:13.701+0000] {logging_mixin.py:190} INFO - Server cs1 is up
[2024-12-16T11:16:13.718+0000] {transport.py:1944} INFO - Connected (version 2.0, client OpenSSH_8.2p1)
[2024-12-16T11:16:13.829+0000] {transport.py:1944} INFO - Authentication (publickey) successful!
[2024-12-16T11:16:13.992+0000] {logging_mixin.py:190} INFO - Server DL01 is up
[2024-12-16T11:16:14.002+0000] {transport.py:1944} INFO - Connected (version 2.0, client OpenSSH_8.2p1)
[2024-12-16T11:16:14.127+0000] {transport.py:1944} INFO - Authentication (publickey) successful!
[2024-12-16T11:16:14.301+0000] {logging_mixin.py:190} INFO - Server DL02 is up
[2024-12-16T11:16:14.315+0000] {transport.py:1944} INFO - Connected (version 2.0, client OpenSSH_8.2p1)
[2024-12-16T11:16:14.426+0000] {transport.py:1944} INFO - Authentication (publickey) successful!
[2024-12-16T11:16:14.549+0000] {logging_mixin.py:190} INFO - Server DL03 is up
[2024-12-16T11:16:17.898+0000] {logging_mixin.py:190} INFO - Discord alert sent successfully
[2024-12-16T11:16:17.899+0000] {python.py:240} INFO - Done. Returned value was: None
[2024-12-16T11:16:17.909+0000] {taskinstance.py:340} INFO - ::group::Post task execution logs
[2024-12-16T11:16:17.910+0000] {taskinstance.py:352} INFO - Marking task as SUCCESS. dag_id=check_server_status, task_id=check_server_status, run_id=scheduled__2024-12-16T11:10:00+00:00, execution_date=20241216T111000, start_date=20241216T111603, end_date=20241216T111617
[2024-12-16T11:16:17.919+0000] {logging_mixin.py:190} INFO - Task instance in success state
[2024-12-16T11:16:17.919+0000] {logging_mixin.py:190} INFO -  Previous state of the Task instance: running
[2024-12-16T11:16:17.919+0000] {logging_mixin.py:190} INFO - Dag name:check_server_status queued_at:2024-12-16 11:11:00.113201+00:00
[2024-12-16T11:16:17.920+0000] {logging_mixin.py:190} INFO - Task hostname:a9edcc228d1b operator:PythonOperator
[2024-12-16T11:16:17.964+0000] {local_task_job_runner.py:266} INFO - Task exited with return code 0
[2024-12-16T11:16:17.980+0000] {taskinstance.py:3895} INFO - 0 downstream tasks scheduled from follow-on schedule check
[2024-12-16T11:16:17.983+0000] {local_task_job_runner.py:245} INFO - ::endgroup::
