[2024-12-16T10:01:42.618+0000] {local_task_job_runner.py:123} INFO - ::group::Pre task execution logs
[2024-12-16T10:01:42.632+0000] {taskinstance.py:2613} INFO - Dependencies all met for dep_context=non-requeueable deps ti=<TaskInstance: check_server_status.check_server_status scheduled__2024-12-16T10:00:00+00:00 [queued]>
[2024-12-16T10:01:42.638+0000] {taskinstance.py:2613} INFO - Dependencies all met for dep_context=requeueable deps ti=<TaskInstance: check_server_status.check_server_status scheduled__2024-12-16T10:00:00+00:00 [queued]>
[2024-12-16T10:01:42.639+0000] {taskinstance.py:2866} INFO - Starting attempt 1 of 2
[2024-12-16T10:01:42.651+0000] {taskinstance.py:2889} INFO - Executing <Task(PythonOperator): check_server_status> on 2024-12-16 10:00:00+00:00
[2024-12-16T10:01:42.658+0000] {warnings.py:112} WARNING - /home/***/.local/lib/python3.12/site-packages/***/task/task_runner/standard_task_runner.py:70: DeprecationWarning: This process (pid=189) is multi-threaded, use of fork() may lead to deadlocks in the child.
  pid = os.fork()

[2024-12-16T10:01:42.659+0000] {standard_task_runner.py:72} INFO - Started process 198 to run task
[2024-12-16T10:01:42.660+0000] {standard_task_runner.py:104} INFO - Running: ['***', 'tasks', 'run', 'check_server_status', 'check_server_status', 'scheduled__2024-12-16T10:00:00+00:00', '--job-id', '76', '--raw', '--subdir', 'DAGS_FOLDER/check_server_status.py', '--cfg-path', '/tmp/tmpt20fewyq']
[2024-12-16T10:01:42.661+0000] {standard_task_runner.py:105} INFO - Job 76: Subtask check_server_status
[2024-12-16T10:01:42.699+0000] {task_command.py:467} INFO - Running <TaskInstance: check_server_status.check_server_status scheduled__2024-12-16T10:00:00+00:00 [running]> on host f4f98c9b6a7f
[2024-12-16T10:01:42.775+0000] {taskinstance.py:3132} INFO - Exporting env vars: AIRFLOW_CTX_DAG_OWNER='***' AIRFLOW_CTX_DAG_ID='check_server_status' AIRFLOW_CTX_TASK_ID='check_server_status' AIRFLOW_CTX_EXECUTION_DATE='2024-12-16T10:00:00+00:00' AIRFLOW_CTX_TRY_NUMBER='1' AIRFLOW_CTX_DAG_RUN_ID='scheduled__2024-12-16T10:00:00+00:00'
[2024-12-16T10:01:42.776+0000] {logging_mixin.py:190} INFO - Task instance is in running state
[2024-12-16T10:01:42.776+0000] {logging_mixin.py:190} INFO -  Previous state of the Task instance: queued
[2024-12-16T10:01:42.776+0000] {logging_mixin.py:190} INFO - Current task name:check_server_status state:running start_date:2024-12-16 10:01:42.633052+00:00
[2024-12-16T10:01:42.776+0000] {logging_mixin.py:190} INFO - Dag name:check_server_status and current dag run status:running
[2024-12-16T10:01:42.776+0000] {taskinstance.py:731} INFO - ::endgroup::
[2024-12-16T10:01:42.790+0000] {transport.py:1944} INFO - Connected (version 2.0, client OpenSSH_8.9p1)
[2024-12-16T10:01:42.901+0000] {transport.py:1944} INFO - Authentication (publickey) successful!
[2024-12-16T10:01:43.230+0000] {logging_mixin.py:190} INFO - Server 3rdLack MN is up
[2024-12-16T10:01:43.243+0000] {transport.py:1944} INFO - Connected (version 2.0, client OpenSSH_8.9p1)
[2024-12-16T10:01:43.348+0000] {transport.py:1944} INFO - Authentication (publickey) successful!
[2024-12-16T10:01:43.719+0000] {logging_mixin.py:190} INFO - Server 3rdLack SN05 is up
[2024-12-16T10:01:43.735+0000] {transport.py:1944} INFO - Connected (version 2.0, client OpenSSH_8.9p1)
[2024-12-16T10:01:43.869+0000] {transport.py:1944} INFO - Authentication (publickey) successful!
[2024-12-16T10:01:44.247+0000] {logging_mixin.py:190} INFO - Server 3rdLack SN06 is up
[2024-12-16T10:01:44.262+0000] {transport.py:1944} INFO - Connected (version 2.0, client OpenSSH_8.9p1)
[2024-12-16T10:01:44.371+0000] {transport.py:1944} INFO - Authentication (publickey) successful!
[2024-12-16T10:01:44.787+0000] {logging_mixin.py:190} INFO - Server 3rdLack SN07 is up
[2024-12-16T10:01:44.802+0000] {transport.py:1944} INFO - Connected (version 2.0, client OpenSSH_8.9p1)
[2024-12-16T10:01:44.924+0000] {transport.py:1944} INFO - Authentication (publickey) successful!
[2024-12-16T10:01:45.292+0000] {logging_mixin.py:190} INFO - Server 3rdLack SN08 is up
[2024-12-16T10:01:45.313+0000] {transport.py:1944} INFO - Connected (version 2.0, client OpenSSH_8.2p1)
[2024-12-16T10:01:45.389+0000] {transport.py:1944} INFO - Authentication (publickey) successful!
[2024-12-16T10:01:46.118+0000] {logging_mixin.py:190} INFO - Server 1rdLack MN is up
[2024-12-16T10:01:46.151+0000] {transport.py:1944} INFO - Connected (version 2.0, client OpenSSH_8.2p1)
[2024-12-16T10:01:46.234+0000] {transport.py:1944} INFO - Authentication (publickey) successful!
[2024-12-16T10:01:47.337+0000] {logging_mixin.py:190} INFO - Server 1rdLack SN01 is up
[2024-12-16T10:01:47.368+0000] {transport.py:1944} INFO - Connected (version 2.0, client OpenSSH_8.2p1)
[2024-12-16T10:01:47.466+0000] {transport.py:1944} INFO - Authentication (publickey) successful!
[2024-12-16T10:01:48.549+0000] {logging_mixin.py:190} INFO - Server 1rdLack SN02 is up
[2024-12-16T10:01:48.581+0000] {transport.py:1944} INFO - Connected (version 2.0, client OpenSSH_8.2p1)
[2024-12-16T10:01:48.649+0000] {transport.py:1944} INFO - Authentication (publickey) successful!
[2024-12-16T10:01:49.663+0000] {logging_mixin.py:190} INFO - Server 1rdLack SN03 is up
[2024-12-16T10:01:49.693+0000] {transport.py:1944} INFO - Connected (version 2.0, client OpenSSH_8.2p1)
[2024-12-16T10:01:49.771+0000] {transport.py:1944} INFO - Authentication (publickey) successful!
[2024-12-16T10:01:50.748+0000] {logging_mixin.py:190} INFO - Server 1rdLack SN04 is up
[2024-12-16T10:01:50.780+0000] {transport.py:1944} INFO - Connected (version 2.0, client OpenSSH_8.2p1)
[2024-12-16T10:01:50.843+0000] {transport.py:1944} INFO - Authentication (publickey) successful!
[2024-12-16T10:01:51.931+0000] {logging_mixin.py:190} INFO - Server 1rdLack SN05 is up
[2024-12-16T10:01:51.962+0000] {transport.py:1944} INFO - Connected (version 2.0, client OpenSSH_8.2p1)
[2024-12-16T10:01:52.050+0000] {transport.py:1944} INFO - Authentication (publickey) successful!
[2024-12-16T10:01:53.067+0000] {logging_mixin.py:190} INFO - Server 1rdLack SN06 is up
[2024-12-16T10:01:53.097+0000] {transport.py:1944} INFO - Connected (version 2.0, client OpenSSH_8.2p1)
[2024-12-16T10:01:53.161+0000] {transport.py:1944} INFO - Authentication (publickey) successful!
[2024-12-16T10:01:54.423+0000] {logging_mixin.py:190} INFO - Server 1rdLack SN07 is up
[2024-12-16T10:01:54.454+0000] {transport.py:1944} INFO - Connected (version 2.0, client OpenSSH_8.2p1)
[2024-12-16T10:01:54.528+0000] {transport.py:1944} INFO - Authentication (publickey) successful!
[2024-12-16T10:01:55.553+0000] {logging_mixin.py:190} INFO - Server 1rdLack SN09 is up
[2024-12-16T10:01:55.561+0000] {transport.py:1944} INFO - Connected (version 2.0, client OpenSSH_8.2p1)
[2024-12-16T10:01:55.614+0000] {transport.py:1944} INFO - Authentication (publickey) successful!
[2024-12-16T10:01:56.018+0000] {logging_mixin.py:190} INFO - Server cs1 is up
[2024-12-16T10:01:56.033+0000] {transport.py:1944} INFO - Connected (version 2.0, client OpenSSH_8.2p1)
[2024-12-16T10:01:56.167+0000] {transport.py:1944} INFO - Authentication (publickey) successful!
[2024-12-16T10:01:57.097+0000] {logging_mixin.py:190} INFO - Server DL01 is up
[2024-12-16T10:01:57.107+0000] {transport.py:1944} INFO - Connected (version 2.0, client OpenSSH_8.2p1)
[2024-12-16T10:01:57.238+0000] {transport.py:1944} INFO - Authentication (publickey) successful!
[2024-12-16T10:01:57.426+0000] {logging_mixin.py:190} INFO - Server DL02 is up
[2024-12-16T10:01:57.445+0000] {transport.py:1944} INFO - Connected (version 2.0, client OpenSSH_8.2p1)
[2024-12-16T10:01:57.560+0000] {transport.py:1944} INFO - Authentication (publickey) successful!
[2024-12-16T10:01:57.698+0000] {logging_mixin.py:190} INFO - Server DL03 is up
[2024-12-16T10:02:01.054+0000] {logging_mixin.py:190} INFO - Discord alert sent successfully
[2024-12-16T10:02:01.055+0000] {python.py:240} INFO - Done. Returned value was: None
[2024-12-16T10:02:01.064+0000] {taskinstance.py:340} INFO - ::group::Post task execution logs
[2024-12-16T10:02:01.064+0000] {taskinstance.py:352} INFO - Marking task as SUCCESS. dag_id=check_server_status, task_id=check_server_status, run_id=scheduled__2024-12-16T10:00:00+00:00, execution_date=20241216T100000, start_date=20241216T100142, end_date=20241216T100201
[2024-12-16T10:02:01.075+0000] {logging_mixin.py:190} INFO - Task instance in success state
[2024-12-16T10:02:01.075+0000] {logging_mixin.py:190} INFO -  Previous state of the Task instance: running
[2024-12-16T10:02:01.075+0000] {logging_mixin.py:190} INFO - Dag name:check_server_status queued_at:2024-12-16 10:01:37.982112+00:00
[2024-12-16T10:02:01.075+0000] {logging_mixin.py:190} INFO - Task hostname:f4f98c9b6a7f operator:PythonOperator
[2024-12-16T10:02:01.124+0000] {local_task_job_runner.py:266} INFO - Task exited with return code 0
[2024-12-16T10:02:01.137+0000] {taskinstance.py:3895} INFO - 0 downstream tasks scheduled from follow-on schedule check
[2024-12-16T10:02:01.139+0000] {local_task_job_runner.py:245} INFO - ::endgroup::
