[2024-12-16T11:16:01.486+0000] {local_task_job_runner.py:123} INFO - ::group::Pre task execution logs
[2024-12-16T11:16:01.499+0000] {taskinstance.py:2613} INFO - Dependencies all met for dep_context=non-requeueable deps ti=<TaskInstance: check_server_status.check_server_status scheduled__2024-12-16T11:15:00+00:00 [queued]>
[2024-12-16T11:16:01.506+0000] {taskinstance.py:2613} INFO - Dependencies all met for dep_context=requeueable deps ti=<TaskInstance: check_server_status.check_server_status scheduled__2024-12-16T11:15:00+00:00 [queued]>
[2024-12-16T11:16:01.506+0000] {taskinstance.py:2866} INFO - Starting attempt 1 of 2
[2024-12-16T11:16:01.517+0000] {taskinstance.py:2889} INFO - Executing <Task(PythonOperator): check_server_status> on 2024-12-16 11:15:00+00:00
[2024-12-16T11:16:01.522+0000] {warnings.py:112} WARNING - /home/***/.local/lib/python3.12/site-packages/***/task/task_runner/standard_task_runner.py:70: DeprecationWarning: This process (pid=163) is multi-threaded, use of fork() may lead to deadlocks in the child.
  pid = os.fork()

[2024-12-16T11:16:01.523+0000] {standard_task_runner.py:72} INFO - Started process 165 to run task
[2024-12-16T11:16:01.523+0000] {standard_task_runner.py:104} INFO - Running: ['***', 'tasks', 'run', 'check_server_status', 'check_server_status', 'scheduled__2024-12-16T11:15:00+00:00', '--job-id', '126', '--raw', '--subdir', 'DAGS_FOLDER/check_server_status.py', '--cfg-path', '/tmp/tmp92so6wq0']
[2024-12-16T11:16:01.524+0000] {standard_task_runner.py:105} INFO - Job 126: Subtask check_server_status
[2024-12-16T11:16:01.560+0000] {task_command.py:467} INFO - Running <TaskInstance: check_server_status.check_server_status scheduled__2024-12-16T11:15:00+00:00 [running]> on host a9edcc228d1b
[2024-12-16T11:16:01.833+0000] {taskinstance.py:3132} INFO - Exporting env vars: AIRFLOW_CTX_DAG_OWNER='***' AIRFLOW_CTX_DAG_ID='check_server_status' AIRFLOW_CTX_TASK_ID='check_server_status' AIRFLOW_CTX_EXECUTION_DATE='2024-12-16T11:15:00+00:00' AIRFLOW_CTX_TRY_NUMBER='1' AIRFLOW_CTX_DAG_RUN_ID='scheduled__2024-12-16T11:15:00+00:00'
[2024-12-16T11:16:01.834+0000] {logging_mixin.py:190} INFO - Task instance is in running state
[2024-12-16T11:16:01.834+0000] {logging_mixin.py:190} INFO -  Previous state of the Task instance: queued
[2024-12-16T11:16:01.834+0000] {logging_mixin.py:190} INFO - Current task name:check_server_status state:running start_date:2024-12-16 11:16:01.500178+00:00
[2024-12-16T11:16:01.834+0000] {logging_mixin.py:190} INFO - Dag name:check_server_status and current dag run status:running
[2024-12-16T11:16:01.835+0000] {taskinstance.py:731} INFO - ::endgroup::
[2024-12-16T11:16:01.848+0000] {transport.py:1944} INFO - Connected (version 2.0, client OpenSSH_8.9p1)
[2024-12-16T11:16:01.955+0000] {transport.py:1944} INFO - Authentication (publickey) successful!
[2024-12-16T11:16:02.258+0000] {logging_mixin.py:190} INFO - Server 3rdLack MN is up
[2024-12-16T11:16:02.271+0000] {transport.py:1944} INFO - Connected (version 2.0, client OpenSSH_8.9p1)
[2024-12-16T11:16:02.390+0000] {transport.py:1944} INFO - Authentication (publickey) successful!
[2024-12-16T11:16:02.749+0000] {logging_mixin.py:190} INFO - Server 3rdLack SN05 is up
[2024-12-16T11:16:02.763+0000] {transport.py:1944} INFO - Connected (version 2.0, client OpenSSH_8.9p1)
[2024-12-16T11:16:02.865+0000] {transport.py:1944} INFO - Authentication (publickey) successful!
[2024-12-16T11:16:03.253+0000] {logging_mixin.py:190} INFO - Server 3rdLack SN06 is up
[2024-12-16T11:16:03.267+0000] {transport.py:1944} INFO - Connected (version 2.0, client OpenSSH_8.9p1)
[2024-12-16T11:16:03.369+0000] {transport.py:1944} INFO - Authentication (publickey) successful!
[2024-12-16T11:16:03.785+0000] {logging_mixin.py:190} INFO - Server 3rdLack SN07 is up
[2024-12-16T11:16:03.798+0000] {transport.py:1944} INFO - Connected (version 2.0, client OpenSSH_8.9p1)
[2024-12-16T11:16:03.920+0000] {transport.py:1944} INFO - Authentication (publickey) successful!
[2024-12-16T11:16:04.282+0000] {logging_mixin.py:190} INFO - Server 3rdLack SN08 is up
[2024-12-16T11:16:04.302+0000] {transport.py:1944} INFO - Connected (version 2.0, client OpenSSH_8.2p1)
[2024-12-16T11:16:04.383+0000] {transport.py:1944} INFO - Authentication (publickey) successful!
[2024-12-16T11:16:05.065+0000] {logging_mixin.py:190} INFO - Server 1rdLack MN is up
[2024-12-16T11:16:05.109+0000] {transport.py:1944} INFO - Connected (version 2.0, client OpenSSH_8.2p1)
[2024-12-16T11:16:05.188+0000] {transport.py:1944} INFO - Authentication (publickey) successful!
[2024-12-16T11:16:06.101+0000] {logging_mixin.py:190} INFO - Server 1rdLack SN01 is up
[2024-12-16T11:16:06.134+0000] {transport.py:1944} INFO - Connected (version 2.0, client OpenSSH_8.2p1)
[2024-12-16T11:16:06.223+0000] {transport.py:1944} INFO - Authentication (publickey) successful!
[2024-12-16T11:16:07.146+0000] {logging_mixin.py:190} INFO - Server 1rdLack SN02 is up
[2024-12-16T11:16:07.178+0000] {transport.py:1944} INFO - Connected (version 2.0, client OpenSSH_8.2p1)
[2024-12-16T11:16:07.268+0000] {transport.py:1944} INFO - Authentication (publickey) successful!
[2024-12-16T11:16:08.117+0000] {logging_mixin.py:190} INFO - Server 1rdLack SN03 is up
[2024-12-16T11:16:08.178+0000] {transport.py:1944} INFO - Connected (version 2.0, client OpenSSH_8.2p1)
[2024-12-16T11:16:08.237+0000] {transport.py:1944} INFO - Authentication (publickey) successful!
[2024-12-16T11:16:09.239+0000] {logging_mixin.py:190} INFO - Server 1rdLack SN04 is up
[2024-12-16T11:16:09.268+0000] {transport.py:1944} INFO - Connected (version 2.0, client OpenSSH_8.2p1)
[2024-12-16T11:16:09.339+0000] {transport.py:1944} INFO - Authentication (publickey) successful!
[2024-12-16T11:16:10.283+0000] {logging_mixin.py:190} INFO - Server 1rdLack SN05 is up
[2024-12-16T11:16:10.310+0000] {transport.py:1944} INFO - Connected (version 2.0, client OpenSSH_8.2p1)
[2024-12-16T11:16:10.373+0000] {transport.py:1944} INFO - Authentication (publickey) successful!
[2024-12-16T11:16:11.247+0000] {logging_mixin.py:190} INFO - Server 1rdLack SN06 is up
[2024-12-16T11:16:11.277+0000] {transport.py:1944} INFO - Connected (version 2.0, client OpenSSH_8.2p1)
[2024-12-16T11:16:11.347+0000] {transport.py:1944} INFO - Authentication (publickey) successful!
[2024-12-16T11:16:12.215+0000] {logging_mixin.py:190} INFO - Server 1rdLack SN07 is up
[2024-12-16T11:16:12.246+0000] {transport.py:1944} INFO - Connected (version 2.0, client OpenSSH_8.2p1)
[2024-12-16T11:16:12.319+0000] {transport.py:1944} INFO - Authentication (publickey) successful!
[2024-12-16T11:16:13.291+0000] {logging_mixin.py:190} INFO - Server 1rdLack SN09 is up
[2024-12-16T11:16:13.297+0000] {transport.py:1944} INFO - Connected (version 2.0, client OpenSSH_8.2p1)
[2024-12-16T11:16:13.361+0000] {transport.py:1944} INFO - Authentication (publickey) successful!
[2024-12-16T11:16:13.682+0000] {logging_mixin.py:190} INFO - Server cs1 is up
[2024-12-16T11:16:13.693+0000] {transport.py:1944} INFO - Connected (version 2.0, client OpenSSH_8.2p1)
[2024-12-16T11:16:13.804+0000] {transport.py:1944} INFO - Authentication (publickey) successful!
[2024-12-16T11:16:13.992+0000] {logging_mixin.py:190} INFO - Server DL01 is up
[2024-12-16T11:16:14.002+0000] {transport.py:1944} INFO - Connected (version 2.0, client OpenSSH_8.2p1)
[2024-12-16T11:16:14.121+0000] {transport.py:1944} INFO - Authentication (publickey) successful!
[2024-12-16T11:16:14.301+0000] {logging_mixin.py:190} INFO - Server DL02 is up
[2024-12-16T11:16:14.315+0000] {transport.py:1944} INFO - Connected (version 2.0, client OpenSSH_8.2p1)
[2024-12-16T11:16:14.422+0000] {transport.py:1944} INFO - Authentication (publickey) successful!
[2024-12-16T11:16:14.549+0000] {logging_mixin.py:190} INFO - Server DL03 is up
[2024-12-16T11:16:17.920+0000] {logging_mixin.py:190} INFO - Discord alert sent successfully
[2024-12-16T11:16:17.921+0000] {python.py:240} INFO - Done. Returned value was: None
[2024-12-16T11:16:17.931+0000] {taskinstance.py:340} INFO - ::group::Post task execution logs
[2024-12-16T11:16:17.932+0000] {taskinstance.py:352} INFO - Marking task as SUCCESS. dag_id=check_server_status, task_id=check_server_status, run_id=scheduled__2024-12-16T11:15:00+00:00, execution_date=20241216T111500, start_date=20241216T111601, end_date=20241216T111617
[2024-12-16T11:16:17.941+0000] {logging_mixin.py:190} INFO - Task instance in success state
[2024-12-16T11:16:17.941+0000] {logging_mixin.py:190} INFO -  Previous state of the Task instance: running
[2024-12-16T11:16:17.941+0000] {logging_mixin.py:190} INFO - Dag name:check_server_status queued_at:2024-12-16 11:16:00.033548+00:00
[2024-12-16T11:16:17.941+0000] {logging_mixin.py:190} INFO - Task hostname:a9edcc228d1b operator:PythonOperator
[2024-12-16T11:16:17.966+0000] {local_task_job_runner.py:266} INFO - Task exited with return code 0
[2024-12-16T11:16:17.980+0000] {taskinstance.py:3895} INFO - 0 downstream tasks scheduled from follow-on schedule check
[2024-12-16T11:16:17.982+0000] {local_task_job_runner.py:245} INFO - ::endgroup::
