[2024-12-16T11:18:04.594+0000] {local_task_job_runner.py:123} INFO - ::group::Pre task execution logs
[2024-12-16T11:18:04.607+0000] {taskinstance.py:2613} INFO - Dependencies all met for dep_context=non-requeueable deps ti=<TaskInstance: check_server_status.check_server_status scheduled__2024-12-16T11:12:00+00:00 [queued]>
[2024-12-16T11:18:04.613+0000] {taskinstance.py:2613} INFO - Dependencies all met for dep_context=requeueable deps ti=<TaskInstance: check_server_status.check_server_status scheduled__2024-12-16T11:12:00+00:00 [queued]>
[2024-12-16T11:18:04.613+0000] {taskinstance.py:2866} INFO - Starting attempt 2 of 2
[2024-12-16T11:18:04.624+0000] {taskinstance.py:2889} INFO - Executing <Task(PythonOperator): check_server_status> on 2024-12-16 11:12:00+00:00
[2024-12-16T11:18:04.630+0000] {warnings.py:112} WARNING - /home/***/.local/lib/python3.12/site-packages/***/task/task_runner/standard_task_runner.py:70: DeprecationWarning: This process (pid=359) is multi-threaded, use of fork() may lead to deadlocks in the child.
  pid = os.fork()

[2024-12-16T11:18:04.631+0000] {standard_task_runner.py:72} INFO - Started process 367 to run task
[2024-12-16T11:18:04.631+0000] {standard_task_runner.py:104} INFO - Running: ['***', 'tasks', 'run', 'check_server_status', 'check_server_status', 'scheduled__2024-12-16T11:12:00+00:00', '--job-id', '131', '--raw', '--subdir', 'DAGS_FOLDER/check_server_status.py', '--cfg-path', '/tmp/tmpuht8uguj']
[2024-12-16T11:18:04.632+0000] {standard_task_runner.py:105} INFO - Job 131: Subtask check_server_status
[2024-12-16T11:18:04.668+0000] {task_command.py:467} INFO - Running <TaskInstance: check_server_status.check_server_status scheduled__2024-12-16T11:12:00+00:00 [running]> on host a9edcc228d1b
[2024-12-16T11:18:04.923+0000] {taskinstance.py:3132} INFO - Exporting env vars: AIRFLOW_CTX_DAG_OWNER='***' AIRFLOW_CTX_DAG_ID='check_server_status' AIRFLOW_CTX_TASK_ID='check_server_status' AIRFLOW_CTX_EXECUTION_DATE='2024-12-16T11:12:00+00:00' AIRFLOW_CTX_TRY_NUMBER='2' AIRFLOW_CTX_DAG_RUN_ID='scheduled__2024-12-16T11:12:00+00:00'
[2024-12-16T11:18:04.924+0000] {logging_mixin.py:190} INFO - Task instance is in running state
[2024-12-16T11:18:04.924+0000] {logging_mixin.py:190} INFO -  Previous state of the Task instance: queued
[2024-12-16T11:18:04.924+0000] {logging_mixin.py:190} INFO - Current task name:check_server_status state:running start_date:2024-12-16 11:18:04.607635+00:00
[2024-12-16T11:18:04.925+0000] {logging_mixin.py:190} INFO - Dag name:check_server_status and current dag run status:running
[2024-12-16T11:18:04.925+0000] {taskinstance.py:731} INFO - ::endgroup::
[2024-12-16T11:18:04.939+0000] {transport.py:1944} INFO - Connected (version 2.0, client OpenSSH_8.9p1)
[2024-12-16T11:18:05.049+0000] {transport.py:1944} INFO - Authentication (publickey) successful!
[2024-12-16T11:18:05.190+0000] {logging_mixin.py:190} INFO - Server 3rdLack MN is up
[2024-12-16T11:18:05.205+0000] {transport.py:1944} INFO - Connected (version 2.0, client OpenSSH_8.9p1)
[2024-12-16T11:18:05.311+0000] {transport.py:1944} INFO - Authentication (publickey) successful!
[2024-12-16T11:18:05.442+0000] {logging_mixin.py:190} INFO - Server 3rdLack SN05 is up
[2024-12-16T11:18:05.456+0000] {transport.py:1944} INFO - Connected (version 2.0, client OpenSSH_8.9p1)
[2024-12-16T11:18:05.556+0000] {transport.py:1944} INFO - Authentication (publickey) successful!
[2024-12-16T11:18:05.673+0000] {logging_mixin.py:190} INFO - Server 3rdLack SN06 is up
[2024-12-16T11:18:05.687+0000] {transport.py:1944} INFO - Connected (version 2.0, client OpenSSH_8.9p1)
[2024-12-16T11:18:05.803+0000] {transport.py:1944} INFO - Authentication (publickey) successful!
[2024-12-16T11:18:05.909+0000] {logging_mixin.py:190} INFO - Server 3rdLack SN07 is up
[2024-12-16T11:18:05.923+0000] {transport.py:1944} INFO - Connected (version 2.0, client OpenSSH_8.9p1)
[2024-12-16T11:18:06.024+0000] {transport.py:1944} INFO - Authentication (publickey) successful!
[2024-12-16T11:18:06.125+0000] {logging_mixin.py:190} INFO - Server 3rdLack SN08 is up
[2024-12-16T11:18:06.145+0000] {transport.py:1944} INFO - Connected (version 2.0, client OpenSSH_8.2p1)
[2024-12-16T11:18:06.200+0000] {transport.py:1944} INFO - Authentication (publickey) successful!
[2024-12-16T11:18:06.752+0000] {logging_mixin.py:190} INFO - Server 1rdLack MN is up
[2024-12-16T11:18:06.782+0000] {transport.py:1944} INFO - Connected (version 2.0, client OpenSSH_8.2p1)
[2024-12-16T11:18:06.850+0000] {transport.py:1944} INFO - Authentication (publickey) successful!
[2024-12-16T11:18:07.568+0000] {logging_mixin.py:190} INFO - Server 1rdLack SN01 is up
[2024-12-16T11:18:07.597+0000] {transport.py:1944} INFO - Connected (version 2.0, client OpenSSH_8.2p1)
[2024-12-16T11:18:07.664+0000] {transport.py:1944} INFO - Authentication (publickey) successful!
[2024-12-16T11:18:08.340+0000] {logging_mixin.py:190} INFO - Server 1rdLack SN02 is up
[2024-12-16T11:18:08.368+0000] {transport.py:1944} INFO - Connected (version 2.0, client OpenSSH_8.2p1)
[2024-12-16T11:18:08.442+0000] {transport.py:1944} INFO - Authentication (publickey) successful!
[2024-12-16T11:18:09.163+0000] {logging_mixin.py:190} INFO - Server 1rdLack SN03 is up
[2024-12-16T11:18:09.191+0000] {transport.py:1944} INFO - Connected (version 2.0, client OpenSSH_8.2p1)
[2024-12-16T11:18:09.254+0000] {transport.py:1944} INFO - Authentication (publickey) successful!
[2024-12-16T11:18:09.959+0000] {logging_mixin.py:190} INFO - Server 1rdLack SN04 is up
[2024-12-16T11:18:09.989+0000] {transport.py:1944} INFO - Connected (version 2.0, client OpenSSH_8.2p1)
[2024-12-16T11:18:10.049+0000] {transport.py:1944} INFO - Authentication (publickey) successful!
[2024-12-16T11:18:10.767+0000] {logging_mixin.py:190} INFO - Server 1rdLack SN05 is up
[2024-12-16T11:18:10.795+0000] {transport.py:1944} INFO - Connected (version 2.0, client OpenSSH_8.2p1)
[2024-12-16T11:18:10.864+0000] {transport.py:1944} INFO - Authentication (publickey) successful!
[2024-12-16T11:18:11.724+0000] {logging_mixin.py:190} INFO - Server 1rdLack SN06 is up
[2024-12-16T11:18:11.756+0000] {transport.py:1944} INFO - Connected (version 2.0, client OpenSSH_8.2p1)
[2024-12-16T11:18:11.838+0000] {transport.py:1944} INFO - Authentication (publickey) successful!
[2024-12-16T11:18:12.742+0000] {logging_mixin.py:190} INFO - Server 1rdLack SN07 is up
[2024-12-16T11:18:12.772+0000] {transport.py:1944} INFO - Connected (version 2.0, client OpenSSH_8.2p1)
[2024-12-16T11:18:12.841+0000] {transport.py:1944} INFO - Authentication (publickey) successful!
[2024-12-16T11:18:13.722+0000] {logging_mixin.py:190} INFO - Server 1rdLack SN09 is up
[2024-12-16T11:18:13.729+0000] {transport.py:1944} INFO - Connected (version 2.0, client OpenSSH_8.2p1)
[2024-12-16T11:18:13.779+0000] {transport.py:1944} INFO - Authentication (publickey) successful!
[2024-12-16T11:18:14.174+0000] {logging_mixin.py:190} INFO - Server cs1 is up
[2024-12-16T11:18:14.179+0000] {transport.py:1944} INFO - Connected (version 2.0, client OpenSSH_8.2p1)
[2024-12-16T11:18:14.288+0000] {transport.py:1944} INFO - Authentication (publickey) successful!
[2024-12-16T11:18:14.449+0000] {logging_mixin.py:190} INFO - Server DL01 is up
[2024-12-16T11:18:14.460+0000] {transport.py:1944} INFO - Connected (version 2.0, client OpenSSH_8.2p1)
[2024-12-16T11:18:14.568+0000] {transport.py:1944} INFO - Authentication (publickey) successful!
[2024-12-16T11:18:14.732+0000] {logging_mixin.py:190} INFO - Server DL02 is up
[2024-12-16T11:18:14.737+0000] {transport.py:1944} INFO - Connected (version 2.0, client OpenSSH_8.2p1)
[2024-12-16T11:18:14.843+0000] {transport.py:1944} INFO - Authentication (publickey) successful!
[2024-12-16T11:18:14.977+0000] {logging_mixin.py:190} INFO - Server DL03 is up
[2024-12-16T11:18:18.311+0000] {logging_mixin.py:190} INFO - Discord alert sent successfully
[2024-12-16T11:18:18.311+0000] {python.py:240} INFO - Done. Returned value was: None
[2024-12-16T11:18:18.324+0000] {taskinstance.py:340} INFO - ::group::Post task execution logs
[2024-12-16T11:18:18.324+0000] {taskinstance.py:352} INFO - Marking task as SUCCESS. dag_id=check_server_status, task_id=check_server_status, run_id=scheduled__2024-12-16T11:12:00+00:00, execution_date=20241216T111200, start_date=20241216T111804, end_date=20241216T111818
[2024-12-16T11:18:18.339+0000] {logging_mixin.py:190} INFO - Task instance in success state
[2024-12-16T11:18:18.340+0000] {logging_mixin.py:190} INFO -  Previous state of the Task instance: running
[2024-12-16T11:18:18.340+0000] {logging_mixin.py:190} INFO - Dag name:check_server_status queued_at:2024-12-16 11:13:00.865617+00:00
[2024-12-16T11:18:18.340+0000] {logging_mixin.py:190} INFO - Task hostname:a9edcc228d1b operator:PythonOperator
[2024-12-16T11:18:18.388+0000] {local_task_job_runner.py:266} INFO - Task exited with return code 0
[2024-12-16T11:18:18.403+0000] {taskinstance.py:3895} INFO - 0 downstream tasks scheduled from follow-on schedule check
[2024-12-16T11:18:18.405+0000] {local_task_job_runner.py:245} INFO - ::endgroup::
