[2024-12-16T11:07:02.150+0000] {local_task_job_runner.py:123} INFO - ::group::Pre task execution logs
[2024-12-16T11:07:02.163+0000] {taskinstance.py:2613} INFO - Dependencies all met for dep_context=non-requeueable deps ti=<TaskInstance: check_server_status.check_server_status scheduled__2024-12-16T11:06:00+00:00 [queued]>
[2024-12-16T11:07:02.169+0000] {taskinstance.py:2613} INFO - Dependencies all met for dep_context=requeueable deps ti=<TaskInstance: check_server_status.check_server_status scheduled__2024-12-16T11:06:00+00:00 [queued]>
[2024-12-16T11:07:02.169+0000] {taskinstance.py:2866} INFO - Starting attempt 1 of 2
[2024-12-16T11:07:02.186+0000] {taskinstance.py:2889} INFO - Executing <Task(PythonOperator): check_server_status> on 2024-12-16 11:06:00+00:00
[2024-12-16T11:07:02.192+0000] {warnings.py:112} WARNING - /home/***/.local/lib/python3.12/site-packages/***/task/task_runner/standard_task_runner.py:70: DeprecationWarning: This process (pid=1211) is multi-threaded, use of fork() may lead to deadlocks in the child.
  pid = os.fork()

[2024-12-16T11:07:02.193+0000] {standard_task_runner.py:72} INFO - Started process 1213 to run task
[2024-12-16T11:07:02.193+0000] {standard_task_runner.py:104} INFO - Running: ['***', 'tasks', 'run', 'check_server_status', 'check_server_status', 'scheduled__2024-12-16T11:06:00+00:00', '--job-id', '115', '--raw', '--subdir', 'DAGS_FOLDER/check_server_status.py', '--cfg-path', '/tmp/tmpl26x8elw']
[2024-12-16T11:07:02.194+0000] {standard_task_runner.py:105} INFO - Job 115: Subtask check_server_status
[2024-12-16T11:07:02.229+0000] {task_command.py:467} INFO - Running <TaskInstance: check_server_status.check_server_status scheduled__2024-12-16T11:06:00+00:00 [running]> on host 1b59279a9320
[2024-12-16T11:07:02.493+0000] {taskinstance.py:3132} INFO - Exporting env vars: AIRFLOW_CTX_DAG_OWNER='***' AIRFLOW_CTX_DAG_ID='check_server_status' AIRFLOW_CTX_TASK_ID='check_server_status' AIRFLOW_CTX_EXECUTION_DATE='2024-12-16T11:06:00+00:00' AIRFLOW_CTX_TRY_NUMBER='1' AIRFLOW_CTX_DAG_RUN_ID='scheduled__2024-12-16T11:06:00+00:00'
[2024-12-16T11:07:02.493+0000] {logging_mixin.py:190} INFO - Task instance is in running state
[2024-12-16T11:07:02.494+0000] {logging_mixin.py:190} INFO -  Previous state of the Task instance: queued
[2024-12-16T11:07:02.494+0000] {logging_mixin.py:190} INFO - Current task name:check_server_status state:running start_date:2024-12-16 11:07:02.163598+00:00
[2024-12-16T11:07:02.494+0000] {logging_mixin.py:190} INFO - Dag name:check_server_status and current dag run status:running
[2024-12-16T11:07:02.494+0000] {taskinstance.py:731} INFO - ::endgroup::
[2024-12-16T11:07:02.508+0000] {transport.py:1944} INFO - Connected (version 2.0, client OpenSSH_8.9p1)
[2024-12-16T11:07:02.620+0000] {transport.py:1944} INFO - Authentication (publickey) successful!
[2024-12-16T11:07:02.967+0000] {logging_mixin.py:190} INFO - Server 3rdLack MN is up
[2024-12-16T11:07:02.981+0000] {transport.py:1944} INFO - Connected (version 2.0, client OpenSSH_8.9p1)
[2024-12-16T11:07:03.137+0000] {transport.py:1944} INFO - Authentication (publickey) successful!
[2024-12-16T11:07:03.511+0000] {logging_mixin.py:190} INFO - Server 3rdLack SN05 is up
[2024-12-16T11:07:03.526+0000] {transport.py:1944} INFO - Connected (version 2.0, client OpenSSH_8.9p1)
[2024-12-16T11:07:03.636+0000] {transport.py:1944} INFO - Authentication (publickey) successful!
[2024-12-16T11:07:04.001+0000] {logging_mixin.py:190} INFO - Server 3rdLack SN06 is up
[2024-12-16T11:07:04.015+0000] {transport.py:1944} INFO - Connected (version 2.0, client OpenSSH_8.9p1)
[2024-12-16T11:07:04.118+0000] {transport.py:1944} INFO - Authentication (publickey) successful!
[2024-12-16T11:07:04.533+0000] {logging_mixin.py:190} INFO - Server 3rdLack SN07 is up
[2024-12-16T11:07:04.547+0000] {transport.py:1944} INFO - Connected (version 2.0, client OpenSSH_8.9p1)
[2024-12-16T11:07:04.657+0000] {transport.py:1944} INFO - Authentication (publickey) successful!
[2024-12-16T11:07:05.034+0000] {logging_mixin.py:190} INFO - Server 3rdLack SN08 is up
[2024-12-16T11:07:05.054+0000] {transport.py:1944} INFO - Connected (version 2.0, client OpenSSH_8.2p1)
[2024-12-16T11:07:05.127+0000] {transport.py:1944} INFO - Authentication (publickey) successful!
[2024-12-16T11:07:05.454+0000] {logging_mixin.py:190} INFO - Server 1rdLack MN is up
[2024-12-16T11:07:05.487+0000] {transport.py:1944} INFO - Connected (version 2.0, client OpenSSH_8.2p1)
[2024-12-16T11:07:05.581+0000] {transport.py:1944} INFO - Authentication (publickey) successful!
[2024-12-16T11:07:06.461+0000] {logging_mixin.py:190} INFO - Server 1rdLack SN01 is up
[2024-12-16T11:07:06.493+0000] {transport.py:1944} INFO - Connected (version 2.0, client OpenSSH_8.2p1)
[2024-12-16T11:07:06.582+0000] {transport.py:1944} INFO - Authentication (publickey) successful!
[2024-12-16T11:07:07.531+0000] {logging_mixin.py:190} INFO - Server 1rdLack SN02 is up
[2024-12-16T11:07:07.563+0000] {transport.py:1944} INFO - Connected (version 2.0, client OpenSSH_8.2p1)
[2024-12-16T11:07:07.647+0000] {transport.py:1944} INFO - Authentication (publickey) successful!
[2024-12-16T11:07:08.505+0000] {logging_mixin.py:190} INFO - Server 1rdLack SN03 is up
[2024-12-16T11:07:08.538+0000] {transport.py:1944} INFO - Connected (version 2.0, client OpenSSH_8.2p1)
[2024-12-16T11:07:08.623+0000] {transport.py:1944} INFO - Authentication (publickey) successful!
[2024-12-16T11:07:09.527+0000] {logging_mixin.py:190} INFO - Server 1rdLack SN04 is up
[2024-12-16T11:07:09.557+0000] {transport.py:1944} INFO - Connected (version 2.0, client OpenSSH_8.2p1)
[2024-12-16T11:07:09.620+0000] {transport.py:1944} INFO - Authentication (publickey) successful!
[2024-12-16T11:07:10.587+0000] {logging_mixin.py:190} INFO - Server 1rdLack SN05 is up
[2024-12-16T11:07:10.616+0000] {transport.py:1944} INFO - Connected (version 2.0, client OpenSSH_8.2p1)
[2024-12-16T11:07:10.710+0000] {transport.py:1944} INFO - Authentication (publickey) successful!
[2024-12-16T11:07:11.607+0000] {logging_mixin.py:190} INFO - Server 1rdLack SN06 is up
[2024-12-16T11:07:11.636+0000] {transport.py:1944} INFO - Connected (version 2.0, client OpenSSH_8.2p1)
[2024-12-16T11:07:11.698+0000] {transport.py:1944} INFO - Authentication (publickey) successful!
[2024-12-16T11:07:12.679+0000] {logging_mixin.py:190} INFO - Server 1rdLack SN07 is up
[2024-12-16T11:07:12.711+0000] {transport.py:1944} INFO - Connected (version 2.0, client OpenSSH_8.2p1)
[2024-12-16T11:07:12.789+0000] {transport.py:1944} INFO - Authentication (publickey) successful!
[2024-12-16T11:07:13.701+0000] {logging_mixin.py:190} INFO - Server 1rdLack SN09 is up
[2024-12-16T11:07:13.709+0000] {transport.py:1944} INFO - Connected (version 2.0, client OpenSSH_8.2p1)
[2024-12-16T11:07:13.775+0000] {transport.py:1944} INFO - Authentication (publickey) successful!
[2024-12-16T11:07:13.962+0000] {logging_mixin.py:190} INFO - Server cs1 is up
[2024-12-16T11:07:13.973+0000] {transport.py:1944} INFO - Connected (version 2.0, client OpenSSH_8.2p1)
[2024-12-16T11:07:14.096+0000] {transport.py:1944} INFO - Authentication (publickey) successful!
[2024-12-16T11:07:14.270+0000] {logging_mixin.py:190} INFO - Server DL01 is up
[2024-12-16T11:07:14.277+0000] {transport.py:1944} INFO - Connected (version 2.0, client OpenSSH_8.2p1)
[2024-12-16T11:07:14.389+0000] {transport.py:1944} INFO - Authentication (publickey) successful!
[2024-12-16T11:07:14.556+0000] {logging_mixin.py:190} INFO - Server DL02 is up
[2024-12-16T11:07:14.568+0000] {transport.py:1944} INFO - Connected (version 2.0, client OpenSSH_8.2p1)
[2024-12-16T11:07:14.678+0000] {transport.py:1944} INFO - Authentication (publickey) successful!
[2024-12-16T11:07:14.813+0000] {logging_mixin.py:190} INFO - Server DL03 is up
[2024-12-16T11:07:18.263+0000] {logging_mixin.py:190} INFO - Discord alert sent successfully
[2024-12-16T11:07:18.264+0000] {python.py:240} INFO - Done. Returned value was: None
[2024-12-16T11:07:18.276+0000] {taskinstance.py:340} INFO - ::group::Post task execution logs
[2024-12-16T11:07:18.277+0000] {taskinstance.py:352} INFO - Marking task as SUCCESS. dag_id=check_server_status, task_id=check_server_status, run_id=scheduled__2024-12-16T11:06:00+00:00, execution_date=20241216T110600, start_date=20241216T110702, end_date=20241216T110718
[2024-12-16T11:07:18.304+0000] {logging_mixin.py:190} INFO - Task instance in success state
[2024-12-16T11:07:18.304+0000] {logging_mixin.py:190} INFO -  Previous state of the Task instance: running
[2024-12-16T11:07:18.304+0000] {logging_mixin.py:190} INFO - Dag name:check_server_status queued_at:2024-12-16 11:07:00.723909+00:00
[2024-12-16T11:07:18.304+0000] {logging_mixin.py:190} INFO - Task hostname:1b59279a9320 operator:PythonOperator
[2024-12-16T11:07:18.321+0000] {local_task_job_runner.py:266} INFO - Task exited with return code 0
[2024-12-16T11:07:18.336+0000] {taskinstance.py:3895} INFO - 0 downstream tasks scheduled from follow-on schedule check
[2024-12-16T11:07:18.337+0000] {local_task_job_runner.py:245} INFO - ::endgroup::
