[2024-12-16T11:18:02.237+0000] {local_task_job_runner.py:123} INFO - ::group::Pre task execution logs
[2024-12-16T11:18:02.250+0000] {taskinstance.py:2613} INFO - Dependencies all met for dep_context=non-requeueable deps ti=<TaskInstance: check_server_status.check_server_status scheduled__2024-12-16T11:17:00+00:00 [queued]>
[2024-12-16T11:18:02.256+0000] {taskinstance.py:2613} INFO - Dependencies all met for dep_context=requeueable deps ti=<TaskInstance: check_server_status.check_server_status scheduled__2024-12-16T11:17:00+00:00 [queued]>
[2024-12-16T11:18:02.256+0000] {taskinstance.py:2866} INFO - Starting attempt 1 of 2
[2024-12-16T11:18:02.267+0000] {taskinstance.py:2889} INFO - Executing <Task(PythonOperator): check_server_status> on 2024-12-16 11:17:00+00:00
[2024-12-16T11:18:02.272+0000] {warnings.py:112} WARNING - /home/***/.local/lib/python3.12/site-packages/***/task/task_runner/standard_task_runner.py:70: DeprecationWarning: This process (pid=351) is multi-threaded, use of fork() may lead to deadlocks in the child.
  pid = os.fork()

[2024-12-16T11:18:02.273+0000] {standard_task_runner.py:72} INFO - Started process 353 to run task
[2024-12-16T11:18:02.274+0000] {standard_task_runner.py:104} INFO - Running: ['***', 'tasks', 'run', 'check_server_status', 'check_server_status', 'scheduled__2024-12-16T11:17:00+00:00', '--job-id', '130', '--raw', '--subdir', 'DAGS_FOLDER/check_server_status.py', '--cfg-path', '/tmp/tmpptoon1fi']
[2024-12-16T11:18:02.275+0000] {standard_task_runner.py:105} INFO - Job 130: Subtask check_server_status
[2024-12-16T11:18:02.310+0000] {task_command.py:467} INFO - Running <TaskInstance: check_server_status.check_server_status scheduled__2024-12-16T11:17:00+00:00 [running]> on host a9edcc228d1b
[2024-12-16T11:18:02.565+0000] {taskinstance.py:3132} INFO - Exporting env vars: AIRFLOW_CTX_DAG_OWNER='***' AIRFLOW_CTX_DAG_ID='check_server_status' AIRFLOW_CTX_TASK_ID='check_server_status' AIRFLOW_CTX_EXECUTION_DATE='2024-12-16T11:17:00+00:00' AIRFLOW_CTX_TRY_NUMBER='1' AIRFLOW_CTX_DAG_RUN_ID='scheduled__2024-12-16T11:17:00+00:00'
[2024-12-16T11:18:02.566+0000] {logging_mixin.py:190} INFO - Task instance is in running state
[2024-12-16T11:18:02.566+0000] {logging_mixin.py:190} INFO -  Previous state of the Task instance: queued
[2024-12-16T11:18:02.567+0000] {logging_mixin.py:190} INFO - Current task name:check_server_status state:running start_date:2024-12-16 11:18:02.250460+00:00
[2024-12-16T11:18:02.567+0000] {logging_mixin.py:190} INFO - Dag name:check_server_status and current dag run status:running
[2024-12-16T11:18:02.567+0000] {taskinstance.py:731} INFO - ::endgroup::
[2024-12-16T11:18:02.581+0000] {transport.py:1944} INFO - Connected (version 2.0, client OpenSSH_8.9p1)
[2024-12-16T11:18:02.689+0000] {transport.py:1944} INFO - Authentication (publickey) successful!
[2024-12-16T11:18:03.027+0000] {logging_mixin.py:190} INFO - Server 3rdLack MN is up
[2024-12-16T11:18:03.041+0000] {transport.py:1944} INFO - Connected (version 2.0, client OpenSSH_8.9p1)
[2024-12-16T11:18:03.171+0000] {transport.py:1944} INFO - Authentication (publickey) successful!
[2024-12-16T11:18:03.549+0000] {logging_mixin.py:190} INFO - Server 3rdLack SN05 is up
[2024-12-16T11:18:03.562+0000] {transport.py:1944} INFO - Connected (version 2.0, client OpenSSH_8.9p1)
[2024-12-16T11:18:03.664+0000] {transport.py:1944} INFO - Authentication (publickey) successful!
[2024-12-16T11:18:04.037+0000] {logging_mixin.py:190} INFO - Server 3rdLack SN06 is up
[2024-12-16T11:18:04.051+0000] {transport.py:1944} INFO - Connected (version 2.0, client OpenSSH_8.9p1)
[2024-12-16T11:18:04.151+0000] {transport.py:1944} INFO - Authentication (publickey) successful!
[2024-12-16T11:18:04.557+0000] {logging_mixin.py:190} INFO - Server 3rdLack SN07 is up
[2024-12-16T11:18:04.570+0000] {transport.py:1944} INFO - Connected (version 2.0, client OpenSSH_8.9p1)
[2024-12-16T11:18:04.672+0000] {transport.py:1944} INFO - Authentication (publickey) successful!
[2024-12-16T11:18:05.049+0000] {logging_mixin.py:190} INFO - Server 3rdLack SN08 is up
[2024-12-16T11:18:05.068+0000] {transport.py:1944} INFO - Connected (version 2.0, client OpenSSH_8.2p1)
[2024-12-16T11:18:05.125+0000] {transport.py:1944} INFO - Authentication (publickey) successful!
[2024-12-16T11:18:05.452+0000] {logging_mixin.py:190} INFO - Server 1rdLack MN is up
[2024-12-16T11:18:05.482+0000] {transport.py:1944} INFO - Connected (version 2.0, client OpenSSH_8.2p1)
[2024-12-16T11:18:05.548+0000] {transport.py:1944} INFO - Authentication (publickey) successful!
[2024-12-16T11:18:06.528+0000] {logging_mixin.py:190} INFO - Server 1rdLack SN01 is up
[2024-12-16T11:18:06.556+0000] {transport.py:1944} INFO - Connected (version 2.0, client OpenSSH_8.2p1)
[2024-12-16T11:18:06.622+0000] {transport.py:1944} INFO - Authentication (publickey) successful!
[2024-12-16T11:18:07.576+0000] {logging_mixin.py:190} INFO - Server 1rdLack SN02 is up
[2024-12-16T11:18:07.606+0000] {transport.py:1944} INFO - Connected (version 2.0, client OpenSSH_8.2p1)
[2024-12-16T11:18:07.695+0000] {transport.py:1944} INFO - Authentication (publickey) successful!
[2024-12-16T11:18:08.559+0000] {logging_mixin.py:190} INFO - Server 1rdLack SN03 is up
[2024-12-16T11:18:08.589+0000] {transport.py:1944} INFO - Connected (version 2.0, client OpenSSH_8.2p1)
[2024-12-16T11:18:08.689+0000] {transport.py:1944} INFO - Authentication (publickey) successful!
[2024-12-16T11:18:09.607+0000] {logging_mixin.py:190} INFO - Server 1rdLack SN04 is up
[2024-12-16T11:18:09.638+0000] {transport.py:1944} INFO - Connected (version 2.0, client OpenSSH_8.2p1)
[2024-12-16T11:18:09.711+0000] {transport.py:1944} INFO - Authentication (publickey) successful!
[2024-12-16T11:18:10.741+0000] {logging_mixin.py:190} INFO - Server 1rdLack SN05 is up
[2024-12-16T11:18:10.773+0000] {transport.py:1944} INFO - Connected (version 2.0, client OpenSSH_8.2p1)
[2024-12-16T11:18:10.844+0000] {transport.py:1944} INFO - Authentication (publickey) successful!
[2024-12-16T11:18:11.724+0000] {logging_mixin.py:190} INFO - Server 1rdLack SN06 is up
[2024-12-16T11:18:11.757+0000] {transport.py:1944} INFO - Connected (version 2.0, client OpenSSH_8.2p1)
[2024-12-16T11:18:11.835+0000] {transport.py:1944} INFO - Authentication (publickey) successful!
[2024-12-16T11:18:12.739+0000] {logging_mixin.py:190} INFO - Server 1rdLack SN07 is up
[2024-12-16T11:18:12.769+0000] {transport.py:1944} INFO - Connected (version 2.0, client OpenSSH_8.2p1)
[2024-12-16T11:18:12.832+0000] {transport.py:1944} INFO - Authentication (publickey) successful!
[2024-12-16T11:18:13.759+0000] {logging_mixin.py:190} INFO - Server 1rdLack SN09 is up
[2024-12-16T11:18:13.764+0000] {transport.py:1944} INFO - Connected (version 2.0, client OpenSSH_8.2p1)
[2024-12-16T11:18:13.814+0000] {transport.py:1944} INFO - Authentication (publickey) successful!
[2024-12-16T11:18:14.158+0000] {logging_mixin.py:190} INFO - Server cs1 is up
[2024-12-16T11:18:14.168+0000] {transport.py:1944} INFO - Connected (version 2.0, client OpenSSH_8.2p1)
[2024-12-16T11:18:14.279+0000] {transport.py:1944} INFO - Authentication (publickey) successful!
[2024-12-16T11:18:14.449+0000] {logging_mixin.py:190} INFO - Server DL01 is up
[2024-12-16T11:18:14.460+0000] {transport.py:1944} INFO - Connected (version 2.0, client OpenSSH_8.2p1)
[2024-12-16T11:18:14.568+0000] {transport.py:1944} INFO - Authentication (publickey) successful!
[2024-12-16T11:18:14.732+0000] {logging_mixin.py:190} INFO - Server DL02 is up
[2024-12-16T11:18:14.738+0000] {transport.py:1944} INFO - Connected (version 2.0, client OpenSSH_8.2p1)
[2024-12-16T11:18:14.866+0000] {transport.py:1944} INFO - Authentication (publickey) successful!
[2024-12-16T11:18:14.977+0000] {logging_mixin.py:190} INFO - Server DL03 is up
[2024-12-16T11:18:18.293+0000] {logging_mixin.py:190} INFO - Discord alert sent successfully
[2024-12-16T11:18:18.295+0000] {python.py:240} INFO - Done. Returned value was: None
[2024-12-16T11:18:18.311+0000] {taskinstance.py:340} INFO - ::group::Post task execution logs
[2024-12-16T11:18:18.311+0000] {taskinstance.py:352} INFO - Marking task as SUCCESS. dag_id=check_server_status, task_id=check_server_status, run_id=scheduled__2024-12-16T11:17:00+00:00, execution_date=20241216T111700, start_date=20241216T111802, end_date=20241216T111818
[2024-12-16T11:18:18.330+0000] {logging_mixin.py:190} INFO - Task instance in success state
[2024-12-16T11:18:18.331+0000] {logging_mixin.py:190} INFO -  Previous state of the Task instance: running
[2024-12-16T11:18:18.331+0000] {logging_mixin.py:190} INFO - Dag name:check_server_status queued_at:2024-12-16 11:18:00.715154+00:00
[2024-12-16T11:18:18.331+0000] {logging_mixin.py:190} INFO - Task hostname:a9edcc228d1b operator:PythonOperator
[2024-12-16T11:18:18.353+0000] {local_task_job_runner.py:266} INFO - Task exited with return code 0
[2024-12-16T11:18:18.367+0000] {taskinstance.py:3895} INFO - 0 downstream tasks scheduled from follow-on schedule check
[2024-12-16T11:18:18.368+0000] {local_task_job_runner.py:245} INFO - ::endgroup::
