[2024-12-16T10:57:02.514+0000] {local_task_job_runner.py:123} INFO - ::group::Pre task execution logs
[2024-12-16T10:57:02.530+0000] {taskinstance.py:2613} INFO - Dependencies all met for dep_context=non-requeueable deps ti=<TaskInstance: check_server_status.check_server_status scheduled__2024-12-16T10:56:00+00:00 [queued]>
[2024-12-16T10:57:02.536+0000] {taskinstance.py:2613} INFO - Dependencies all met for dep_context=requeueable deps ti=<TaskInstance: check_server_status.check_server_status scheduled__2024-12-16T10:56:00+00:00 [queued]>
[2024-12-16T10:57:02.536+0000] {taskinstance.py:2866} INFO - Starting attempt 1 of 2
[2024-12-16T10:57:02.547+0000] {taskinstance.py:2889} INFO - Executing <Task(PythonOperator): check_server_status> on 2024-12-16 10:56:00+00:00
[2024-12-16T10:57:02.552+0000] {warnings.py:112} WARNING - /home/***/.local/lib/python3.12/site-packages/***/task/task_runner/standard_task_runner.py:70: DeprecationWarning: This process (pid=525) is multi-threaded, use of fork() may lead to deadlocks in the child.
  pid = os.fork()

[2024-12-16T10:57:02.553+0000] {standard_task_runner.py:72} INFO - Started process 527 to run task
[2024-12-16T10:57:02.554+0000] {standard_task_runner.py:104} INFO - Running: ['***', 'tasks', 'run', 'check_server_status', 'check_server_status', 'scheduled__2024-12-16T10:56:00+00:00', '--job-id', '101', '--raw', '--subdir', 'DAGS_FOLDER/check_server_status.py', '--cfg-path', '/tmp/tmpyeo_te_2']
[2024-12-16T10:57:02.555+0000] {standard_task_runner.py:105} INFO - Job 101: Subtask check_server_status
[2024-12-16T10:57:02.589+0000] {task_command.py:467} INFO - Running <TaskInstance: check_server_status.check_server_status scheduled__2024-12-16T10:56:00+00:00 [running]> on host 1b59279a9320
[2024-12-16T10:57:02.845+0000] {taskinstance.py:3132} INFO - Exporting env vars: AIRFLOW_CTX_DAG_OWNER='***' AIRFLOW_CTX_DAG_ID='check_server_status' AIRFLOW_CTX_TASK_ID='check_server_status' AIRFLOW_CTX_EXECUTION_DATE='2024-12-16T10:56:00+00:00' AIRFLOW_CTX_TRY_NUMBER='1' AIRFLOW_CTX_DAG_RUN_ID='scheduled__2024-12-16T10:56:00+00:00'
[2024-12-16T10:57:02.845+0000] {logging_mixin.py:190} INFO - Task instance is in running state
[2024-12-16T10:57:02.845+0000] {logging_mixin.py:190} INFO -  Previous state of the Task instance: queued
[2024-12-16T10:57:02.846+0000] {logging_mixin.py:190} INFO - Current task name:check_server_status state:running start_date:2024-12-16 10:57:02.530701+00:00
[2024-12-16T10:57:02.846+0000] {logging_mixin.py:190} INFO - Dag name:check_server_status and current dag run status:running
[2024-12-16T10:57:02.846+0000] {taskinstance.py:731} INFO - ::endgroup::
[2024-12-16T10:57:02.860+0000] {transport.py:1944} INFO - Connected (version 2.0, client OpenSSH_8.9p1)
[2024-12-16T10:57:02.967+0000] {transport.py:1944} INFO - Authentication (publickey) successful!
[2024-12-16T10:57:03.286+0000] {logging_mixin.py:190} INFO - Server 3rdLack MN is up
[2024-12-16T10:57:03.300+0000] {transport.py:1944} INFO - Connected (version 2.0, client OpenSSH_8.9p1)
[2024-12-16T10:57:03.406+0000] {transport.py:1944} INFO - Authentication (publickey) successful!
[2024-12-16T10:57:03.763+0000] {logging_mixin.py:190} INFO - Server 3rdLack SN05 is up
[2024-12-16T10:57:03.777+0000] {transport.py:1944} INFO - Connected (version 2.0, client OpenSSH_8.9p1)
[2024-12-16T10:57:03.879+0000] {transport.py:1944} INFO - Authentication (publickey) successful!
[2024-12-16T10:57:04.253+0000] {logging_mixin.py:190} INFO - Server 3rdLack SN06 is up
[2024-12-16T10:57:04.267+0000] {transport.py:1944} INFO - Connected (version 2.0, client OpenSSH_8.9p1)
[2024-12-16T10:57:04.433+0000] {transport.py:1944} INFO - Authentication (publickey) successful!
[2024-12-16T10:57:04.822+0000] {logging_mixin.py:190} INFO - Server 3rdLack SN07 is up
[2024-12-16T10:57:04.836+0000] {transport.py:1944} INFO - Connected (version 2.0, client OpenSSH_8.9p1)
[2024-12-16T10:57:04.938+0000] {transport.py:1944} INFO - Authentication (publickey) successful!
[2024-12-16T10:57:05.302+0000] {logging_mixin.py:190} INFO - Server 3rdLack SN08 is up
[2024-12-16T10:57:05.322+0000] {transport.py:1944} INFO - Connected (version 2.0, client OpenSSH_8.2p1)
[2024-12-16T10:57:05.396+0000] {transport.py:1944} INFO - Authentication (publickey) successful!
[2024-12-16T10:57:05.721+0000] {logging_mixin.py:190} INFO - Server 1rdLack MN is up
[2024-12-16T10:57:05.750+0000] {transport.py:1944} INFO - Connected (version 2.0, client OpenSSH_8.2p1)
[2024-12-16T10:57:05.831+0000] {transport.py:1944} INFO - Authentication (publickey) successful!
[2024-12-16T10:57:06.777+0000] {logging_mixin.py:190} INFO - Server 1rdLack SN01 is up
[2024-12-16T10:57:06.810+0000] {transport.py:1944} INFO - Connected (version 2.0, client OpenSSH_8.2p1)
[2024-12-16T10:57:06.875+0000] {transport.py:1944} INFO - Authentication (publickey) successful!
[2024-12-16T10:57:07.806+0000] {logging_mixin.py:190} INFO - Server 1rdLack SN02 is up
[2024-12-16T10:57:07.837+0000] {transport.py:1944} INFO - Connected (version 2.0, client OpenSSH_8.2p1)
[2024-12-16T10:57:07.934+0000] {transport.py:1944} INFO - Authentication (publickey) successful!
[2024-12-16T10:57:08.824+0000] {logging_mixin.py:190} INFO - Server 1rdLack SN03 is up
[2024-12-16T10:57:08.854+0000] {transport.py:1944} INFO - Connected (version 2.0, client OpenSSH_8.2p1)
[2024-12-16T10:57:08.916+0000] {transport.py:1944} INFO - Authentication (publickey) successful!
[2024-12-16T10:57:09.831+0000] {logging_mixin.py:190} INFO - Server 1rdLack SN04 is up
[2024-12-16T10:57:09.861+0000] {transport.py:1944} INFO - Connected (version 2.0, client OpenSSH_8.2p1)
[2024-12-16T10:57:09.926+0000] {transport.py:1944} INFO - Authentication (publickey) successful!
[2024-12-16T10:57:10.860+0000] {logging_mixin.py:190} INFO - Server 1rdLack SN05 is up
[2024-12-16T10:57:10.890+0000] {transport.py:1944} INFO - Connected (version 2.0, client OpenSSH_8.2p1)
[2024-12-16T10:57:10.957+0000] {transport.py:1944} INFO - Authentication (publickey) successful!
[2024-12-16T10:57:11.859+0000] {logging_mixin.py:190} INFO - Server 1rdLack SN06 is up
[2024-12-16T10:57:11.892+0000] {transport.py:1944} INFO - Connected (version 2.0, client OpenSSH_8.2p1)
[2024-12-16T10:57:11.961+0000] {transport.py:1944} INFO - Authentication (publickey) successful!
[2024-12-16T10:57:12.911+0000] {logging_mixin.py:190} INFO - Server 1rdLack SN07 is up
[2024-12-16T10:57:12.941+0000] {transport.py:1944} INFO - Connected (version 2.0, client OpenSSH_8.2p1)
[2024-12-16T10:57:13.006+0000] {transport.py:1944} INFO - Authentication (publickey) successful!
[2024-12-16T10:57:13.943+0000] {logging_mixin.py:190} INFO - Server 1rdLack SN09 is up
[2024-12-16T10:57:13.949+0000] {transport.py:1944} INFO - Connected (version 2.0, client OpenSSH_8.2p1)
[2024-12-16T10:57:13.999+0000] {transport.py:1944} INFO - Authentication (publickey) successful!
[2024-12-16T10:57:14.186+0000] {logging_mixin.py:190} INFO - Server cs1 is up
[2024-12-16T10:57:14.196+0000] {transport.py:1944} INFO - Connected (version 2.0, client OpenSSH_8.2p1)
[2024-12-16T10:57:14.311+0000] {transport.py:1944} INFO - Authentication (publickey) successful!
[2024-12-16T10:57:14.480+0000] {logging_mixin.py:190} INFO - Server DL01 is up
[2024-12-16T10:57:14.486+0000] {transport.py:1944} INFO - Connected (version 2.0, client OpenSSH_8.2p1)
[2024-12-16T10:57:14.588+0000] {transport.py:1944} INFO - Authentication (publickey) successful!
[2024-12-16T10:57:14.758+0000] {logging_mixin.py:190} INFO - Server DL02 is up
[2024-12-16T10:57:14.770+0000] {transport.py:1944} INFO - Connected (version 2.0, client OpenSSH_8.2p1)
[2024-12-16T10:57:14.914+0000] {transport.py:1944} INFO - Authentication (publickey) successful!
[2024-12-16T10:57:15.049+0000] {logging_mixin.py:190} INFO - Server DL03 is up
[2024-12-16T10:57:18.357+0000] {logging_mixin.py:190} INFO - Discord alert sent successfully
[2024-12-16T10:57:18.359+0000] {python.py:240} INFO - Done. Returned value was: None
[2024-12-16T10:57:18.376+0000] {taskinstance.py:340} INFO - ::group::Post task execution logs
[2024-12-16T10:57:18.377+0000] {taskinstance.py:352} INFO - Marking task as SUCCESS. dag_id=check_server_status, task_id=check_server_status, run_id=scheduled__2024-12-16T10:56:00+00:00, execution_date=20241216T105600, start_date=20241216T105702, end_date=20241216T105718
[2024-12-16T10:57:18.399+0000] {logging_mixin.py:190} INFO - Task instance in success state
[2024-12-16T10:57:18.399+0000] {logging_mixin.py:190} INFO -  Previous state of the Task instance: running
[2024-12-16T10:57:18.400+0000] {logging_mixin.py:190} INFO - Dag name:check_server_status queued_at:2024-12-16 10:57:01.036851+00:00
[2024-12-16T10:57:18.400+0000] {logging_mixin.py:190} INFO - Task hostname:1b59279a9320 operator:PythonOperator
[2024-12-16T10:57:18.430+0000] {local_task_job_runner.py:266} INFO - Task exited with return code 0
[2024-12-16T10:57:18.447+0000] {taskinstance.py:3895} INFO - 0 downstream tasks scheduled from follow-on schedule check
[2024-12-16T10:57:18.448+0000] {local_task_job_runner.py:245} INFO - ::endgroup::
