[2024-12-16T09:26:53.777+0000] {local_task_job_runner.py:123} INFO - ::group::Pre task execution logs
[2024-12-16T09:26:53.808+0000] {taskinstance.py:2613} INFO - Dependencies all met for dep_context=non-requeueable deps ti=<TaskInstance: check_server_status.check_server_status scheduled__2024-12-16T09:19:00+00:00 [queued]>
[2024-12-16T09:26:53.829+0000] {taskinstance.py:2613} INFO - Dependencies all met for dep_context=requeueable deps ti=<TaskInstance: check_server_status.check_server_status scheduled__2024-12-16T09:19:00+00:00 [queued]>
[2024-12-16T09:26:53.829+0000] {taskinstance.py:2866} INFO - Starting attempt 2 of 2
[2024-12-16T09:26:53.857+0000] {taskinstance.py:2889} INFO - Executing <Task(PythonOperator): check_server_status> on 2024-12-16 09:19:00+00:00
[2024-12-16T09:26:53.871+0000] {warnings.py:112} WARNING - /home/***/.local/lib/python3.12/site-packages/***/task/task_runner/standard_task_runner.py:70: DeprecationWarning: This process (pid=71) is multi-threaded, use of fork() may lead to deadlocks in the child.
  pid = os.fork()

[2024-12-16T09:26:53.873+0000] {standard_task_runner.py:72} INFO - Started process 80 to run task
[2024-12-16T09:26:53.879+0000] {standard_task_runner.py:104} INFO - Running: ['***', 'tasks', 'run', 'check_server_status', 'check_server_status', 'scheduled__2024-12-16T09:19:00+00:00', '--job-id', '24', '--raw', '--subdir', 'DAGS_FOLDER/check_server_status.py', '--cfg-path', '/tmp/tmplo23twhk']
[2024-12-16T09:26:53.881+0000] {standard_task_runner.py:105} INFO - Job 24: Subtask check_server_status
[2024-12-16T09:26:54.032+0000] {task_command.py:467} INFO - Running <TaskInstance: check_server_status.check_server_status scheduled__2024-12-16T09:19:00+00:00 [running]> on host 0d789706375e
[2024-12-16T09:26:54.644+0000] {taskinstance.py:3132} INFO - Exporting env vars: AIRFLOW_CTX_DAG_OWNER='***' AIRFLOW_CTX_DAG_ID='check_server_status' AIRFLOW_CTX_TASK_ID='check_server_status' AIRFLOW_CTX_EXECUTION_DATE='2024-12-16T09:19:00+00:00' AIRFLOW_CTX_TRY_NUMBER='2' AIRFLOW_CTX_DAG_RUN_ID='scheduled__2024-12-16T09:19:00+00:00'
[2024-12-16T09:26:54.645+0000] {logging_mixin.py:190} INFO - Task instance is in running state
[2024-12-16T09:26:54.645+0000] {logging_mixin.py:190} INFO -  Previous state of the Task instance: queued
[2024-12-16T09:26:54.646+0000] {logging_mixin.py:190} INFO - Current task name:check_server_status state:running start_date:2024-12-16 09:26:53.809197+00:00
[2024-12-16T09:26:54.646+0000] {logging_mixin.py:190} INFO - Dag name:check_server_status and current dag run status:running
[2024-12-16T09:26:54.647+0000] {taskinstance.py:731} INFO - ::endgroup::
[2024-12-16T09:26:54.661+0000] {transport.py:1944} INFO - Connected (version 2.0, client OpenSSH_8.9p1)
[2024-12-16T09:26:55.003+0000] {logging_mixin.py:190} INFO - Failed to send alert: 429
[2024-12-16T09:26:55.016+0000] {transport.py:1944} INFO - Connected (version 2.0, client OpenSSH_8.9p1)
[2024-12-16T09:26:55.319+0000] {logging_mixin.py:190} INFO - Failed to send alert: 429
[2024-12-16T09:26:55.332+0000] {transport.py:1944} INFO - Connected (version 2.0, client OpenSSH_8.9p1)
[2024-12-16T09:26:55.625+0000] {logging_mixin.py:190} INFO - Failed to send alert: 429
[2024-12-16T09:26:55.638+0000] {transport.py:1944} INFO - Connected (version 2.0, client OpenSSH_8.9p1)
[2024-12-16T09:26:56.030+0000] {logging_mixin.py:190} INFO - Discord alert sent successfully
[2024-12-16T09:26:56.043+0000] {transport.py:1944} INFO - Connected (version 2.0, client OpenSSH_8.9p1)
[2024-12-16T09:26:56.353+0000] {logging_mixin.py:190} INFO - Failed to send alert: 429
[2024-12-16T09:26:56.370+0000] {transport.py:1944} INFO - Connected (version 2.0, client OpenSSH_8.2p1)
[2024-12-16T09:26:56.624+0000] {logging_mixin.py:190} INFO - Failed to send alert: 429
[2024-12-16T09:26:56.654+0000] {transport.py:1944} INFO - Connected (version 2.0, client OpenSSH_8.2p1)
[2024-12-16T09:26:56.926+0000] {logging_mixin.py:190} INFO - Failed to send alert: 429
[2024-12-16T09:26:56.953+0000] {transport.py:1944} INFO - Connected (version 2.0, client OpenSSH_8.2p1)
[2024-12-16T09:26:57.215+0000] {logging_mixin.py:190} INFO - Failed to send alert: 429
[2024-12-16T09:26:57.240+0000] {transport.py:1944} INFO - Connected (version 2.0, client OpenSSH_8.2p1)
[2024-12-16T09:26:57.497+0000] {logging_mixin.py:190} INFO - Failed to send alert: 429
[2024-12-16T09:26:57.543+0000] {transport.py:1944} INFO - Connected (version 2.0, client OpenSSH_8.2p1)
[2024-12-16T09:26:57.835+0000] {logging_mixin.py:190} INFO - Discord alert sent successfully
[2024-12-16T09:26:57.865+0000] {transport.py:1944} INFO - Connected (version 2.0, client OpenSSH_8.2p1)
[2024-12-16T09:26:58.239+0000] {logging_mixin.py:190} INFO - Discord alert sent successfully
[2024-12-16T09:26:58.265+0000] {transport.py:1944} INFO - Connected (version 2.0, client OpenSSH_8.2p1)
[2024-12-16T09:26:58.547+0000] {logging_mixin.py:190} INFO - Failed to send alert: 429
[2024-12-16T09:26:58.575+0000] {transport.py:1944} INFO - Connected (version 2.0, client OpenSSH_8.2p1)
[2024-12-16T09:26:58.853+0000] {logging_mixin.py:190} INFO - Failed to send alert: 429
[2024-12-16T09:26:58.883+0000] {transport.py:1944} INFO - Connected (version 2.0, client OpenSSH_8.2p1)
[2024-12-16T09:26:59.140+0000] {logging_mixin.py:190} INFO - Failed to send alert: 429
[2024-12-16T09:26:59.145+0000] {transport.py:1944} INFO - Connected (version 2.0, client OpenSSH_8.2p1)
[2024-12-16T09:26:59.525+0000] {logging_mixin.py:190} INFO - Discord alert sent successfully
[2024-12-16T09:26:59.531+0000] {transport.py:1944} INFO - Connected (version 2.0, client OpenSSH_8.2p1)
[2024-12-16T09:26:59.849+0000] {logging_mixin.py:190} INFO - Failed to send alert: 429
[2024-12-16T09:26:59.854+0000] {transport.py:1944} INFO - Connected (version 2.0, client OpenSSH_8.2p1)
[2024-12-16T09:27:00.175+0000] {logging_mixin.py:190} INFO - Failed to send alert: 429
[2024-12-16T09:27:00.187+0000] {transport.py:1944} INFO - Connected (version 2.0, client OpenSSH_8.2p1)
[2024-12-16T09:27:00.491+0000] {logging_mixin.py:190} INFO - Failed to send alert: 429
[2024-12-16T09:27:03.508+0000] {logging_mixin.py:190} INFO - Discord alert sent successfully
[2024-12-16T09:27:03.509+0000] {python.py:240} INFO - Done. Returned value was: None
[2024-12-16T09:27:03.517+0000] {taskinstance.py:340} INFO - ::group::Post task execution logs
[2024-12-16T09:27:03.518+0000] {taskinstance.py:352} INFO - Marking task as SUCCESS. dag_id=check_server_status, task_id=check_server_status, run_id=scheduled__2024-12-16T09:19:00+00:00, execution_date=20241216T091900, start_date=20241216T092653, end_date=20241216T092703
[2024-12-16T09:27:03.526+0000] {logging_mixin.py:190} INFO - Task instance in success state
[2024-12-16T09:27:03.527+0000] {logging_mixin.py:190} INFO -  Previous state of the Task instance: running
[2024-12-16T09:27:03.527+0000] {logging_mixin.py:190} INFO - Dag name:check_server_status queued_at:2024-12-16 09:20:00.067384+00:00
[2024-12-16T09:27:03.527+0000] {logging_mixin.py:190} INFO - Task hostname:0d789706375e operator:PythonOperator
[2024-12-16T09:27:03.560+0000] {local_task_job_runner.py:266} INFO - Task exited with return code 0
[2024-12-16T09:27:03.759+0000] {taskinstance.py:3895} INFO - 0 downstream tasks scheduled from follow-on schedule check
[2024-12-16T09:27:03.760+0000] {local_task_job_runner.py:245} INFO - ::endgroup::
