[2024-12-16T09:36:02.011+0000] {local_task_job_runner.py:123} INFO - ::group::Pre task execution logs
[2024-12-16T09:36:02.025+0000] {taskinstance.py:2613} INFO - Dependencies all met for dep_context=non-requeueable deps ti=<TaskInstance: check_server_status.check_server_status scheduled__2024-12-16T09:35:00+00:00 [queued]>
[2024-12-16T09:36:02.032+0000] {taskinstance.py:2613} INFO - Dependencies all met for dep_context=requeueable deps ti=<TaskInstance: check_server_status.check_server_status scheduled__2024-12-16T09:35:00+00:00 [queued]>
[2024-12-16T09:36:02.032+0000] {taskinstance.py:2866} INFO - Starting attempt 1 of 2
[2024-12-16T09:36:02.044+0000] {taskinstance.py:2889} INFO - Executing <Task(PythonOperator): check_server_status> on 2024-12-16 09:35:00+00:00
[2024-12-16T09:36:02.051+0000] {warnings.py:112} WARNING - /home/***/.local/lib/python3.12/site-packages/***/task/task_runner/standard_task_runner.py:70: DeprecationWarning: This process (pid=114) is multi-threaded, use of fork() may lead to deadlocks in the child.
  pid = os.fork()

[2024-12-16T09:36:02.052+0000] {standard_task_runner.py:72} INFO - Started process 116 to run task
[2024-12-16T09:36:02.053+0000] {standard_task_runner.py:104} INFO - Running: ['***', 'tasks', 'run', 'check_server_status', 'check_server_status', 'scheduled__2024-12-16T09:35:00+00:00', '--job-id', '65', '--raw', '--subdir', 'DAGS_FOLDER/check_server_status.py', '--cfg-path', '/tmp/tmpbqrgkv_r']
[2024-12-16T09:36:02.054+0000] {standard_task_runner.py:105} INFO - Job 65: Subtask check_server_status
[2024-12-16T09:36:02.090+0000] {task_command.py:467} INFO - Running <TaskInstance: check_server_status.check_server_status scheduled__2024-12-16T09:35:00+00:00 [running]> on host b8b4a5d3e964
[2024-12-16T09:36:02.356+0000] {taskinstance.py:3132} INFO - Exporting env vars: AIRFLOW_CTX_DAG_OWNER='***' AIRFLOW_CTX_DAG_ID='check_server_status' AIRFLOW_CTX_TASK_ID='check_server_status' AIRFLOW_CTX_EXECUTION_DATE='2024-12-16T09:35:00+00:00' AIRFLOW_CTX_TRY_NUMBER='1' AIRFLOW_CTX_DAG_RUN_ID='scheduled__2024-12-16T09:35:00+00:00'
[2024-12-16T09:36:02.357+0000] {logging_mixin.py:190} INFO - Task instance is in running state
[2024-12-16T09:36:02.357+0000] {logging_mixin.py:190} INFO -  Previous state of the Task instance: queued
[2024-12-16T09:36:02.357+0000] {logging_mixin.py:190} INFO - Current task name:check_server_status state:running start_date:2024-12-16 09:36:02.025740+00:00
[2024-12-16T09:36:02.357+0000] {logging_mixin.py:190} INFO - Dag name:check_server_status and current dag run status:running
[2024-12-16T09:36:02.358+0000] {taskinstance.py:731} INFO - ::endgroup::
[2024-12-16T09:36:02.372+0000] {transport.py:1944} INFO - Connected (version 2.0, client OpenSSH_8.9p1)
[2024-12-16T09:36:02.747+0000] {logging_mixin.py:190} INFO - Discord alert sent successfully
[2024-12-16T09:36:02.761+0000] {transport.py:1944} INFO - Connected (version 2.0, client OpenSSH_8.9p1)
[2024-12-16T09:36:03.125+0000] {logging_mixin.py:190} INFO - Discord alert sent successfully
[2024-12-16T09:36:03.140+0000] {transport.py:1944} INFO - Connected (version 2.0, client OpenSSH_8.9p1)
[2024-12-16T09:36:03.537+0000] {logging_mixin.py:190} INFO - Discord alert sent successfully
[2024-12-16T09:36:03.553+0000] {transport.py:1944} INFO - Connected (version 2.0, client OpenSSH_8.9p1)
[2024-12-16T09:36:03.970+0000] {logging_mixin.py:190} INFO - Discord alert sent successfully
[2024-12-16T09:36:03.986+0000] {transport.py:1944} INFO - Connected (version 2.0, client OpenSSH_8.9p1)
[2024-12-16T09:36:04.382+0000] {logging_mixin.py:190} INFO - Discord alert sent successfully
[2024-12-16T09:36:04.401+0000] {transport.py:1944} INFO - Connected (version 2.0, client OpenSSH_8.2p1)
[2024-12-16T09:36:04.783+0000] {logging_mixin.py:190} INFO - Discord alert sent successfully
[2024-12-16T09:36:04.814+0000] {transport.py:1944} INFO - Connected (version 2.0, client OpenSSH_8.2p1)
[2024-12-16T09:36:05.198+0000] {logging_mixin.py:190} INFO - Discord alert sent successfully
[2024-12-16T09:36:05.229+0000] {transport.py:1944} INFO - Connected (version 2.0, client OpenSSH_8.2p1)
[2024-12-16T09:36:05.562+0000] {logging_mixin.py:190} INFO - Discord alert sent successfully
[2024-12-16T09:36:05.594+0000] {transport.py:1944} INFO - Connected (version 2.0, client OpenSSH_8.2p1)
[2024-12-16T09:36:05.939+0000] {logging_mixin.py:190} INFO - Discord alert sent successfully
[2024-12-16T09:36:05.971+0000] {transport.py:1944} INFO - Connected (version 2.0, client OpenSSH_8.2p1)
[2024-12-16T09:36:06.291+0000] {logging_mixin.py:190} INFO - Discord alert sent successfully
[2024-12-16T09:36:06.322+0000] {transport.py:1944} INFO - Connected (version 2.0, client OpenSSH_8.2p1)
[2024-12-16T09:36:06.659+0000] {logging_mixin.py:190} INFO - Discord alert sent successfully
[2024-12-16T09:36:06.691+0000] {transport.py:1944} INFO - Connected (version 2.0, client OpenSSH_8.2p1)
[2024-12-16T09:36:07.074+0000] {logging_mixin.py:190} INFO - Discord alert sent successfully
[2024-12-16T09:36:07.103+0000] {transport.py:1944} INFO - Connected (version 2.0, client OpenSSH_8.2p1)
[2024-12-16T09:36:07.453+0000] {logging_mixin.py:190} INFO - Discord alert sent successfully
[2024-12-16T09:36:07.484+0000] {transport.py:1944} INFO - Connected (version 2.0, client OpenSSH_8.2p1)
[2024-12-16T09:36:07.811+0000] {logging_mixin.py:190} INFO - Discord alert sent successfully
[2024-12-16T09:36:07.819+0000] {transport.py:1944} INFO - Connected (version 2.0, client OpenSSH_8.2p1)
[2024-12-16T09:36:08.152+0000] {logging_mixin.py:190} INFO - Discord alert sent successfully
[2024-12-16T09:36:08.168+0000] {transport.py:1944} INFO - Connected (version 2.0, client OpenSSH_8.2p1)
[2024-12-16T09:36:08.591+0000] {logging_mixin.py:190} INFO - Discord alert sent successfully
[2024-12-16T09:36:08.603+0000] {transport.py:1944} INFO - Connected (version 2.0, client OpenSSH_8.2p1)
[2024-12-16T09:36:09.113+0000] {logging_mixin.py:190} INFO - Discord alert sent successfully
[2024-12-16T09:36:09.126+0000] {transport.py:1944} INFO - Connected (version 2.0, client OpenSSH_8.2p1)
[2024-12-16T09:36:09.532+0000] {logging_mixin.py:190} INFO - Discord alert sent successfully
[2024-12-16T09:36:12.839+0000] {logging_mixin.py:190} INFO - Discord alert sent successfully
[2024-12-16T09:36:12.841+0000] {python.py:240} INFO - Done. Returned value was: None
[2024-12-16T09:36:12.858+0000] {taskinstance.py:340} INFO - ::group::Post task execution logs
[2024-12-16T09:36:12.859+0000] {taskinstance.py:352} INFO - Marking task as SUCCESS. dag_id=check_server_status, task_id=check_server_status, run_id=scheduled__2024-12-16T09:35:00+00:00, execution_date=20241216T093500, start_date=20241216T093602, end_date=20241216T093612
[2024-12-16T09:36:12.872+0000] {logging_mixin.py:190} INFO - Task instance in success state
[2024-12-16T09:36:12.872+0000] {logging_mixin.py:190} INFO -  Previous state of the Task instance: running
[2024-12-16T09:36:12.872+0000] {logging_mixin.py:190} INFO - Dag name:check_server_status queued_at:2024-12-16 09:36:00.461047+00:00
[2024-12-16T09:36:12.873+0000] {logging_mixin.py:190} INFO - Task hostname:b8b4a5d3e964 operator:PythonOperator
[2024-12-16T09:36:12.893+0000] {local_task_job_runner.py:266} INFO - Task exited with return code 0
[2024-12-16T09:36:12.912+0000] {taskinstance.py:3895} INFO - 0 downstream tasks scheduled from follow-on schedule check
[2024-12-16T09:36:12.913+0000] {local_task_job_runner.py:245} INFO - ::endgroup::
