[2024-12-16T09:26:53.767+0000] {local_task_job_runner.py:123} INFO - ::group::Pre task execution logs
[2024-12-16T09:26:54.155+0000] {taskinstance.py:2613} INFO - Dependencies all met for dep_context=non-requeueable deps ti=<TaskInstance: check_server_status.check_server_status scheduled__2024-12-16T09:25:00+00:00 [queued]>
[2024-12-16T09:26:54.172+0000] {taskinstance.py:2613} INFO - Dependencies all met for dep_context=requeueable deps ti=<TaskInstance: check_server_status.check_server_status scheduled__2024-12-16T09:25:00+00:00 [queued]>
[2024-12-16T09:26:54.172+0000] {taskinstance.py:2866} INFO - Starting attempt 1 of 2
[2024-12-16T09:26:54.231+0000] {taskinstance.py:2889} INFO - Executing <Task(PythonOperator): check_server_status> on 2024-12-16 09:25:00+00:00
[2024-12-16T09:26:54.247+0000] {warnings.py:112} WARNING - /home/***/.local/lib/python3.12/site-packages/***/task/task_runner/standard_task_runner.py:70: DeprecationWarning: This process (pid=78) is multi-threaded, use of fork() may lead to deadlocks in the child.
  pid = os.fork()

[2024-12-16T09:26:54.250+0000] {standard_task_runner.py:72} INFO - Started process 90 to run task
[2024-12-16T09:26:54.257+0000] {standard_task_runner.py:104} INFO - Running: ['***', 'tasks', 'run', 'check_server_status', 'check_server_status', 'scheduled__2024-12-16T09:25:00+00:00', '--job-id', '21', '--raw', '--subdir', 'DAGS_FOLDER/check_server_status.py', '--cfg-path', '/tmp/tmpjnabm5lm']
[2024-12-16T09:26:54.258+0000] {standard_task_runner.py:105} INFO - Job 21: Subtask check_server_status
[2024-12-16T09:26:54.359+0000] {task_command.py:467} INFO - Running <TaskInstance: check_server_status.check_server_status scheduled__2024-12-16T09:25:00+00:00 [running]> on host 0d789706375e
[2024-12-16T09:26:54.562+0000] {taskinstance.py:3132} INFO - Exporting env vars: AIRFLOW_CTX_DAG_OWNER='***' AIRFLOW_CTX_DAG_ID='check_server_status' AIRFLOW_CTX_TASK_ID='check_server_status' AIRFLOW_CTX_EXECUTION_DATE='2024-12-16T09:25:00+00:00' AIRFLOW_CTX_TRY_NUMBER='1' AIRFLOW_CTX_DAG_RUN_ID='scheduled__2024-12-16T09:25:00+00:00'
[2024-12-16T09:26:54.564+0000] {logging_mixin.py:190} INFO - Task instance is in running state
[2024-12-16T09:26:54.564+0000] {logging_mixin.py:190} INFO -  Previous state of the Task instance: queued
[2024-12-16T09:26:54.564+0000] {logging_mixin.py:190} INFO - Current task name:check_server_status state:running start_date:2024-12-16 09:26:54.160338+00:00
[2024-12-16T09:26:54.565+0000] {logging_mixin.py:190} INFO - Dag name:check_server_status and current dag run status:running
[2024-12-16T09:26:54.565+0000] {taskinstance.py:731} INFO - ::endgroup::
[2024-12-16T09:26:54.579+0000] {transport.py:1944} INFO - Connected (version 2.0, client OpenSSH_8.9p1)
[2024-12-16T09:26:55.027+0000] {logging_mixin.py:190} INFO - Discord alert sent successfully
[2024-12-16T09:26:55.041+0000] {transport.py:1944} INFO - Connected (version 2.0, client OpenSSH_8.9p1)
[2024-12-16T09:26:55.420+0000] {logging_mixin.py:190} INFO - Discord alert sent successfully
[2024-12-16T09:26:55.433+0000] {transport.py:1944} INFO - Connected (version 2.0, client OpenSSH_8.9p1)
[2024-12-16T09:26:55.733+0000] {logging_mixin.py:190} INFO - Failed to send alert: 429
[2024-12-16T09:26:55.746+0000] {transport.py:1944} INFO - Connected (version 2.0, client OpenSSH_8.9p1)
[2024-12-16T09:26:56.054+0000] {logging_mixin.py:190} INFO - Failed to send alert: 429
[2024-12-16T09:26:56.066+0000] {transport.py:1944} INFO - Connected (version 2.0, client OpenSSH_8.9p1)
[2024-12-16T09:26:56.374+0000] {logging_mixin.py:190} INFO - Failed to send alert: 429
[2024-12-16T09:26:56.391+0000] {transport.py:1944} INFO - Connected (version 2.0, client OpenSSH_8.2p1)
[2024-12-16T09:26:56.678+0000] {logging_mixin.py:190} INFO - Failed to send alert: 429
[2024-12-16T09:26:56.704+0000] {transport.py:1944} INFO - Connected (version 2.0, client OpenSSH_8.2p1)
[2024-12-16T09:26:57.052+0000] {logging_mixin.py:190} INFO - Discord alert sent successfully
[2024-12-16T09:26:57.082+0000] {transport.py:1944} INFO - Connected (version 2.0, client OpenSSH_8.2p1)
[2024-12-16T09:26:57.400+0000] {logging_mixin.py:190} INFO - Discord alert sent successfully
[2024-12-16T09:26:57.430+0000] {transport.py:1944} INFO - Connected (version 2.0, client OpenSSH_8.2p1)
[2024-12-16T09:26:57.694+0000] {logging_mixin.py:190} INFO - Failed to send alert: 429
[2024-12-16T09:26:57.722+0000] {transport.py:1944} INFO - Connected (version 2.0, client OpenSSH_8.2p1)
[2024-12-16T09:26:57.997+0000] {logging_mixin.py:190} INFO - Failed to send alert: 429
[2024-12-16T09:26:58.025+0000] {transport.py:1944} INFO - Connected (version 2.0, client OpenSSH_8.2p1)
[2024-12-16T09:26:58.298+0000] {logging_mixin.py:190} INFO - Failed to send alert: 429
[2024-12-16T09:26:58.326+0000] {transport.py:1944} INFO - Connected (version 2.0, client OpenSSH_8.2p1)
[2024-12-16T09:26:58.628+0000] {logging_mixin.py:190} INFO - Discord alert sent successfully
[2024-12-16T09:26:58.657+0000] {transport.py:1944} INFO - Connected (version 2.0, client OpenSSH_8.2p1)
[2024-12-16T09:26:58.915+0000] {logging_mixin.py:190} INFO - Failed to send alert: 429
[2024-12-16T09:26:58.943+0000] {transport.py:1944} INFO - Connected (version 2.0, client OpenSSH_8.2p1)
[2024-12-16T09:26:59.205+0000] {logging_mixin.py:190} INFO - Failed to send alert: 429
[2024-12-16T09:26:59.211+0000] {transport.py:1944} INFO - Connected (version 2.0, client OpenSSH_8.2p1)
[2024-12-16T09:26:59.470+0000] {logging_mixin.py:190} INFO - Failed to send alert: 429
[2024-12-16T09:26:59.476+0000] {transport.py:1944} INFO - Connected (version 2.0, client OpenSSH_8.2p1)
[2024-12-16T09:26:59.826+0000] {logging_mixin.py:190} INFO - Discord alert sent successfully
[2024-12-16T09:26:59.837+0000] {transport.py:1944} INFO - Connected (version 2.0, client OpenSSH_8.2p1)
[2024-12-16T09:27:00.239+0000] {logging_mixin.py:190} INFO - Discord alert sent successfully
[2024-12-16T09:27:00.250+0000] {transport.py:1944} INFO - Connected (version 2.0, client OpenSSH_8.2p1)
[2024-12-16T09:27:00.644+0000] {logging_mixin.py:190} INFO - Discord alert sent successfully
[2024-12-16T09:27:03.531+0000] {logging_mixin.py:190} INFO - Discord alert sent successfully
[2024-12-16T09:27:03.531+0000] {python.py:240} INFO - Done. Returned value was: None
[2024-12-16T09:27:03.541+0000] {taskinstance.py:340} INFO - ::group::Post task execution logs
[2024-12-16T09:27:03.542+0000] {taskinstance.py:352} INFO - Marking task as SUCCESS. dag_id=check_server_status, task_id=check_server_status, run_id=scheduled__2024-12-16T09:25:00+00:00, execution_date=20241216T092500, start_date=20241216T092654, end_date=20241216T092703
[2024-12-16T09:27:03.551+0000] {logging_mixin.py:190} INFO - Task instance in success state
[2024-12-16T09:27:03.551+0000] {logging_mixin.py:190} INFO -  Previous state of the Task instance: running
[2024-12-16T09:27:03.551+0000] {logging_mixin.py:190} INFO - Dag name:check_server_status queued_at:2024-12-16 09:26:46.782110+00:00
[2024-12-16T09:27:03.551+0000] {logging_mixin.py:190} INFO - Task hostname:0d789706375e operator:PythonOperator
[2024-12-16T09:27:03.587+0000] {local_task_job_runner.py:266} INFO - Task exited with return code 0
[2024-12-16T09:27:03.601+0000] {taskinstance.py:3895} INFO - 0 downstream tasks scheduled from follow-on schedule check
[2024-12-16T09:27:03.603+0000] {local_task_job_runner.py:245} INFO - ::endgroup::
