[2024-12-16T10:51:01.823+0000] {local_task_job_runner.py:123} INFO - ::group::Pre task execution logs
[2024-12-16T10:51:01.837+0000] {taskinstance.py:2613} INFO - Dependencies all met for dep_context=non-requeueable deps ti=<TaskInstance: check_server_status.check_server_status scheduled__2024-12-16T10:50:00+00:00 [queued]>
[2024-12-16T10:51:01.845+0000] {taskinstance.py:2613} INFO - Dependencies all met for dep_context=requeueable deps ti=<TaskInstance: check_server_status.check_server_status scheduled__2024-12-16T10:50:00+00:00 [queued]>
[2024-12-16T10:51:01.845+0000] {taskinstance.py:2866} INFO - Starting attempt 1 of 2
[2024-12-16T10:51:01.856+0000] {taskinstance.py:2889} INFO - Executing <Task(PythonOperator): check_server_status> on 2024-12-16 10:50:00+00:00
[2024-12-16T10:51:01.862+0000] {warnings.py:112} WARNING - /home/***/.local/lib/python3.12/site-packages/***/task/task_runner/standard_task_runner.py:70: DeprecationWarning: This process (pid=208) is multi-threaded, use of fork() may lead to deadlocks in the child.
  pid = os.fork()

[2024-12-16T10:51:01.863+0000] {standard_task_runner.py:72} INFO - Started process 210 to run task
[2024-12-16T10:51:01.864+0000] {standard_task_runner.py:104} INFO - Running: ['***', 'tasks', 'run', 'check_server_status', 'check_server_status', 'scheduled__2024-12-16T10:50:00+00:00', '--job-id', '95', '--raw', '--subdir', 'DAGS_FOLDER/check_server_status.py', '--cfg-path', '/tmp/tmpvc9n3knk']
[2024-12-16T10:51:01.864+0000] {standard_task_runner.py:105} INFO - Job 95: Subtask check_server_status
[2024-12-16T10:51:01.905+0000] {task_command.py:467} INFO - Running <TaskInstance: check_server_status.check_server_status scheduled__2024-12-16T10:50:00+00:00 [running]> on host 1b59279a9320
[2024-12-16T10:51:02.187+0000] {taskinstance.py:3132} INFO - Exporting env vars: AIRFLOW_CTX_DAG_OWNER='***' AIRFLOW_CTX_DAG_ID='check_server_status' AIRFLOW_CTX_TASK_ID='check_server_status' AIRFLOW_CTX_EXECUTION_DATE='2024-12-16T10:50:00+00:00' AIRFLOW_CTX_TRY_NUMBER='1' AIRFLOW_CTX_DAG_RUN_ID='scheduled__2024-12-16T10:50:00+00:00'
[2024-12-16T10:51:02.188+0000] {logging_mixin.py:190} INFO - Task instance is in running state
[2024-12-16T10:51:02.188+0000] {logging_mixin.py:190} INFO -  Previous state of the Task instance: queued
[2024-12-16T10:51:02.188+0000] {logging_mixin.py:190} INFO - Current task name:check_server_status state:running start_date:2024-12-16 10:51:01.838321+00:00
[2024-12-16T10:51:02.188+0000] {logging_mixin.py:190} INFO - Dag name:check_server_status and current dag run status:running
[2024-12-16T10:51:02.188+0000] {taskinstance.py:731} INFO - ::endgroup::
[2024-12-16T10:51:02.203+0000] {transport.py:1944} INFO - Connected (version 2.0, client OpenSSH_8.9p1)
[2024-12-16T10:51:02.310+0000] {transport.py:1944} INFO - Authentication (publickey) successful!
[2024-12-16T10:51:02.609+0000] {logging_mixin.py:190} INFO - Server 3rdLack MN is up
[2024-12-16T10:51:02.623+0000] {transport.py:1944} INFO - Connected (version 2.0, client OpenSSH_8.9p1)
[2024-12-16T10:51:02.731+0000] {transport.py:1944} INFO - Authentication (publickey) successful!
[2024-12-16T10:51:03.130+0000] {logging_mixin.py:190} INFO - Server 3rdLack SN05 is up
[2024-12-16T10:51:03.144+0000] {transport.py:1944} INFO - Connected (version 2.0, client OpenSSH_8.9p1)
[2024-12-16T10:51:03.246+0000] {transport.py:1944} INFO - Authentication (publickey) successful!
[2024-12-16T10:51:03.610+0000] {logging_mixin.py:190} INFO - Server 3rdLack SN06 is up
[2024-12-16T10:51:03.625+0000] {transport.py:1944} INFO - Connected (version 2.0, client OpenSSH_8.9p1)
[2024-12-16T10:51:03.747+0000] {transport.py:1944} INFO - Authentication (publickey) successful!
[2024-12-16T10:51:04.147+0000] {logging_mixin.py:190} INFO - Server 3rdLack SN07 is up
[2024-12-16T10:51:04.162+0000] {transport.py:1944} INFO - Connected (version 2.0, client OpenSSH_8.9p1)
[2024-12-16T10:51:04.278+0000] {transport.py:1944} INFO - Authentication (publickey) successful!
[2024-12-16T10:51:04.655+0000] {logging_mixin.py:190} INFO - Server 3rdLack SN08 is up
[2024-12-16T10:51:04.675+0000] {transport.py:1944} INFO - Connected (version 2.0, client OpenSSH_8.2p1)
[2024-12-16T10:51:04.747+0000] {transport.py:1944} INFO - Authentication (publickey) successful!
[2024-12-16T10:51:05.428+0000] {logging_mixin.py:190} INFO - Server 1rdLack MN is up
[2024-12-16T10:51:05.458+0000] {transport.py:1944} INFO - Connected (version 2.0, client OpenSSH_8.2p1)
[2024-12-16T10:51:05.540+0000] {transport.py:1944} INFO - Authentication (publickey) successful!
[2024-12-16T10:51:06.448+0000] {logging_mixin.py:190} INFO - Server 1rdLack SN01 is up
[2024-12-16T10:51:06.478+0000] {transport.py:1944} INFO - Connected (version 2.0, client OpenSSH_8.2p1)
[2024-12-16T10:51:06.548+0000] {transport.py:1944} INFO - Authentication (publickey) successful!
[2024-12-16T10:51:07.449+0000] {logging_mixin.py:190} INFO - Server 1rdLack SN02 is up
[2024-12-16T10:51:07.478+0000] {transport.py:1944} INFO - Connected (version 2.0, client OpenSSH_8.2p1)
[2024-12-16T10:51:07.560+0000] {transport.py:1944} INFO - Authentication (publickey) successful!
[2024-12-16T10:51:08.420+0000] {logging_mixin.py:190} INFO - Server 1rdLack SN03 is up
[2024-12-16T10:51:08.451+0000] {transport.py:1944} INFO - Connected (version 2.0, client OpenSSH_8.2p1)
[2024-12-16T10:51:08.543+0000] {transport.py:1944} INFO - Authentication (publickey) successful!
[2024-12-16T10:51:09.492+0000] {logging_mixin.py:190} INFO - Server 1rdLack SN04 is up
[2024-12-16T10:51:09.522+0000] {transport.py:1944} INFO - Connected (version 2.0, client OpenSSH_8.2p1)
[2024-12-16T10:51:09.604+0000] {transport.py:1944} INFO - Authentication (publickey) successful!
[2024-12-16T10:51:10.617+0000] {logging_mixin.py:190} INFO - Server 1rdLack SN05 is up
[2024-12-16T10:51:10.651+0000] {transport.py:1944} INFO - Connected (version 2.0, client OpenSSH_8.2p1)
[2024-12-16T10:51:10.729+0000] {transport.py:1944} INFO - Authentication (publickey) successful!
[2024-12-16T10:51:11.655+0000] {logging_mixin.py:190} INFO - Server 1rdLack SN06 is up
[2024-12-16T10:51:11.687+0000] {transport.py:1944} INFO - Connected (version 2.0, client OpenSSH_8.2p1)
[2024-12-16T10:51:11.782+0000] {transport.py:1944} INFO - Authentication (publickey) successful!
[2024-12-16T10:51:12.747+0000] {logging_mixin.py:190} INFO - Server 1rdLack SN07 is up
[2024-12-16T10:51:12.776+0000] {transport.py:1944} INFO - Connected (version 2.0, client OpenSSH_8.2p1)
[2024-12-16T10:51:12.840+0000] {transport.py:1944} INFO - Authentication (publickey) successful!
[2024-12-16T10:51:13.800+0000] {logging_mixin.py:190} INFO - Server 1rdLack SN09 is up
[2024-12-16T10:51:13.806+0000] {transport.py:1944} INFO - Connected (version 2.0, client OpenSSH_8.2p1)
[2024-12-16T10:51:13.856+0000] {transport.py:1944} INFO - Authentication (publickey) successful!
[2024-12-16T10:51:14.247+0000] {logging_mixin.py:190} INFO - Server cs1 is up
[2024-12-16T10:51:14.261+0000] {transport.py:1944} INFO - Connected (version 2.0, client OpenSSH_8.2p1)
[2024-12-16T10:51:14.413+0000] {transport.py:1944} INFO - Authentication (publickey) successful!
[2024-12-16T10:51:14.594+0000] {logging_mixin.py:190} INFO - Server DL01 is up
[2024-12-16T10:51:14.605+0000] {transport.py:1944} INFO - Connected (version 2.0, client OpenSSH_8.2p1)
[2024-12-16T10:51:14.729+0000] {transport.py:1944} INFO - Authentication (publickey) successful!
[2024-12-16T10:51:14.897+0000] {logging_mixin.py:190} INFO - Server DL02 is up
[2024-12-16T10:51:14.910+0000] {transport.py:1944} INFO - Connected (version 2.0, client OpenSSH_8.2p1)
[2024-12-16T10:51:15.040+0000] {transport.py:1944} INFO - Authentication (publickey) successful!
[2024-12-16T10:51:15.174+0000] {logging_mixin.py:190} INFO - Server DL03 is up
[2024-12-16T10:51:18.501+0000] {logging_mixin.py:190} INFO - Discord alert sent successfully
[2024-12-16T10:51:18.503+0000] {python.py:240} INFO - Done. Returned value was: None
[2024-12-16T10:51:18.520+0000] {taskinstance.py:340} INFO - ::group::Post task execution logs
[2024-12-16T10:51:18.521+0000] {taskinstance.py:352} INFO - Marking task as SUCCESS. dag_id=check_server_status, task_id=check_server_status, run_id=scheduled__2024-12-16T10:50:00+00:00, execution_date=20241216T105000, start_date=20241216T105101, end_date=20241216T105118
[2024-12-16T10:51:18.530+0000] {logging_mixin.py:190} INFO - Task instance in success state
[2024-12-16T10:51:18.530+0000] {logging_mixin.py:190} INFO -  Previous state of the Task instance: running
[2024-12-16T10:51:18.531+0000] {logging_mixin.py:190} INFO - Dag name:check_server_status queued_at:2024-12-16 10:51:00.237783+00:00
[2024-12-16T10:51:18.531+0000] {logging_mixin.py:190} INFO - Task hostname:1b59279a9320 operator:PythonOperator
[2024-12-16T10:51:18.558+0000] {local_task_job_runner.py:266} INFO - Task exited with return code 0
[2024-12-16T10:51:18.573+0000] {taskinstance.py:3895} INFO - 0 downstream tasks scheduled from follow-on schedule check
[2024-12-16T10:51:18.574+0000] {local_task_job_runner.py:245} INFO - ::endgroup::
